 KPT            1  SPIN            1  KWEIGHT    1.0000000000000000     
   -20.18740     2.00000
   -20.05210     2.00000
   -19.62715     2.00000
   -19.39034     2.00000
   -17.29532     2.00000
   -16.97431     2.00000
   -16.91447     2.00000
   -16.74917     2.00000
   -16.66952     2.00000
   -16.59789     2.00000
   -15.81204     2.00000
   -15.15605     2.00000
   -13.48015     2.00000
   -13.04596     2.00000
   -12.65599     2.00000
   -12.14862     2.00000
   -11.92524     2.00000
   -11.59943     2.00000
   -11.52462     2.00000
   -11.35926     2.00000
   -10.74311     2.00000
   -10.47297     2.00000
    -9.79472     2.00000
    -9.69170     2.00000
    -9.53683     2.00000
    -9.40118     2.00000
    -9.11305     2.00000
    -9.04949     2.00000
    -8.89176     2.00000
    -8.80890     2.00000
    -8.69599     2.00000
    -8.63444     2.00000
    -8.56614     2.00000
    -8.44039     2.00000
    -8.20961     2.00000
    -7.97791     2.00000
    -7.96281     2.00000
    -7.91509     2.00000
    -7.69213     2.00000
    -7.57362     2.00000
    -7.41277     2.00000
    -7.26268     2.00000
    -6.64604     2.00000
    -6.54389     2.00000
    -6.47458     2.00000
    -6.39472     2.00000
    -6.31865     2.00000
    -5.74297     2.00000
    -5.10537     2.00000
    -2.53780     0.00000
    -1.91886     0.00000
    -1.11379     0.00000
    -0.13850     0.00000
     0.31541     0.00000
     0.68657     0.00000
     0.87208     0.00000
     0.90505     0.00000
     1.14688     0.00000
     1.49356     0.00000
     1.86742     0.00000
     1.97475     0.00000
     3.67913     0.00000
     4.34898     0.00000
     5.17386     0.00000
     5.60376     0.00000
     6.46594     0.00000
     6.82120     0.00000
     7.69212     0.00000
     8.72675     0.00000
     9.06813     0.00000
     9.87382     0.00000
    10.24645     0.00000
    10.79607     0.00000
    11.00911     0.00000
    11.22430     0.00000
    11.31659     0.00000
    11.34672     0.00000
    11.72384     0.00000
    11.80427     0.00000
    11.84284     0.00000
    11.87314     0.00000
    12.12182     0.00000
    12.60785     0.00000
    12.70103     0.00000
    12.73411     0.00000
    12.95249     0.00000
    14.46209     0.00000
    14.87966     0.00000
    16.22653     0.00000
    17.33423     0.00000
    17.48790     0.00000
    18.00707     0.00000
    18.75804     0.00000
    20.18651     0.00000
    20.89001     0.00000
    22.78595     0.00000
    24.24755     0.00000
    24.70388     0.00000
    25.83790     0.00000
    26.01323     0.00000
    26.92261     0.00000
    28.01389     0.00000
    28.79899     0.00000
    30.57768     0.00000
    32.38503     0.00000
    35.57773     0.00000
    36.35143     0.00000
    37.44945     0.00000
    42.99807     0.00000
    45.53943     0.00000

