 Fermi distribution function
 
 Calculation with static geometry
 

********************************************************************************
  iSCC Total electronic   Diff electronic      SCC error    
   10   -0.41156765E+02   -0.20645530E-09    0.84417045E-05
********************************************************************************
 

 Net atomic charges (e)
  Atom       Net charge
     1       0.00993763
     2      -0.11643413
     3      -0.07109255
     4      -0.11620984
     5       0.01391702
     6       0.06953402
     7       0.04479552
     8       0.02619640
     9      -0.15929267
    10      -0.14204575
    11       0.10852141
    12       0.06546839
    13       0.11876578
    14       0.07827179
    15       0.06816989
    16       0.02320268
    17      -0.12338955
    18      -0.15681332
    19       0.03262399
    20       0.04725074
    21       0.03399406
    22      -0.17130978
    23      -0.09675000
    24      -0.07845509
    25       0.07470931
    26       0.07647035
    27       0.10318447
    28       0.09531007
    29       0.06749838
    30       0.07397076
 
 COMPONENT = q
  
 Eigenvalues /H
   -0.74187347
   -0.73690113
   -0.72128444
   -0.71258192
   -0.63559148
   -0.62379427
   -0.62159538
   -0.61552076
   -0.61259376
   -0.60996136
   -0.58108182
   -0.55697451
   -0.49538642
   -0.47943012
   -0.46509919
   -0.44645362
   -0.43824442
   -0.42627126
   -0.42352203
   -0.41744509
   -0.39480201
   -0.38487440
   -0.35994949
   -0.35616351
   -0.35047207
   -0.34548691
   -0.33489840
   -0.33256253
   -0.32676600
   -0.32372100
   -0.31957183
   -0.31730983
   -0.31480002
   -0.31017868
   -0.30169761
   -0.29318287
   -0.29262778
   -0.29087438
   -0.28268066
   -0.27832533
   -0.27241428
   -0.26689873
   -0.24423754
   -0.24048370
   -0.23793651
   -0.23500155
   -0.23220611
   -0.21105024
   -0.18761874
   -0.09326261
   -0.07051673
   -0.04093121
   -0.00508989
    0.01159108
    0.02523114
    0.03204838
    0.03326008
    0.04214718
    0.05488743
    0.06862660
    0.07257087
    0.13520547
    0.15982206
    0.19013582
    0.20593438
    0.23761889
    0.25067439
    0.28268009
    0.32070219
    0.33324765
    0.36285612
    0.37655001
    0.39674829
    0.40457744
    0.41248546
    0.41587698
    0.41698430
    0.43084308
    0.43379886
    0.43521621
    0.43632970
    0.44546860
    0.46332992
    0.46675421
    0.46796985
    0.47599533
    0.53147206
    0.54681735
    0.59631397
    0.63702140
    0.64266867
    0.66174750
    0.68934517
    0.74184070
    0.76769371
    0.83736822
    0.89108114
    0.90785074
    0.94952543
    0.95596870
    0.98938777
    1.02949152
    1.05834336
    1.12370925
    1.19012779
    1.30745759
    1.33589056
    1.37624189
    1.58014995
    1.67354318
 
 Eigenvalues /eV
  -20.18740421
  -20.05209999
  -19.62714823
  -19.39034065
  -17.29532415
  -16.97430568
  -16.91447094
  -16.74917205
  -16.66952428
  -16.59789312
  -15.81204080
  -15.15604751
  -13.48015029
  -13.04595744
  -12.65599301
  -12.14862118
  -11.92523743
  -11.59943104
  -11.52462078
  -11.35925875
  -10.74310928
  -10.47296539
   -9.79472391
   -9.69170224
   -9.53683027
   -9.40117723
   -9.11304902
   -9.04948694
   -8.89175525
   -8.80889673
   -8.69599200
   -8.63443990
   -8.56614431
   -8.44039137
   -8.20960954
   -7.97791178
   -7.96280715
   -7.91509453
   -7.69213218
   -7.57361760
   -7.41276981
   -7.26268384
   -6.64604154
   -6.54389447
   -6.47458194
   -6.39471754
   -6.31864986
   -5.74296912
   -5.10536566
   -2.53780463
   -1.91885790
   -1.11379481
   -0.13850304
    0.31540945
    0.68657437
    0.87208090
    0.90505282
    1.14688302
    1.49356303
    1.86742473
    1.97475383
    3.67912805
    4.34897947
    5.17385903
    5.60375960
    6.46593901
    6.82119727
    7.69211649
    8.72675064
    9.06812986
    9.87381753
   10.24644724
   10.79607026
   11.00911229
   11.22430041
   11.31658845
   11.34672004
   11.72383672
   11.80426767
   11.84283572
   11.87313530
   12.12181739
   12.60784862
   12.70102814
   12.73410739
   12.95249197
   14.46209052
   14.87965711
   16.22652870
   17.33423437
   17.48790435
   18.00706575
   18.75803651
   20.18651257
   20.89000862
   22.78594848
   24.24755163
   24.70387565
   25.83790167
   26.01323188
   26.92261112
   28.01388963
   28.79898816
   30.57768440
   32.38502501
   35.57773127
   36.35143157
   37.44944731
   42.99806792
   45.53942693
 
 Fillings
     2.00000
     2.00000
     2.00000
     2.00000
     2.00000
     2.00000
     2.00000
     2.00000
     2.00000
     2.00000
     2.00000
     2.00000
     2.00000
     2.00000
     2.00000
     2.00000
     2.00000
     2.00000
     2.00000
     2.00000
     2.00000
     2.00000
     2.00000
     2.00000
     2.00000
     2.00000
     2.00000
     2.00000
     2.00000
     2.00000
     2.00000
     2.00000
     2.00000
     2.00000
     2.00000
     2.00000
     2.00000
     2.00000
     2.00000
     2.00000
     2.00000
     2.00000
     2.00000
     2.00000
     2.00000
     2.00000
     2.00000
     2.00000
     2.00000
     0.00000
     0.00000
     0.00000
     0.00000
     0.00000
     0.00000
     0.00000
     0.00000
     0.00000
     0.00000
     0.00000
     0.00000
     0.00000
     0.00000
     0.00000
     0.00000
     0.00000
     0.00000
     0.00000
     0.00000
     0.00000
     0.00000
     0.00000
     0.00000
     0.00000
     0.00000
     0.00000
     0.00000
     0.00000
     0.00000
     0.00000
     0.00000
     0.00000
     0.00000
     0.00000
     0.00000
     0.00000
     0.00000
     0.00000
     0.00000
     0.00000
     0.00000
     0.00000
     0.00000
     0.00000
     0.00000
     0.00000
     0.00000
     0.00000
     0.00000
     0.00000
     0.00000
     0.00000
     0.00000
     0.00000
     0.00000
     0.00000
     0.00000
     0.00000
     0.00000
     0.00000
 
 Nr. of electrons (up):     98.00000000
 Atom populations (up)
  Atom       Population
     1       5.99006237
     2       4.11643413
     3       4.07109255
     4       4.11620984
     5       3.98608298
     6       3.93046598
     7       5.95520448
     8       3.97380360
     9       4.15929267
    10       4.14204575
    11       0.89147859
    12       0.93453161
    13       0.88123422
    14       0.92172821
    15       0.93183011
    16       3.97679732
    17       4.12338955
    18       4.15681332
    19       3.96737601
    20       5.95274926
    21       3.96600594
    22       4.17130978
    23       4.09675000
    24       4.07845509
    25       5.92529069
    26       0.92352965
    27       0.89681553
    28       0.90468993
    29       0.93250162
    30       0.92602924
 
 l-shell populations (up)
  Atom Sh.   l       Population
     1   1   0       1.78197399
     1   2   1       4.16321265
     1   3   2       0.04487572
     2   1   0       1.23921099
     2   2   1       2.87722314
     3   1   0       1.20568368
     3   2   1       2.86540887
     4   1   0       1.21842646
     4   2   1       2.89778338
     5   1   0       1.21627905
     5   2   1       2.76980393
     6   1   0       1.16110367
     6   2   1       2.76936230
     7   1   0       1.72970615
     7   2   1       4.16140672
     7   3   2       0.06409160
     8   1   0       1.21567091
     8   2   1       2.75813269
     9   1   0       1.22706003
     9   2   1       2.93223264
    10   1   0       1.24282507
    10   2   1       2.89922067
    11   1   0       0.89147859
    12   1   0       0.93453161
    13   1   0       0.88123422
    14   1   0       0.92172821
    15   1   0       0.93183011
    16   1   0       1.22114748
    16   2   1       2.75564984
    17   1   0       1.24939369
    17   2   1       2.87399586
    18   1   0       1.24032088
    18   2   1       2.91649244
    19   1   0       1.21535247
    19   2   1       2.75202355
    20   1   0       1.75408009
    20   2   1       4.14006238
    20   3   2       0.05860680
    21   1   0       1.20320202
    21   2   1       2.76280391
    22   1   0       1.24885339
    22   2   1       2.92245639
    23   1   0       1.22306141
    23   2   1       2.87368859
    24   1   0       1.22611680
    24   2   1       2.85233828
    25   1   0       1.71599577
    25   2   1       4.13381853
    25   3   2       0.07547639
    26   1   0       0.92352965
    27   1   0       0.89681553
    28   1   0       0.90468993
    29   1   0       0.93250162
    30   1   0       0.92602924
 
 Orbital populations (up)
  Atom Sh.   l   m       Population
     1   1   0   0       1.78197399
     1   2   1  -1       1.39196046
     1   2   1   0       1.70481621
     1   2   1   1       1.06643598
     1   3   2  -2      -0.00664176
     1   3   2  -1       0.01307521
     1   3   2   0      -0.00628971
     1   3   2   1       0.04625464
     1   3   2   2      -0.00152267
     2   1   0   0       1.23921099
     2   2   1  -1       0.87035507
     2   2   1   0       1.07593636
     2   2   1   1       0.93093171
     3   1   0   0       1.20568368
     3   2   1  -1       0.90302794
     3   2   1   0       1.03927878
     3   2   1   1       0.92310215
     4   1   0   0       1.21842646
     4   2   1  -1       0.92207667
     4   2   1   0       1.06057673
     4   2   1   1       0.91512998
     5   1   0   0       1.21627905
     5   2   1  -1       0.86971913
     5   2   1   0       1.05522189
     5   2   1   1       0.84486291
     6   1   0   0       1.16110367
     6   2   1  -1       0.89915115
     6   2   1   0       1.02267954
     6   2   1   1       0.84753162
     7   1   0   0       1.72970615
     7   2   1  -1       1.42661455
     7   2   1   0       1.70266962
     7   2   1   1       1.03212255
     7   3   2  -2      -0.00796765
     7   3   2  -1       0.01727788
     7   3   2   0      -0.00535290
     7   3   2   1       0.05345460
     7   3   2   2       0.00667968
     8   1   0   0       1.21567091
     8   2   1  -1       0.87896403
     8   2   1   0       1.05053082
     8   2   1   1       0.82863784
     9   1   0   0       1.22706003
     9   2   1  -1       0.92167161
     9   2   1   0       1.07118830
     9   2   1   1       0.93937273
    10   1   0   0       1.24282507
    10   2   1  -1       0.90577600
    10   2   1   0       1.07321431
    10   2   1   1       0.92023036
    11   1   0   0       0.89147859
    12   1   0   0       0.93453161
    13   1   0   0       0.88123422
    14   1   0   0       0.92172821
    15   1   0   0       0.93183011
    16   1   0   0       1.22114748
    16   2   1  -1       0.86758212
    16   2   1   0       1.05614695
    16   2   1   1       0.83192077
    17   1   0   0       1.24939369
    17   2   1  -1       0.90444500
    17   2   1   0       1.07066985
    17   2   1   1       0.89888100
    18   1   0   0       1.24032088
    18   2   1  -1       0.93189637
    18   2   1   0       1.07612835
    18   2   1   1       0.90846772
    19   1   0   0       1.21535247
    19   2   1  -1       0.87451831
    19   2   1   0       1.02889879
    19   2   1   1       0.84860645
    20   1   0   0       1.75408009
    20   2   1  -1       1.38289214
    20   2   1   0       1.70550163
    20   2   1   1       1.05166861
    20   3   2  -2      -0.00457486
    20   3   2  -1       0.01597514
    20   3   2   0      -0.00437493
    20   3   2   1       0.04672351
    20   3   2   2       0.00485794
    21   1   0   0       1.20320202
    21   2   1  -1       0.88037233
    21   2   1   0       1.02937154
    21   2   1   1       0.85306005
    22   1   0   0       1.24885339
    22   2   1  -1       0.90770447
    22   2   1   0       1.09206641
    22   2   1   1       0.92268551
    23   1   0   0       1.22306141
    23   2   1  -1       0.93120968
    23   2   1   0       1.03110441
    23   2   1   1       0.91137450
    24   1   0   0       1.22611680
    24   2   1  -1       0.90348588
    24   2   1   0       1.07383825
    24   2   1   1       0.87501416
    25   1   0   0       1.71599577
    25   2   1  -1       1.42252048
    25   2   1   0       1.66637069
    25   2   1   1       1.04492736
    25   3   2  -2      -0.00658271
    25   3   2  -1       0.01930857
    25   3   2   0      -0.00462919
    25   3   2   1       0.05884793
    25   3   2   2       0.00853179
    26   1   0   0       0.92352965
    27   1   0   0       0.89681553
    28   1   0   0       0.90468993
    29   1   0   0       0.93250162
    30   1   0   0       0.92602924
 
 Fermi level:                       -0.1404406728 H           -3.8216 eV
 Band energy:                      -40.0007983396 H        -1088.4771 eV
 TS:                                 0.0000000000 H            0.0000 eV
 Band free energy (E-TS):          -40.0007983396 H        -1088.4771 eV
 Extrapolated E(0K):               -40.0007983396 H        -1088.4771 eV
 Input/Output electrons (q):     98.00000000     98.00000000
 
 Energy H0:                        -41.1665519653 H        -1120.1989 eV
 Energy SCC:                         0.0097869726 H            0.2663 eV
 Total Electronic energy:          -41.1567649927 H        -1119.9326 eV
 Repulsive energy:                   0.4771161759 H           12.9830 eV
 Dispersion energy:                  0.1771923049 H            4.8216 eV
 Total energy:                     -40.5024565119 H        -1102.1279 eV
 Total Mermin free energy:         -40.5024565119 H        -1102.1279 eV
 
 SCC converged
 
 Dipole moment  :   -0.01740460    0.19248388    0.03447692 au
 Dipole moment  :   -0.04423809    0.48924526    0.08763159 Debye
 
 
