 -----------------------
   integrator =       5
   phase      =       1
   nohop      =       0
   forcesurf  =       1
   getphase   =       1
   nrelax     =       0
   vdoth      =       1
   tully      =       1
   ms         =      20
   mom        =       1
   seed       =       1
   adjmom     =   -1.00
   probmin    =  0.0000
   popdev     =   0.050
   decay      =  0.1000
 -----------------------
|v.h|=     0.000000    0.000000    0.000000    0.000000    0.000000    0.000000    0.000000    0.000000    0.000000    0.000000
Integration of the TDSH for the electrons
Integrator = 5          Hopping is allowed    
  substep     step  surf    populations      Total pop
        0        0     4    0.000000000    0.999999961
                            0.000022388
                            0.076135146
                            0.858314696
                            0.065527730
|v.h|=     0.000000    0.000000    0.000000    0.000000    0.000014   -0.000120    0.000000    0.000000    0.000000   -0.000114
        1        1     4    0.000000000    1.000000000
                            0.000021607
                            0.075240556
                            0.859502029
                            0.065235808
|v.h|=     0.000000    0.000000    0.000000    0.000000    0.000266   -0.002340    0.000000    0.000000    0.000000   -0.002195
       21        2     4    0.000000000    1.000000000
                            0.000030336
                            0.048701393
                            0.889250860
                            0.062017411
|v.h|=     0.000000    0.000000    0.000000    0.000000    0.000114   -0.001234    0.000000    0.000000    0.000000   -0.000706
       41        3     4    0.000000000    1.000000000
                            0.000042589
                            0.026411160
                            0.911522231
                            0.062024021
|v.h|=     0.000000    0.000000    0.000000    0.000000    0.000016   -0.000532    0.000000    0.000000    0.000000    0.000211
       61        4     4    0.000000000    1.000000000
                            0.000025150
                            0.015865198
                            0.925533911
                            0.058575742
|v.h|=     0.000000    0.000000    0.000000    0.000000   -0.000092    0.000134    0.000000    0.000000    0.000000    0.001332
       81        5     4    0.000000000    1.000000000
                            0.000015466
                            0.011206660
                            0.938333300
                            0.050444574
|v.h|=     0.000000    0.000000    0.000000    0.000000   -0.000140    0.000816    0.000000    0.000000    0.000000    0.002583
      101        6     4    0.000000000    1.000000000
                            0.000021288
                            0.009360638
                            0.952588307
                            0.038029767
|v.h|=     0.000000    0.000000    0.000000    0.000000   -0.000190    0.001545    0.000000    0.000000    0.000000    0.003750
      121        7     4    0.000000000    1.000000000
                            0.000029075
                            0.008750857
                            0.965197109
                            0.026022959
|v.h|=     0.000000    0.000000    0.000000    0.000000   -0.000196    0.002354    0.000000    0.000000    0.000000    0.004618
      141        8     4    0.000000000    1.000000000
                            0.000030295
                            0.009280950
                            0.968277978
                            0.022410777
|v.h|=     0.000000    0.000000    0.000000    0.000000   -0.000155    0.003214    0.000000    0.000000    0.000000    0.005064
      161        9     4    0.000000000    1.000000000
                            0.000023696
                            0.012134322
                            0.953444486
                            0.034397496
|v.h|=     0.000000    0.000000    0.000000    0.000000   -0.000067    0.004001    0.000000    0.000000    0.000000    0.005546
      181       10     4    0.000000000    1.000000000
                            0.000013471
                            0.019000698
                            0.915147055
                            0.065838776
|v.h|=     0.000000    0.000000    0.000000    0.000000    0.000058    0.004477    0.000000    0.000000    0.000000    0.007810
      201       11     4    0.000000000    1.000000000
                            0.000007587
                            0.030263275
                            0.840553750
                            0.129175387
|v.h|=     0.000000    0.000000    0.000000    0.000000    0.000188    0.004276    0.000000    0.000000    0.000000    0.017255
      221       12     4    0.000000000    1.000000000
                            0.000013828
                            0.042058294
                            0.646334601
                            0.311593277

Velocity before hopping:
      0.000326      0.000476      0.000272
     -0.000343     -0.000200     -0.000064
      0.000316     -0.000201      0.000017
     -0.000170     -0.000385      0.000062
      0.000196     -0.000776     -0.000352
      0.000312     -0.000064     -0.000229
     -0.000024     -0.000050      0.000093
     -0.000203     -0.000483     -0.000197
     -0.000555     -0.000199      0.000301
     -0.000340      0.000363     -0.000158
     -0.000429     -0.000707     -0.000172
      0.000481      0.000266     -0.000216
      0.000173      0.000425     -0.000065
     -0.000343      0.000984     -0.000033
      0.000475     -0.000207     -0.000044
      0.000196      0.000205      0.000081
      0.000289      0.000451      0.000169
      0.000346     -0.000424      0.000062
      0.000325      0.000406     -0.000187
     -0.000629     -0.000992      0.000082
     -0.000012      0.000210     -0.000097
     -0.000134      0.000284      0.000100
     -0.001277      0.001940      0.001941
     -0.000424     -0.001786      0.000206
     -0.003279      0.000208      0.001947
     -0.000914      0.000508     -0.000796
      0.001537      0.001205      0.000443
      0.000192     -0.001641      0.001391
      0.000815     -0.002251      0.001719
      0.000160     -0.001616      0.000273
      0.001721      0.000973     -0.001986
      0.000633      0.002698     -0.000092
     -0.000965      0.000195     -0.000088
     -0.000441     -0.000228     -0.000241
     -0.000442      0.001050     -0.001081
     -0.001104      0.001439     -0.000813

      Ekin old          Ekin new          Etot old          Etot new
      0.1541816048      0.1531588711    -49.2237304887    -49.2237304887

------------------------------------------------------------------------
     SURFACE HOPPING! THE SURFACE CHANGES FROM   4 TO   5
     CYCLE COUNT:       12
     POTENTIAL ENERGY VARIATION (eV)        0.0278300000
------------------------------------------------------------------------

Velocity after hopping:
      0.000324      0.000474      0.000271
     -0.000342     -0.000200     -0.000064
      0.000315     -0.000201      0.000017
     -0.000169     -0.000383      0.000062
      0.000195     -0.000773     -0.000351
      0.000311     -0.000064     -0.000228
     -0.000024     -0.000050      0.000092
     -0.000202     -0.000481     -0.000197
     -0.000553     -0.000198      0.000300
     -0.000339      0.000362     -0.000158
     -0.000428     -0.000705     -0.000172
      0.000479      0.000265     -0.000215
      0.000173      0.000423     -0.000065
     -0.000342      0.000980     -0.000033
      0.000473     -0.000206     -0.000044
      0.000196      0.000204      0.000081
      0.000288      0.000449      0.000168
      0.000345     -0.000422      0.000062
      0.000323      0.000405     -0.000186
     -0.000627     -0.000988      0.000081
     -0.000012      0.000209     -0.000097
     -0.000133      0.000283      0.000100
     -0.001273      0.001933      0.001935
     -0.000423     -0.001780      0.000205
     -0.003268      0.000208      0.001940
     -0.000911      0.000506     -0.000793
      0.001532      0.001201      0.000441
      0.000192     -0.001636      0.001386
      0.000813     -0.002244      0.001714
      0.000159     -0.001610      0.000272
      0.001716      0.000970     -0.001979
      0.000631      0.002689     -0.000092
     -0.000962      0.000195     -0.000088
     -0.000439     -0.000227     -0.000241
     -0.000441      0.001046     -0.001078
     -0.001101      0.001434     -0.000810
|v.h|=     0.000000    0.000000    0.000000    0.000000    0.000580    0.002728    0.000000    0.000024   -0.000158    0.031274
      241       13     5    0.000000000    1.000000000
                            0.000048520
                            0.044366639
                            0.201360566
                            0.754224275
|v.h|=     0.000000    0.000000    0.000000    0.000000    0.000000    0.000000    0.000000    0.000464   -0.003126    0.013989
      261       14     5    0.000000000    1.000000000
                            0.000041475
                            0.038766226
                            0.025418372
                            0.935773928
|v.h|=     0.000000    0.000000    0.000000    0.000000    0.000000    0.000000    0.000000    0.000339   -0.002283    0.000706
      281       15     5    0.000000000    1.000000000
                            0.000113388
                            0.031556393
                            0.048700555
                            0.919629664
|v.h|=     0.000000    0.000000    0.000000    0.000000    0.000000    0.000000    0.000000    0.000348   -0.001588    0.001434
      301       16     5    0.000000000    1.000000000
                            0.000152973
                            0.022309927
                            0.052551681
                            0.924985419
|v.h|=     0.000000    0.000000    0.000000    0.000000    0.000000    0.000000    0.000000    0.000365   -0.001106    0.001256
      321       17     5    0.000000000    1.000000000
                            0.000138331
                            0.013726470
                            0.057888260
                            0.928246939
|v.h|=     0.000000    0.000000    0.000000    0.000000    0.000000    0.000000    0.000000    0.000368   -0.000744    0.001012
      341       18     5    0.000000000    1.000000000
                            0.000092369
                            0.007414751
                            0.060725118
                            0.931767762
|v.h|=     0.000000    0.000000    0.000000    0.000000    0.000000    0.000000    0.000000    0.000339   -0.000453    0.000866
      361       19     5    0.000000000    1.000000000
                            0.000050703
                            0.003627109
                            0.060945112
                            0.935377077
|v.h|=     0.000000    0.000000    0.000000    0.000000    0.000000    0.000000    0.000000    0.000310   -0.000204    0.000670
      381       20     5    0.000000000    1.000000000
                            0.000029430
                            0.001769177
                            0.058865607
                            0.939335786
|v.h|=     0.000000    0.000000    0.000000    0.000000    0.000000    0.000000    0.000000    0.000289    0.000016    0.000489
      401       21     5    0.000000000    1.000000000
                            0.000024605
                            0.001003967
                            0.054755132
                            0.944216295
|v.h|=     0.000000    0.000000    0.000000    0.000000    0.000000    0.000000    0.000000    0.000257    0.000214    0.000352
      421       22     5    0.000000000    1.000000000
                            0.000024999
                            0.000661725
                            0.049457169
                            0.949856107
|v.h|=     0.000000    0.000000    0.000000    0.000000    0.000000    0.000000    0.000000    0.000230    0.000391    0.000237
      441       23     5    0.000000000    1.000000000
                            0.000022568
                            0.000407540
                            0.043755221
                            0.955814672
|v.h|=     0.000000    0.000000    0.000000    0.000000    0.000000    0.000000    0.000000    0.000222    0.000539    0.000219
      461       24     5    0.000000000    1.000000000
                            0.000018030
                            0.000195630
                            0.038339021
                            0.961447319
|v.h|=     0.000000    0.000000    0.000000    0.000000    0.000000    0.000000    0.000000    0.000207    0.000666    0.000216
      481       25     5    0.000000000    1.000000000
                            0.000014318
                            0.000105782
                            0.033549142
                            0.966330758
|v.h|=     0.000000    0.000000    0.000000    0.000000    0.000000    0.000000    0.000000    0.000211    0.000765    0.000310
      501       26     5    0.000000000    1.000000000
                            0.000012527
                            0.000188593
                            0.029510357
                            0.970288523
|v.h|=     0.000000    0.000000    0.000000    0.000000    0.000000    0.000000    0.000000    0.000213    0.000844    0.000456
      521       27     5    0.000000000    1.000000000
                            0.000012773
                            0.000405015
                            0.026207878
                            0.973374334
|v.h|=     0.000000    0.000000    0.000000    0.000000    0.000000    0.000000    0.000000    0.000267    0.000910    0.000608
      541       28     5    0.000000000    1.000000000
                            0.000016240
                            0.000665503
                            0.023441188
                            0.975877068
|v.h|=     0.000000    0.000000    0.000000    0.000000    0.000000    0.000000    0.000000    0.000250    0.000966    0.000811
      561       29     5    0.000000000    1.000000000
                            0.000020738
                            0.000891378
                            0.021098064
                            0.977989819
|v.h|=     0.000000    0.000000    0.000000    0.000000    0.000000    0.000000    0.000000    0.000251    0.001018    0.001021
      581       30     5    0.000000000    1.000000000
                            0.000020048
                            0.001048702
                            0.019213220
                            0.979718030
|v.h|=     0.000000    0.000000    0.000000    0.000000    0.000000    0.000000    0.000000    0.000251    0.001076    0.001228
      601       31     5    0.000000000    1.000000000
                            0.000017395
                            0.001151410
                            0.017959640
                            0.980871554
|v.h|=     0.000000    0.000000    0.000000    0.000000    0.000000    0.000000    0.000000    0.000229    0.001144    0.001499
      621       32     5    0.000000000    1.000000000
                            0.000014728
                            0.001240783
                            0.017664457
                            0.981080031
|v.h|=     0.000000    0.000000    0.000000    0.000000    0.000000    0.000000    0.000000    0.000230    0.001224    0.001995
      641       33     5    0.000000000    1.000000000
                            0.000012587
                            0.001363452
                            0.019121725
                            0.979502236
|v.h|=     0.000000    0.000000    0.000000    0.000000    0.000000    0.000000    0.000000    0.000191    0.001319    0.003123
      661       34     5    0.000000000    1.000000000
                            0.000010663
                            0.001556561
                            0.025013331
                            0.973419445
|v.h|=     0.000000    0.000000    0.000000    0.000000    0.000000    0.000000    0.000000    0.000131    0.001424    0.005673
      681       35     5    0.000000000    1.000000000
                            0.000006594
                            0.001848333
                            0.045757332
                            0.952387742
|v.h|=     0.000000    0.000000    0.000000    0.000000    0.000000    0.000000    0.000000    0.000033    0.001466    0.010500
      701       36     5    0.000000000    1.000000000
                            0.000002322
                            0.002189178
                            0.119431994
                            0.878376506
|v.h|=     0.000000    0.000000    0.000000    0.000000    0.000000    0.000000    0.000000    0.000007    0.001393    0.013408
      721       37     5    0.000000000    1.000000000
                            0.000000564
                            0.002357162
                            0.297322845
                            0.700319430

Velocity before hopping:
     -0.000205     -0.001135     -0.000205
     -0.000177     -0.000188      0.000292
      0.000025      0.000347     -0.000242
      0.000197      0.000486     -0.000033
      0.000082      0.000549      0.000136
     -0.000673      0.000009     -0.000316
      0.000515     -0.000258     -0.000051
      0.000200      0.000151     -0.000457
      0.000506      0.000425      0.000088
     -0.000076      0.000567      0.000068
      0.000576      0.000277      0.000357
     -0.000215     -0.000608     -0.000055
      0.000308      0.000307      0.000266
     -0.000333     -0.000639      0.000192
      0.000344     -0.000287      0.000472
     -0.000169     -0.000594     -0.000011
     -0.000395      0.000603     -0.000133
     -0.000400      0.000472     -0.000044
     -0.000314     -0.000522     -0.000401
      0.000589      0.000413      0.000001
      0.000078     -0.000024     -0.000111
      0.000089     -0.000104      0.000026
      0.001374     -0.002278     -0.000972
      0.003712      0.000719      0.000143
     -0.001170     -0.001049     -0.000771
     -0.003503     -0.000927     -0.001253
      0.000986     -0.000986     -0.000938
     -0.000550      0.003502     -0.000574
     -0.003536      0.002152     -0.001053
     -0.003452      0.001736      0.000127
      0.000228     -0.002387      0.000431
     -0.001208     -0.003450     -0.000038
     -0.001702     -0.003404      0.000891
     -0.000310      0.001900      0.001473
      0.000661     -0.001150     -0.000160
      0.001134     -0.001992      0.000579

      Ekin old          Ekin new          Etot old          Etot new
      0.2222833009      0.2244156438    -49.2240192364    -49.2240192364

------------------------------------------------------------------------
     SURFACE HOPPING! THE SURFACE CHANGES FROM   5 TO   4
     CYCLE COUNT:       37
     POTENTIAL ENERGY VARIATION (eV)       -0.0580240000
------------------------------------------------------------------------

Velocity after hopping:
     -0.000206     -0.001141     -0.000206
     -0.000178     -0.000188      0.000294
      0.000025      0.000349     -0.000243
      0.000197      0.000488     -0.000033
      0.000083      0.000552      0.000137
     -0.000676      0.000009     -0.000317
      0.000517     -0.000259     -0.000051
      0.000201      0.000152     -0.000459
      0.000508      0.000427      0.000089
     -0.000076      0.000570      0.000068
      0.000579      0.000278      0.000359
     -0.000216     -0.000611     -0.000055
      0.000309      0.000309      0.000267
     -0.000335     -0.000642      0.000192
      0.000346     -0.000288      0.000475
     -0.000170     -0.000597     -0.000011
     -0.000397      0.000606     -0.000134
     -0.000402      0.000475     -0.000044
     -0.000316     -0.000525     -0.000402
      0.000592      0.000415      0.000001
      0.000078     -0.000024     -0.000112
      0.000090     -0.000104      0.000027
      0.001380     -0.002289     -0.000977
      0.003730      0.000722      0.000144
     -0.001175     -0.001054     -0.000775
     -0.003520     -0.000931     -0.001259
      0.000991     -0.000991     -0.000943
     -0.000553      0.003519     -0.000576
     -0.003553      0.002162     -0.001058
     -0.003468      0.001744      0.000127
      0.000229     -0.002399      0.000433
     -0.001214     -0.003467     -0.000038
     -0.001710     -0.003420      0.000895
     -0.000311      0.001909      0.001481
      0.000664     -0.001156     -0.000161
      0.001139     -0.002002      0.000581
|v.h|=     0.000000    0.000000    0.000000    0.000000   -0.000007    0.000013    0.000000    0.000043    0.001086    0.008176
      741       38     4    0.000000000    1.000000000
                            0.000000085
                            0.002166721
                            0.520744030
                            0.477089164
|v.h|=     0.000000    0.000000    0.000000    0.000000   -0.000137    0.000269    0.000000    0.000000    0.000000    0.004926
      761       39     4    0.000000000    1.000000000
                            0.000000468
                            0.001695861
                            0.664186864
                            0.334116806
|v.h|=     0.000000    0.000000    0.000000    0.000000   -0.000135    0.000482    0.000000    0.000000    0.000000    0.002942
      781       40     4    0.000000000    1.000000000
                            0.000003871
                            0.001329029
                            0.748123052
                            0.250544048
|v.h|=     0.000000    0.000000    0.000000    0.000000   -0.000105    0.000246    0.000000    0.000000    0.000000    0.003693
      801       41     4    0.000000000    1.000000000
                            0.000005047
                            0.001008958
                            0.811681718
                            0.187304278
|v.h|=     0.000000    0.000000    0.000000    0.000000   -0.000079   -0.000068    0.000000    0.000000    0.000000    0.004146
      821       42     4    0.000000000    1.000000000
                            0.000003185
                            0.000760163
                            0.866072919
                            0.133163733
|v.h|=     0.000000    0.000000    0.000000    0.000000   -0.000039   -0.000393    0.000000    0.000000    0.000000    0.003628
      841       43     4    0.000000000    1.000000000
                            0.000001205
                            0.000724360
                            0.900415474
                            0.098858961
|v.h|=     0.000000    0.000000    0.000000    0.000000    0.000029   -0.000633    0.000000    0.000000    0.000000    0.002687
      861       44     4    0.000000000    1.000000000
                            0.000000575
                            0.001055574
                            0.915531300
                            0.083412552
|v.h|=     0.000000    0.000000    0.000000    0.000000    0.000084   -0.000682    0.000000    0.000000    0.000000    0.001568
      881       45     4    0.000000000    1.000000000
                            0.000001898
                            0.001704845
                            0.920766557
                            0.077526701
|v.h|=     0.000000    0.000000    0.000000    0.000000    0.000136   -0.000524    0.000000    0.000000    0.000000    0.000398
      901       46     4    0.000000000    1.000000000
                            0.000005111
                            0.002300572
                            0.925350862
                            0.072343455
|v.h|=     0.000000    0.000000    0.000000    0.000000    0.000168   -0.000250    0.000000    0.000000    0.000000   -0.000960
      921       47     4    0.000000000    1.000000000
                            0.000009039
                            0.002438038
                            0.935293643
                            0.062259280
|v.h|=     0.000000    0.000000    0.000000    0.000000    0.000180   -0.000005    0.000000    0.000000    0.000000   -0.002790
      941       48     4    0.000000000    1.000000000
                            0.000011732
                            0.002088712
                            0.952898825
                            0.045000731
|v.h|=     0.000000    0.000000    0.000000    0.000000    0.000186    0.000087    0.000000    0.000000    0.000000   -0.005562
      961       49     4    0.000000000    1.000000000
                            0.000012661
                            0.001585717
                            0.974195442
                            0.024206180
|v.h|=     0.000000    0.000000    0.000000    0.000000    0.000185    0.000022    0.000000    0.000000    0.000000   -0.009096
      981       50     4    0.000000000    1.000000000
                            0.000012500
                            0.001189687
                            0.976954831
                            0.021842981
|v.h|=     0.000000    0.000000    0.000000    0.000000    0.000235   -0.000081    0.000000    0.000000    0.000000   -0.011497
     1001       51     4    0.000000000    1.000000000
                            0.000013894
                            0.000890971
                            0.916755058
                            0.082340077
|v.h|=     0.000000    0.000000    0.000000    0.000000    0.000398   -0.000080    0.000000    0.000000    0.000000   -0.009484
     1021       52     4    0.000000000    1.000000000
                            0.000027499
                            0.000639992
                            0.801151115
                            0.198181393
|v.h|=     0.000000    0.000000    0.000000    0.000000    0.000575    0.000064    0.000000    0.000000    0.000000   -0.005551
     1041       53     4    0.000000000    1.000000000
                            0.000069195
                            0.000473645
                            0.717881171
                            0.281575989
|v.h|=     0.000000    0.000000    0.000000    0.000000    0.000734    0.000299    0.000000    0.000000    0.000000   -0.003328
     1061       54     4    0.000000000    1.000000000
                            0.000140330
                            0.000450844
                            0.699637846
                            0.299770979
|v.h|=     0.000000    0.000000    0.000000    0.000000    0.000908    0.000574    0.000000    0.000000    0.000000   -0.002364
     1081       55     4    0.000000000    1.000000000
                            0.000240669
                            0.000633373
                            0.723043399
                            0.276082559
|v.h|=     0.000000    0.000000    0.000000    0.000000    0.001017    0.000828    0.000000    0.000000    0.000000   -0.001687
     1101       56     4    0.000000000    1.000000000
                            0.000368083
                            0.001078925
                            0.766898707
                            0.231654284
|v.h|=     0.000000    0.000000    0.000000    0.000000    0.001096    0.000985    0.000000    0.000000    0.000000   -0.001162
     1121       57     4    0.000000000    1.000000000
                            0.000505877
                            0.001765968
                            0.815305245
                            0.182422910
|v.h|=     0.000000    0.000000    0.000000    0.000000    0.001130    0.001008    0.000000    0.000000    0.000000   -0.001346
     1141       58     4    0.000000000    1.000000000
                            0.000637002
                            0.002514802
                            0.858646058
                            0.138202139
|v.h|=     0.000000    0.000000    0.000000    0.000000    0.001031    0.000877    0.000000    0.000000    0.000000   -0.001659
     1161       59     4    0.000000000    1.000000000
                            0.000707901
                            0.003013267
                            0.896708700
                            0.099570132
|v.h|=     0.000000    0.000000    0.000000    0.000000    0.000874    0.000659    0.000000    0.000000    0.000000   -0.001867
     1181       60     4    0.000000000    1.000000000
                            0.000663545
                            0.003025979
                            0.929966438
                            0.066344037
|v.h|=     0.000000    0.000000    0.000000    0.000000    0.000689    0.000428    0.000000    0.000000    0.000000   -0.001916
     1201       61     4    0.000000000    1.000000000
                            0.000520094
                            0.002594900
                            0.957215665
                            0.039669341
|v.h|=     0.000000    0.000000    0.000000    0.000000    0.000483    0.000242    0.000000    0.000000    0.000000   -0.001772
     1221       62     4    0.000000000    1.000000000
                            0.000337156
                            0.001965081
                            0.977033291
                            0.020664472
|v.h|=     0.000000    0.000000    0.000000    0.000000    0.000312    0.000120    0.000000    0.000000    0.000000   -0.001533
     1241       63     4    0.000000000    1.000000000
                            0.000177494
                            0.001376178
                            0.989428808
                            0.009017520
|v.h|=     0.000000    0.000000    0.000000    0.000000    0.000194    0.000053    0.000000    0.000000    0.000000   -0.001243
     1261       64     4    0.000000000    1.000000000
                            0.000074377
                            0.000933427
                            0.995874959
                            0.003117237
|v.h|=     0.000000    0.000000    0.000000    0.000000    0.000112    0.000021    0.000000    0.000000    0.000000   -0.000929
     1281       65     4    0.000000000    1.000000000
                            0.000024118
                            0.000632489
                            0.998443609
                            0.000899784
|v.h|=     0.000000    0.000000    0.000000    0.000000    0.000093    0.000001    0.000000    0.000000    0.000000   -0.000668
     1301       66     4    0.000000000    1.000000000
                            0.000004537
                            0.000435749
                            0.999078408
                            0.000481305
|v.h|=     0.000000    0.000000    0.000000    0.000000    0.000098   -0.000015    0.000000    0.000000    0.000000   -0.000336
     1321       67     4    0.000000000    1.000000000
                            0.000000018
                            0.000308534
                            0.999092246
                            0.000599202
|v.h|=     0.000000    0.000000    0.000000    0.000000    0.000109   -0.000030    0.000000    0.000000    0.000000    0.000293
     1341       68     4    0.000000000    1.000000000
                            0.000003614
                            0.000224127
                            0.999338765
                            0.000433494
|v.h|=     0.000000    0.000000    0.000000    0.000000    0.000108   -0.000039    0.000000    0.000000    0.000000    0.000554
     1361       69     4    0.000000000    1.000000000
                            0.000009324
                            0.000162910
                            0.999734101
                            0.000093665
|v.h|=     0.000000    0.000000    0.000000    0.000000    0.000124   -0.000039    0.000000    0.000000    0.000000    0.000405
     1381       70     4    0.000000000    1.000000000
                            0.000013255
                            0.000114185
                            0.999850870
                            0.000021690
|v.h|=     0.000000    0.000000    0.000000    0.000000    0.000117   -0.000023    0.000000    0.000000    0.000000    0.000365
     1401       71     4    0.000000000    1.000000000
                            0.000013740
                            0.000076184
                            0.999798211
                            0.000111864
|v.h|=     0.000000    0.000000    0.000000    0.000000    0.000106    0.000011    0.000000    0.000000    0.000000    0.000329
     1421       72     4    0.000000000    1.000000000
                            0.000010738
                            0.000052172
                            0.999686424
                            0.000250666
|v.h|=     0.000000    0.000000    0.000000    0.000000    0.000142    0.000041    0.000000    0.000000    0.000000    0.000191
     1441       73     4    0.000000000    1.000000000
                            0.000007769
                            0.000042212
                            0.999618219
                            0.000331801
|v.h|=     0.000000    0.000000    0.000000    0.000000    0.000116    0.000068    0.000000    0.000000    0.000000    0.000313
     1461       74     4    0.000000000    1.000000000
                            0.000006864
                            0.000041708
                            0.999563790
                            0.000387638
|v.h|=     0.000000    0.000000    0.000000    0.000000    0.000148    0.000081    0.000000    0.000000    0.000000    0.000374
     1481       75     4    0.000000000    1.000000000
                            0.000007024
                            0.000044270
                            0.999471736
                            0.000476970
