 -----------------------
   integrator =       5
   phase      =       1
   nohop      =       0
   forcesurf  =       1
   getphase   =       1
   nrelax     =       0
   vdoth      =       1
   tully      =       1
   ms         =      20
   mom        =       1
   seed       =       1
   adjmom     =   -1.00
   probmin    =  0.0000
   popdev     =   0.050
   decay      =  0.1000
 -----------------------
|v.h|=     0.000000    0.000000    0.000000    0.000000    0.000000    0.000000    0.000000    0.000000    0.000000    0.000000
Integration of the TDSH for the electrons
Integrator = 5          Hopping is allowed    
  substep     step  surf    populations      Total pop
        0        0     4    0.000000000    1.000000040
                            0.000017037
                            0.002634491
                            0.955274675
                            0.042073838
|v.h|=     0.000000    0.000000    0.000000    0.000000    0.000010    0.000005    0.000000    0.000000    0.000000    0.000050
        1        1     4    0.000000000    1.000000000
                            0.000016568
                            0.002611684
                            0.955575977
                            0.041795770
|v.h|=     0.000000    0.000000    0.000000    0.000000    0.000210    0.000105    0.000000    0.000000    0.000000    0.000965
       21        2     4    0.000000000    1.000000000
                            0.000011507
                            0.002185986
                            0.962440610
                            0.035361897
|v.h|=     0.000000    0.000000    0.000000    0.000000    0.000228    0.000261    0.000000    0.000000    0.000000    0.000460
       41        3     4    0.000000000    1.000000000
                            0.000018063
                            0.001921687
                            0.968614033
                            0.029446217
|v.h|=     0.000000    0.000000    0.000000    0.000000    0.000246    0.000319    0.000000    0.000000    0.000000    0.000314
       61        4     4    0.000000000    1.000000000
                            0.000032997
                            0.001882972
                            0.972965976
                            0.025118055
|v.h|=     0.000000    0.000000    0.000000    0.000000    0.000247    0.000365    0.000000    0.000000    0.000000    0.000147
       81        5     4    0.000000000    1.000000000
                            0.000047993
                            0.002041672
                            0.976017797
                            0.021892538
|v.h|=     0.000000    0.000000    0.000000    0.000000    0.000233    0.000388    0.000000    0.000000    0.000000   -0.000048
      101        6     4    0.000000000    1.000000000
                            0.000054503
                            0.002340175
                            0.977824783
                            0.019780539
|v.h|=     0.000000    0.000000    0.000000    0.000000    0.000217    0.000386    0.000000    0.000000    0.000000   -0.000266
      121        7     4    0.000000000    1.000000000
                            0.000049852
                            0.002670982
                            0.978423261
                            0.018855905
|v.h|=     0.000000    0.000000    0.000000    0.000000    0.000193    0.000352    0.000000    0.000000    0.000000   -0.000514
      141        8     4    0.000000000    1.000000000
                            0.000037734
                            0.002902264
                            0.977785655
                            0.019274347
|v.h|=     0.000000    0.000000    0.000000    0.000000    0.000168    0.000291    0.000000    0.000000    0.000000   -0.000794
      161        9     4    0.000000000    1.000000000
                            0.000024220
                            0.002929385
                            0.975687195
                            0.021359200
|v.h|=     0.000000    0.000000    0.000000    0.000000    0.000147    0.000212    0.000000    0.000000    0.000000   -0.001120
      181       10     4    0.000000000    1.000000000
                            0.000013965
                            0.002724393
                            0.971557517
                            0.025704124
|v.h|=     0.000000    0.000000    0.000000    0.000000    0.000129    0.000121    0.000000    0.000000    0.000000   -0.001505
      201       11     4    0.000000000    1.000000000
                            0.000008236
                            0.002341950
                            0.964367706
                            0.033282107
|v.h|=     0.000000    0.000000    0.000000    0.000000    0.000115    0.000036    0.000000    0.000000    0.000000   -0.002003
      221       12     4    0.000000000    1.000000000
                            0.000005891
                            0.001890626
                            0.952265583
                            0.045837901
|v.h|=     0.000000    0.000000    0.000000    0.000000    0.000107   -0.000035    0.000000    0.000000    0.000000   -0.002665
      241       13     4    0.000000000    1.000000000
                            0.000005202
                            0.001483142
                            0.931980678
                            0.066530979
|v.h|=     0.000000    0.000000    0.000000    0.000000    0.000105   -0.000076    0.000000    0.000000    0.000000   -0.003260
      261       14     4    0.000000000    1.000000000
                            0.000005062
                            0.001182788
                            0.899760083
                            0.099052067
|v.h|=     0.000000    0.000000    0.000000    0.000000    0.000117   -0.000101    0.000000    0.000000    0.000000   -0.002687
      281       15     4    0.000000000    1.000000000
                            0.000005324
                            0.000990350
                            0.860908051
                            0.138096275
|v.h|=     0.000000    0.000000    0.000000    0.000000    0.000118   -0.000150    0.000000    0.000000    0.000000    0.000226
      301       16     4    0.000000000    1.000000000
                            0.000005825
                            0.000887468
                            0.844601818
                            0.154504889
|v.h|=     0.000000    0.000000    0.000000    0.000000    0.000102   -0.000270    0.000000    0.000000    0.000000    0.002464
      321       17     4    0.000000000    1.000000000
                            0.000005571
                            0.000901160
                            0.866693009
                            0.132400260
|v.h|=     0.000000    0.000000    0.000000    0.000000    0.000069   -0.000428    0.000000    0.000000    0.000000    0.001577
      341       18     4    0.000000000    1.000000000
                            0.000004020
                            0.001071580
                            0.895227938
                            0.103696462
|v.h|=     0.000000    0.000000    0.000000    0.000000    0.000021   -0.000582    0.000000    0.000000    0.000000    0.000290
      361       19     4    0.000000000    1.000000000
                            0.000001959
                            0.001394099
                            0.908016405
                            0.090587536
|v.h|=     0.000000    0.000000    0.000000    0.000000    0.000053   -0.000714    0.000000    0.000000    0.000000   -0.000290
      381       20     4    0.000000000    1.000000000
                            0.000000426
                            0.001829795
                            0.909886918
                            0.088282862
|v.h|=     0.000000    0.000000    0.000000    0.000000    0.000022   -0.000826    0.000000    0.000000    0.000000   -0.000520
      401       21     4    0.000000000    1.000000000
                            0.000000112
                            0.002336182
                            0.907650415
                            0.090013290
|v.h|=     0.000000    0.000000    0.000000    0.000000    0.000001   -0.000910    0.000000    0.000000    0.000000   -0.000621
      421       22     4    0.000000000    1.000000000
                            0.000000067
                            0.002869818
                            0.904101210
                            0.093028905
|v.h|=     0.000000    0.000000    0.000000    0.000000   -0.000021   -0.000961    0.000000    0.000000    0.000000   -0.000660
      441       23     4    0.000000000    1.000000000
                            0.000000102
                            0.003380246
                            0.900383431
                            0.096236221
|v.h|=     0.000000    0.000000    0.000000    0.000000   -0.000044   -0.000980    0.000000    0.000000    0.000000   -0.000693
      461       24     4    0.000000000    1.000000000
                            0.000000534
                            0.003807429
                            0.896797164
                            0.099394873
|v.h|=     0.000000    0.000000    0.000000    0.000000   -0.000063   -0.000960    0.000000    0.000000    0.000000   -0.000700
      481       25     4    0.000000000    1.000000000
                            0.000001403
                            0.004082142
                            0.893607282
                            0.102309174
|v.h|=     0.000000    0.000000    0.000000    0.000000   -0.000078   -0.000903    0.000000    0.000000    0.000000   -0.000681
      501       26     4    0.000000000    1.000000000
                            0.000002292
                            0.004136700
                            0.891113208
                            0.104747800
|v.h|=     0.000000    0.000000    0.000000    0.000000   -0.000086   -0.000807    0.000000    0.000000    0.000000   -0.000625
      521       27     4    0.000000000    1.000000000
                            0.000002792
                            0.003917516
                            0.889687204
                            0.106392488
|v.h|=     0.000000    0.000000    0.000000    0.000000   -0.000086   -0.000673    0.000000    0.000000    0.000000   -0.000546
      541       28     4    0.000000000    1.000000000
                            0.000002747
                            0.003432814
                            0.889617179
                            0.106947261
|v.h|=     0.000000    0.000000    0.000000    0.000000   -0.000078   -0.000501    0.000000    0.000000    0.000000   -0.000479
      561       29     4    0.000000000    1.000000000
                            0.000002263
                            0.002761977
                            0.890586735
                            0.106649025
|v.h|=     0.000000    0.000000    0.000000    0.000000   -0.000063   -0.000299    0.000000    0.000000    0.000000   -0.000486
      581       30     4    0.000000000    1.000000000
                            0.000001576
                            0.002041520
                            0.891631842
                            0.106325061
|v.h|=     0.000000    0.000000    0.000000    0.000000   -0.000034   -0.000076    0.000000    0.000000    0.000000   -0.000652
      601       31     4    0.000000000    1.000000000
                            0.000000837
                            0.001434271
                            0.891136169
                            0.107428723
|v.h|=     0.000000    0.000000    0.000000    0.000000    0.000001    0.000153    0.000000    0.000000    0.000000   -0.001432
      621       32     4    0.000000000    1.000000000
                            0.000000303
                            0.001070521
                            0.885154758
                            0.113774419
|v.h|=     0.000000    0.000000    0.000000    0.000000    0.000066    0.000344    0.000000    0.000000    0.000000   -0.008230
      641       33     4    0.000000000    1.000000000
                            0.000000734
                            0.001000061
                            0.847365251
                            0.151633954

Velocity before hopping:
      0.000542     -0.000584     -0.000325
      0.000661      0.000696      0.000061
      0.000211     -0.000480      0.000072
     -0.000200     -0.000105     -0.000327
      0.000383      0.000530      0.000095
     -0.000662     -0.000104      0.000291
      0.000002     -0.000440     -0.000175
     -0.000343      0.000138      0.000020
      0.000065     -0.000135      0.000030
     -0.000661     -0.000077     -0.000303
      0.000012     -0.000452      0.000446
     -0.001032     -0.000423     -0.000019
      0.001056     -0.000182      0.000052
      0.000064      0.000352      0.000231
      0.000494      0.000368     -0.000049
     -0.000045      0.000344     -0.000062
      0.000135      0.000293      0.000252
     -0.000101     -0.000464     -0.000101
      0.000167     -0.000156     -0.000339
      0.000182     -0.000445      0.000310
     -0.000359      0.000611     -0.000057
      0.000398      0.001102      0.000024
     -0.001510      0.001000     -0.000095
     -0.001859     -0.000499     -0.000549
      0.000817     -0.001323      0.000833
      0.000916      0.000689      0.001118
     -0.000446      0.000190     -0.000391
     -0.002253      0.001189     -0.001326
     -0.000020      0.002338      0.002399
     -0.003297     -0.003369     -0.002499
      0.000847     -0.000719     -0.001500
     -0.000282     -0.000639      0.000454
     -0.001386     -0.000303      0.001355
      0.000394      0.000288     -0.000187
      0.002506     -0.001281      0.000911
     -0.000193     -0.002838     -0.000444

      Ekin old          Ekin new          Etot old          Etot new
      0.1917487649      0.1913565761    -49.2761057207    -49.2761057207

------------------------------------------------------------------------
     SURFACE HOPPING! THE SURFACE CHANGES FROM   4 TO   5
     CYCLE COUNT:       33
     POTENTIAL ENERGY VARIATION (eV)        0.0106720000
------------------------------------------------------------------------

Velocity after hopping:
      0.000541     -0.000584     -0.000325
      0.000660      0.000695      0.000061
      0.000211     -0.000480      0.000072
     -0.000199     -0.000105     -0.000326
      0.000382      0.000530      0.000095
     -0.000662     -0.000104      0.000291
      0.000002     -0.000440     -0.000175
     -0.000343      0.000138      0.000020
      0.000065     -0.000134      0.000030
     -0.000660     -0.000077     -0.000302
      0.000012     -0.000451      0.000446
     -0.001031     -0.000423     -0.000019
      0.001055     -0.000182      0.000052
      0.000064      0.000352      0.000231
      0.000493      0.000368     -0.000049
     -0.000045      0.000343     -0.000062
      0.000135      0.000293      0.000252
     -0.000101     -0.000463     -0.000101
      0.000167     -0.000156     -0.000338
      0.000182     -0.000444      0.000310
     -0.000359      0.000610     -0.000057
      0.000398      0.001101      0.000024
     -0.001509      0.000999     -0.000095
     -0.001857     -0.000499     -0.000549
      0.000816     -0.001322      0.000832
      0.000915      0.000688      0.001117
     -0.000445      0.000189     -0.000391
     -0.002250      0.001187     -0.001325
     -0.000020      0.002335      0.002397
     -0.003294     -0.003366     -0.002496
      0.000847     -0.000719     -0.001498
     -0.000281     -0.000638      0.000453
     -0.001384     -0.000302      0.001354
      0.000394      0.000287     -0.000186
      0.002503     -0.001280      0.000910
     -0.000193     -0.002835     -0.000443
|v.h|=     0.000000    0.000000    0.000000    0.000000    0.000182    0.000247    0.000000    0.000005    0.000036   -0.061101
      661       34     5    0.000000000    1.000000000
                            0.000004177
                            0.000956775
                            0.210509976
                            0.788529071
|v.h|=     0.000000    0.000000    0.000000    0.000000    0.000000    0.000000    0.000000    0.000094    0.000720   -0.005961
      681       35     5    0.000000000    1.000000000
                            0.000003532
                            0.001076842
                            0.088576087
                            0.910343538
|v.h|=     0.000000    0.000000    0.000000    0.000000    0.000000    0.000000    0.000000    0.000163    0.000854    0.001156
      701       36     5    0.000000000    1.000000000
                            0.000003160
                            0.001480887
                            0.104548996
                            0.893966957
|v.h|=     0.000000    0.000000    0.000000    0.000000    0.000000    0.000000    0.000000    0.000208    0.000921   -0.000548
      721       37     5    0.000000000    1.000000000
                            0.000008080
                            0.001781229
                            0.096091678
                            0.902119014
|v.h|=     0.000000    0.000000    0.000000    0.000000    0.000000    0.000000    0.000000    0.000221    0.000938   -0.000586
      741       38     5    0.000000000    1.000000000
                            0.000014068
                            0.001853298
                            0.094417154
                            0.903715479
|v.h|=     0.000000    0.000000    0.000000    0.000000    0.000000    0.000000    0.000000    0.000241    0.000909   -0.000579
      761       39     5    0.000000000    1.000000000
                            0.000016225
                            0.001674065
                            0.091475098
                            0.906834612
|v.h|=     0.000000    0.000000    0.000000    0.000000    0.000000    0.000000    0.000000    0.000251    0.000853   -0.000535
      781       40     5    0.000000000    1.000000000
                            0.000016063
                            0.001323126
                            0.087179013
                            0.911481797
|v.h|=     0.000000    0.000000    0.000000    0.000000    0.000000    0.000000    0.000000    0.000266    0.000794   -0.000394
      801       41     5    0.000000000    1.000000000
                            0.000016296
                            0.000926696
                            0.081053058
                            0.918003950
|v.h|=     0.000000    0.000000    0.000000    0.000000    0.000000    0.000000    0.000000    0.000276    0.000737   -0.000213
      821       42     5    0.000000000    1.000000000
                            0.000018190
                            0.000590076
                            0.072876239
                            0.926515495
|v.h|=     0.000000    0.000000    0.000000    0.000000    0.000000    0.000000    0.000000    0.000277    0.000686   -0.000001
      841       43     5    0.000000000    1.000000000
                            0.000020142
                            0.000364645
                            0.063082822
                            0.936532391
|v.h|=     0.000000    0.000000    0.000000    0.000000    0.000000    0.000000    0.000000    0.000269    0.000637    0.000190
      861       44     5    0.000000000    1.000000000
                            0.000020312
                            0.000249332
                            0.052571420
                            0.947158936
|v.h|=     0.000000    0.000000    0.000000    0.000000    0.000000    0.000000    0.000000    0.000256    0.000588    0.000340
      881       45     5    0.000000000    1.000000000
                            0.000018590
                            0.000211004
                            0.042538166
                            0.957232241
|v.h|=     0.000000    0.000000    0.000000    0.000000    0.000000    0.000000    0.000000    0.000232    0.000530    0.000434
      901       46     5    0.000000000    1.000000000
                            0.000015721
                            0.000205080
                            0.033962111
                            0.965817087
|v.h|=     0.000000    0.000000    0.000000    0.000000    0.000000    0.000000    0.000000    0.000190    0.000463    0.000471
      921       47     5    0.000000000    1.000000000
                            0.000011714
                            0.000194012
                            0.027269168
                            0.972525106
|v.h|=     0.000000    0.000000    0.000000    0.000000    0.000000    0.000000    0.000000    0.000137    0.000387    0.000457
      941       48     5    0.000000000    1.000000000
                            0.000006985
                            0.000161856
                            0.022362120
                            0.977469039
|v.h|=     0.000000    0.000000    0.000000    0.000000    0.000000    0.000000    0.000000    0.000071    0.000308    0.000406
      961       49     5    0.000000000    1.000000000
                            0.000002951
                            0.000115087
                            0.018814654
                            0.981067309
|v.h|=     0.000000    0.000000    0.000000    0.000000    0.000000    0.000000    0.000000   -0.000013    0.000242    0.000334
      981       50     5    0.000000000    1.000000000
                            0.000000980
                            0.000069873
                            0.016091695
                            0.983837451
|v.h|=     0.000000    0.000000    0.000000    0.000000    0.000000    0.000000    0.000000   -0.000080    0.000169    0.000185
     1001       51     5    0.000000000    1.000000000
                            0.000001904
                            0.000037018
                            0.013625160
                            0.986335918
|v.h|=     0.000000    0.000000    0.000000    0.000000    0.000000    0.000000    0.000000   -0.000139    0.000104    0.000019
     1021       52     5    0.000000000    1.000000000
                            0.000005052
                            0.000017221
                            0.011067756
                            0.988909971
|v.h|=     0.000000    0.000000    0.000000    0.000000    0.000000    0.000000    0.000000   -0.000183    0.000061   -0.000174
     1041       53     5    0.000000000    1.000000000
                            0.000009151
                            0.000006986
                            0.008453411
                            0.991530452
|v.h|=     0.000000    0.000000    0.000000    0.000000    0.000000    0.000000    0.000000   -0.000183    0.000027   -0.000497
     1061       54     5    0.000000000    1.000000000
                            0.000011493
                            0.000002569
                            0.005812604
                            0.994173334
|v.h|=     0.000000    0.000000    0.000000    0.000000    0.000000    0.000000    0.000000   -0.000249    0.000006   -0.000594
     1081       55     5    0.000000000    1.000000000
                            0.000014005
                            0.000001020
                            0.003790327
                            0.996194647
|v.h|=     0.000000    0.000000    0.000000    0.000000    0.000000    0.000000    0.000000   -0.000257   -0.000022   -0.000902
     1101       56     5    0.000000000    1.000000000
                            0.000019598
                            0.000000906
                            0.002692743
                            0.997286753
|v.h|=     0.000000    0.000000    0.000000    0.000000    0.000000    0.000000    0.000000   -0.000271   -0.000048   -0.001221
     1121       57     5    0.000000000    1.000000000
                            0.000023387
                            0.000001780
                            0.002885749
                            0.997089083
|v.h|=     0.000000    0.000000    0.000000    0.000000    0.000000    0.000000    0.000000   -0.000280   -0.000088   -0.001667
     1141       58     5    0.000000000    1.000000000
                            0.000024827
                            0.000004365
                            0.005108046
                            0.994862761
|v.h|=     0.000000    0.000000    0.000000    0.000000    0.000000    0.000000    0.000000   -0.000290   -0.000142   -0.002300
     1161       59     5    0.000000000    1.000000000
                            0.000025454
                            0.000011302
                            0.010791817
                            0.989171428
|v.h|=     0.000000    0.000000    0.000000    0.000000    0.000000    0.000000    0.000000   -0.000284   -0.000218   -0.003193
     1181       60     5    0.000000000    1.000000000
                            0.000025843
                            0.000028629
                            0.022858266
                            0.977087262
|v.h|=     0.000000    0.000000    0.000000    0.000000    0.000000    0.000000    0.000000   -0.000266   -0.000281   -0.004222
     1201       61     5    0.000000000    1.000000000
                            0.000024357
                            0.000062763
                            0.046104050
                            0.953808831
|v.h|=     0.000000    0.000000    0.000000    0.000000    0.000000    0.000000    0.000000   -0.000238   -0.000338   -0.005146
     1221       62     5    0.000000000    1.000000000
                            0.000020296
                            0.000114406
                            0.085631300
                            0.914233998
|v.h|=     0.000000    0.000000    0.000000    0.000000    0.000000    0.000000    0.000000   -0.000201   -0.000352   -0.005359
     1241       63     5    0.000000000    1.000000000
                            0.000014581
                            0.000171024
                            0.140186330
                            0.859628065
|v.h|=     0.000000    0.000000    0.000000    0.000000    0.000000    0.000000    0.000000   -0.000153   -0.000338   -0.004670
     1261       64     5    0.000000000    1.000000000
                            0.000008736
                            0.000210428
                            0.196662158
                            0.803118677
|v.h|=     0.000000    0.000000    0.000000    0.000000    0.000000    0.000000    0.000000   -0.000112   -0.000298   -0.003428
     1281       65     5    0.000000000    1.000000000
                            0.000004226
                            0.000218328
                            0.237723869
                            0.762053577

Velocity before hopping:
     -0.000163      0.000354      0.000146
     -0.000291     -0.000344     -0.000422
     -0.000383     -0.000048     -0.000182
      0.000720      0.000028      0.000279
     -0.000236     -0.000247     -0.000126
      0.000503     -0.000256     -0.000118
     -0.000529     -0.000062     -0.000218
      0.000530     -0.000402     -0.000054
     -0.000551      0.000250      0.000107
     -0.000301      0.000693      0.000158
     -0.000267      0.000012      0.000582
      0.000467      0.000007      0.000240
     -0.000677     -0.000210      0.000090
      0.000459      0.000026     -0.000469
     -0.000165     -0.000006      0.000311
     -0.000066     -0.000137     -0.000488
      0.000441      0.000461     -0.000235
      0.000329      0.000335     -0.000205
     -0.000170     -0.000138      0.000163
      0.000261     -0.000031      0.000136
      0.000319     -0.000255      0.000212
     -0.000471      0.000152      0.000150
      0.001977     -0.000163      0.000207
      0.000394     -0.000365      0.001489
     -0.000384     -0.000735      0.000682
     -0.000892      0.001523     -0.000755
      0.000222     -0.000084      0.000969
      0.002427     -0.002040      0.001386
      0.000889     -0.000285     -0.001198
      0.000183     -0.000364      0.001529
      0.001436      0.000376      0.000626
      0.000246      0.001218     -0.001709
      0.002018     -0.001210     -0.001710
     -0.001330     -0.001155      0.000449
      0.000399      0.000115     -0.001171
      0.001025      0.000334      0.000137

      Ekin old          Ekin new          Etot old          Etot new
      0.1222894321      0.1291086346    -49.2746511840    -49.2746511840

------------------------------------------------------------------------
     SURFACE HOPPING! THE SURFACE CHANGES FROM   5 TO   4
     CYCLE COUNT:       65
     POTENTIAL ENERGY VARIATION (eV)       -0.1855599375
------------------------------------------------------------------------

Velocity after hopping:
     -0.000168      0.000364      0.000151
     -0.000299     -0.000354     -0.000434
     -0.000394     -0.000049     -0.000187
      0.000740      0.000028      0.000287
     -0.000243     -0.000254     -0.000129
      0.000517     -0.000263     -0.000121
     -0.000544     -0.000063     -0.000224
      0.000545     -0.000413     -0.000056
     -0.000566      0.000257      0.000110
     -0.000309      0.000712      0.000162
     -0.000275      0.000013      0.000598
      0.000480      0.000008      0.000247
     -0.000695     -0.000216      0.000093
      0.000472      0.000027     -0.000481
     -0.000170     -0.000006      0.000319
     -0.000068     -0.000141     -0.000501
      0.000453      0.000474     -0.000241
      0.000338      0.000345     -0.000211
     -0.000175     -0.000142      0.000167
      0.000268     -0.000032      0.000140
      0.000328     -0.000262      0.000217
     -0.000484      0.000157      0.000154
      0.002032     -0.000167      0.000213
      0.000404     -0.000375      0.001530
     -0.000394     -0.000755      0.000701
     -0.000916      0.001565     -0.000776
      0.000228     -0.000087      0.000996
      0.002493     -0.002096      0.001424
      0.000913     -0.000293     -0.001231
      0.000188     -0.000374      0.001571
      0.001475      0.000386      0.000643
      0.000252      0.001251     -0.001756
      0.002074     -0.001243     -0.001757
     -0.001366     -0.001187      0.000461
      0.000410      0.000118     -0.001203
      0.001053      0.000343      0.000141
|v.h|=     0.000000    0.000000    0.000000    0.000000    0.000022    0.000020    0.000000   -0.000093   -0.000233   -0.002219
     1301       66     4    0.000000000    1.000000000
                            0.000001929
                            0.000208622
                            0.333493387
                            0.666296063
|v.h|=     0.000000    0.000000    0.000000    0.000000    0.000429    0.000361    0.000000    0.000000    0.000000   -0.001260
     1321       67     4    0.000000000    1.000000000
                            0.000010988
                            0.000225770
                            0.430356752
                            0.569406491
|v.h|=     0.000000    0.000000    0.000000    0.000000    0.000079   -0.000510    0.000000    0.000000    0.000000   -0.000787
     1341       68     4    0.000000000    1.000000000
                            0.000020290
                            0.000167383
                            0.508422712
                            0.491389614
|v.h|=     0.000000    0.000000    0.000000    0.000000    0.000087   -0.000821    0.000000    0.000000    0.000000   -0.000241
     1361       69     4    0.000000000    1.000000000
                            0.000011723
                            0.000195437
                            0.572341340
                            0.427451499
|v.h|=     0.000000    0.000000    0.000000    0.000000    0.000096   -0.001057    0.000000    0.000000    0.000000    0.000230
     1381       70     4    0.000000000    1.000000000
                            0.000004344
                            0.000631129
                            0.624123686
                            0.375240841
|v.h|=     0.000000    0.000000    0.000000    0.000000    0.000107   -0.001168    0.000000    0.000000    0.000000    0.000654
     1401       71     4    0.000000000    1.000000000
                            0.000000872
                            0.001555233
                            0.666864156
                            0.331579739
|v.h|=     0.000000    0.000000    0.000000    0.000000    0.000119   -0.001143    0.000000    0.000000    0.000000    0.001038
     1421       72     4    0.000000000    1.000000000
                            0.000001644
                            0.002760119
                            0.703314537
                            0.293923701
|v.h|=     0.000000    0.000000    0.000000    0.000000    0.000119   -0.000996    0.000000    0.000000    0.000000    0.001381
     1441       73     4    0.000000000    1.000000000
                            0.000004350
                            0.003830674
                            0.735864584
                            0.260300392
|v.h|=     0.000000    0.000000    0.000000    0.000000    0.000112   -0.000773    0.000000    0.000000    0.000000    0.001650
     1461       74     4    0.000000000    1.000000000
                            0.000006001
                            0.004388345
                            0.766087466
                            0.229518188
|v.h|=     0.000000    0.000000    0.000000    0.000000    0.000096   -0.000526    0.000000    0.000000    0.000000    0.001865
     1481       75     4    0.000000000    1.000000000
                            0.000005485
                            0.004308044
                            0.794675684
                            0.201010786
|v.h|=     0.000000    0.000000    0.000000    0.000000    0.000080   -0.000282    0.000000    0.000000    0.000000    0.002051
     1501       76     4    0.000000000    1.000000000
                            0.000003697
                            0.003724882
                            0.821883089
                            0.174388332
|v.h|=     0.000000    0.000000    0.000000    0.000000    0.000047   -0.000075    0.000000    0.000000    0.000000    0.002235
     1521       77     4    0.000000000    1.000000000
                            0.000001877
                            0.002927856
                            0.847547458
                            0.149522809
|v.h|=     0.000000    0.000000    0.000000    0.000000    0.000019    0.000082    0.000000    0.000000    0.000000    0.002442
     1541       78     4    0.000000000    1.000000000
                            0.000000672
                            0.002203984
                            0.871273409
                            0.126521935
|v.h|=     0.000000    0.000000    0.000000    0.000000   -0.000004    0.000183    0.000000    0.000000    0.000000    0.002702
     1561       79     4    0.000000000    1.000000000
                            0.000000247
                            0.001718456
                            0.892470453
                            0.105810845
|v.h|=     0.000000    0.000000    0.000000    0.000000   -0.000032    0.000226    0.000000    0.000000    0.000000    0.003078
     1581       80     4    0.000000000    1.000000000
                            0.000000395
                            0.001466475
                            0.910273743
                            0.088259387
|v.h|=     0.000000    0.000000    0.000000    0.000000   -0.000068    0.000208    0.000000    0.000000    0.000000    0.003703
     1601       81     4    0.000000000    1.000000000
                            0.000001178
                            0.001323984
                            0.923531545
                            0.075143294
|v.h|=     0.000000    0.000000    0.000000    0.000000   -0.000100    0.000133    0.000000    0.000000    0.000000    0.004702
     1621       82     4    0.000000000    1.000000000
                            0.000002924
                            0.001151509
                            0.929178387
                            0.069667180
|v.h|=     0.000000    0.000000    0.000000    0.000000   -0.000140   -0.000008    0.000000    0.000000    0.000000    0.006119
     1641       83     4    0.000000000    1.000000000
                            0.000005975
                            0.000884336
                            0.919453243
                            0.079656445
|v.h|=     0.000000    0.000000    0.000000    0.000000   -0.000173   -0.000197    0.000000    0.000000    0.000000    0.007262
     1661       84     4    0.000000000    1.000000000
                            0.000010310
                            0.000585870
                            0.882140804
                            0.117263017
|v.h|=     0.000000    0.000000    0.000000    0.000000   -0.000195   -0.000404    0.000000    0.000000    0.000000    0.006917
     1681       85     4    0.000000000    1.000000000
                            0.000014406
                            0.000416278
                            0.816104944
                            0.183464373
|v.h|=     0.000000    0.000000    0.000000    0.000000   -0.000219   -0.000575    0.000000    0.000000    0.000000    0.004801
     1701       86     4    0.000000000    1.000000000
                            0.000016989
                            0.000504971
                            0.748067085
                            0.251410955
|v.h|=     0.000000    0.000000    0.000000    0.000000   -0.000241   -0.000687    0.000000    0.000000    0.000000    0.002464
     1721       87     4    0.000000000    1.000000000
                            0.000018428
                            0.000833708
                            0.706620989
                            0.292526875
|v.h|=     0.000000    0.000000    0.000000    0.000000   -0.000223   -0.000745    0.000000    0.000000    0.000000    0.000796
     1741       88     4    0.000000000    1.000000000
                            0.000018060
                            0.001260909
                            0.695646937
                            0.303074094
|v.h|=     0.000000    0.000000    0.000000    0.000000   -0.000205   -0.000760    0.000000    0.000000    0.000000   -0.000372
     1761       89     4    0.000000000    1.000000000
                            0.000015282
                            0.001615597
                            0.706852859
                            0.291516263
|v.h|=     0.000000    0.000000    0.000000    0.000000   -0.000178   -0.000737    0.000000    0.000000    0.000000   -0.001133
     1781       90     4    0.000000000    1.000000000
                            0.000011824
                            0.001776747
                            0.731218550
                            0.266992878
|v.h|=     0.000000    0.000000    0.000000    0.000000   -0.000127   -0.000672    0.000000    0.000000    0.000000   -0.001551
     1801       91     4    0.000000000    1.000000000
                            0.000008223
                            0.001709119
                            0.761007883
                            0.237274776
|v.h|=     0.000000    0.000000    0.000000    0.000000   -0.000077   -0.000572    0.000000    0.000000    0.000000   -0.001611
     1821       92     4    0.000000000    1.000000000
                            0.000004599
                            0.001457405
                            0.789939147
                            0.208598850
|v.h|=     0.000000    0.000000    0.000000    0.000000   -0.000015   -0.000450    0.000000    0.000000    0.000000   -0.001414
     1841       93     4    0.000000000    1.000000000
                            0.000001996
                            0.001114526
                            0.814631805
                            0.184251673
|v.h|=     0.000000    0.000000    0.000000    0.000000    0.000042   -0.000303    0.000000    0.000000    0.000000   -0.001104
     1861       94     4    0.000000000    1.000000000
                            0.000001502
                            0.000775023
                            0.834548043
                            0.164675432
|v.h|=     0.000000    0.000000    0.000000    0.000000    0.000124   -0.000144    0.000000    0.000000    0.000000   -0.000783
     1881       95     4    0.000000000    1.000000000
                            0.000004809
                            0.000506241
                            0.850728277
                            0.148760674
|v.h|=     0.000000    0.000000    0.000000    0.000000    0.000174    0.000021    0.000000    0.000000    0.000000   -0.000535
     1901       96     4    0.000000000    1.000000000
                            0.000012573
                            0.000345970
                            0.864780633
                            0.134860825
|v.h|=     0.000000    0.000000    0.000000    0.000000    0.000204    0.000183    0.000000    0.000000    0.000000   -0.000367
     1921       97     4    0.000000000    1.000000000
                            0.000021450
                            0.000307054
                            0.877850552
                            0.121820945
|v.h|=     0.000000    0.000000    0.000000    0.000000    0.000203    0.000335    0.000000    0.000000    0.000000   -0.000270
     1941       98     4    0.000000000    1.000000000
                            0.000026434
                            0.000385690
                            0.890458129
                            0.109129747
|v.h|=     0.000000    0.000000    0.000000    0.000000    0.000180    0.000462    0.000000    0.000000    0.000000   -0.000230
     1961       99     4    0.000000000    1.000000000
                            0.000024619
                            0.000563099
                            0.902565383
                            0.096846900
|v.h|=     0.000000    0.000000    0.000000    0.000000    0.000149    0.000558    0.000000    0.000000    0.000000   -0.000231
     1981      100     4    0.000000000    1.000000000
                            0.000018047
                            0.000807264
                            0.913838731
                            0.085335959
|v.h|=     0.000000    0.000000    0.000000    0.000000    0.000113    0.000614    0.000000    0.000000    0.000000   -0.000281
     2001      101     4    0.000000000    1.000000000
                            0.000010745
                            0.001071989
                            0.923720941
                            0.075196324
|v.h|=     0.000000    0.000000    0.000000    0.000000    0.000061    0.000628    0.000000    0.000000    0.000000   -0.000373
     2021      102     4    0.000000000    1.000000000
                            0.000005175
                            0.001304153
                            0.931800814
                            0.066889857
|v.h|=     0.000000    0.000000    0.000000    0.000000    0.000002    0.000607    0.000000    0.000000    0.000000   -0.000495
     2041      103     4    0.000000000    1.000000000
                            0.000002183
                            0.001456902
                            0.937875987
                            0.060664928
