 -----------------------
   integrator =       5
   phase      =       1
   nohop      =       0
   forcesurf  =       1
   getphase   =       1
   nrelax     =       0
   vdoth      =       1
   tully      =       1
   ms         =      20
   mom        =       1
   seed       =       1
   adjmom     =   -1.00
   probmin    =  0.0000
   popdev     =   0.050
   decay      =  0.1000
 -----------------------
|v.h|=     0.000000    0.000000    0.000000    0.000000    0.000000    0.000000    0.000000    0.000000    0.000000    0.000000
Integration of the TDSH for the electrons
Integrator = 5          Hopping is allowed    
  substep     step  surf    populations      Total pop
        0        0     4    0.000000000    0.999999979
                            0.000006043
                            0.020943762
                            0.886134403
                            0.092915771
|v.h|=     0.000000    0.000000    0.000000    0.000000    0.000006   -0.000106    0.000000    0.000000    0.000000   -0.000086
        1        1     4    0.000000000    1.000000000
                            0.000005807
                            0.020677900
                            0.886510533
                            0.092805760
|v.h|=     0.000000    0.000000    0.000000    0.000000    0.000116   -0.002092    0.000000    0.000000    0.000000   -0.001594
       21        2     4    0.000000000    1.000000000
                            0.000001230
                            0.021337700
                            0.893225463
                            0.085435606
|v.h|=     0.000000    0.000000    0.000000    0.000000    0.000004   -0.001561    0.000000    0.000000    0.000000    0.001065
       41        3     4    0.000000000    1.000000000
                            0.000000435
                            0.025494544
                            0.892234547
                            0.082270474
|v.h|=     0.000000    0.000000    0.000000    0.000000   -0.000055   -0.001210    0.000000    0.000000    0.000000    0.003444
       61        4     4    0.000000000    1.000000000
                            0.000000636
                            0.026026574
                            0.879140006
                            0.094832784
|v.h|=     0.000000    0.000000    0.000000    0.000000   -0.000131   -0.000894    0.000000    0.000000    0.000000    0.005064
       81        5     4    0.000000000    1.000000000
                            0.000003953
                            0.023677458
                            0.846700902
                            0.129617687
|v.h|=     0.000000    0.000000    0.000000    0.000000   -0.000162   -0.000568    0.000000    0.000000    0.000000    0.004690
      101        6     4    0.000000000    1.000000000
                            0.000010173
                            0.019643503
                            0.798285397
                            0.182060928
|v.h|=     0.000000    0.000000    0.000000    0.000000   -0.000171   -0.000212    0.000000    0.000000    0.000000    0.003171
      121        7     4    0.000000000    1.000000000
                            0.000014433
                            0.015302075
                            0.755700866
                            0.228982626
|v.h|=     0.000000    0.000000    0.000000    0.000000   -0.000186    0.000181    0.000000    0.000000    0.000000    0.001868
      141        8     4    0.000000000    1.000000000
                            0.000015902
                            0.011788622
                            0.733820360
                            0.254375116
|v.h|=     0.000000    0.000000    0.000000    0.000000   -0.000154    0.000669    0.000000    0.000000    0.000000    0.001090
      161        9     4    0.000000000    1.000000000
                            0.000015094
                            0.009840479
                            0.731837637
                            0.258306790
|v.h|=     0.000000    0.000000    0.000000    0.000000   -0.000129    0.001367    0.000000    0.000000    0.000000    0.000665
      181       10     4    0.000000000    1.000000000
                            0.000012329
                            0.010258609
                            0.742868525
                            0.246860537
|v.h|=     0.000000    0.000000    0.000000    0.000000   -0.000108    0.002497    0.000000    0.000000    0.000000    0.000435
      201       11     4    0.000000000    1.000000000
                            0.000009315
                            0.014994950
                            0.759264383
                            0.225731352
|v.h|=     0.000000    0.000000    0.000000    0.000000   -0.000104    0.004446    0.000000    0.000000    0.000000    0.000315
      221       12     4    0.000000000    1.000000000
                            0.000007114
                            0.029941099
                            0.770483006
                            0.199568781
|v.h|=     0.000000    0.000000    0.000000    0.000000   -0.000121    0.007596    0.000000    0.000000    0.000000    0.000286
      241       13     4    0.000000000    1.000000000
                            0.000006588
                            0.071904178
                            0.755764819
                            0.172324415
|v.h|=     0.000000    0.000000    0.000000    0.000000   -0.000179    0.010759    0.000000    0.000000    0.000000    0.000302
      261       14     4    0.000000000    1.000000000
                            0.000009788
                            0.169491684
                            0.683581631
                            0.146916896
|v.h|=     0.000000    0.000000    0.000000    0.000000   -0.000235    0.009732    0.000000    0.000000    0.000000    0.000423

Velocity before hopping:
      0.000380      0.000384     -0.000077
     -0.000170     -0.000467      0.000027
     -0.000173     -0.000475      0.000166
      0.000676      0.000138     -0.000312
     -0.000439      0.000061      0.000142
     -0.000299      0.000498     -0.000080
      0.000010      0.000156      0.000530
      0.000203     -0.000689     -0.000005
     -0.000322      0.000174     -0.000091
     -0.000284      0.000026      0.000380
     -0.000037     -0.001237     -0.000004
     -0.000077      0.000159     -0.000059
      0.000309      0.000234      0.000007
     -0.000104      0.000514     -0.000127
      0.000165      0.000142     -0.000209
     -0.000313      0.000157      0.000125
      0.000023      0.000697      0.000007
     -0.000169     -0.000208     -0.000160
     -0.000167      0.000498     -0.000097
      0.000017     -0.000951     -0.000024
      0.000651     -0.000394      0.000129
      0.000121      0.000421     -0.000276
      0.000471      0.000730     -0.000590
     -0.002608     -0.000882      0.001252
      0.000932      0.000141     -0.000201
      0.000735     -0.001906     -0.001113
      0.002247      0.000070      0.001419
      0.002614     -0.002480      0.000568
     -0.001698     -0.001909     -0.000119
     -0.003033     -0.000530     -0.001818
      0.002199      0.002414     -0.001331
     -0.001100      0.004084     -0.000035
      0.000691     -0.000188      0.000561
     -0.000257      0.000148     -0.000713
     -0.002311      0.001173      0.000936
     -0.004326      0.001296      0.000852

      Ekin old          Ekin new          Etot old          Etot new
      0.1950194860      0.2016136448    -49.1486191936    -49.1486191936

------------------------------------------------------------------------
     SURFACE HOPPING! THE SURFACE CHANGES FROM   4 TO   3
     CYCLE COUNT:       15
     POTENTIAL ENERGY VARIATION (eV)       -0.1794361875
------------------------------------------------------------------------

Velocity after hopping:
      0.000386      0.000391     -0.000079
     -0.000173     -0.000475      0.000027
     -0.000176     -0.000483      0.000169
      0.000687      0.000141     -0.000317
     -0.000446      0.000062      0.000145
     -0.000304      0.000506     -0.000082
      0.000010      0.000159      0.000539
      0.000206     -0.000700     -0.000005
     -0.000328      0.000177     -0.000093
     -0.000289      0.000026      0.000386
     -0.000038     -0.001258     -0.000004
     -0.000078      0.000162     -0.000060
      0.000314      0.000238      0.000007
     -0.000106      0.000522     -0.000129
      0.000168      0.000144     -0.000212
     -0.000318      0.000160      0.000127
      0.000024      0.000709      0.000007
     -0.000172     -0.000212     -0.000162
     -0.000170      0.000506     -0.000098
      0.000017     -0.000967     -0.000024
      0.000662     -0.000400      0.000131
      0.000123      0.000428     -0.000281
      0.000479      0.000742     -0.000600
     -0.002652     -0.000896      0.001273
      0.000947      0.000144     -0.000205
      0.000747     -0.001938     -0.001131
      0.002285      0.000071      0.001443
      0.002657     -0.002522      0.000578
     -0.001726     -0.001941     -0.000121
     -0.003084     -0.000539     -0.001849
      0.002236      0.002454     -0.001353
     -0.001119      0.004153     -0.000035
      0.000703     -0.000191      0.000571
     -0.000261      0.000151     -0.000725
     -0.002350      0.001193      0.000952
     -0.004398      0.001317      0.000866
      281       15     3    0.000000000    1.000000000
                            0.000019336
                            0.310535705
                            0.564897744
                            0.124547215
|v.h|=     0.000000    0.000000    0.000027    0.000000   -0.000232    0.005161    0.000000    0.000000   -0.000017    0.000617
      301       16     3    0.000000000    1.000000000
                            0.000031683
                            0.527818197
                            0.377336273
                            0.094813847
|v.h|=     0.000000    0.000000    0.000543    0.000000    0.000000    0.003600    0.000000    0.000000   -0.000333    0.000000
      321       17     3    0.000000000    1.000000000
                            0.000010191
                            0.674139997
                            0.256138687
                            0.069711125
|v.h|=     0.000000    0.000000    0.000637    0.000000    0.000000    0.000673    0.000000    0.000000   -0.000027    0.000000
      341       18     3    0.000000000    1.000000000
                            0.000120143
                            0.764215289
                            0.185552327
                            0.050112240
|v.h|=     0.000000    0.000000    0.000652    0.000000    0.000000   -0.000026    0.000000    0.000000   -0.000001    0.000000
      361       19     3    0.000000000    1.000000000
                            0.000411032
                            0.822922938
                            0.141327911
                            0.035338119
|v.h|=     0.000000    0.000000    0.000622    0.000000    0.000000   -0.000424    0.000000    0.000000    0.000073    0.000000
      381       20     3    0.000000000    1.000000000
                            0.000789770
                            0.870383729
                            0.104426513
                            0.024399987
|v.h|=     0.000000    0.000000    0.000546    0.000000    0.000000   -0.000612    0.000000    0.000000    0.000412    0.000000
      401       21     3    0.000000000    1.000000000
                            0.001134280
                            0.910619132
                            0.072657698
                            0.015588891
|v.h|=     0.000000    0.000000    0.000410    0.000000    0.000000   -0.000288    0.000000    0.000000    0.000815    0.000000
      421       22     3    0.000000000    1.000000000
                            0.001321556
                            0.942142331
                            0.048039330
                            0.008496784
|v.h|=     0.000000    0.000000    0.000225    0.000000    0.000000   -0.000135    0.000000    0.000000    0.000886    0.000000
      441       23     3    0.000000000    1.000000000
                            0.001278974
                            0.962644230
                            0.031508431
                            0.004568366
|v.h|=     0.000000    0.000000    0.000014    0.000000    0.000000   -0.000150    0.000000    0.000000    0.000951    0.000000
      461       24     3    0.000000000    1.000000000
                            0.001048132
                            0.975058543
                            0.020386424
                            0.003506901
|v.h|=     0.000000    0.000000   -0.000186    0.000000    0.000000   -0.000143    0.000000    0.000000    0.001020    0.000000
      481       25     3    0.000000000    1.000000000
                            0.000785409
                            0.982529733
                            0.012957281
                            0.003727578
|v.h|=     0.000000    0.000000   -0.000344    0.000000    0.000000   -0.000135    0.000000    0.000000    0.001082    0.000000
      501       26     3    0.000000000    1.000000000
                            0.000669391
                            0.987287025
                            0.008223296
                            0.003820288
|v.h|=     0.000000    0.000000   -0.000444    0.000000    0.000000   -0.000129    0.000000    0.000000    0.001139    0.000000
      521       27     3    0.000000000    1.000000000
                            0.000781646
                            0.990752462
                            0.005311974
                            0.003153918
|v.h|=     0.000000    0.000000   -0.000485    0.000000    0.000000   -0.000135    0.000000    0.000000    0.001199    0.000000
      541       28     3    0.000000000    1.000000000
                            0.001061023
                            0.993405561
                            0.003559601
                            0.001973815
|v.h|=     0.000000    0.000000   -0.000468    0.000000    0.000000   -0.000155    0.000000    0.000000    0.001239    0.000000
      561       29     3    0.000000000    1.000000000
                            0.001343114
                            0.995224310
                            0.002517661
                            0.000914914
|v.h|=     0.000000    0.000000   -0.000442    0.000000    0.000000   -0.000190    0.000000    0.000000    0.001198    0.000000
      581       30     3    0.000000000    1.000000000
                            0.001490576
                            0.996218568
                            0.001893175
                            0.000397681
|v.h|=     0.000000    0.000000   -0.000370    0.000000    0.000000   -0.000252    0.000000    0.000000    0.001148    0.000000
      601       31     3    0.000000000    1.000000000
                            0.001428796
                            0.996718283
                            0.001500003
                            0.000352917
|v.h|=     0.000000    0.000000   -0.000287    0.000000    0.000000   -0.000332    0.000000    0.000000    0.001104    0.000000
      621       32     3    0.000000000    1.000000000
                            0.001174753
                            0.997124011
                            0.001210612
                            0.000490624
|v.h|=     0.000000    0.000000   -0.000196    0.000000    0.000000   -0.000426    0.000000    0.000000    0.001229    0.000000
      641       33     3    0.000000000    1.000000000
                            0.000833506
                            0.997557247
                            0.000951637
                            0.000657609
|v.h|=     0.000000    0.000000   -0.000141    0.000000    0.000000   -0.000514    0.000000    0.000000    0.001395    0.000000
      661       34     3    0.000000000    1.000000000
                            0.000519067
                            0.997891028
                            0.000710434
                            0.000879471
|v.h|=     0.000000    0.000000   -0.000130    0.000000    0.000000   -0.000564    0.000000    0.000000    0.001537    0.000000
      681       35     3    0.000000000    1.000000000
                            0.000282949
                            0.998024905
                            0.000517448
                            0.001174698
|v.h|=     0.000000    0.000000   -0.000158    0.000000    0.000000   -0.000544    0.000000    0.000000    0.001633    0.000000
      701       36     3    0.000000000    1.000000000
                            0.000121821
                            0.997967427
                            0.000399368
                            0.001511384
|v.h|=     0.000000    0.000000   -0.000210    0.000000    0.000000   -0.000449    0.000000    0.000000    0.001684    0.000000
      721       37     3    0.000000000    1.000000000
                            0.000027873
                            0.997810365
                            0.000336811
                            0.001824951
|v.h|=     0.000000    0.000000   -0.000264    0.000000    0.000000   -0.000304    0.000000    0.000000    0.001664    0.000000
      741       38     3    0.000000000    1.000000000
                            0.000004146
                            0.997670763
                            0.000282423
                            0.002042667
|v.h|=     0.000000    0.000000   -0.000297    0.000000    0.000000   -0.000152    0.000000    0.000000    0.001591    0.000000
      761       39     3    0.000000000    1.000000000
                            0.000039854
                            0.997639060
                            0.000213337
                            0.002107749
|v.h|=     0.000000    0.000000   -0.000300    0.000000    0.000000   -0.000041    0.000000    0.000000    0.001482    0.000000
      781       40     3    0.000000000    1.000000000
                            0.000095909
                            0.997741942
                            0.000146030
                            0.002016119
|v.h|=     0.000000    0.000000   -0.000289    0.000000    0.000000    0.000026    0.000000    0.000000    0.001328    0.000000
      801       41     3    0.000000000    1.000000000
                            0.000133054
                            0.997980164
                            0.000101358
                            0.001785424
|v.h|=     0.000000    0.000000   -0.000259    0.000000    0.000000    0.000057    0.000000    0.000000    0.001113    0.000000
      821       42     3    0.000000000    1.000000000
                            0.000135356
                            0.998345094
                            0.000081218
                            0.001438332
|v.h|=     0.000000    0.000000   -0.000227    0.000000    0.000000    0.000077    0.000000    0.000000    0.000824    0.000000
      841       43     3    0.000000000    1.000000000
                            0.000110513
                            0.998800432
                            0.000076314
                            0.001012740
|v.h|=     0.000000    0.000000   -0.000191    0.000000    0.000000    0.000106    0.000000    0.000000    0.000628    0.000000
      861       44     3    0.000000000    1.000000000
                            0.000076264
                            0.999241112
                            0.000079984
                            0.000602640
|v.h|=     0.000000    0.000000   -0.000149    0.000000    0.000000    0.000134    0.000000    0.000000    0.000330    0.000000
      881       45     3    0.000000000    1.000000000
                            0.000045696
                            0.999566813
                            0.000086856
                            0.000300635
|v.h|=     0.000000    0.000000   -0.000109    0.000000    0.000000    0.000173    0.000000    0.000000    0.000123    0.000000
      901       46     3    0.000000000    1.000000000
                            0.000024171
                            0.999754085
                            0.000094167
                            0.000127578
|v.h|=     0.000000    0.000000   -0.000055    0.000000    0.000000    0.000212    0.000000    0.000000   -0.000038    0.000000
      921       47     3    0.000000000    1.000000000
                            0.000011733
                            0.999824271
                            0.000101864
                            0.000062132
|v.h|=     0.000000    0.000000    0.000022    0.000000    0.000000    0.000251    0.000000    0.000000   -0.000170    0.000000
      941       48     3    0.000000000    1.000000000
                            0.000006734
                            0.999823012
                            0.000111362
                            0.000058893
|v.h|=     0.000000    0.000000    0.000111    0.000000    0.000000    0.000284    0.000000    0.000000   -0.000218    0.000000
      961       49     3    0.000000000    1.000000000
                            0.000010625
                            0.999794535
                            0.000125429
                            0.000069412
|v.h|=     0.000000    0.000000    0.000212    0.000000    0.000000    0.000301    0.000000    0.000000   -0.000181    0.000000
      981       50     3    0.000000000    1.000000000
                            0.000030897
                            0.999760983
                            0.000144549
                            0.000063572
|v.h|=     0.000000    0.000000    0.000332    0.000000    0.000000    0.000302    0.000000    0.000000   -0.000052    0.000000
     1001       51     3    0.000000000    1.000000000
                            0.000082464
                            0.999712270
                            0.000164798
                            0.000040468
|v.h|=     0.000000    0.000000    0.000467    0.000000    0.000000    0.000280    0.000000    0.000000    0.000125    0.000000
     1021       52     3    0.000000000    1.000000000
                            0.000187479
                            0.999606885
                            0.000178772
                            0.000026864
|v.h|=     0.000000    0.000000    0.000598    0.000000    0.000000    0.000229    0.000000    0.000000    0.000314    0.000000
     1041       53     3    0.000000000    1.000000000
                            0.000366515
                            0.999396661
                            0.000177515
                            0.000059309
|v.h|=     0.000000    0.000000    0.000715    0.000000    0.000000    0.000152    0.000000    0.000000    0.000509    0.000000
     1061       54     3    0.000000000    1.000000000
                            0.000625960
                            0.999052544
                            0.000155965
                            0.000165530
|v.h|=     0.000000    0.000000    0.000791    0.000000    0.000000    0.000065    0.000000    0.000000    0.000684    0.000000
     1081       55     3    0.000000000    1.000000000
                            0.000940019
                            0.998578874
                            0.000120478
                            0.000360629
|v.h|=     0.000000    0.000000    0.000793    0.000000    0.000000   -0.000003    0.000000    0.000000    0.000797    0.000000
     1101       56     3    0.000000000    1.000000000
                            0.001232069
                            0.998047340
                            0.000086964
                            0.000633627
|v.h|=     0.000000    0.000000    0.000707    0.000000    0.000000   -0.000008    0.000000    0.000000    0.000740    0.000000
     1121       57     3    0.000000000    1.000000000
                            0.001391889
                            0.997652637
                            0.000064597
                            0.000890877
|v.h|=     0.000000    0.000000    0.000552    0.000000    0.000000    0.000077    0.000000    0.000000    0.000456    0.000000
     1141       58     3    0.000000000    1.000000000
                            0.001345470
                            0.997663387
                            0.000041399
                            0.000949743
|v.h|=     0.000000    0.000000    0.000367    0.000000    0.000000    0.000256    0.000000    0.000000   -0.000035    0.000000
     1161       59     3    0.000000000    1.000000000
                            0.001119255
                            0.998134532
                            0.000009072
                            0.000737141
|v.h|=     0.000000    0.000000    0.000215    0.000000    0.000000    0.000499    0.000000    0.000000   -0.000542    0.000000
     1181       60     3    0.000000000    1.000000000
                            0.000824003
                            0.998579322
                            0.000027845
                            0.000568830
|v.h|=     0.000000    0.000000    0.000126    0.000000    0.000000    0.000718    0.000000    0.000000   -0.000905    0.000000
     1201       61     3    0.000000000    1.000000000
                            0.000561933
                            0.998243021
                            0.000244508
                            0.000950537
|v.h|=     0.000000    0.000000    0.000101    0.000000    0.000000    0.000772    0.000000    0.000000   -0.001079    0.000000
     1221       62     3    0.000000000    1.000000000
                            0.000364503
                            0.996915671
                            0.000716503
                            0.002003323
|v.h|=     0.000000    0.000000    0.000099    0.000000    0.000000    0.000553    0.000000    0.000000   -0.001139    0.000000
     1241       63     3    0.000000000    1.000000000
                            0.000220855
                            0.995306927
                            0.001141392
                            0.003330826
|v.h|=     0.000000    0.000000    0.000088    0.000000    0.000000    0.000286    0.000000    0.000000   -0.001114    0.000000
     1261       64     3    0.000000000    1.000000000
                            0.000122517
                            0.994365435
                            0.001187398
                            0.004324650
|v.h|=     0.000000    0.000000    0.000063    0.000000    0.000000    0.000213    0.000000    0.000000   -0.000993    0.000000
     1281       65     3    0.000000000    1.000000000
                            0.000064408
                            0.994495799
                            0.000988371
                            0.004451422
|v.h|=     0.000000    0.000000    0.000015    0.000000    0.000000    0.000254    0.000000    0.000000   -0.000897    0.000000
     1301       66     3    0.000000000    1.000000000
                            0.000037698
                            0.995537943
                            0.000748938
                            0.003675420
|v.h|=     0.000000    0.000000   -0.000066    0.000000    0.000000    0.000286    0.000000    0.000000   -0.000913    0.000000
     1321       67     3    0.000000000    1.000000000
                            0.000031685
                            0.997011253
                            0.000516899
                            0.002440163
|v.h|=     0.000000    0.000000   -0.000154    0.000000    0.000000    0.000292    0.000000    0.000000   -0.001029    0.000000
     1341       68     3    0.000000000    1.000000000
                            0.000038680
                            0.998401517
                            0.000314476
                            0.001245326
|v.h|=     0.000000    0.000000   -0.000248    0.000000    0.000000    0.000276    0.000000    0.000000   -0.000981    0.000000
     1361       69     3    0.000000000    1.000000000
                            0.000062864
                            0.999283937
                            0.000165272
                            0.000487927
|v.h|=     0.000000    0.000000   -0.000323    0.000000    0.000000    0.000252    0.000000    0.000000   -0.000771    0.000000
     1381       70     3    0.000000000    1.000000000
                            0.000115829
                            0.999590990
                            0.000074991
                            0.000218190
|v.h|=     0.000000    0.000000   -0.000358    0.000000    0.000000    0.000211    0.000000    0.000000   -0.000606    0.000000
     1401       71     3    0.000000000    1.000000000
                            0.000197624
                            0.999599330
                            0.000033122
                            0.000169924
|v.h|=     0.000000    0.000000   -0.000344    0.000000    0.000000    0.000150    0.000000    0.000000   -0.000459    0.000000
     1421       72     3    0.000000000    1.000000000
                            0.000282240
                            0.999541716
                            0.000019507
                            0.000156537
|v.h|=     0.000000    0.000000   -0.000272    0.000000    0.000000    0.000076    0.000000    0.000000   -0.000322    0.000000
     1441       73     3    0.000000000    1.000000000
                            0.000325295
                            0.999540341
                            0.000014601
                            0.000119763
|v.h|=     0.000000    0.000000   -0.000166    0.000000    0.000000   -0.000008    0.000000    0.000000   -0.000184    0.000000
     1461       74     3    0.000000000    1.000000000
                            0.000300558
                            0.999619748
                            0.000009993
                            0.000069702
|v.h|=     0.000000    0.000000   -0.000044    0.000000    0.000000   -0.000110    0.000000    0.000000   -0.000050    0.000000
     1481       75     3    0.000000000    1.000000000
                            0.000227433
                            0.999730388
                            0.000010527
                            0.000031652
|v.h|=     0.000000    0.000000    0.000034    0.000000    0.000000   -0.000198    0.000000    0.000000    0.000097    0.000000
     1501       76     3    0.000000000    1.000000000
                            0.000156396
                            0.999793892
                            0.000029528
                            0.000020183
|v.h|=     0.000000    0.000000    0.000053    0.000000    0.000000   -0.000280    0.000000    0.000000    0.000270    0.000000
     1521       77     3    0.000000000    1.000000000
                            0.000114211
                            0.999765446
                            0.000078776
                            0.000041566
|v.h|=     0.000000    0.000000    0.000021    0.000000    0.000000   -0.000322    0.000000    0.000000    0.000481    0.000000
     1541       78     3    0.000000000    1.000000000
                            0.000086173
                            0.999648774
                            0.000156094
                            0.000108958
|v.h|=     0.000000    0.000000   -0.000052    0.000000    0.000000   -0.000345    0.000000    0.000000    0.000749    0.000000
     1561       79     3    0.000000000    1.000000000
                            0.000051683
                            0.999442247
                            0.000245119
                            0.000260951
|v.h|=     0.000000    0.000000   -0.000135    0.000000    0.000000   -0.000327    0.000000    0.000000    0.001093    0.000000
     1581       80     3    0.000000000    1.000000000
                            0.000019031
                            0.999074238
                            0.000321798
                            0.000584933
|v.h|=     0.000000    0.000000   -0.000209    0.000000    0.000000   -0.000258    0.000000    0.000000    0.001512    0.000000
     1601       81     3    0.000000000    1.000000000
                            0.000015336
                            0.998389343
                            0.000355083
                            0.001240238
|v.h|=     0.000000    0.000000   -0.000263    0.000000    0.000000   -0.000125    0.000000    0.000000    0.001986    0.000000
     1621       82     3    0.000000000    1.000000000
                            0.000051755
                            0.997166250
                            0.000323472
                            0.002458523
|v.h|=     0.000000    0.000000   -0.000289    0.000000    0.000000    0.000073    0.000000    0.000000    0.002444    0.000000
     1641       83     3    0.000000000    1.000000000
                            0.000108515
                            0.995202014
                            0.000244362
                            0.004445109
|v.h|=     0.000000    0.000000   -0.000277    0.000000    0.000000    0.000300    0.000000    0.000000    0.002785    0.000000
     1661       84     3    0.000000000    1.000000000
                            0.000148299
                            0.992515703
                            0.000206728
                            0.007129269
|v.h|=     0.000000    0.000000   -0.000229    0.000000    0.000000    0.000491    0.000000    0.000000    0.002899    0.000000
     1681       85     3    0.000000000    1.000000000
                            0.000146606
                            0.989631529
                            0.000336487
                            0.009885378
|v.h|=     0.000000    0.000000   -0.000165    0.000000    0.000000    0.000590    0.000000    0.000000    0.002710    0.000000
     1701       86     3    0.000000000    1.000000000
                            0.000111242
                            0.987653625
                            0.000673292
                            0.011561841
|v.h|=     0.000000    0.000000   -0.000066    0.000000    0.000000    0.000592    0.000000    0.000000    0.002167    0.000000
     1721       87     3    0.000000000    1.000000000
                            0.000067546
                            0.987744987
                            0.001099100
                            0.011088367
|v.h|=     0.000000    0.000000    0.000049    0.000000    0.000000    0.000527    0.000000    0.000000    0.001305    0.000000
     1741       88     3    0.000000000    1.000000000
                            0.000041193
                            0.990047369
                            0.001428354
                            0.008483084
|v.h|=     0.000000    0.000000    0.000167    0.000000    0.000000    0.000419    0.000000    0.000000    0.000236    0.000000
     1761       89     3    0.000000000    1.000000000
                            0.000047530
                            0.993078883
                            0.001534596
                            0.005338991
|v.h|=     0.000000    0.000000    0.000254    0.000000    0.000000    0.000286    0.000000    0.000000   -0.000511    0.000000
     1781       90     3    0.000000000    1.000000000
                            0.000083697
                            0.994859796
                            0.001401994
                            0.003654513
|v.h|=     0.000000    0.000000    0.000324    0.000000    0.000000    0.000145    0.000000    0.000000   -0.000798    0.000000
     1801       91     3    0.000000000    1.000000000
                            0.000134389
                            0.995146525
                            0.001118395
                            0.003600691
|v.h|=     0.000000    0.000000    0.000381    0.000000    0.000000    0.000017    0.000000    0.000000   -0.000896    0.000000
     1821       92     3    0.000000000    1.000000000
                            0.000185548
                            0.994904984
                            0.000815654
                            0.004093814
|v.h|=     0.000000    0.000000    0.000439    0.000000    0.000000   -0.000067    0.000000    0.000000   -0.000934    0.000000
     1841       93     3    0.000000000    1.000000000
                            0.000232222
                            0.994756626
                            0.000595097
                            0.004416055
|v.h|=     0.000000    0.000000    0.000474    0.000000    0.000000   -0.000064    0.000000    0.000000   -0.000930    0.000000
     1861       94     3    0.000000000    1.000000000
                            0.000273394
                            0.994897599
                            0.000466655
                            0.004362352
|v.h|=     0.000000    0.000000    0.000517    0.000000    0.000000    0.000403    0.000000    0.000000   -0.000879    0.000000
     1881       95     3    0.000000000    1.000000000
                            0.000312448
                            0.995470073
                            0.000221929
                            0.003995551
|v.h|=     0.000000    0.000000    0.000534    0.000000    0.000000    0.000703    0.000000    0.000000   -0.000411    0.000000
     1901       96     3    0.000000000    1.000000000
                            0.000352162
                            0.996416347
                            0.000003406
                            0.003228085
|v.h|=     0.000000    0.000000    0.000512    0.000000    0.000000    0.000286    0.000000    0.000000   -0.000275    0.000000
     1921       97     3    0.000000000    1.000000000
                            0.000380009
                            0.997240209
                            0.000065418
                            0.002314364
|v.h|=     0.000000    0.000000    0.000456    0.000000    0.000000   -0.000177    0.000000    0.000000   -0.000312    0.000000
     1941       98     3    0.000000000    1.000000000
                            0.000378672
                            0.998016861
                            0.000064337
                            0.001540130
|v.h|=     0.000000    0.000000    0.000369    0.000000    0.000000   -0.000750    0.000000    0.000000   -0.000280    0.000000
     1961       99     3    0.000000000    1.000000000
                            0.000338957
                            0.998696953
                            0.000026087
                            0.000938004
|v.h|=     0.000000    0.000000    0.000250    0.000000    0.000000   -0.001405    0.000000    0.000000   -0.000237    0.000000
     1981      100     3    0.000000000    1.000000000
                            0.000265214
                            0.998598020
                            0.000615492
                            0.000521274
|v.h|=     0.000000    0.000000    0.000118    0.000000    0.000000   -0.002010    0.000000    0.000000   -0.000181    0.000000
     2001      101     3    0.000000000    1.000000000
                            0.000179820
                            0.996507149
                            0.003048333
                            0.000264698
|v.h|=     0.000000    0.000000   -0.000025    0.000000    0.000000   -0.002370    0.000000    0.000000   -0.000123    0.000000
     2021      102     3    0.000000000    1.000000000
                            0.000115970
                            0.991554524
                            0.008203184
                            0.000126322
|v.h|=     0.000000    0.000000   -0.000163    0.000000    0.000000   -0.002368    0.000000    0.000000   -0.000077    0.000000
     2041      103     3    0.000000000    1.000000000
                            0.000102862
                            0.984633821
                            0.015203231
                            0.000060086
|v.h|=     0.000000    0.000000   -0.000294    0.000000    0.000000   -0.002040    0.000000    0.000000   -0.000051    0.000000
     2061      104     3    0.000000000    1.000000000
                            0.000156179
                            0.978520615
                            0.021292686
                            0.000030519
|v.h|=     0.000000    0.000000   -0.000412    0.000000    0.000000   -0.001560    0.000000    0.000000   -0.000079    0.000000
     2081      105     3    0.000000000    1.000000000
                            0.000276656
                            0.975876922
                            0.023830374
                            0.000016048
|v.h|=     0.000000    0.000000   -0.000508    0.000000    0.000000   -0.000986    0.000000    0.000000   -0.000298    0.000000
     2101      106     3    0.000000000    1.000000000
                            0.000452752
                            0.977459647
                            0.022067145
                            0.000020456
|v.h|=     0.000000    0.000000   -0.000587    0.000000    0.000000   -0.000237    0.000000    0.000000   -0.000537    0.000000
     2121      107     3    0.000000000    1.000000000
                            0.000668292
                            0.981932995
                            0.017268948
                            0.000129766
|v.h|=     0.000000    0.000000   -0.000638    0.000000    0.000000   -0.000185    0.000000    0.000000   -0.000716    0.000000
     2141      108     3    0.000000000    1.000000000
                            0.000902458
                            0.986131765
                            0.012517040
                            0.000448737
|v.h|=     0.000000    0.000000   -0.000667    0.000000    0.000000   -0.000213    0.000000    0.000000   -0.000430    0.000000
     2161      109     3    0.000000000    1.000000000
                            0.001130695
                            0.989362249
                            0.008789141
                            0.000717914
|v.h|=     0.000000    0.000000   -0.000668    0.000000    0.000000   -0.000201    0.000000    0.000000   -0.000374    0.000000
     2181      110     3    0.000000000    1.000000000
                            0.001326672
                            0.992018061
                            0.005920651
                            0.000734616
|v.h|=     0.000000    0.000000   -0.000634    0.000000    0.000000   -0.000162    0.000000    0.000000   -0.000390    0.000000
     2201      111     3    0.000000000    1.000000000
                            0.001454828
                            0.994063024
                            0.003847848
                            0.000634300
|v.h|=     0.000000    0.000000   -0.000570    0.000000    0.000000   -0.000111    0.000000    0.000000   -0.000422    0.000000
     2221      112     3    0.000000000    1.000000000
                            0.001483689
                            0.995572758
                            0.002465913
                            0.000477639
|v.h|=     0.000000    0.000000   -0.000462    0.000000    0.000000   -0.000047    0.000000    0.000000   -0.000468    0.000000
     2241      113     3    0.000000000    1.000000000
                            0.001392964
                            0.996677369
                            0.001614389
                            0.000315278
|v.h|=     0.000000    0.000000   -0.000309    0.000000    0.000000    0.000031    0.000000    0.000000   -0.000518    0.000000
     2261      114     3    0.000000000    1.000000000
                            0.001187059
                            0.997501441
                            0.001114559
                            0.000196941
