 -----------------------
   integrator =       5
   phase      =       1
   nohop      =       0
   forcesurf  =       1
   getphase   =       1
   nrelax     =       0
   vdoth      =       1
   tully      =       1
   ms         =      20
   mom        =       1
   seed       =       1
   adjmom     =   -1.00
   probmin    =  0.0000
   popdev     =   0.050
   decay      =  0.1000
 -----------------------
|v.h|=     0.000000    0.000000    0.000000    0.000000    0.000000    0.000000    0.000000    0.000000    0.000000    0.000000
Integration of the TDSH for the electrons
Integrator = 5          Hopping is allowed    
  substep     step  surf    populations      Total pop
        0        0     5    0.000000000    1.000000032
                            0.000000002
                            0.001776231
                            0.077531618
                            0.920692181
|v.h|=     0.000000    0.000000    0.000000    0.000000    0.000000    0.000000    0.000000   -0.000009    0.000072    0.000059
        1        1     5    0.000000000    1.000000000
                            0.000000003
                            0.001730674
                            0.076935962
                            0.921333361
|v.h|=     0.000000    0.000000    0.000000    0.000000    0.000000    0.000000    0.000000   -0.000181    0.001428    0.001191
       21        2     5    0.000000000    1.000000000
                            0.000002860
                            0.000351138
                            0.060469245
                            0.939176757
|v.h|=     0.000000    0.000000    0.000000    0.000000    0.000000    0.000000    0.000000   -0.000083    0.001274    0.001539
       41        3     5    0.000000000    1.000000000
                            0.000007765
                            0.000088535
                            0.041633309
                            0.958270392
|v.h|=     0.000000    0.000000    0.000000    0.000000    0.000000    0.000000    0.000000   -0.000084    0.001201    0.001832
       61        4     5    0.000000000    1.000000000
                            0.000005604
                            0.000839255
                            0.025329127
                            0.973826014
|v.h|=     0.000000    0.000000    0.000000    0.000000    0.000000    0.000000    0.000000   -0.000124    0.001134    0.002432
       81        5     5    0.000000000    1.000000000
                            0.000003216
                            0.001701402
                            0.011794954
                            0.986500428
|v.h|=     0.000000    0.000000    0.000000    0.000000    0.000000    0.000000    0.000000   -0.000166    0.001070    0.003615
      101        6     5    0.000000000    1.000000000
                            0.000004901
                            0.002242323
                            0.002021975
                            0.995730801
|v.h|=     0.000000    0.000000    0.000000    0.000000    0.000000    0.000000    0.000000   -0.000188    0.001005    0.006065
      121        7     5    0.000000000    1.000000000
                            0.000011226
                            0.002380552
                            0.003695255
                            0.993912966
|v.h|=     0.000000    0.000000    0.000000    0.000000    0.000000    0.000000    0.000000   -0.000237    0.000903    0.011061
      141        8     5    0.000000000    1.000000000
                            0.000019648
                            0.002199636
                            0.052882714
                            0.944898001
|v.h|=     0.000000    0.000000    0.000000    0.000000    0.000000    0.000000    0.000000   -0.000279    0.000712    0.016197
      161        9     5    0.000000000    1.000000000
                            0.000027952
                            0.001795455
                            0.237635929
                            0.760540665

Velocity before hopping:
     -0.000352     -0.000043      0.000105
      0.000331     -0.000230      0.000392
      0.000151      0.000068     -0.000105
      0.000192     -0.000264      0.000309
      0.000418     -0.000173     -0.000304
     -0.000096      0.000048     -0.000302
     -0.000219     -0.000285      0.000093
      0.000604     -0.000191      0.000128
      0.000253      0.000319     -0.000059
      0.000353     -0.000332      0.000423
     -0.000492      0.000403      0.000250
     -0.000222      0.000252     -0.000109
     -0.000428      0.000153     -0.000034
     -0.000332      0.000206     -0.000295
      0.000189     -0.000856     -0.000066
     -0.000691     -0.000735      0.000011
     -0.000194      0.000468      0.000025
     -0.000247      0.000947      0.000028
      0.000050      0.000174     -0.000308
      0.000429      0.000616      0.000399
     -0.000009     -0.000689      0.000016
     -0.000053     -0.000089      0.000056
     -0.001071      0.001424      0.001824
      0.001889      0.000942     -0.000113
     -0.002468     -0.000276     -0.000832
      0.001520      0.000177     -0.000026
     -0.002215      0.000957      0.000660
      0.000250      0.001453      0.000524
      0.001042     -0.000373     -0.000819
      0.002577      0.001360     -0.001207
      0.002825      0.001825      0.000536
     -0.000838      0.000737      0.000673
     -0.002297     -0.001049     -0.000235
     -0.000770     -0.000909     -0.000127
      0.001378     -0.000762     -0.000480
      0.002377      0.003130     -0.001717

      Ekin old          Ekin new          Etot old          Etot new
      0.1595357419      0.1625954724    -49.2660178403    -49.2660178403

------------------------------------------------------------------------
     SURFACE HOPPING! THE SURFACE CHANGES FROM   5 TO   4
     CYCLE COUNT:        9
     POTENTIAL ENERGY VARIATION (eV)       -0.0832595000
------------------------------------------------------------------------

Velocity after hopping:
     -0.000355     -0.000044      0.000106
      0.000334     -0.000232      0.000396
      0.000153      0.000068     -0.000106
      0.000194     -0.000267      0.000312
      0.000422     -0.000175     -0.000307
     -0.000097      0.000049     -0.000304
     -0.000221     -0.000287      0.000094
      0.000610     -0.000193      0.000129
      0.000255      0.000322     -0.000060
      0.000357     -0.000335      0.000427
     -0.000497      0.000406      0.000252
     -0.000224      0.000254     -0.000110
     -0.000432      0.000155     -0.000034
     -0.000336      0.000208     -0.000298
      0.000191     -0.000864     -0.000067
     -0.000698     -0.000742      0.000011
     -0.000196      0.000472      0.000026
     -0.000250      0.000956      0.000028
      0.000050      0.000176     -0.000311
      0.000433      0.000622      0.000403
     -0.000009     -0.000695      0.000016
     -0.000053     -0.000090      0.000056
     -0.001082      0.001438      0.001841
      0.001907      0.000951     -0.000114
     -0.002492     -0.000279     -0.000839
      0.001535      0.000179     -0.000026
     -0.002237      0.000967      0.000666
      0.000253      0.001467      0.000529
      0.001052     -0.000376     -0.000827
      0.002601      0.001373     -0.001219
      0.002852      0.001842      0.000541
     -0.000846      0.000744      0.000679
     -0.002319     -0.001059     -0.000237
     -0.000777     -0.000918     -0.000128
      0.001392     -0.000769     -0.000485
      0.002400      0.003160     -0.001734
|v.h|=     0.000000    0.000000    0.000000    0.000000   -0.000008    0.000033    0.000000   -0.000284    0.000472    0.011499
      181       10     4    0.000000000    1.000000000
                            0.000029789
                            0.001341569
                            0.530068007
                            0.468560636
|v.h|=     0.000000    0.000000    0.000000    0.000000   -0.000156    0.000661    0.000000    0.000000    0.000000    0.006240
      201       11     4    0.000000000    1.000000000
                            0.000022122
                            0.000962857
                            0.729891394
                            0.269123626
|v.h|=     0.000000    0.000000    0.000000    0.000000   -0.000044    0.000586    0.000000    0.000000    0.000000    0.002399
      221       12     4    0.000000000    1.000000000
                            0.000012746
                            0.000725770
                            0.822843620
                            0.176417865
|v.h|=     0.000000    0.000000    0.000000    0.000000   -0.000027    0.000328    0.000000    0.000000    0.000000    0.001618
      241       13     4    0.000000000    1.000000000
                            0.000005857
                            0.000610588
                            0.870623544
                            0.128760012
|v.h|=     0.000000    0.000000    0.000000    0.000000    0.000001   -0.000258    0.000000    0.000000    0.000000    0.001200
      261       14     4    0.000000000    1.000000000
                            0.000002789
                            0.000531804
                            0.904345710
                            0.095119697
|v.h|=     0.000000    0.000000    0.000000    0.000000    0.000021   -0.002103    0.000000    0.000000    0.000000    0.000957
      281       15     4    0.000000000    1.000000000
                            0.000002149
                            0.001043555
                            0.928273312
                            0.070680983
|v.h|=     0.000000    0.000000    0.000000    0.000000    0.000043   -0.011203    0.000000    0.000000    0.000000    0.000864
      301       16     4    0.000000000    1.000000000
                            0.000002526
                            0.020530667
                            0.926359240
                            0.053107567
|v.h|=     0.000000    0.000000    0.000000    0.000000   -0.000002   -0.045747    0.000000    0.000000    0.000000    0.000747
      321       17     4    0.000000000    1.000000000
                            0.000002041
                            0.463585213
                            0.495487225
                            0.040925522

Velocity before hopping:
     -0.000075     -0.000288      0.000068
      0.000068     -0.000475      0.000359
      0.000104      0.000496      0.000034
      0.000032     -0.000145      0.000086
      0.000514      0.000375     -0.000292
     -0.000141      0.000203     -0.000403
      0.000132     -0.000305      0.000049
      0.000024      0.000079      0.000329
      0.000363      0.000585     -0.000241
      0.000464     -0.000336      0.000483
     -0.000460      0.000101      0.000266
      0.000108      0.000079     -0.000223
     -0.000343     -0.000772     -0.000045
     -0.000560      0.000299     -0.000177
      0.000349     -0.000221     -0.000044
     -0.000227     -0.000516     -0.000317
      0.000281      0.000120      0.000117
     -0.000493      0.000843      0.000074
      0.000204     -0.000112     -0.000295
      0.000057      0.000176      0.000265
      0.000199     -0.000186      0.000066
      0.000311      0.000119     -0.000007
      0.001902      0.000118      0.002351
     -0.000641     -0.000721      0.001660
      0.000987      0.000070     -0.000802
     -0.002853      0.002152      0.000681
      0.001416      0.002988      0.000284
     -0.002654      0.001332      0.000463
     -0.001896     -0.003467     -0.001103
     -0.001310      0.001316      0.001564
     -0.002531      0.001601      0.000693
     -0.000640      0.000600     -0.000098
     -0.000833      0.001134      0.000767
     -0.000575     -0.000781      0.000339
      0.000570      0.000493     -0.001404
     -0.001950     -0.002295     -0.000704

      Ekin old          Ekin new          Etot old          Etot new
      0.1583388605      0.1607496162    -49.2661107939    -49.2661107939

------------------------------------------------------------------------
     SURFACE HOPPING! THE SURFACE CHANGES FROM   4 TO   3
     CYCLE COUNT:       17
     POTENTIAL ENERGY VARIATION (eV)       -0.0656000000
------------------------------------------------------------------------

Velocity after hopping:
     -0.000076     -0.000290      0.000068
      0.000068     -0.000479      0.000361
      0.000105      0.000499      0.000035
      0.000032     -0.000146      0.000086
      0.000518      0.000378     -0.000295
     -0.000142      0.000204     -0.000406
      0.000133     -0.000308      0.000049
      0.000024      0.000079      0.000332
      0.000365      0.000589     -0.000243
      0.000467     -0.000338      0.000486
     -0.000464      0.000102      0.000268
      0.000109      0.000079     -0.000225
     -0.000346     -0.000778     -0.000045
     -0.000564      0.000301     -0.000178
      0.000352     -0.000223     -0.000045
     -0.000228     -0.000519     -0.000320
      0.000284      0.000121      0.000118
     -0.000497      0.000850      0.000075
      0.000206     -0.000113     -0.000297
      0.000058      0.000177      0.000267
      0.000201     -0.000188      0.000067
      0.000313      0.000120     -0.000007
      0.001916      0.000119      0.002369
     -0.000646     -0.000726      0.001673
      0.000995      0.000071     -0.000808
     -0.002875      0.002168      0.000687
      0.001426      0.003011      0.000287
     -0.002674      0.001342      0.000467
     -0.001911     -0.003493     -0.001111
     -0.001320      0.001326      0.001576
     -0.002550      0.001613      0.000699
     -0.000645      0.000605     -0.000099
     -0.000839      0.001143      0.000773
     -0.000579     -0.000787      0.000342
      0.000574      0.000496     -0.001414
     -0.001965     -0.002312     -0.000709
|v.h|=     0.000000    0.000000   -0.000006    0.000000   -0.000016   -0.002334    0.000000    0.000000    0.000002    0.000968
      341       18     3    0.000000000    1.000000000
                            0.000001280
                            0.863537794
                            0.105293280
                            0.031167646
|v.h|=     0.000000    0.000000   -0.000120    0.000000    0.000000   -0.001484    0.000000    0.000000    0.000017    0.000000
      361       19     3    0.000000000    1.000000000
                            0.000000715
                            0.903474159
                            0.074551772
                            0.021973354
|v.h|=     0.000000    0.000000   -0.000104    0.000000    0.000000    0.001606    0.000000    0.000000   -0.000351    0.000000
      381       20     3    0.000000000    1.000000000
                            0.000004743
                            0.916507327
                            0.067890181
                            0.015597748
|v.h|=     0.000000    0.000000   -0.000100    0.000000    0.000000    0.001818    0.000000    0.000000   -0.000368    0.000000
      401       21     3    0.000000000    1.000000000
                            0.000010272
                            0.914153187
                            0.074357868
                            0.011478673
|v.h|=     0.000000    0.000000   -0.000093    0.000000    0.000000    0.002167    0.000000    0.000000   -0.000401    0.000000
      421       22     3    0.000000000    1.000000000
                            0.000014445
                            0.911643271
                            0.080169101
                            0.008173184
|v.h|=     0.000000    0.000000   -0.000082    0.000000    0.000000    0.002500    0.000000    0.000000   -0.000467    0.000000
      441       23     3    0.000000000    1.000000000
                            0.000015764
                            0.909495840
                            0.085019409
                            0.005468987
|v.h|=     0.000000    0.000000   -0.000070    0.000000    0.000000    0.002799    0.000000    0.000000   -0.000535    0.000000
      461       24     3    0.000000000    1.000000000
                            0.000014268
                            0.909078058
                            0.087641046
                            0.003266628
|v.h|=     0.000000    0.000000   -0.000060    0.000000    0.000000    0.003030    0.000000    0.000000   -0.000638    0.000000
      481       25     3    0.000000000    1.000000000
                            0.000011067
                            0.911621106
                            0.086794762
                            0.001573065
|v.h|=     0.000000    0.000000   -0.000050    0.000000    0.000000    0.003158    0.000000    0.000000   -0.000781    0.000000
      501       26     3    0.000000000    1.000000000
                            0.000007455
                            0.918161059
                            0.081379017
                            0.000452468
|v.h|=     0.000000    0.000000   -0.000019    0.000000    0.000000    0.003152    0.000000    0.000000   -0.000988    0.000000
      521       27     3    0.000000000    1.000000000
                            0.000004408
                            0.928870843
                            0.071120952
                            0.000003797
|v.h|=     0.000000    0.000000    0.000015    0.000000    0.000000    0.002972    0.000000    0.000000   -0.001309    0.000000
      541       28     3    0.000000000    1.000000000
                            0.000002806
                            0.942550374
                            0.057090530
                            0.000356290
|v.h|=     0.000000    0.000000    0.000045    0.000000    0.000000    0.002546    0.000000    0.000000   -0.001781    0.000000
      561       29     3    0.000000000    1.000000000
                            0.000003390
                            0.956729496
                            0.041521967
                            0.001745147
|v.h|=     0.000000    0.000000    0.000055    0.000000    0.000000    0.001811    0.000000    0.000000   -0.002300    0.000000
      581       30     3    0.000000000    1.000000000
                            0.000005427
                            0.968373238
                            0.027218966
                            0.004402370
|v.h|=     0.000000    0.000000    0.000047    0.000000    0.000000    0.000966    0.000000    0.000000   -0.002502    0.000000
      601       31     3    0.000000000    1.000000000
                            0.000006687
                            0.975837196
                            0.016516782
                            0.007639335
|v.h|=     0.000000    0.000000    0.000035    0.000000    0.000000    0.000407    0.000000    0.000000   -0.002347    0.000000
      621       32     3    0.000000000    1.000000000
                            0.000006200
                            0.980556447
                            0.009899112
                            0.009538240
|v.h|=     0.000000    0.000000   -0.000004    0.000000    0.000000    0.000114    0.000000    0.000000   -0.002066    0.000000
      641       33     3    0.000000000    1.000000000
                            0.000004281
                            0.984825073
                            0.006260172
                            0.008910474
|v.h|=     0.000000    0.000000   -0.000051    0.000000    0.000000   -0.000056    0.000000    0.000000   -0.001706    0.000000
      661       34     3    0.000000000    1.000000000
                            0.000003520
                            0.989324057
                            0.004321635
                            0.006350789
|v.h|=     0.000000    0.000000   -0.000114    0.000000    0.000000   -0.000168    0.000000    0.000000   -0.001220    0.000000
      681       35     3    0.000000000    1.000000000
                            0.000008564
                            0.993341619
                            0.003238717
                            0.003411101
|v.h|=     0.000000    0.000000   -0.000185    0.000000    0.000000   -0.000248    0.000000    0.000000   -0.000683    0.000000
      701       36     3    0.000000000    1.000000000
                            0.000025205
                            0.996088396
                            0.002516907
                            0.001369492
|v.h|=     0.000000    0.000000   -0.000241    0.000000    0.000000   -0.000311    0.000000    0.000000   -0.000314    0.000000
      721       37     3    0.000000000    1.000000000
                            0.000055974
                            0.997598229
                            0.001914889
                            0.000430908
|v.h|=     0.000000    0.000000   -0.000272    0.000000    0.000000   -0.000363    0.000000    0.000000   -0.000104    0.000000
      741       38     3    0.000000000    1.000000000
                            0.000094743
                            0.998414236
                            0.001358068
                            0.000132953
|v.h|=     0.000000    0.000000   -0.000279    0.000000    0.000000   -0.000404    0.000000    0.000000    0.000046    0.000000
      761       39     3    0.000000000    1.000000000
                            0.000130067
                            0.998948389
                            0.000860289
                            0.000061254
|v.h|=     0.000000    0.000000   -0.000257    0.000000    0.000000   -0.000436    0.000000    0.000000    0.000158    0.000000
      781       40     3    0.000000000    1.000000000
                            0.000150387
                            0.999352522
                            0.000465129
                            0.000031962
|v.h|=     0.000000    0.000000   -0.000209    0.000000    0.000000   -0.000452    0.000000    0.000000    0.000247    0.000000
      801       41     3    0.000000000    1.000000000
                            0.000148425
                            0.999630078
                            0.000208604
                            0.000012893
|v.h|=     0.000000    0.000000   -0.000139    0.000000    0.000000   -0.000449    0.000000    0.000000    0.000320    0.000000
      821       42     3    0.000000000    1.000000000
                            0.000125668
                            0.999761903
                            0.000093932
                            0.000018496
|v.h|=     0.000000    0.000000   -0.000058    0.000000    0.000000   -0.000431    0.000000    0.000000    0.000384    0.000000
      841       43     3    0.000000000    1.000000000
                            0.000092815
                            0.999768511
                            0.000088019
                            0.000050655
|v.h|=     0.000000    0.000000    0.000032    0.000000    0.000000   -0.000395    0.000000    0.000000    0.000442    0.000000
      861       44     3    0.000000000    1.000000000
                            0.000065918
                            0.999702015
                            0.000138228
                            0.000093839
|v.h|=     0.000000    0.000000    0.000142    0.000000    0.000000   -0.000341    0.000000    0.000000    0.000495    0.000000
      881       45     3    0.000000000    1.000000000
                            0.000064078
                            0.999612239
                            0.000192342
                            0.000131341
|v.h|=     0.000000    0.000000    0.000280    0.000000    0.000000   -0.000270    0.000000    0.000000    0.000547    0.000000
      901       46     3    0.000000000    1.000000000
                            0.000114020
                            0.999513611
                            0.000215006
                            0.000157363
|v.h|=     0.000000    0.000000    0.000438    0.000000    0.000000   -0.000186    0.000000    0.000000    0.000595    0.000000
      921       47     3    0.000000000    1.000000000
                            0.000252876
                            0.999374754
                            0.000196096
                            0.000176275
|v.h|=     0.000000    0.000000    0.000589    0.000000    0.000000   -0.000088    0.000000    0.000000    0.000653    0.000000
      941       48     3    0.000000000    1.000000000
                            0.000513463
                            0.999138412
                            0.000149236
                            0.000198888
|v.h|=     0.000000    0.000000    0.000685    0.000000    0.000000    0.000020    0.000000    0.000000    0.000715    0.000000
      961       49     3    0.000000000    1.000000000
                            0.000879744
                            0.998781048
                            0.000102971
                            0.000236237
|v.h|=     0.000000    0.000000    0.000707    0.000000    0.000000    0.000145    0.000000    0.000000    0.000784    0.000000
      981       50     3    0.000000000    1.000000000
                            0.001253022
                            0.998364031
                            0.000089158
                            0.000293789
|v.h|=     0.000000    0.000000    0.000651    0.000000    0.000000    0.000295    0.000000    0.000000    0.000861    0.000000
     1001       51     3    0.000000000    1.000000000
                            0.001487733
                            0.997998249
                            0.000139762
                            0.000374256
|v.h|=     0.000000    0.000000    0.000545    0.000000    0.000000    0.000474    0.000000    0.000000    0.000943    0.000000
     1021       52     3    0.000000000    1.000000000
                            0.001486457
                            0.997740852
                            0.000292892
                            0.000479799
|v.h|=     0.000000    0.000000    0.000414    0.000000    0.000000    0.000676    0.000000    0.000000    0.001011    0.000000
     1041       53     3    0.000000000    1.000000000
                            0.001261201
                            0.997533461
                            0.000598446
                            0.000606892
|v.h|=     0.000000    0.000000    0.000288    0.000000    0.000000    0.000891    0.000000    0.000000    0.001057    0.000000
     1061       54     3    0.000000000    1.000000000
                            0.000917619
                            0.997223403
                            0.001116183
                            0.000742795
|v.h|=     0.000000    0.000000    0.000192    0.000000    0.000000    0.001086    0.000000    0.000000    0.001000    0.000000
     1081       55     3    0.000000000    1.000000000
                            0.000581308
                            0.996685169
                            0.001888117
                            0.000845407
|v.h|=     0.000000    0.000000    0.000124    0.000000    0.000000    0.001197    0.000000    0.000000    0.000615    0.000000
     1101       56     3    0.000000000    1.000000000
                            0.000327071
                            0.996032888
                            0.002853479
                            0.000786561
|v.h|=     0.000000    0.000000    0.000085    0.000000    0.000000    0.001142    0.000000    0.000000   -0.000769    0.000000
     1121       57     3    0.000000000    1.000000000
                            0.000167016
                            0.995553643
                            0.003742175
                            0.000537166
|v.h|=     0.000000    0.000000    0.000052    0.000000    0.000000    0.000811    0.000000    0.000000   -0.002445    0.000000
     1141       58     3    0.000000000    1.000000000
                            0.000081247
                            0.993860842
                            0.004060610
                            0.001997300
|v.h|=     0.000000    0.000000    0.000010    0.000000    0.000000    0.000173    0.000000    0.000000   -0.002949    0.000000
     1161       59     3    0.000000000    1.000000000
                            0.000043490
                            0.989344270
                            0.003469156
                            0.007143085
|v.h|=     0.000000    0.000000   -0.000051    0.000000    0.000000   -0.000621    0.000000    0.000000   -0.002842    0.000000
     1181       60     3    0.000000000    1.000000000
                            0.000027789
                            0.984219001
                            0.002541586
                            0.013211623
|v.h|=     0.000000    0.000000   -0.000125    0.000000    0.000000   -0.001226    0.000000    0.000000   -0.002333    0.000000
     1201       61     3    0.000000000    1.000000000
                            0.000017294
                            0.980973020
                            0.002707697
                            0.016301989
|v.h|=     0.000000    0.000000   -0.000215    0.000000    0.000000   -0.001414    0.000000    0.000000   -0.001617    0.000000
     1221       62     3    0.000000000    1.000000000
                            0.000012775
                            0.980490897
                            0.004535662
                            0.014960666
|v.h|=     0.000000    0.000000   -0.000304    0.000000    0.000000   -0.001276    0.000000    0.000000   -0.001030    0.000000
     1241       63     3    0.000000000    1.000000000
                            0.000028699
                            0.982121258
                            0.006869470
                            0.010980573
|v.h|=     0.000000    0.000000   -0.000385    0.000000    0.000000   -0.000992    0.000000    0.000000   -0.000716    0.000000
     1261       64     3    0.000000000    1.000000000
                            0.000078127
                            0.984803854
                            0.008235403
                            0.006882616
|v.h|=     0.000000    0.000000   -0.000441    0.000000    0.000000   -0.000684    0.000000    0.000000   -0.000575    0.000000
     1281       65     3    0.000000000    1.000000000
                            0.000158236
                            0.987961811
                            0.008108140
                            0.003771813
|v.h|=     0.000000    0.000000   -0.000453    0.000000    0.000000   -0.000405    0.000000    0.000000   -0.000488    0.000000
     1301       66     3    0.000000000    1.000000000
                            0.000242313
                            0.991127835
                            0.006873206
                            0.001756646
|v.h|=     0.000000    0.000000   -0.000430    0.000000    0.000000   -0.000166    0.000000    0.000000   -0.000416    0.000000
     1321       67     3    0.000000000    1.000000000
                            0.000293821
                            0.993828352
                            0.005223098
                            0.000654729
|v.h|=     0.000000    0.000000   -0.000366    0.000000    0.000000    0.000031    0.000000    0.000000   -0.000331    0.000000
     1341       68     3    0.000000000    1.000000000
                            0.000289168
                            0.995761211
                            0.003752922
                            0.000196699
|v.h|=     0.000000    0.000000   -0.000285    0.000000    0.000000    0.000187    0.000000    0.000000   -0.000204    0.000000
     1361       69     3    0.000000000    1.000000000
                            0.000234189
                            0.996900120
                            0.002778556
                            0.000087134
|v.h|=     0.000000    0.000000   -0.000203    0.000000    0.000000    0.000293    0.000000    0.000000   -0.000028    0.000000
     1381       70     3    0.000000000    1.000000000
                            0.000158515
                            0.997466900
                            0.002305306
                            0.000069279
|v.h|=     0.000000    0.000000   -0.000140    0.000000    0.000000    0.000339    0.000000    0.000000    0.000237    0.000000
     1401       71     3    0.000000000    1.000000000
                            0.000091167
                            0.997763129
                            0.002125576
                            0.000020128
|v.h|=     0.000000    0.000000   -0.000079    0.000000    0.000000    0.000314    0.000000    0.000000    0.000469    0.000000
     1421       72     3    0.000000000    1.000000000
                            0.000045936
                            0.997963494
                            0.001979988
                            0.000010582
|v.h|=     0.000000    0.000000   -0.000056    0.000000    0.000000    0.000245    0.000000    0.000000    0.000811    0.000000
     1441       73     3    0.000000000    1.000000000
                            0.000020522
                            0.998064025
                            0.001722951
                            0.000192502
|v.h|=     0.000000    0.000000   -0.000035    0.000000    0.000000    0.000148    0.000000    0.000000    0.000968    0.000000
     1461       74     3    0.000000000    1.000000000
                            0.000008185
                            0.998026285
                            0.001362823
                            0.000602707
|v.h|=     0.000000    0.000000   -0.000024    0.000000    0.000000    0.000043    0.000000    0.000000    0.000900    0.000000
     1481       75     3    0.000000000    1.000000000
                            0.000003145
                            0.998071536
                            0.000992544
                            0.000932775
|v.h|=     0.000000    0.000000   -0.000007    0.000000    0.000000   -0.000068    0.000000    0.000000    0.000623    0.000000
     1501       76     3    0.000000000    1.000000000
                            0.000001517
                            0.998409407
                            0.000710930
                            0.000878146
