 -----------------------
   integrator =       5
   phase      =       1
   nohop      =       0
   forcesurf  =       1
   getphase   =       1
   nrelax     =       0
   vdoth      =       1
   tully      =       1
   ms         =      20
   mom        =       1
   seed       =       1
   adjmom     =   -1.00
   probmin    =  0.0000
   popdev     =   0.050
   decay      =  0.1000
 -----------------------
|v.h|=     0.000000    0.000000    0.000000    0.000000    0.000000    0.000000    0.000000    0.000000    0.000000    0.000000
Integration of the TDSH for the electrons
Integrator = 5          Hopping is allowed    
  substep     step  surf    populations      Total pop
        0        0     4    0.000000000    0.999999988
                            0.000003992
                            0.000639088
                            0.991043937
                            0.008312972
|v.h|=     0.000000    0.000000    0.000000    0.000000    0.000001    0.000018    0.000000    0.000000    0.000000   -0.000026
        1        1     4    0.000000000    1.000000000
                            0.000003838
                            0.000630778
                            0.991074457
                            0.008290927
|v.h|=     0.000000    0.000000    0.000000    0.000000    0.000009    0.000360    0.000000    0.000000    0.000000   -0.000507
       21        2     4    0.000000000    1.000000000
                            0.000001436
                            0.000623234
                            0.991606326
                            0.007769004
|v.h|=     0.000000    0.000000    0.000000    0.000000   -0.000084    0.000506    0.000000    0.000000    0.000000   -0.000089
       41        3     4    0.000000000    1.000000000
                            0.000002153
                            0.000898279
                            0.991786221
                            0.007313347
|v.h|=     0.000000    0.000000    0.000000    0.000000   -0.000064    0.000699    0.000000    0.000000    0.000000    0.000023
       61        4     4    0.000000000    1.000000000
                            0.000003694
                            0.001453377
                            0.991810185
                            0.006732744
|v.h|=     0.000000    0.000000    0.000000    0.000000   -0.000038    0.000943    0.000000    0.000000    0.000000    0.000129
       81        5     4    0.000000000    1.000000000
                            0.000003001
                            0.002429704
                            0.991547486
                            0.006019809
|v.h|=     0.000000    0.000000    0.000000    0.000000   -0.000027    0.001247    0.000000    0.000000    0.000000    0.000243
      101        6     4    0.000000000    1.000000000
                            0.000001604
                            0.004085680
                            0.990759156
                            0.005153560
|v.h|=     0.000000    0.000000    0.000000    0.000000    0.000004    0.001604    0.000000    0.000000    0.000000    0.000299
      121        7     4    0.000000000    1.000000000
                            0.000000765
                            0.006847100
                            0.988963659
                            0.004188477
|v.h|=     0.000000    0.000000    0.000000    0.000000    0.000032    0.002013    0.000000    0.000000    0.000000    0.000329
      141        8     4    0.000000000    1.000000000
                            0.000000968
                            0.011355640
                            0.985422576
                            0.003220817
|v.h|=     0.000000    0.000000    0.000000    0.000000    0.000018    0.002451    0.000000    0.000000    0.000000    0.000347
      161        9     4    0.000000000    1.000000000
                            0.000001254
                            0.018491369
                            0.979193956
                            0.002313422
|v.h|=     0.000000    0.000000    0.000000    0.000000    0.000018    0.002846    0.000000    0.000000    0.000000    0.000331

Velocity before hopping:
     -0.000127      0.000239      0.000083
     -0.000044      0.000233     -0.000444
      0.000112      0.000531     -0.000351
      0.000179     -0.000239      0.000355
     -0.000530      0.000120      0.000289
     -0.000192     -0.000237      0.000015
     -0.000052      0.000275      0.000324
      0.000308     -0.000228     -0.000297
      0.000185     -0.000816     -0.000151
     -0.000469      0.000142     -0.000020
     -0.000100     -0.000092     -0.000158
      0.000088     -0.000369      0.000022
     -0.000188      0.000216      0.000209
     -0.000020      0.000191      0.000095
      0.000821     -0.000332      0.000151
     -0.000194     -0.000550      0.000474
     -0.000031      0.000650      0.000152
     -0.000106      0.000694     -0.000102
     -0.000066      0.000184     -0.000149
     -0.000062      0.000441     -0.000417
     -0.000189     -0.000503      0.000007
     -0.000102      0.000013      0.000150
      0.003513     -0.000013      0.000687
      0.000719     -0.000572      0.000693
      0.000152     -0.002640     -0.000868
     -0.000837     -0.001025      0.000248
      0.000354     -0.000318     -0.000961
     -0.002339      0.000128     -0.000089
     -0.003488     -0.001655     -0.001916
     -0.001991     -0.000066     -0.000926
      0.004015     -0.000543     -0.001206
     -0.000783     -0.000726     -0.000847
      0.000252     -0.002448      0.002499
      0.000177     -0.000299      0.000313
     -0.000239      0.003519     -0.000681
      0.003853      0.002005      0.000438

      Ekin old          Ekin new          Etot old          Etot new
      0.1767699969      0.1851410660    -49.2365251247    -49.2365251247

------------------------------------------------------------------------
     SURFACE HOPPING! THE SURFACE CHANGES FROM   4 TO   3
     CYCLE COUNT:       10
     POTENTIAL ENERGY VARIATION (eV)       -0.2277883750
------------------------------------------------------------------------

Velocity after hopping:
     -0.000130      0.000245      0.000085
     -0.000045      0.000238     -0.000455
      0.000114      0.000544     -0.000360
      0.000183     -0.000244      0.000363
     -0.000542      0.000123      0.000295
     -0.000197     -0.000243      0.000016
     -0.000053      0.000281      0.000331
      0.000315     -0.000233     -0.000304
      0.000189     -0.000835     -0.000154
     -0.000480      0.000145     -0.000021
     -0.000102     -0.000094     -0.000162
      0.000090     -0.000377      0.000022
     -0.000192      0.000221      0.000214
     -0.000021      0.000196      0.000097
      0.000840     -0.000340      0.000154
     -0.000198     -0.000563      0.000485
     -0.000032      0.000665      0.000156
     -0.000108      0.000710     -0.000104
     -0.000068      0.000188     -0.000152
     -0.000064      0.000452     -0.000427
     -0.000194     -0.000515      0.000007
     -0.000104      0.000013      0.000153
      0.003596     -0.000013      0.000703
      0.000736     -0.000586      0.000710
      0.000156     -0.002702     -0.000889
     -0.000856     -0.001049      0.000254
      0.000362     -0.000325     -0.000983
     -0.002394      0.000132     -0.000091
     -0.003570     -0.001694     -0.001961
     -0.002038     -0.000068     -0.000948
      0.004109     -0.000555     -0.001234
     -0.000801     -0.000743     -0.000867
      0.000258     -0.002505      0.002557
      0.000181     -0.000306      0.000321
     -0.000244      0.003601     -0.000697
      0.003943      0.002052      0.000448
      181       10     3    0.000000000    1.000000000
                            0.000001057
                            0.035978275
                            0.962490362
                            0.001530306
|v.h|=     0.000000    0.000000    0.000002    0.000000   -0.000022    0.003101    0.000000    0.000000   -0.000034    0.000292
      201       11     3    0.000000000    1.000000000
                            0.000000747
                            0.185852721
                            0.813323088
                            0.000823444
|v.h|=     0.000000    0.000000    0.000055    0.000000    0.000000    0.003136    0.000000    0.000000   -0.000652    0.000000
      221       12     3    0.000000000    1.000000000
                            0.000000548
                            0.320717758
                            0.678598574
                            0.000683120
|v.h|=     0.000000    0.000000    0.000176    0.000000    0.000000    0.002582    0.000000    0.000000   -0.000250    0.000000
      241       13     3    0.000000000    1.000000000
                            0.000001280
                            0.432029572
                            0.567246345
                            0.000722802
|v.h|=     0.000000    0.000000    0.000229    0.000000    0.000000    0.001539    0.000000    0.000000   -0.000233    0.000000
      261       14     3    0.000000000    1.000000000
                            0.000009968
                            0.515754419
                            0.483589000
                            0.000646613
|v.h|=     0.000000    0.000000    0.000253    0.000000    0.000000    0.000325    0.000000    0.000000   -0.000206    0.000000
      281       15     3    0.000000000    1.000000000
                            0.000029081
                            0.574470745
                            0.424941039
                            0.000559134
|v.h|=     0.000000    0.000000    0.000240    0.000000    0.000000   -0.000776    0.000000    0.000000   -0.000185    0.000000
      301       16     3    0.000000000    1.000000000
                            0.000051522
                            0.617478664
                            0.382010423
                            0.000459391
|v.h|=     0.000000    0.000000    0.000204    0.000000    0.000000   -0.001598    0.000000    0.000000   -0.000186    0.000000
      321       17     3    0.000000000    1.000000000
                            0.000065542
                            0.655523032
                            0.344058272
                            0.000353154
|v.h|=     0.000000    0.000000    0.000133    0.000000    0.000000   -0.002062    0.000000    0.000000   -0.000199    0.000000
      341       18     3    0.000000000    1.000000000
                            0.000062888
                            0.696752750
                            0.302937545
                            0.000246817
|v.h|=     0.000000    0.000000    0.000055    0.000000    0.000000   -0.002191    0.000000    0.000000   -0.000221    0.000000
      361       19     3    0.000000000    1.000000000
                            0.000046955
                            0.744261001
                            0.255542119
                            0.000149926
|v.h|=     0.000000    0.000000   -0.000019    0.000000    0.000000   -0.002073    0.000000    0.000000   -0.000250    0.000000
      381       20     3    0.000000000    1.000000000
                            0.000030665
                            0.796235207
                            0.203659788
                            0.000074340
|v.h|=     0.000000    0.000000   -0.000084    0.000000    0.000000   -0.001807    0.000000    0.000000   -0.000314    0.000000
      401       21     3    0.000000000    1.000000000
                            0.000025240
                            0.848089581
                            0.151854210
                            0.000030970
|v.h|=     0.000000    0.000000   -0.000164    0.000000    0.000000   -0.001453    0.000000    0.000000   -0.000449    0.000000
      421       22     3    0.000000000    1.000000000
                            0.000037463
                            0.894661649
                            0.105258604
                            0.000042284
|v.h|=     0.000000    0.000000   -0.000238    0.000000    0.000000   -0.000800    0.000000    0.000000   -0.000789    0.000000
      441       23     3    0.000000000    1.000000000
                            0.000069877
                            0.930205989
                            0.069513592
                            0.000210542
|v.h|=     0.000000    0.000000   -0.000309    0.000000    0.000000   -0.000156    0.000000    0.000000   -0.000989    0.000000
      461       24     3    0.000000000    1.000000000
                            0.000120092
                            0.952074757
                            0.047099973
                            0.000705178
|v.h|=     0.000000    0.000000   -0.000367    0.000000    0.000000    0.000058    0.000000    0.000000   -0.000966    0.000000
      481       25     3    0.000000000    1.000000000
                            0.000182842
                            0.964500796
                            0.033955991
                            0.001360371
|v.h|=     0.000000    0.000000   -0.000403    0.000000    0.000000    0.000051    0.000000    0.000000   -0.000728    0.000000
      501       26     3    0.000000000    1.000000000
                            0.000248308
                            0.973078046
                            0.025006620
                            0.001667026
|v.h|=     0.000000    0.000000   -0.000420    0.000000    0.000000    0.000068    0.000000    0.000000   -0.000601    0.000000
      521       27     3    0.000000000    1.000000000
                            0.000304283
                            0.979801433
                            0.018411961
                            0.001482324
|v.h|=     0.000000    0.000000   -0.000431    0.000000    0.000000    0.000088    0.000000    0.000000   -0.000460    0.000000
      541       28     3    0.000000000    1.000000000
                            0.000342897
                            0.985128215
                            0.013499295
                            0.001029593
|v.h|=     0.000000    0.000000   -0.000429    0.000000    0.000000    0.000095    0.000000    0.000000   -0.000207    0.000000
      561       29     3    0.000000000    1.000000000
                            0.000360142
                            0.989329395
                            0.009745454
                            0.000565010
|v.h|=     0.000000    0.000000   -0.000411    0.000000    0.000000    0.000087    0.000000    0.000000    0.000031    0.000000
      581       30     3    0.000000000    1.000000000
                            0.000353117
                            0.992485793
                            0.006865324
                            0.000295766
|v.h|=     0.000000    0.000000   -0.000362    0.000000    0.000000    0.000056    0.000000    0.000000    0.000189    0.000000
      601       31     3    0.000000000    1.000000000
                            0.000319954
                            0.994723172
                            0.004736869
                            0.000220006
|v.h|=     0.000000    0.000000   -0.000263    0.000000    0.000000    0.000006    0.000000    0.000000    0.000285    0.000000
      621       32     3    0.000000000    1.000000000
                            0.000259860
                            0.996256441
                            0.003269027
                            0.000214672
|v.h|=     0.000000    0.000000   -0.000130    0.000000    0.000000   -0.000051    0.000000    0.000000    0.000342    0.000000
      641       33     3    0.000000000    1.000000000
                            0.000183392
                            0.997297585
                            0.002323498
                            0.000195525
|v.h|=     0.000000    0.000000    0.000011    0.000000    0.000000   -0.000093    0.000000    0.000000    0.000361    0.000000
      661       34     3    0.000000000    1.000000000
                            0.000119274
                            0.998019359
                            0.001711750
                            0.000149618
|v.h|=     0.000000    0.000000    0.000122    0.000000    0.000000   -0.000107    0.000000    0.000000    0.000332    0.000000
      681       35     3    0.000000000    1.000000000
                            0.000096717
                            0.998534905
                            0.001270419
                            0.000097959
|v.h|=     0.000000    0.000000    0.000181    0.000000    0.000000   -0.000095    0.000000    0.000000    0.000253    0.000000
      701       36     3    0.000000000    1.000000000
                            0.000116728
                            0.998908800
                            0.000917478
                            0.000056995
|v.h|=     0.000000    0.000000    0.000189    0.000000    0.000000   -0.000070    0.000000    0.000000    0.000131    0.000000
      721       37     3    0.000000000    1.000000000
                            0.000149078
                            0.999187791
                            0.000634551
                            0.000028580
|v.h|=     0.000000    0.000000    0.000162    0.000000    0.000000   -0.000046    0.000000    0.000000   -0.000022    0.000000
      741       38     3    0.000000000    1.000000000
                            0.000159872
                            0.999404376
                            0.000422393
                            0.000013360
|v.h|=     0.000000    0.000000    0.000132    0.000000    0.000000   -0.000036    0.000000    0.000000   -0.000180    0.000000
      761       39     3    0.000000000    1.000000000
                            0.000140715
                            0.999567254
                            0.000272653
                            0.000019378
|v.h|=     0.000000    0.000000    0.000111    0.000000    0.000000   -0.000043    0.000000    0.000000   -0.000327    0.000000
      781       40     3    0.000000000    1.000000000
                            0.000105060
                            0.999674082
                            0.000168258
                            0.000052600
|v.h|=     0.000000    0.000000    0.000116    0.000000    0.000000   -0.000060    0.000000    0.000000   -0.000432    0.000000
      801       41     3    0.000000000    1.000000000
                            0.000067767
                            0.999732470
                            0.000096183
                            0.000103580
|v.h|=     0.000000    0.000000    0.000133    0.000000    0.000000   -0.000080    0.000000    0.000000   -0.000488    0.000000
      821       42     3    0.000000000    1.000000000
                            0.000036570
                            0.999761651
                            0.000052306
                            0.000149474
|v.h|=     0.000000    0.000000    0.000166    0.000000    0.000000   -0.000098    0.000000    0.000000   -0.000490    0.000000
      841       43     3    0.000000000    1.000000000
                            0.000015803
                            0.999779244
                            0.000034512
                            0.000170441
|v.h|=     0.000000    0.000000    0.000203    0.000000    0.000000   -0.000108    0.000000    0.000000   -0.000412    0.000000
      861       44     3    0.000000000    1.000000000
                            0.000010272
                            0.999797179
                            0.000036858
                            0.000155691
|v.h|=     0.000000    0.000000    0.000250    0.000000    0.000000   -0.000103    0.000000    0.000000   -0.000241    0.000000
      881       45     3    0.000000000    1.000000000
                            0.000023826
                            0.999820557
                            0.000047986
                            0.000107630
|v.h|=     0.000000    0.000000    0.000311    0.000000    0.000000   -0.000088    0.000000    0.000000   -0.000014    0.000000
      901       46     3    0.000000000    1.000000000
                            0.000059296
                            0.999828035
                            0.000056235
                            0.000056433
|v.h|=     0.000000    0.000000    0.000383    0.000000    0.000000   -0.000069    0.000000    0.000000    0.000234    0.000000
      921       47     3    0.000000000    1.000000000
                            0.000118651
                            0.999771925
                            0.000055976
                            0.000053448
|v.h|=     0.000000    0.000000    0.000452    0.000000    0.000000   -0.000064    0.000000    0.000000    0.000417    0.000000
      941       48     3    0.000000000    1.000000000
                            0.000199501
                            0.999623488
                            0.000049567
                            0.000127444
|v.h|=     0.000000    0.000000    0.000491    0.000000    0.000000   -0.000091    0.000000    0.000000    0.000524    0.000000
      961       49     3    0.000000000    1.000000000
                            0.000285631
                            0.999421318
                            0.000042097
                            0.000250954
|v.h|=     0.000000    0.000000    0.000490    0.000000    0.000000   -0.000164    0.000000    0.000000    0.000574    0.000000
      981       50     3    0.000000000    1.000000000
                            0.000347305
                            0.999243795
                            0.000037493
                            0.000371406
|v.h|=     0.000000    0.000000    0.000456    0.000000    0.000000   -0.000267    0.000000    0.000000    0.000569    0.000000
     1001       51     3    0.000000000    1.000000000
                            0.000360271
                            0.999147372
                            0.000045472
                            0.000446885
|v.h|=     0.000000    0.000000    0.000375    0.000000    0.000000   -0.000366    0.000000    0.000000    0.000541    0.000000
     1021       52     3    0.000000000    1.000000000
                            0.000317247
                            0.999129748
                            0.000088257
                            0.000464748
|v.h|=     0.000000    0.000000    0.000286    0.000000    0.000000   -0.000436    0.000000    0.000000    0.000477    0.000000
     1041       53     3    0.000000000    1.000000000
                            0.000236793
                            0.999145855
                            0.000184881
                            0.000432471
|v.h|=     0.000000    0.000000    0.000200    0.000000    0.000000   -0.000466    0.000000    0.000000    0.000404    0.000000
     1061       54     3    0.000000000    1.000000000
                            0.000151497
                            0.999154913
                            0.000328284
                            0.000365306
|v.h|=     0.000000    0.000000    0.000120    0.000000    0.000000   -0.000463    0.000000    0.000000    0.000321    0.000000
     1081       55     3    0.000000000    1.000000000
                            0.000084733
                            0.999148420
                            0.000485427
                            0.000281420
|v.h|=     0.000000    0.000000    0.000044    0.000000    0.000000   -0.000441    0.000000    0.000000    0.000226    0.000000
     1101       56     3    0.000000000    1.000000000
                            0.000044465
                            0.999140547
                            0.000618908
                            0.000196080
|v.h|=     0.000000    0.000000   -0.000039    0.000000    0.000000   -0.000412    0.000000    0.000000    0.000123    0.000000
     1121       57     3    0.000000000    1.000000000
                            0.000029426
                            0.999143887
                            0.000704214
                            0.000122473
|v.h|=     0.000000    0.000000   -0.000126    0.000000    0.000000   -0.000380    0.000000    0.000000    0.000013    0.000000
     1141       58     3    0.000000000    1.000000000
                            0.000035402
                            0.999162194
                            0.000729045
                            0.000073359
|v.h|=     0.000000    0.000000   -0.000210    0.000000    0.000000   -0.000349    0.000000    0.000000   -0.000110    0.000000
     1161       59     3    0.000000000    1.000000000
                            0.000058338
                            0.999188922
                            0.000692459
                            0.000060281
|v.h|=     0.000000    0.000000   -0.000284    0.000000    0.000000   -0.000322    0.000000    0.000000   -0.000233    0.000000
     1181       60     3    0.000000000    1.000000000
                            0.000094271
                            0.999209763
                            0.000608869
                            0.000087097
|v.h|=     0.000000    0.000000   -0.000338    0.000000    0.000000   -0.000307    0.000000    0.000000   -0.000347    0.000000
     1201       61     3    0.000000000    1.000000000
                            0.000137323
                            0.999217531
                            0.000501240
                            0.000143906
|v.h|=     0.000000    0.000000   -0.000375    0.000000    0.000000   -0.000303    0.000000    0.000000   -0.000440    0.000000
     1221       62     3    0.000000000    1.000000000
                            0.000180041
                            0.999220763
                            0.000391209
                            0.000207987
|v.h|=     0.000000    0.000000   -0.000405    0.000000    0.000000   -0.000297    0.000000    0.000000   -0.000552    0.000000
     1241       63     3    0.000000000    1.000000000
                            0.000217476
                            0.999223874
                            0.000293690
                            0.000264961
|v.h|=     0.000000    0.000000   -0.000423    0.000000    0.000000   -0.000276    0.000000    0.000000   -0.000710    0.000000
     1261       64     3    0.000000000    1.000000000
                            0.000247149
                            0.999206938
                            0.000216257
                            0.000329657
|v.h|=     0.000000    0.000000   -0.000425    0.000000    0.000000   -0.000244    0.000000    0.000000   -0.000798    0.000000
     1281       65     3    0.000000000    1.000000000
                            0.000266271
                            0.999161051
                            0.000159232
                            0.000413446
|v.h|=     0.000000    0.000000   -0.000400    0.000000    0.000000   -0.000199    0.000000    0.000000   -0.000682    0.000000
     1301       66     3    0.000000000    1.000000000
                            0.000269796
                            0.999162166
                            0.000117915
                            0.000450123
|v.h|=     0.000000    0.000000   -0.000343    0.000000    0.000000   -0.000141    0.000000    0.000000   -0.000550    0.000000
     1321       67     3    0.000000000    1.000000000
                            0.000250556
                            0.999279125
                            0.000086264
                            0.000384055
|v.h|=     0.000000    0.000000   -0.000260    0.000000    0.000000   -0.000074    0.000000    0.000000   -0.000448    0.000000
     1341       68     3    0.000000000    1.000000000
                            0.000207317
                            0.999468119
                            0.000060474
                            0.000264090
|v.h|=     0.000000    0.000000   -0.000169    0.000000    0.000000   -0.000008    0.000000    0.000000   -0.000366    0.000000
     1361       69     3    0.000000000    1.000000000
                            0.000150247
                            0.999656621
                            0.000041477
                            0.000151655
|v.h|=     0.000000    0.000000   -0.000083    0.000000    0.000000    0.000052    0.000000    0.000000   -0.000307    0.000000
     1381       70     3    0.000000000    1.000000000
                            0.000096289
                            0.999794474
                            0.000033339
                            0.000075898
|v.h|=     0.000000    0.000000   -0.000024    0.000000    0.000000    0.000108    0.000000    0.000000   -0.000274    0.000000
     1401       71     3    0.000000000    1.000000000
                            0.000058282
                            0.999864197
                            0.000039783
                            0.000037738
|v.h|=     0.000000    0.000000    0.000021    0.000000    0.000000    0.000150    0.000000    0.000000   -0.000264    0.000000
     1421       72     3    0.000000000    1.000000000
                            0.000038799
                            0.999873668
                            0.000060843
                            0.000026690
|v.h|=     0.000000    0.000000    0.000069    0.000000    0.000000    0.000177    0.000000    0.000000   -0.000269    0.000000
     1441       73     3    0.000000000    1.000000000
                            0.000034821
                            0.999842391
                            0.000090769
                            0.000032019
|v.h|=     0.000000    0.000000    0.000125    0.000000    0.000000    0.000189    0.000000    0.000000   -0.000278    0.000000
     1461       74     3    0.000000000    1.000000000
                            0.000042797
                            0.999792113
                            0.000120360
                            0.000044730
|v.h|=     0.000000    0.000000    0.000181    0.000000    0.000000    0.000196    0.000000    0.000000   -0.000279    0.000000
     1481       75     3    0.000000000    1.000000000
                            0.000059373
                            0.999741032
                            0.000142318
                            0.000057278
|v.h|=     0.000000    0.000000    0.000218    0.000000    0.000000    0.000212    0.000000    0.000000   -0.000264    0.000000
     1501       76     3    0.000000000    1.000000000
                            0.000080385
                            0.999700015
                            0.000155991
                            0.000063609
|v.h|=     0.000000    0.000000    0.000214    0.000000    0.000000    0.000234    0.000000    0.000000   -0.000237    0.000000
     1521       77     3    0.000000000    1.000000000
                            0.000097441
                            0.999676643
                            0.000164468
                            0.000061448
|v.h|=     0.000000    0.000000    0.000170    0.000000    0.000000    0.000263    0.000000    0.000000   -0.000208    0.000000
     1541       78     3    0.000000000    1.000000000
                            0.000099662
                            0.999676580
                            0.000171062
                            0.000052696
|v.h|=     0.000000    0.000000    0.000092    0.000000    0.000000    0.000292    0.000000    0.000000   -0.000199    0.000000
     1561       79     3    0.000000000    1.000000000
                            0.000082728
                            0.999696047
                            0.000179082
                            0.000042143
|v.h|=     0.000000    0.000000   -0.000008    0.000000    0.000000    0.000311    0.000000    0.000000   -0.000199    0.000000
     1581       80     3    0.000000000    1.000000000
                            0.000057513
                            0.999718287
                            0.000189814
                            0.000034385
|v.h|=     0.000000    0.000000   -0.000107    0.000000    0.000000    0.000311    0.000000    0.000000   -0.000194    0.000000
     1601       81     3    0.000000000    1.000000000
                            0.000046503
                            0.999721513
                            0.000200651
                            0.000031334
|v.h|=     0.000000    0.000000   -0.000213    0.000000    0.000000    0.000296    0.000000    0.000000   -0.000198    0.000000
     1621       82     3    0.000000000    1.000000000
                            0.000069886
                            0.999691060
                            0.000206184
                            0.000032870
