 Fermi distribution function

Calculation with static geometry


********************************************************************************
 iSCC Total electronic   Diff electronic      SCC error    
   10   -0.47057568E+02   -0.12057910E-10    0.48251572E-06
********************************************************************************

 Total charge:     0.00000000

 Atomic gross charges (e)
 Atom           Charge
    1      -0.05301187
    2      -0.05011216
    3      -0.11863257
    4      -0.14763092
    5       0.08611584
    6       0.08559743
    7      -0.07887419
    8       0.08500679
    9      -0.14379594
   10      -0.14421294
   11       0.09604484
   12       0.09580313
   13       0.10269335
   14       0.09062327
   15       0.09438598
   16       0.08501121
   17      -0.14379904
   18      -0.14421469
   19       0.08559973
   20      -0.07887689
   21       0.08611468
   22      -0.14763189
   23      -0.11862925
   24      -0.05011053
   25      -0.05301220
   26       0.09604580
   27       0.09580301
   28       0.09438667
   29       0.09062141
   30       0.10269191

Nr. of electrons (up):     98.00000000
Atom populations (up)
 Atom       Population
    1       6.05301187
    2       4.05011216
    3       4.11863257
    4       4.14763092
    5       3.91388416
    6       3.91440257
    7       6.07887419
    8       3.91499321
    9       4.14379594
   10       4.14421294
   11       0.90395516
   12       0.90419687
   13       0.89730665
   14       0.90937673
   15       0.90561402
   16       3.91498879
   17       4.14379904
   18       4.14421469
   19       3.91440027
   20       6.07887689
   21       3.91388532
   22       4.14763189
   23       4.11862925
   24       4.05011053
   25       6.05301220
   26       0.90395420
   27       0.90419699
   28       0.90561333
   29       0.90937859
   30       0.89730809

l-shell populations (up)
 Atom Sh.   l       Population
    1   1   0       1.70920247
    1   2   1       4.23411418
    1   3   2       0.10969521
    2   1   0       1.22406877
    2   2   1       2.82604339
    3   1   0       1.22401705
    3   2   1       2.89461552
    4   1   0       1.23045420
    4   2   1       2.91717671
    5   1   0       1.18442557
    5   2   1       2.72945859
    6   1   0       1.18477409
    6   2   1       2.72962848
    7   1   0       1.71455846
    7   2   1       4.25928233
    7   3   2       0.10503340
    8   1   0       1.18398627
    8   2   1       2.73100694
    9   1   0       1.22959944
    9   2   1       2.91419650
   10   1   0       1.22959256
   10   2   1       2.91462037
   11   1   0       0.90395516
   12   1   0       0.90419687
   13   1   0       0.89730665
   14   1   0       0.90937673
   15   1   0       0.90561402
   16   1   0       1.18398463
   16   2   1       2.73100416
   17   1   0       1.22960077
   17   2   1       2.91419827
   18   1   0       1.22959493
   18   2   1       2.91461976
   19   1   0       1.18477363
   19   2   1       2.72962664
   20   1   0       1.71455899
   20   2   1       4.25928529
   20   3   2       0.10503261
   21   1   0       1.18442730
   21   2   1       2.72945802
   22   1   0       1.23045498
   22   2   1       2.91717691
   23   1   0       1.22401595
   23   2   1       2.89461330
   24   1   0       1.22406836
   24   2   1       2.82604217
   25   1   0       1.70920360
   25   2   1       4.23411418
   25   3   2       0.10969442
   26   1   0       0.90395420
   27   1   0       0.90419699
   28   1   0       0.90561333
   29   1   0       0.90937859
   30   1   0       0.89730809

Orbital populations (up)
 Atom Sh.   l   m       Population  Label
    1   1   0   0       1.70920247  s
    1   2   1  -1       1.45826112  p_y
    1   2   1   0       1.71825467  p_z
    1   2   1   1       1.05759839  p_x
    1   3   2  -2       0.03549211  d_xy
    1   3   2  -1       0.00863590  d_yz
    1   3   2   0       0.00693439  d_z2
    1   3   2   1       0.03665655  d_xz
    1   3   2   2       0.02197627  d_x2-y2
    2   1   0   0       1.22406877  s
    2   2   1  -1       0.87751620  p_y
    2   2   1   0       1.06258960  p_z
    2   2   1   1       0.88593759  p_x
    3   1   0   0       1.22401705  s
    3   2   1  -1       0.91824011  p_y
    3   2   1   0       1.05524899  p_z
    3   2   1   1       0.92112642  p_x
    4   1   0   0       1.23045420  s
    4   2   1  -1       0.91583640  p_y
    4   2   1   0       1.07991466  p_z
    4   2   1   1       0.92142565  p_x
    5   1   0   0       1.18442557  s
    5   2   1  -1       0.86021278  p_y
    5   2   1   0       1.03601409  p_z
    5   2   1   1       0.83323172  p_x
    6   1   0   0       1.18477409  s
    6   2   1  -1       0.86015688  p_y
    6   2   1   0       1.03382752  p_z
    6   2   1   1       0.83564408  p_x
    7   1   0   0       1.71455846  s
    7   2   1  -1       1.45893173  p_y
    7   2   1   0       1.74028515  p_z
    7   2   1   1       1.06006545  p_x
    7   3   2  -2       0.03491463  d_xy
    7   3   2  -1       0.00814979  d_yz
    7   3   2   0       0.00676976  d_z2
    7   3   2   1       0.03404636  d_xz
    7   3   2   2       0.02115286  d_x2-y2
    8   1   0   0       1.18398627  s
    8   2   1  -1       0.86371890  p_y
    8   2   1   0       1.03638935  p_z
    8   2   1   1       0.83089869  p_x
    9   1   0   0       1.22959944  s
    9   2   1  -1       0.91653931  p_y
    9   2   1   0       1.07382446  p_z
    9   2   1   1       0.92383273  p_x
   10   1   0   0       1.22959256  s
   10   2   1  -1       0.91726061  p_y
   10   2   1   0       1.07414700  p_z
   10   2   1   1       0.92321277  p_x
   11   1   0   0       0.90395516  s
   12   1   0   0       0.90419687  s
   13   1   0   0       0.89730665  s
   14   1   0   0       0.90937673  s
   15   1   0   0       0.90561402  s
   16   1   0   0       1.18398463  s
   16   2   1  -1       0.86371899  p_y
   16   2   1   0       1.03638654  p_z
   16   2   1   1       0.83089862  p_x
   17   1   0   0       1.22960077  s
   17   2   1  -1       0.91653966  p_y
   17   2   1   0       1.07382647  p_z
   17   2   1   1       0.92383214  p_x
   18   1   0   0       1.22959493  s
   18   2   1  -1       0.91726004  p_y
   18   2   1   0       1.07414807  p_z
   18   2   1   1       0.92321165  p_x
   19   1   0   0       1.18477363  s
   19   2   1  -1       0.86015657  p_y
   19   2   1   0       1.03382625  p_z
   19   2   1   1       0.83564383  p_x
   20   1   0   0       1.71455899  s
   20   2   1  -1       1.45893100  p_y
   20   2   1   0       1.74028902  p_z
   20   2   1   1       1.06006526  p_x
   20   3   2  -2       0.03491452  d_xy
   20   3   2  -1       0.00814986  d_yz
   20   3   2   0       0.00676976  d_z2
   20   3   2   1       0.03404572  d_xz
   20   3   2   2       0.02115275  d_x2-y2
   21   1   0   0       1.18442730  s
   21   2   1  -1       0.86021176  p_y
   21   2   1   0       1.03601466  p_z
   21   2   1   1       0.83323160  p_x
   22   1   0   0       1.23045498  s
   22   2   1  -1       0.91583614  p_y
   22   2   1   0       1.07991513  p_z
   22   2   1   1       0.92142564  p_x
   23   1   0   0       1.22401595  s
   23   2   1  -1       0.91823952  p_y
   23   2   1   0       1.05524778  p_z
   23   2   1   1       0.92112600  p_x
   24   1   0   0       1.22406836  s
   24   2   1  -1       0.87751506  p_y
   24   2   1   0       1.06258982  p_z
   24   2   1   1       0.88593729  p_x
   25   1   0   0       1.70920360  s
   25   2   1  -1       1.45825913  p_y
   25   2   1   0       1.71825541  p_z
   25   2   1   1       1.05759963  p_x
   25   3   2  -2       0.03549198  d_xy
   25   3   2  -1       0.00863588  d_yz
   25   3   2   0       0.00693440  d_z2
   25   3   2   1       0.03665614  d_xz
   25   3   2   2       0.02197602  d_x2-y2
   26   1   0   0       0.90395420  s
   27   1   0   0       0.90419699  s
   28   1   0   0       0.90561333  s
   29   1   0   0       0.90937859  s
   30   1   0   0       0.89730809  s

Fermi level:                        -0.1070871653 H           -2.9140 eV
Band energy:                       -46.0602621421 H        -1253.3635 eV
TS:                                  0.0000000000 H            0.0000 eV
Band free energy (E-TS):           -46.0602621421 H        -1253.3635 eV
Extrapolated E(0K):                -46.0602621421 H        -1253.3635 eV
Input / Output electrons (q):     98.0000000000     98.0000000000

Energy H0:                         -47.0659312043 H        -1280.7292 eV
Energy SCC:                          0.0083629983 H            0.2276 eV
Total Electronic energy:           -47.0575682060 H        -1280.5016 eV
Repulsive energy:                    0.3275484312 H            8.9130 eV
Dispersion energy:                   0.1757331486 H            4.7819 eV
Total energy:                      -46.5542866261 H        -1266.8066 eV
Extrapolated to 0:                 -46.5542866261 H        -1266.8066 eV
Total Mermin free energy:          -46.5542866261 H        -1266.8066 eV
Force related energy:              -46.5542866261 H        -1266.8066 eV

SCC converged

Dipole moment:    0.00000656   -0.00000354    0.00791683 au
Dipole moment:    0.00001668   -0.00000899    0.02012257 Debye


