 -----------------------
   integrator =       5
   phase      =       1
   nohop      =       0
   forcesurf  =       1
   getphase   =       1
   nrelax     =       0
   vdoth      =       1
   tully      =       1
   ms         =      20
   mom        =       1
   seed       =       1
   adjmom     =   -1.00
   probmin    =  0.0000
   popdev     =   0.050
   decay      =  0.1000
 -----------------------
|v.h|=     0.000000    0.000000    0.000000    0.000000    0.000000    0.000000    0.000000    0.000000    0.000000    0.000000
Integration of the TDSH for the electrons
Integrator = 5          Hopping is allowed    
  substep     step  surf    populations      Total pop
        0        0     4    0.000000000    0.999999988
                            0.000003161
                            0.002365967
                            0.964497534
                            0.033133326
|v.h|=     0.000000    0.000000    0.000000    0.000000    0.000008   -0.000025    0.000000    0.000000    0.000000   -0.000148
        1        1     4    0.000000000    1.000000000
                            0.000003044
                            0.002334886
                            0.964612285
                            0.033049785
|v.h|=     0.000000    0.000000    0.000000    0.000000    0.000155   -0.000502    0.000000    0.000000    0.000000   -0.002930
       21        2     4    0.000000000    1.000000000
                            0.000000223
                            0.001382578
                            0.975673785
                            0.022943414
|v.h|=     0.000000    0.000000    0.000000    0.000000    0.000164   -0.000543    0.000000    0.000000    0.000000   -0.002186
       41        3     4    0.000000000    1.000000000
                            0.000006828
                            0.000535659
                            0.987145587
                            0.012311926
|v.h|=     0.000000    0.000000    0.000000    0.000000    0.000195   -0.000486    0.000000    0.000000    0.000000   -0.001594
       61        4     4    0.000000000    1.000000000
                            0.000017467
                            0.000191436
                            0.992004382
                            0.007786716
|v.h|=     0.000000    0.000000    0.000000    0.000000    0.000221   -0.000390    0.000000    0.000000    0.000000   -0.001042
       81        5     4    0.000000000    1.000000000
                            0.000024741
                            0.000186985
                            0.993596158
                            0.006192116
|v.h|=     0.000000    0.000000    0.000000    0.000000    0.000241   -0.000258    0.000000    0.000000    0.000000   -0.000680
      101        6     4    0.000000000    1.000000000
                            0.000026526
                            0.000291727
                            0.993965122
                            0.005716624
|v.h|=     0.000000    0.000000    0.000000    0.000000    0.000260   -0.000104    0.000000    0.000000    0.000000   -0.000518
      121        7     4    0.000000000    1.000000000
                            0.000026284
                            0.000336765
                            0.994072996
                            0.005563955
|v.h|=     0.000000    0.000000    0.000000    0.000000    0.000270    0.000056    0.000000    0.000000    0.000000   -0.000484
      141        8     4    0.000000000    1.000000000
                            0.000027396
                            0.000271233
                            0.994172986
                            0.005528385
|v.h|=     0.000000    0.000000    0.000000    0.000000    0.000269    0.000206    0.000000    0.000000    0.000000   -0.000547
      161        9     4    0.000000000    1.000000000
                            0.000029401
                            0.000151916
                            0.994199188
                            0.005619495
|v.h|=     0.000000    0.000000    0.000000    0.000000    0.000259    0.000331    0.000000    0.000000    0.000000   -0.000713
      181       10     4    0.000000000    1.000000000
                            0.000029963
                            0.000083323
                            0.993910722
                            0.005975992
|v.h|=     0.000000    0.000000    0.000000    0.000000    0.000253    0.000423    0.000000    0.000000    0.000000   -0.001049
      201       11     4    0.000000000    1.000000000
                            0.000028537
                            0.000146668
                            0.992863646
                            0.006961148
|v.h|=     0.000000    0.000000    0.000000    0.000000    0.000238    0.000477    0.000000    0.000000    0.000000   -0.001799
      221       12     4    0.000000000    1.000000000
                            0.000025947
                            0.000356210
                            0.989845263
                            0.009772580
|v.h|=     0.000000    0.000000    0.000000    0.000000    0.000224    0.000480    0.000000    0.000000    0.000000   -0.003715
      241       13     4    0.000000000    1.000000000
                            0.000022680
                            0.000648603
                            0.979887431
                            0.019441285
|v.h|=     0.000000    0.000000    0.000000    0.000000    0.000209    0.000407    0.000000    0.000000    0.000000   -0.009156
      261       14     4    0.000000000    1.000000000
                            0.000019483
                            0.000893644
                            0.935172463
                            0.063914410

Velocity before hopping:
      0.000067     -0.000297      0.000081
      0.000016      0.000258      0.000435
      0.000205      0.000022      0.000211
     -0.000326      0.000216     -0.000373
      0.000031     -0.000332     -0.000256
      0.000105      0.000002     -0.000019
     -0.000498     -0.000065     -0.000044
     -0.000333     -0.000536      0.000171
      0.000269      0.000108     -0.000156
      0.000133     -0.000138     -0.000143
      0.000522     -0.000246     -0.000508
      0.000021     -0.000266     -0.000268
     -0.000298      0.000069     -0.000094
     -0.000358      0.000257      0.000323
      0.000484      0.000094      0.000314
      0.000010     -0.000124      0.000219
     -0.000267      0.000393      0.000095
     -0.000171      0.000460     -0.000198
     -0.000580      0.000106     -0.000363
     -0.000186     -0.000003     -0.000250
      0.000652      0.000024     -0.000266
     -0.000359     -0.000204      0.000369
     -0.001138     -0.000657     -0.000183
     -0.000830     -0.000489      0.001355
     -0.001049     -0.001594      0.001566
     -0.000308      0.000949      0.000060
      0.002464     -0.000170      0.000168
     -0.001228     -0.001440     -0.001880
      0.003018     -0.000738      0.000345
     -0.000290     -0.001606      0.000446
      0.000600      0.001792     -0.000844
     -0.001080      0.000352     -0.000144
      0.000346      0.001143     -0.000011
      0.002930      0.002254      0.001616
      0.002776     -0.002423      0.000518
      0.000723      0.001817     -0.000385

      Ekin old          Ekin new          Etot old          Etot new
      0.1291136758      0.1282096424    -49.2582812674    -49.2582812674

------------------------------------------------------------------------
     SURFACE HOPPING! THE SURFACE CHANGES FROM   4 TO   5
     CYCLE COUNT:       14
     POTENTIAL ENERGY VARIATION (eV)        0.0246000000
------------------------------------------------------------------------

Velocity after hopping:
      0.000066     -0.000296      0.000081
      0.000016      0.000257      0.000434
      0.000204      0.000022      0.000210
     -0.000325      0.000215     -0.000372
      0.000031     -0.000330     -0.000255
      0.000105      0.000002     -0.000019
     -0.000496     -0.000065     -0.000044
     -0.000332     -0.000534      0.000171
      0.000268      0.000108     -0.000156
      0.000132     -0.000138     -0.000143
      0.000520     -0.000245     -0.000506
      0.000020     -0.000266     -0.000267
     -0.000297      0.000068     -0.000094
     -0.000357      0.000256      0.000322
      0.000482      0.000094      0.000313
      0.000010     -0.000124      0.000218
     -0.000266      0.000391      0.000095
     -0.000170      0.000459     -0.000198
     -0.000578      0.000105     -0.000362
     -0.000185     -0.000003     -0.000249
      0.000649      0.000024     -0.000265
     -0.000358     -0.000204      0.000367
     -0.001134     -0.000655     -0.000183
     -0.000827     -0.000487      0.001350
     -0.001045     -0.001588      0.001560
     -0.000307      0.000946      0.000060
      0.002455     -0.000169      0.000167
     -0.001223     -0.001435     -0.001873
      0.003007     -0.000735      0.000344
     -0.000289     -0.001600      0.000445
      0.000598      0.001785     -0.000841
     -0.001076      0.000350     -0.000143
      0.000345      0.001139     -0.000011
      0.002920      0.002246      0.001610
      0.002766     -0.002415      0.000516
      0.000720      0.001811     -0.000383
|v.h|=     0.000000    0.000000    0.000000    0.000000    0.000133    0.000194    0.000000    0.000015    0.000019   -0.020718
      281       15     5    0.000000000    1.000000000
                            0.000013973
                            0.000908156
                            0.705551861
                            0.293526009
|v.h|=     0.000000    0.000000    0.000000    0.000000    0.000000    0.000000    0.000000    0.000297    0.000386   -0.016158
      301       16     5    0.000000000    1.000000000
                            0.000007503
                            0.000791719
                            0.328116963
                            0.671083815
|v.h|=     0.000000    0.000000    0.000000    0.000000    0.000000    0.000000    0.000000    0.000189    0.000388   -0.001096
      321       17     5    0.000000000    1.000000000
                            0.000011572
                            0.000676344
                            0.179303600
                            0.820008483
|v.h|=     0.000000    0.000000    0.000000    0.000000    0.000000    0.000000    0.000000    0.000193    0.000311   -0.000316
      341       18     5    0.000000000    1.000000000
                            0.000013211
                            0.000520429
                            0.162818578
                            0.836647783
|v.h|=     0.000000    0.000000    0.000000    0.000000    0.000000    0.000000    0.000000    0.000170    0.000294   -0.000205
      361       19     5    0.000000000    1.000000000
                            0.000011806
                            0.000356097
                            0.151576008
                            0.848056089
|v.h|=     0.000000    0.000000    0.000000    0.000000    0.000000    0.000000    0.000000    0.000140    0.000297   -0.000100
      381       20     5    0.000000000    1.000000000
                            0.000008312
                            0.000216929
                            0.141151509
                            0.858623250
|v.h|=     0.000000    0.000000    0.000000    0.000000    0.000000    0.000000    0.000000    0.000102    0.000312   -0.000079
      401       21     5    0.000000000    1.000000000
                            0.000004744
                            0.000118121
                            0.131377020
                            0.868500116
|v.h|=     0.000000    0.000000    0.000000    0.000000    0.000000    0.000000    0.000000    0.000063    0.000332   -0.000125
      421       22     5    0.000000000    1.000000000
                            0.000002154
                            0.000065060
                            0.121919840
                            0.878012946
|v.h|=     0.000000    0.000000    0.000000    0.000000    0.000000    0.000000    0.000000    0.000031    0.000355   -0.000223
      441       23     5    0.000000000    1.000000000
                            0.000000725
                            0.000057080
                            0.112619184
                            0.887323011
|v.h|=     0.000000    0.000000    0.000000    0.000000    0.000000    0.000000    0.000000   -0.000015    0.000379   -0.000391
      461       24     5    0.000000000    1.000000000
                            0.000000306
                            0.000088882
                            0.103209193
                            0.896701619
|v.h|=     0.000000    0.000000    0.000000    0.000000    0.000000    0.000000    0.000000   -0.000056    0.000394   -0.000673
      481       25     5    0.000000000    1.000000000
                            0.000000877
                            0.000148477
                            0.093299549
                            0.906551098
|v.h|=     0.000000    0.000000    0.000000    0.000000    0.000000    0.000000    0.000000   -0.000096    0.000393   -0.001150
      501       26     5    0.000000000    1.000000000
                            0.000002468
                            0.000216361
                            0.082747340
                            0.917033831
|v.h|=     0.000000    0.000000    0.000000    0.000000    0.000000    0.000000    0.000000   -0.000132    0.000372   -0.002003
      521       27     5    0.000000000    1.000000000
                            0.000004843
                            0.000271232
                            0.071612081
                            0.928111844
|v.h|=     0.000000    0.000000    0.000000    0.000000    0.000000    0.000000    0.000000   -0.000151    0.000320   -0.003569
      541       28     5    0.000000000    1.000000000
                            0.000007173
                            0.000295172
                            0.061644850
                            0.938052806
|v.h|=     0.000000    0.000000    0.000000    0.000000    0.000000    0.000000    0.000000   -0.000161    0.000216   -0.006349
      561       29     5    0.000000000    1.000000000
                            0.000008571
                            0.000275335
                            0.062612762
                            0.937103333
|v.h|=     0.000000    0.000000    0.000000    0.000000    0.000000    0.000000    0.000000   -0.000128    0.000040   -0.009882
      581       30     5    0.000000000    1.000000000
                            0.000007752
                            0.000214533
                            0.107118526
                            0.892659190
|v.h|=     0.000000    0.000000    0.000000    0.000000    0.000000    0.000000    0.000000   -0.000080   -0.000199   -0.009474
      601       31     5    0.000000000    1.000000000
                            0.000004515
                            0.000158958
                            0.219195388
                            0.780641139
|v.h|=     0.000000    0.000000    0.000000    0.000000    0.000000    0.000000    0.000000   -0.000050   -0.000438   -0.003002
      621       32     5    0.000000000    1.000000000
                            0.000001599
                            0.000198136
                            0.313179746
                            0.686620520
|v.h|=     0.000000    0.000000    0.000000    0.000000    0.000000    0.000000    0.000000   -0.000051   -0.000621    0.002914
      641       33     5    0.000000000    1.000000000
                            0.000000239
                            0.000397747
                            0.307736569
                            0.691865445
|v.h|=     0.000000    0.000000    0.000000    0.000000    0.000000    0.000000    0.000000   -0.000078   -0.000780    0.006730
      661       34     5    0.000000000    1.000000000
                            0.000000354
                            0.000775352
                            0.223732205
                            0.775492089
|v.h|=     0.000000    0.000000    0.000000    0.000000    0.000000    0.000000    0.000000   -0.000122   -0.000926    0.008080
      681       35     5    0.000000000    1.000000000
                            0.000002546
                            0.001312234
                            0.121059101
                            0.877626119
|v.h|=     0.000000    0.000000    0.000000    0.000000    0.000000    0.000000    0.000000   -0.000149   -0.001028    0.006384
      701       36     5    0.000000000    1.000000000
                            0.000006212
                            0.001917882
                            0.056187215
                            0.941888692
|v.h|=     0.000000    0.000000    0.000000    0.000000    0.000000    0.000000    0.000000   -0.000139   -0.001060    0.004148
      721       37     5    0.000000000    1.000000000
                            0.000007714
                            0.002418322
                            0.032936244
                            0.964637720
|v.h|=     0.000000    0.000000    0.000000    0.000000    0.000000    0.000000    0.000000   -0.000121   -0.001043    0.002789
      741       38     5    0.000000000    1.000000000
                            0.000005839
                            0.002648593
                            0.028251317
                            0.969094251
|v.h|=     0.000000    0.000000    0.000000    0.000000    0.000000    0.000000    0.000000   -0.000101   -0.000967    0.002011
      761       39     5    0.000000000    1.000000000
                            0.000003289
                            0.002544043
                            0.029076038
                            0.968376630
|v.h|=     0.000000    0.000000    0.000000    0.000000    0.000000    0.000000    0.000000   -0.000082   -0.000830    0.001491
      781       40     5    0.000000000    1.000000000
                            0.000001778
                            0.002150216
                            0.030859765
                            0.966988241
|v.h|=     0.000000    0.000000    0.000000    0.000000    0.000000    0.000000    0.000000   -0.000059   -0.000641    0.001106
      801       41     5    0.000000000    1.000000000
                            0.000001078
                            0.001599438
                            0.032008860
                            0.966390625
|v.h|=     0.000000    0.000000    0.000000    0.000000    0.000000    0.000000    0.000000   -0.000053   -0.000425    0.000800
      821       42     5    0.000000000    1.000000000
                            0.000000705
                            0.001049098
                            0.032006495
                            0.966943702
|v.h|=     0.000000    0.000000    0.000000    0.000000    0.000000    0.000000    0.000000   -0.000051   -0.000194    0.000585
      841       43     5    0.000000000    1.000000000
                            0.000000610
                            0.000623225
                            0.030925756
                            0.968450409
|v.h|=     0.000000    0.000000    0.000000    0.000000    0.000000    0.000000    0.000000   -0.000043    0.000032    0.000421
      861       44     5    0.000000000    1.000000000
                            0.000000577
                            0.000386041
                            0.029029111
                            0.970584271
|v.h|=     0.000000    0.000000    0.000000    0.000000    0.000000    0.000000    0.000000   -0.000059    0.000253    0.000314
      881       45     5    0.000000000    1.000000000
                            0.000000630
                            0.000343991
                            0.026528291
                            0.973127088
|v.h|=     0.000000    0.000000    0.000000    0.000000    0.000000    0.000000    0.000000   -0.000063    0.000461    0.000220
      901       46     5    0.000000000    1.000000000
                            0.000000964
                            0.000454192
                            0.023660809
                            0.975884036
|v.h|=     0.000000    0.000000    0.000000    0.000000    0.000000    0.000000    0.000000   -0.000072    0.000660    0.000160
      921       47     5    0.000000000    1.000000000
                            0.000001297
                            0.000650516
                            0.020688760
                            0.978659427
|v.h|=     0.000000    0.000000    0.000000    0.000000    0.000000    0.000000    0.000000   -0.000075    0.000829    0.000041
      941       48     5    0.000000000    1.000000000
                            0.000001514
                            0.000873267
                            0.017871563
                            0.981253656
|v.h|=     0.000000    0.000000    0.000000    0.000000    0.000000    0.000000    0.000000   -0.000082    0.000972   -0.000058
      961       49     5    0.000000000    1.000000000
                            0.000001647
                            0.001085147
                            0.015424552
                            0.983488653
|v.h|=     0.000000    0.000000    0.000000    0.000000    0.000000    0.000000    0.000000   -0.000089    0.001076   -0.000177
      981       50     5    0.000000000    1.000000000
                            0.000001916
                            0.001270195
                            0.013524925
                            0.985202964
|v.h|=     0.000000    0.000000    0.000000    0.000000    0.000000    0.000000    0.000000   -0.000092    0.001142   -0.000296
     1001       51     5    0.000000000    1.000000000
                            0.000002254
                            0.001415071
                            0.012285034
                            0.986297641
|v.h|=     0.000000    0.000000    0.000000    0.000000    0.000000    0.000000    0.000000   -0.000088    0.001167   -0.000414
     1021       52     5    0.000000000    1.000000000
                            0.000002372
                            0.001501278
                            0.011729260
                            0.986767090
|v.h|=     0.000000    0.000000    0.000000    0.000000    0.000000    0.000000    0.000000   -0.000066    0.001154   -0.000526
     1041       53     5    0.000000000    1.000000000
                            0.000001845
                            0.001505504
                            0.011796285
                            0.986696366
|v.h|=     0.000000    0.000000    0.000000    0.000000    0.000000    0.000000    0.000000   -0.000079    0.001111   -0.000622
     1061       54     5    0.000000000    1.000000000
                            0.000001227
                            0.001414838
                            0.012311240
                            0.986272696
|v.h|=     0.000000    0.000000    0.000000    0.000000    0.000000    0.000000    0.000000   -0.000081    0.001031   -0.000745
     1081       55     5    0.000000000    1.000000000
                            0.000001364
                            0.001239598
                            0.013165231
                            0.985593807
|v.h|=     0.000000    0.000000    0.000000    0.000000    0.000000    0.000000    0.000000   -0.000116    0.000926   -0.000836
     1101       56     5    0.000000000    1.000000000
                            0.000002493
                            0.001012991
                            0.014201299
                            0.984783216
|v.h|=     0.000000    0.000000    0.000000    0.000000    0.000000    0.000000    0.000000   -0.000093    0.000788   -0.000806
     1121       57     5    0.000000000    1.000000000
                            0.000003564
                            0.000773412
                            0.014943884
                            0.984279141
|v.h|=     0.000000    0.000000    0.000000    0.000000    0.000000    0.000000    0.000000   -0.000062    0.000623   -0.000725
     1141       58     5    0.000000000    1.000000000
                            0.000002500
                            0.000548137
                            0.015050917
                            0.984398447
|v.h|=     0.000000    0.000000    0.000000    0.000000    0.000000    0.000000    0.000000   -0.000039    0.000430   -0.000632
     1161       59     5    0.000000000    1.000000000
                            0.000000993
                            0.000351881
                            0.014513175
                            0.985133951
|v.h|=     0.000000    0.000000    0.000000    0.000000    0.000000    0.000000    0.000000   -0.000013    0.000233   -0.000444
     1181       60     5    0.000000000    1.000000000
                            0.000000247
                            0.000198364
                            0.013344217
                            0.986457172
|v.h|=     0.000000    0.000000    0.000000    0.000000    0.000000    0.000000    0.000000   -0.000003    0.000039   -0.000273
     1201       61     5    0.000000000    1.000000000
                            0.000000050
                            0.000104331
                            0.011752729
                            0.988142889
|v.h|=     0.000000    0.000000    0.000000    0.000000    0.000000    0.000000    0.000000   -0.000007   -0.000149   -0.000146
     1221       62     5    0.000000000    1.000000000
                            0.000000008
                            0.000080820
                            0.010110787
                            0.989808384
|v.h|=     0.000000    0.000000    0.000000    0.000000    0.000000    0.000000    0.000000   -0.000023   -0.000334   -0.000043
     1241       63     5    0.000000000    1.000000000
                            0.000000076
                            0.000134541
                            0.008675100
                            0.991190283
|v.h|=     0.000000    0.000000    0.000000    0.000000    0.000000    0.000000    0.000000   -0.000046   -0.000523    0.000073
     1261       64     5    0.000000000    1.000000000
                            0.000000490
                            0.000275932
                            0.007560659
                            0.992162919
|v.h|=     0.000000    0.000000    0.000000    0.000000    0.000000    0.000000    0.000000   -0.000067   -0.000711    0.000250
     1281       65     5    0.000000000    1.000000000
                            0.000001336
                            0.000520238
                            0.006854143
                            0.992624284
|v.h|=     0.000000    0.000000    0.000000    0.000000    0.000000    0.000000    0.000000   -0.000088   -0.000892    0.000568
     1301       66     5    0.000000000    1.000000000
                            0.000002432
                            0.000882155
                            0.006812916
                            0.992302497
|v.h|=     0.000000    0.000000    0.000000    0.000000    0.000000    0.000000    0.000000   -0.000090   -0.001052    0.001193
     1321       67     5    0.000000000    1.000000000
                            0.000003217
                            0.001370915
                            0.008268843
                            0.990357026
|v.h|=     0.000000    0.000000    0.000000    0.000000    0.000000    0.000000    0.000000   -0.000086   -0.001172    0.002730
     1341       68     5    0.000000000    1.000000000
                            0.000003179
                            0.001969597
                            0.014612665
                            0.983414559
|v.h|=     0.000000    0.000000    0.000000    0.000000    0.000000    0.000000    0.000000   -0.000038   -0.001266    0.007120
     1361       69     5    0.000000000    1.000000000
                            0.000002083
                            0.002639196
                            0.043587807
                            0.953770914
|v.h|=     0.000000    0.000000    0.000000    0.000000    0.000000    0.000000    0.000000    0.000049   -0.001253    0.020726
     1381       70     5    0.000000000    1.000000000
                            0.000001226
                            0.003221710
                            0.226055525
                            0.770721539

Velocity before hopping:
     -0.000491      0.000047     -0.000296
      0.000326     -0.000415     -0.000278
     -0.000230     -0.000191     -0.000117
      0.000102      0.000061      0.000258
     -0.000106      0.000309      0.000046
      0.000155      0.000273      0.000149
     -0.000440     -0.000109      0.000394
      0.000237     -0.000262     -0.000063
     -0.000086      0.000355      0.000073
     -0.000222      0.000512     -0.000373
      0.000106     -0.000081      0.000022
      0.000007     -0.000196      0.000081
     -0.000048      0.000281      0.000081
      0.000513     -0.000358     -0.000028
     -0.000425      0.000200     -0.000476
      0.000149     -0.000240      0.000196
      0.000491      0.000607     -0.000267
     -0.000670     -0.000105      0.000126
      0.000566      0.000053      0.000043
      0.000035     -0.000219     -0.000108
     -0.000070     -0.000503      0.000107
      0.000187      0.000097      0.000170
     -0.001264     -0.000220      0.000105
      0.001390     -0.000528     -0.000712
      0.000325     -0.001105     -0.000208
      0.001617      0.000200      0.001033
     -0.003728      0.000096     -0.001503
      0.001000     -0.000181     -0.000701
      0.002950     -0.000364      0.000375
     -0.001335     -0.000732      0.000543
     -0.001323      0.001384     -0.000532
      0.002024      0.000690      0.000590
     -0.002846     -0.001749      0.000142
     -0.001950      0.001056      0.000069
      0.001644     -0.000154      0.000350
     -0.002868     -0.002987     -0.002347

      Ekin old          Ekin new          Etot old          Etot new
      0.1385349407      0.1394697310    -49.2627840246    -49.2627840246

------------------------------------------------------------------------
     SURFACE HOPPING! THE SURFACE CHANGES FROM   5 TO   4
     CYCLE COUNT:       70
     POTENTIAL ENERGY VARIATION (eV)       -0.0254369375
------------------------------------------------------------------------

Velocity after hopping:
     -0.000493      0.000047     -0.000297
      0.000327     -0.000416     -0.000279
     -0.000231     -0.000191     -0.000117
      0.000102      0.000061      0.000258
     -0.000107      0.000310      0.000046
      0.000155      0.000274      0.000149
     -0.000441     -0.000110      0.000395
      0.000238     -0.000263     -0.000063
     -0.000086      0.000356      0.000073
     -0.000222      0.000514     -0.000374
      0.000107     -0.000081      0.000022
      0.000007     -0.000197      0.000081
     -0.000048      0.000282      0.000082
      0.000514     -0.000359     -0.000028
     -0.000427      0.000201     -0.000478
      0.000149     -0.000241      0.000196
      0.000493      0.000609     -0.000267
     -0.000672     -0.000105      0.000126
      0.000568      0.000053      0.000043
      0.000036     -0.000220     -0.000109
     -0.000071     -0.000504      0.000107
      0.000187      0.000097      0.000171
     -0.001268     -0.000221      0.000105
      0.001395     -0.000530     -0.000715
      0.000326     -0.001109     -0.000209
      0.001623      0.000201      0.001036
     -0.003741      0.000097     -0.001508
      0.001003     -0.000182     -0.000703
      0.002960     -0.000365      0.000376
     -0.001340     -0.000734      0.000544
     -0.001327      0.001388     -0.000534
      0.002031      0.000693      0.000592
     -0.002856     -0.001755      0.000143
     -0.001957      0.001059      0.000069
      0.001649     -0.000154      0.000351
     -0.002878     -0.002997     -0.002355
|v.h|=     0.000000    0.000000    0.000000    0.000000   -0.000010   -0.000032    0.000000    0.000192   -0.000761    0.025581
     1401       71     4    0.000000000    1.000000000
                            0.000005136
                            0.003124956
                            0.701195711
                            0.295674197
|v.h|=     0.000000    0.000000    0.000000    0.000000   -0.000200   -0.000649    0.000000    0.000000    0.000000    0.007203
     1421       72     4    0.000000000    1.000000000
                            0.000003267
                            0.002569733
                            0.941603706
                            0.055823294
|v.h|=     0.000000    0.000000    0.000000    0.000000   -0.000185   -0.000821    0.000000    0.000000    0.000000    0.000509
     1441       73     4    0.000000000    1.000000000
                            0.000018538
                            0.002067637
                            0.972594864
                            0.025318960
|v.h|=     0.000000    0.000000    0.000000    0.000000   -0.000185   -0.000694    0.000000    0.000000    0.000000    0.000905
     1461       74     4    0.000000000    1.000000000
                            0.000028761
                            0.001624068
                            0.978274177
                            0.020072995
|v.h|=     0.000000    0.000000    0.000000    0.000000   -0.000189   -0.000574    0.000000    0.000000    0.000000    0.000854
     1481       75     4    0.000000000    1.000000000
                            0.000024552
                            0.001221059
                            0.984124610
                            0.014629778
|v.h|=     0.000000    0.000000    0.000000    0.000000   -0.000168   -0.000459    0.000000    0.000000    0.000000    0.000822
     1501       76     4    0.000000000    1.000000000
                            0.000013974
                            0.000864615
                            0.988858120
                            0.010263292
|v.h|=     0.000000    0.000000    0.000000    0.000000   -0.000151   -0.000358    0.000000    0.000000    0.000000    0.000741
     1521       77     4    0.000000000    1.000000000
                            0.000006608
                            0.000571698
                            0.992480267
                            0.006941427
|v.h|=     0.000000    0.000000    0.000000    0.000000   -0.000128   -0.000270    0.000000    0.000000    0.000000    0.000597
     1541       78     4    0.000000000    1.000000000
                            0.000004339
                            0.000351493
                            0.994978918
                            0.004665250
|v.h|=     0.000000    0.000000    0.000000    0.000000   -0.000091   -0.000189    0.000000    0.000000    0.000000    0.000379
     1561       79     4    0.000000000    1.000000000
                            0.000003621
                            0.000201260
                            0.996476624
                            0.003318495
