Time =      0.00   Threshold=****   PES = 6   DE_inf =  0.12   DE_sup = -----   Type = 2   Next type = 2
Time =      0.50   Threshold=****   PES = 6   DE_inf =  0.12   DE_sup = -----   Type = 2   Next type = 2
Time =      1.00   Threshold=****   PES = 6   DE_inf =  0.11   DE_sup = -----   Type = 2   Next type = 2
Time =      1.50   Threshold=****   PES = 6   DE_inf =  0.11   DE_sup = -----   Type = 2   Next type = 2
Time =      2.00   Threshold=****   PES = 6   DE_inf =  0.09   DE_sup = -----   Type = 2   Next type = 2
Time =      2.50   Threshold=****   PES = 6   DE_inf =  0.03   DE_sup = -----   Type = 2   Next type = 2
Time =      3.00   Threshold=****   PES = 5   DE_inf =  0.07   DE_sup =  0.03   Type = 2   Next type = 4
Time =      3.50   Threshold=****   PES = 6   DE_inf =  0.09   DE_sup = -----   Type = 4   Next type = 2
Time =      4.00   Threshold=****   PES = 3   DE_inf =  1.23   DE_sup =  0.22   Type = 2   Next type = 4
Time =      4.50   Threshold=****   PES = 3   DE_inf =  1.24   DE_sup =  0.17   Type = 4   Next type = 4
Time =      5.00   Threshold=****   PES = 3   DE_inf =  1.25   DE_sup =  0.13   Type = 4   Next type = 4
Time =      5.50   Threshold=****   PES = 3   DE_inf =  1.26   DE_sup =  0.09   Type = 4   Next type = 4
Time =      6.00   Threshold=****   PES = 3   DE_inf =  1.26   DE_sup =  0.06   Type = 4   Next type = 4
Time =      6.50   Threshold=****   PES = 3   DE_inf =  1.25   DE_sup =  0.03   Type = 4   Next type = 4
Time =      7.00   Threshold=****   PES = 3   DE_inf =  1.24   DE_sup =  0.02   Type = 4   Next type = 4
Time =      7.50   Threshold=****   PES = 3   DE_inf =  1.23   DE_sup =  0.01   Type = 4   Next type = 4
Time =      8.00   Threshold=****   PES = 3   DE_inf =  1.22   DE_sup =  0.01   Type = 4   Next type = 4
Time =      8.50   Threshold=****   PES = 3   DE_inf =  1.20   DE_sup =  0.02   Type = 4   Next type = 4
Time =      9.00   Threshold=****   PES = 3   DE_inf =  1.17   DE_sup =  0.04   Type = 4   Next type = 4
Time =      9.50   Threshold=****   PES = 3   DE_inf =  1.15   DE_sup =  0.06   Type = 4   Next type = 4
Time =     10.00   Threshold=****   PES = 5   DE_inf =  0.29   DE_sup =  0.02   Type = 4   Next type = 4
Time =     10.50   Threshold=****   PES = 6   DE_inf =  0.03   DE_sup = -----   Type = 4   Next type = 2
Time =     11.00   Threshold=****   PES = 5   DE_inf =  0.26   DE_sup =  0.07   Type = 2   Next type = 4
Time =     11.50   Threshold=****   PES = 5   DE_inf =  0.23   DE_sup =  0.12   Type = 4   Next type = 4
Time =     12.00   Threshold=****   PES = 5   DE_inf =  0.20   DE_sup =  0.16   Type = 4   Next type = 4
Time =     12.50   Threshold=****   PES = 5   DE_inf =  0.16   DE_sup =  0.18   Type = 4   Next type = 4
Time =     13.00   Threshold=****   PES = 5   DE_inf =  0.13   DE_sup =  0.18   Type = 4   Next type = 4
Time =     13.50   Threshold=****   PES = 5   DE_inf =  0.09   DE_sup =  0.19   Type = 4   Next type = 4
Time =     14.00   Threshold=****   PES = 5   DE_inf =  0.05   DE_sup =  0.19   Type = 4   Next type = 4
Time =     14.50   Threshold=****   PES = 5   DE_inf =  0.02   DE_sup =  0.19   Type = 4   Next type = 4
Time =     15.00   Threshold=****   PES = 5   DE_inf =  0.02   DE_sup =  0.18   Type = 4   Next type = 4
Time =     15.50   Threshold=****   PES = 4   DE_inf =  0.35   DE_sup =  0.04   Type = 4   Next type = 4
Time =     16.00   Threshold=****   PES = 4   DE_inf =  0.34   DE_sup =  0.05   Type = 4   Next type = 4
Time =     16.50   Threshold=****   PES = 4   DE_inf =  0.34   DE_sup =  0.07   Type = 4   Next type = 4
Time =     17.00   Threshold=****   PES = 4   DE_inf =  0.33   DE_sup =  0.07   Type = 4   Next type = 4
Time =     17.50   Threshold=****   PES = 4   DE_inf =  0.33   DE_sup =  0.08   Type = 4   Next type = 4
Time =     18.00   Threshold=****   PES = 4   DE_inf =  0.32   DE_sup =  0.07   Type = 4   Next type = 4
Time =     18.50   Threshold=****   PES = 4   DE_inf =  0.32   DE_sup =  0.07   Type = 4   Next type = 4
Time =     19.00   Threshold=****   PES = 4   DE_inf =  0.32   DE_sup =  0.06   Type = 4   Next type = 4
Time =     19.50   Threshold=****   PES = 4   DE_inf =  0.32   DE_sup =  0.04   Type = 4   Next type = 4
Time =     20.00   Threshold=****   PES = 4   DE_inf =  0.32   DE_sup =  0.02   Type = 4   Next type = 4
Time =     20.50   Threshold=****   PES = 4   DE_inf =  0.32   DE_sup =  0.01   Type = 4   Next type = 4
Time =     21.00   Threshold=****   PES = 5   DE_inf =  0.04   DE_sup =  0.21   Type = 4   Next type = 4
Time =     21.50   Threshold=****   PES = 5   DE_inf =  0.08   DE_sup =  0.22   Type = 4   Next type = 4
Time =     22.00   Threshold=****   PES = 5   DE_inf =  0.12   DE_sup =  0.23   Type = 4   Next type = 4
Time =     22.50   Threshold=****   PES = 5   DE_inf =  0.16   DE_sup =  0.18   Type = 4   Next type = 4
Time =     23.00   Threshold=****   PES = 5   DE_inf =  0.20   DE_sup =  0.12   Type = 4   Next type = 4
Time =     23.50   Threshold=****   PES = 5   DE_inf =  0.24   DE_sup =  0.05   Type = 4   Next type = 4
Time =     24.00   Threshold=****   PES = 6   DE_inf =  0.01   DE_sup = -----   Type = 4   Next type = 2
Time =     24.50   Threshold=****   PES = 5   DE_inf =  0.24   DE_sup =  0.07   Type = 2   Next type = 4
Time =     25.00   Threshold=****   PES = 5   DE_inf =  0.22   DE_sup =  0.13   Type = 4   Next type = 4
Time =     25.50   Threshold=****   PES = 5   DE_inf =  0.20   DE_sup =  0.19   Type = 4   Next type = 4
Time =     26.00   Threshold=****   PES = 5   DE_inf =  0.17   DE_sup =  0.25   Type = 4   Next type = 4
Time =     26.50   Threshold=****   PES = 5   DE_inf =  0.12   DE_sup =  0.31   Type = 4   Next type = 4
Time =     27.00   Threshold=****   PES = 5   DE_inf =  0.07   DE_sup =  0.36   Type = 4   Next type = 4
Time =     27.50   Threshold=****   PES = 5   DE_inf =  0.02   DE_sup =  0.42   Type = 4   Next type = 4
Time =     28.00   Threshold=****   PES = 5   DE_inf =  0.02   DE_sup =  0.45   Type = 4   Next type = 4
Time =     28.50   Threshold=****   PES = 5   DE_inf =  0.05   DE_sup =  0.45   Type = 4   Next type = 4
Time =     29.00   Threshold=****   PES = 5   DE_inf =  0.07   DE_sup =  0.45   Type = 4   Next type = 4
Time =     29.50   Threshold=****   PES = 5   DE_inf =  0.07   DE_sup =  0.45   Type = 4   Next type = 4
Time =     30.00   Threshold=****   PES = 5   DE_inf =  0.06   DE_sup =  0.45   Type = 4   Next type = 4
Time =     30.50   Threshold=****   PES = 6   DE_inf =  0.44   DE_sup = -----   Type = 4   Next type = 2
Time =     31.00   Threshold=****   PES = 6   DE_inf =  0.43   DE_sup = -----   Type = 2   Next type = 2
Time =     31.50   Threshold=****   PES = 6   DE_inf =  0.38   DE_sup = -----   Type = 2   Next type = 2
Time =     32.00   Threshold=****   PES = 6   DE_inf =  0.33   DE_sup = -----   Type = 2   Next type = 2
Time =     32.50   Threshold=****   PES = 6   DE_inf =  0.26   DE_sup = -----   Type = 2   Next type = 2
Time =     33.00   Threshold=****   PES = 6   DE_inf =  0.19   DE_sup = -----   Type = 2   Next type = 2
Time =     33.50   Threshold=****   PES = 6   DE_inf =  0.12   DE_sup = -----   Type = 2   Next type = 2
Time =     34.00   Threshold=****   PES = 6   DE_inf =  0.04   DE_sup = -----   Type = 2   Next type = 2
Time =     34.50   Threshold=****   PES = 6   DE_inf =  0.00   DE_sup = -----   Type = 2   Next type = 2
Time =     35.00   Threshold=****   PES = 6   DE_inf =  0.01   DE_sup = -----   Type = 2   Next type = 2
Time =     35.50   Threshold=****   PES = 6   DE_inf =  0.01   DE_sup = -----   Type = 2   Next type = 2
Time =     36.00   Threshold=****   PES = 6   DE_inf =  0.01   DE_sup = -----   Type = 2   Next type = 2
Time =     36.50   Threshold=****   PES = 6   DE_inf =  0.01   DE_sup = -----   Type = 2   Next type = 2
Time =     37.00   Threshold=****   PES = 6   DE_inf =  0.01   DE_sup = -----   Type = 2   Next type = 2
Time =     37.50   Threshold=****   PES = 6   DE_inf =  0.01   DE_sup = -----   Type = 2   Next type = 2
Time =     38.00   Threshold=****   PES = 6   DE_inf =  0.00   DE_sup = -----   Type = 2   Next type = 2
Time =     38.50   Threshold=****   PES = 6   DE_inf =  0.00   DE_sup = -----   Type = 2   Next type = 2
Time =     39.00   Threshold=****   PES = 5   DE_inf =  0.22   DE_sup =  0.00   Type = 2   Next type = 4
Time =     39.50   Threshold=****   PES = 5   DE_inf =  0.17   DE_sup =  0.01   Type = 4   Next type = 4
Time =     40.00   Threshold=****   PES = 5   DE_inf =  0.11   DE_sup =  0.01   Type = 4   Next type = 4
Time =     40.50   Threshold=****   PES = 5   DE_inf =  0.05   DE_sup =  0.02   Type = 4   Next type = 4
Time =     41.00   Threshold=****   PES = 5   DE_inf =  0.02   DE_sup =  0.01   Type = 4   Next type = 4
Time =     41.50   Threshold=****   PES = 5   DE_inf =  0.02   DE_sup =  0.09   Type = 4   Next type = 4
Time =     42.00   Threshold=****   PES = 5   DE_inf =  0.02   DE_sup =  0.18   Type = 4   Next type = 4
Time =     42.50   Threshold=****   PES = 5   DE_inf =  0.01   DE_sup =  0.27   Type = 4   Next type = 4
Time =     43.00   Threshold=****   PES = 5   DE_inf =  0.00   DE_sup =  0.37   Type = 4   Next type = 4
Time =     43.50   Threshold=****   PES = 4   DE_inf =  0.02   DE_sup =  0.00   Type = 4   Next type = 4
Time =     44.00   Threshold=****   PES = 4   DE_inf =  0.04   DE_sup =  0.07   Type = 4   Next type = 4
Time =     44.50   Threshold=****   PES = 4   DE_inf =  0.06   DE_sup =  0.13   Type = 4   Next type = 4
Time =     45.00   Threshold=****   PES = 4   DE_inf =  0.08   DE_sup =  0.19   Type = 4   Next type = 4
Time =     45.50   Threshold=****   PES = 4   DE_inf =  0.09   DE_sup =  0.24   Type = 4   Next type = 4
Time =     46.00   Threshold=****   PES = 4   DE_inf =  0.11   DE_sup =  0.28   Type = 4   Next type = 4
Time =     46.50   Threshold=****   PES = 4   DE_inf =  0.12   DE_sup =  0.31   Type = 4   Next type = 4
Time =     47.00   Threshold=****   PES = 4   DE_inf =  0.12   DE_sup =  0.33   Type = 4   Next type = 4
Time =     47.50   Threshold=****   PES = 4   DE_inf =  0.12   DE_sup =  0.34   Type = 4   Next type = 4
Time =     48.00   Threshold=****   PES = 4   DE_inf =  0.11   DE_sup =  0.34   Type = 4   Next type = 4
Time =     48.50   Threshold=****   PES = 4   DE_inf =  0.10   DE_sup =  0.33   Type = 4   Next type = 4
Time =     49.00   Threshold=****   PES = 4   DE_inf =  0.08   DE_sup =  0.31   Type = 4   Next type = 4
Time =     49.50   Threshold=****   PES = 4   DE_inf =  0.06   DE_sup =  0.28   Type = 4   Next type = 4
Time =     50.00   Threshold=****   PES = 4   DE_inf =  0.03   DE_sup =  0.24   Type = 4   Next type = 4
Time =     50.50   Threshold=****   PES = 4   DE_inf =  0.00   DE_sup =  0.20   Type = 4   Next type = 4
Time =     51.00   Threshold=****   PES = 4   DE_inf =  0.03   DE_sup =  0.12   Type = 4   Next type = 4
Time =     51.50   Threshold=****   PES = 4   DE_inf =  0.07   DE_sup =  0.04   Type = 4   Next type = 4
Time =     52.00   Threshold=****   PES = 4   DE_inf =  0.05   DE_sup =  0.05   Type = 4   Next type = 4
Time =     52.50   Threshold=****   PES = 5   DE_inf =  0.13   DE_sup =  0.26   Type = 4   Next type = 4
Time =     53.00   Threshold=****   PES = 2   DE_inf =  2.23   DE_sup =  1.14   Type = 4   Next type = 4
Time =     53.50   Threshold=****   PES = 2   DE_inf =  2.19   DE_sup =  1.11   Type = 4   Next type = 4
Time =     54.00   Threshold=****   PES = 2   DE_inf =  2.14   DE_sup =  1.09   Type = 4   Next type = 4
Time =     54.50   Threshold=****   PES = 2   DE_inf =  2.09   DE_sup =  1.06   Type = 4   Next type = 4
Time =     55.00   Threshold=****   PES = 2   DE_inf =  2.04   DE_sup =  1.04   Type = 4   Next type = 4
Time =     55.50   Threshold=****   PES = 2   DE_inf =  2.00   DE_sup =  1.03   Type = 4   Next type = 4
Time =     56.00   Threshold=****   PES = 2   DE_inf =  1.97   DE_sup =  1.02   Type = 4   Next type = 4
Time =     56.50   Threshold=****   PES = 2   DE_inf =  1.93   DE_sup =  1.01   Type = 4   Next type = 4
Time =     57.00   Threshold=****   PES = 2   DE_inf =  1.90   DE_sup =  1.00   Type = 4   Next type = 4
Time =     57.50   Threshold=****   PES = 2   DE_inf =  1.88   DE_sup =  1.00   Type = 4   Next type = 4
Time =     58.00   Threshold=****   PES = 2   DE_inf =  1.86   DE_sup =  1.01   Type = 4   Next type = 4
Time =     58.50   Threshold=****   PES = 2   DE_inf =  1.85   DE_sup =  1.01   Type = 4   Next type = 4
Time =     59.00   Threshold=****   PES = 2   DE_inf =  1.84   DE_sup =  1.03   Type = 4   Next type = 4
Time =     59.50   Threshold=****   PES = 2   DE_inf =  1.84   DE_sup =  1.04   Type = 4   Next type = 4
Time =     60.00   Threshold=****   PES = 2   DE_inf =  1.85   DE_sup =  1.06   Type = 4   Next type = 4
Time =     60.50   Threshold=****   PES = 2   DE_inf =  1.86   DE_sup =  1.08   Type = 4   Next type = 4
Time =     61.00   Threshold=****   PES = 2   DE_inf =  1.87   DE_sup =  1.10   Type = 4   Next type = 4
Time =     61.50   Threshold=****   PES = 2   DE_inf =  1.89   DE_sup =  1.13   Type = 4   Next type = 4
Time =     62.00   Threshold=****   PES = 2   DE_inf =  1.91   DE_sup =  1.15   Type = 4   Next type = 4
Time =     62.50   Threshold=****   PES = 2   DE_inf =  1.94   DE_sup =  1.18   Type = 4   Next type = 4
Time =     63.00   Threshold=****   PES = 2   DE_inf =  1.97   DE_sup =  1.21   Type = 4   Next type = 4
Time =     63.50   Threshold=****   PES = 2   DE_inf =  2.00   DE_sup =  1.24   Type = 4   Next type = 4
Time =     64.00   Threshold=****   PES = 2   DE_inf =  2.03   DE_sup =  1.27   Type = 4   Next type = 4
Time =     64.50   Threshold=****   PES = 2   DE_inf =  2.07   DE_sup =  1.27   Type = 4   Next type = 4
Time =     65.00   Threshold=****   PES = 2   DE_inf =  2.10   DE_sup =  1.23   Type = 4   Next type = 4
Time =     65.50   Threshold=****   PES = 2   DE_inf =  2.14   DE_sup =  1.18   Type = 4   Next type = 4
Time =     66.00   Threshold=****   PES = 2   DE_inf =  2.17   DE_sup =  1.15   Type = 4   Next type = 4
Time =     66.50   Threshold=****   PES = 2   DE_inf =  2.21   DE_sup =  1.06   Type = 4   Next type = 4
Time =     67.00   Threshold=****   PES = 2   DE_inf =  2.24   DE_sup =  0.98   Type = 4   Next type = 4
Time =     67.50   Threshold=****   PES = 2   DE_inf =  2.26   DE_sup =  0.91   Type = 4   Next type = 4
Time =     68.00   Threshold=****   PES = 2   DE_inf =  2.28   DE_sup =  0.86   Type = 4   Next type = 4
Time =     68.50   Threshold=****   PES = 2   DE_inf =  2.29   DE_sup =  0.82   Type = 4   Next type = 4
Time =     69.00   Threshold=****   PES = 2   DE_inf =  2.30   DE_sup =  0.79   Type = 4   Next type = 4
Time =     69.50   Threshold=****   PES = 2   DE_inf =  2.30   DE_sup =  0.78   Type = 4   Next type = 4
Time =     70.00   Threshold=****   PES = 2   DE_inf =  2.29   DE_sup =  0.79   Type = 4   Next type = 4
Time =     70.50   Threshold=****   PES = 3   DE_inf =  0.81   DE_sup =  0.39   Type = 4   Next type = 4
Time =     71.00   Threshold=****   PES = 3   DE_inf =  0.82   DE_sup =  0.39   Type = 4   Next type = 4
Time =     71.50   Threshold=****   PES = 3   DE_inf =  0.84   DE_sup =  0.39   Type = 4   Next type = 4
Time =     72.00   Threshold=****   PES = 3   DE_inf =  0.87   DE_sup =  0.38   Type = 4   Next type = 4
Time =     72.50   Threshold=****   PES = 3   DE_inf =  0.91   DE_sup =  0.37   Type = 4   Next type = 4
Time =     73.00   Threshold=****   PES = 3   DE_inf =  0.95   DE_sup =  0.35   Type = 4   Next type = 4
Time =     73.50   Threshold=****   PES = 3   DE_inf =  1.00   DE_sup =  0.30   Type = 4   Next type = 4
Time =     74.00   Threshold=****   PES = 3   DE_inf =  1.06   DE_sup =  0.22   Type = 4   Next type = 4
Time =     74.50   Threshold=****   PES = 3   DE_inf =  1.12   DE_sup =  0.14   Type = 4   Next type = 4
Time =     75.00   Threshold=****   PES = 3   DE_inf =  1.19   DE_sup =  0.06   Type = 4   Next type = 4
Time =     75.50   Threshold=****   PES = 4   DE_inf =  0.03   DE_sup =  0.19   Type = 4   Next type = 4
Time =     76.00   Threshold=****   PES = 3   DE_inf =  1.20   DE_sup =  0.11   Type = 4   Next type = 4
Time =     76.50   Threshold=****   PES = 3   DE_inf =  1.18   DE_sup =  0.19   Type = 4   Next type = 4
Time =     77.00   Threshold=****   PES = 3   DE_inf =  1.15   DE_sup =  0.28   Type = 4   Next type = 4
Time =     77.50   Threshold=****   PES = 3   DE_inf =  1.13   DE_sup =  0.36   Type = 4   Next type = 4
Time =     78.00   Threshold=****   PES = 4   DE_inf =  0.38   DE_sup =  0.06   Type = 4   Next type = 4
Time =     78.50   Threshold=****   PES = 4   DE_inf =  0.38   DE_sup =  0.13   Type = 4   Next type = 4
Time =     79.00   Threshold=****   PES = 4   DE_inf =  0.37   DE_sup =  0.20   Type = 4   Next type = 4
Time =     79.50   Threshold=****   PES = 4   DE_inf =  0.37   DE_sup =  0.25   Type = 4   Next type = 4
Time =     80.00   Threshold=****   PES = 4   DE_inf =  0.37   DE_sup =  0.29   Type = 4   Next type = 4
Time =     80.50   Threshold=****   PES = 4   DE_inf =  0.37   DE_sup =  0.32   Type = 4   Next type = 4
Time =     81.00   Threshold=****   PES = 4   DE_inf =  0.37   DE_sup =  0.34   Type = 4   Next type = 4
Time =     81.50   Threshold=****   PES = 4   DE_inf =  0.37   DE_sup =  0.35   Type = 4   Next type = 4
Time =     82.00   Threshold=****   PES = 4   DE_inf =  0.37   DE_sup =  0.35   Type = 4   Next type = 4
Time =     82.50   Threshold=****   PES = 4   DE_inf =  0.37   DE_sup =  0.34   Type = 4   Next type = 4
Time =     83.00   Threshold=****   PES = 4   DE_inf =  0.37   DE_sup =  0.32   Type = 4   Next type = 4
Time =     83.50   Threshold=****   PES = 4   DE_inf =  0.38   DE_sup =  0.29   Type = 4   Next type = 4
Time =     84.00   Threshold=****   PES = 4   DE_inf =  0.38   DE_sup =  0.26   Type = 4   Next type = 4
Time =     84.50   Threshold=****   PES = 4   DE_inf =  0.38   DE_sup =  0.21   Type = 4   Next type = 4
Time =     85.00   Threshold=****   PES = 4   DE_inf =  0.39   DE_sup =  0.15   Type = 4   Next type = 4
Time =     85.50   Threshold=****   PES = 4   DE_inf =  0.39   DE_sup =  0.10   Type = 4   Next type = 4
Time =     86.00   Threshold=****   PES = 4   DE_inf =  0.40   DE_sup =  0.03   Type = 4   Next type = 4
Time =     86.50   Threshold=****   PES = 5   DE_inf =  0.03   DE_sup =  0.13   Type = 4   Next type = 4
Time =     87.00   Threshold=****   PES = 5   DE_inf =  0.10   DE_sup =  0.06   Type = 4   Next type = 4
Time =     87.50   Threshold=****   PES = 6   DE_inf =  0.02   DE_sup = -----   Type = 4   Next type = 2
Time =     88.00   Threshold=****   PES = 5   DE_inf =  0.13   DE_sup =  0.09   Type = 2   Next type = 4
Time =     88.50   Threshold=****   PES = 5   DE_inf =  0.11   DE_sup =  0.18   Type = 4   Next type = 4
Time =     89.00   Threshold=****   PES = 5   DE_inf =  0.09   DE_sup =  0.27   Type = 4   Next type = 4
Time =     89.50   Threshold=****   PES = 5   DE_inf =  0.07   DE_sup =  0.36   Type = 4   Next type = 4
Time =     90.00   Threshold=****   PES = 4   DE_inf =  0.04   DE_sup =  0.02   Type = 4   Next type = 4
Time =     90.50   Threshold=****   PES = 4   DE_inf =  0.01   DE_sup =  0.10   Type = 4   Next type = 4
Time =     91.00   Threshold=****   PES = 4   DE_inf =  0.02   DE_sup =  0.16   Type = 4   Next type = 4
Time =     91.50   Threshold=****   PES = 3   DE_inf =  1.06   DE_sup =  0.05   Type = 4   Next type = 4
Time =     92.00   Threshold=****   PES = 3   DE_inf =  1.04   DE_sup =  0.07   Type = 4   Next type = 4
Time =     92.50   Threshold=****   PES = 3   DE_inf =  1.01   DE_sup =  0.10   Type = 4   Next type = 4
Time =     93.00   Threshold=****   PES = 3   DE_inf =  0.99   DE_sup =  0.13   Type = 4   Next type = 4
Time =     93.50   Threshold=****   PES = 3   DE_inf =  0.98   DE_sup =  0.15   Type = 4   Next type = 4
Time =     94.00   Threshold=****   PES = 3   DE_inf =  0.98   DE_sup =  0.17   Type = 4   Next type = 4
Time =     94.50   Threshold=****   PES = 3   DE_inf =  0.98   DE_sup =  0.19   Type = 4   Next type = 4
Time =     95.00   Threshold=****   PES = 3   DE_inf =  0.99   DE_sup =  0.20   Type = 4   Next type = 4
Time =     95.50   Threshold=****   PES = 3   DE_inf =  1.00   DE_sup =  0.20   Type = 4   Next type = 4
Time =     96.00   Threshold=****   PES = 3   DE_inf =  1.02   DE_sup =  0.20   Type = 4   Next type = 4
Time =     96.50   Threshold=****   PES = 3   DE_inf =  1.05   DE_sup =  0.20   Type = 4   Next type = 4
Time =     97.00   Threshold=****   PES = 3   DE_inf =  1.08   DE_sup =  0.18   Type = 4   Next type = 4
Time =     97.50   Threshold=****   PES = 3   DE_inf =  1.12   DE_sup =  0.17   Type = 4   Next type = 4
Time =     98.00   Threshold=****   PES = 3   DE_inf =  1.16   DE_sup =  0.15   Type = 4   Next type = 4
Time =     98.50   Threshold=****   PES = 3   DE_inf =  1.20   DE_sup =  0.13   Type = 4   Next type = 4
Time =     99.00   Threshold=****   PES = 3   DE_inf =  1.23   DE_sup =  0.11   Type = 4   Next type = 4
Time =     99.50   Threshold=****   PES = 3   DE_inf =  1.27   DE_sup =  0.09   Type = 4   Next type = 4
Time =    100.00   Threshold=****   PES = 3   DE_inf =  1.31   DE_sup =  0.06   Type = 4   Next type = 4
Time =    100.50   Threshold=****   PES = 3   DE_inf =  1.34   DE_sup =  0.04   Type = 4   Next type = 4
Time =    101.00   Threshold=****   PES = 5   DE_inf =  0.01   DE_sup =  0.39   Type = 4   Next type = 4
Time =    101.50   Threshold=****   PES = 4   DE_inf =  0.06   DE_sup =  0.03   Type = 4   Next type = 4
Time =    102.00   Threshold=****   PES = 4   DE_inf =  0.10   DE_sup =  0.06   Type = 4   Next type = 4
Time =    102.50   Threshold=****   PES = 4   DE_inf =  0.14   DE_sup =  0.10   Type = 4   Next type = 4
Time =    103.00   Threshold=****   PES = 4   DE_inf =  0.18   DE_sup =  0.13   Type = 4   Next type = 4
Time =    103.50   Threshold=****   PES = 4   DE_inf =  0.22   DE_sup =  0.16   Type = 4   Next type = 4
Time =    104.00   Threshold=****   PES = 4   DE_inf =  0.26   DE_sup =  0.14   Type = 4   Next type = 4
Time =    104.50   Threshold=****   PES = 4   DE_inf =  0.29   DE_sup =  0.11   Type = 4   Next type = 4
Time =    105.00   Threshold=****   PES = 4   DE_inf =  0.32   DE_sup =  0.09   Type = 4   Next type = 4
Time =    105.50   Threshold=****   PES = 4   DE_inf =  0.35   DE_sup =  0.07   Type = 4   Next type = 4
Time =    106.00   Threshold=****   PES = 4   DE_inf =  0.37   DE_sup =  0.06   Type = 4   Next type = 4
Time =    106.50   Threshold=****   PES = 4   DE_inf =  0.38   DE_sup =  0.06   Type = 4   Next type = 4
Time =    107.00   Threshold=****   PES = 4   DE_inf =  0.38   DE_sup =  0.06   Type = 4   Next type = 4
Time =    107.50   Threshold=****   PES = 4   DE_inf =  0.38   DE_sup =  0.07   Type = 4   Next type = 4
Time =    108.00   Threshold=****   PES = 4   DE_inf =  0.37   DE_sup =  0.09   Type = 4   Next type = 4
Time =    108.50   Threshold=****   PES = 4   DE_inf =  0.35   DE_sup =  0.12   Type = 4   Next type = 4
Time =    109.00   Threshold=****   PES = 4   DE_inf =  0.32   DE_sup =  0.15   Type = 4   Next type = 4
Time =    109.50   Threshold=****   PES = 4   DE_inf =  0.28   DE_sup =  0.19   Type = 4   Next type = 4
Time =    110.00   Threshold=****   PES = 4   DE_inf =  0.24   DE_sup =  0.23   Type = 4   Next type = 4
Time =    110.50   Threshold=****   PES = 4   DE_inf =  0.20   DE_sup =  0.23   Type = 4   Next type = 4
Time =    111.00   Threshold=****   PES = 4   DE_inf =  0.15   DE_sup =  0.22   Type = 4   Next type = 4
Time =    111.50   Threshold=****   PES = 4   DE_inf =  0.10   DE_sup =  0.21   Type = 4   Next type = 4
Time =    112.00   Threshold=****   PES = 4   DE_inf =  0.05   DE_sup =  0.20   Type = 4   Next type = 4
Time =    112.50   Threshold=****   PES = 4   DE_inf =  0.01   DE_sup =  0.19   Type = 4   Next type = 4
Time =    113.00   Threshold=****   PES = 4   DE_inf =  0.03   DE_sup =  0.14   Type = 4   Next type = 4
Time =    113.50   Threshold=****   PES = 4   DE_inf =  0.06   DE_sup =  0.09   Type = 4   Next type = 4
Time =    114.00   Threshold=****   PES = 4   DE_inf =  0.07   DE_sup =  0.05   Type = 4   Next type = 4
Time =    114.50   Threshold=****   PES = 4   DE_inf =  0.08   DE_sup =  0.02   Type = 4   Next type = 4
Time =    115.00   Threshold=****   PES = 5   DE_inf =  0.00   DE_sup =  0.43   Type = 4   Next type = 4
Time =    115.50   Threshold=****   PES = 4   DE_inf =  0.04   DE_sup =  0.02   Type = 4   Next type = 4
Time =    116.00   Threshold=****   PES = 4   DE_inf =  0.01   DE_sup =  0.03   Type = 4   Next type = 4
Time =    116.50   Threshold=****   PES = 4   DE_inf =  0.02   DE_sup =  0.01   Type = 4   Next type = 4
Time =    117.00   Threshold=****   PES = 4   DE_inf =  0.04   DE_sup =  0.01   Type = 4   Next type = 4
Time =    117.50   Threshold=****   PES = 4   DE_inf =  0.02   DE_sup =  0.04   Type = 4   Next type = 4
Time =    118.00   Threshold=****   PES = 3   DE_inf =  1.43   DE_sup =  0.01   Type = 4   Next type = 4
Time =    118.50   Threshold=****   PES = 3   DE_inf =  1.43   DE_sup =  0.04   Type = 4   Next type = 4
Time =    119.00   Threshold=****   PES = 3   DE_inf =  1.43   DE_sup =  0.08   Type = 4   Next type = 4
Time =    119.50   Threshold=****   PES = 3   DE_inf =  1.42   DE_sup =  0.13   Type = 4   Next type = 4
Time =    120.00   Threshold=****   PES = 3   DE_inf =  1.40   DE_sup =  0.19   Type = 4   Next type = 4
Time =    120.50   Threshold=****   PES = 3   DE_inf =  1.38   DE_sup =  0.26   Type = 4   Next type = 4
Time =    121.00   Threshold=****   PES = 3   DE_inf =  1.35   DE_sup =  0.32   Type = 4   Next type = 4
Time =    121.50   Threshold=****   PES = 3   DE_inf =  1.32   DE_sup =  0.32   Type = 4   Next type = 4
Time =    122.00   Threshold=****   PES = 3   DE_inf =  1.29   DE_sup =  0.32   Type = 4   Next type = 4
Time =    122.50   Threshold=****   PES = 3   DE_inf =  1.25   DE_sup =  0.32   Type = 4   Next type = 4
Time =    123.00   Threshold=****   PES = 3   DE_inf =  1.21   DE_sup =  0.31   Type = 4   Next type = 4
Time =    123.50   Threshold=****   PES = 3   DE_inf =  1.16   DE_sup =  0.32   Type = 4   Next type = 4
Time =    124.00   Threshold=****   PES = 3   DE_inf =  1.11   DE_sup =  0.32   Type = 4   Next type = 4
Time =    124.50   Threshold=****   PES = 3   DE_inf =  1.06   DE_sup =  0.33   Type = 4   Next type = 4
Time =    125.00   Threshold=****   PES = 3   DE_inf =  1.01   DE_sup =  0.35   Type = 4   Next type = 4
Time =    125.50   Threshold=****   PES = 3   DE_inf =  0.96   DE_sup =  0.36   Type = 4   Next type = 4
Time =    126.00   Threshold=****   PES = 3   DE_inf =  0.91   DE_sup =  0.38   Type = 4   Next type = 4
Time =    126.50   Threshold=****   PES = 3   DE_inf =  0.87   DE_sup =  0.40   Type = 4   Next type = 4
Time =    127.00   Threshold=****   PES = 3   DE_inf =  0.83   DE_sup =  0.42   Type = 4   Next type = 4
Time =    127.50   Threshold=****   PES = 3   DE_inf =  0.80   DE_sup =  0.44   Type = 4   Next type = 4
Time =    128.00   Threshold=****   PES = 3   DE_inf =  0.78   DE_sup =  0.45   Type = 4   Next type = 4
Time =    128.50   Threshold=****   PES = 3   DE_inf =  0.76   DE_sup =  0.47   Type = 4   Next type = 4
Time =    129.00   Threshold=****   PES = 3   DE_inf =  0.76   DE_sup =  0.47   Type = 4   Next type = 4
Time =    129.50   Threshold=****   PES = 3   DE_inf =  0.76   DE_sup =  0.42   Type = 4   Next type = 4
Time =    130.00   Threshold=****   PES = 3   DE_inf =  0.76   DE_sup =  0.37   Type = 4   Next type = 4
Time =    130.50   Threshold=****   PES = 3   DE_inf =  0.78   DE_sup =  0.31   Type = 4   Next type = 4
Time =    131.00   Threshold=****   PES = 3   DE_inf =  0.80   DE_sup =  0.25   Type = 4   Next type = 4
Time =    131.50   Threshold=****   PES = 3   DE_inf =  0.83   DE_sup =  0.19   Type = 4   Next type = 4
Time =    132.00   Threshold=****   PES = 3   DE_inf =  0.86   DE_sup =  0.13   Type = 4   Next type = 4
Time =    132.50   Threshold=****   PES = 3   DE_inf =  0.90   DE_sup =  0.08   Type = 4   Next type = 4
Time =    133.00   Threshold=****   PES = 3   DE_inf =  0.94   DE_sup =  0.04   Type = 4   Next type = 4
Time =    133.50   Threshold=****   PES = 3   DE_inf =  0.99   DE_sup =  0.00   Type = 4   Next type = 4
Time =    134.00   Threshold=****   PES = 3   DE_inf =  1.01   DE_sup =  0.02   Type = 4   Next type = 4
Time =    134.50   Threshold=****   PES = 3   DE_inf =  1.04   DE_sup =  0.05   Type = 4   Next type = 4
Time =    135.00   Threshold=****   PES = 3   DE_inf =  1.07   DE_sup =  0.06   Type = 4   Next type = 4
Time =    135.50   Threshold=****   PES = 3   DE_inf =  1.12   DE_sup =  0.07   Type = 4   Next type = 4
Time =    136.00   Threshold=****   PES = 3   DE_inf =  1.16   DE_sup =  0.08   Type = 4   Next type = 4
Time =    136.50   Threshold=****   PES = 3   DE_inf =  1.22   DE_sup =  0.07   Type = 4   Next type = 4
Time =    137.00   Threshold=****   PES = 3   DE_inf =  1.27   DE_sup =  0.07   Type = 4   Next type = 4
Time =    137.50   Threshold=****   PES = 3   DE_inf =  1.32   DE_sup =  0.04   Type = 4   Next type = 4
Time =    138.00   Threshold=****   PES = 3   DE_inf =  1.37   DE_sup =  0.01   Type = 4   Next type = 4
Time =    138.50   Threshold=****   PES = 3   DE_inf =  1.39   DE_sup =  0.02   Type = 4   Next type = 4
Time =    139.00   Threshold=****   PES = 3   DE_inf =  1.41   DE_sup =  0.05   Type = 4   Next type = 4
Time =    139.50   Threshold=****   PES = 3   DE_inf =  1.42   DE_sup =  0.06   Type = 4   Next type = 4
Time =    140.00   Threshold=****   PES = 3   DE_inf =  1.43   DE_sup =  0.07   Type = 4   Next type = 4
Time =    140.50   Threshold=****   PES = 3   DE_inf =  1.44   DE_sup =  0.07   Type = 4   Next type = 4
Time =    141.00   Threshold=****   PES = 3   DE_inf =  1.44   DE_sup =  0.08   Type = 4   Next type = 4
Time =    141.50   Threshold=****   PES = 3   DE_inf =  1.44   DE_sup =  0.08   Type = 4   Next type = 4
Time =    142.00   Threshold=****   PES = 3   DE_inf =  1.44   DE_sup =  0.08   Type = 4   Next type = 4
Time =    142.50   Threshold=****   PES = 3   DE_inf =  1.44   DE_sup =  0.08   Type = 4   Next type = 4
Time =    143.00   Threshold=****   PES = 3   DE_inf =  1.43   DE_sup =  0.08   Type = 4   Next type = 4
Time =    143.50   Threshold=****   PES = 3   DE_inf =  1.43   DE_sup =  0.07   Type = 4   Next type = 4
Time =    144.00   Threshold=****   PES = 3   DE_inf =  1.42   DE_sup =  0.06   Type = 4   Next type = 4
Time =    144.50   Threshold=****   PES = 3   DE_inf =  1.41   DE_sup =  0.04   Type = 4   Next type = 4
Time =    145.00   Threshold=****   PES = 3   DE_inf =  1.41   DE_sup =  0.02   Type = 4   Next type = 4
Time =    145.50   Threshold=****   PES = 3   DE_inf =  1.40   DE_sup =  0.00   Type = 4   Next type = 4
Time =    146.00   Threshold=****   PES = 6   DE_inf =  0.35   DE_sup = -----   Type = 4   Next type = 2
Time =    146.50   Threshold=****   PES = 6   DE_inf =  0.34   DE_sup = -----   Type = 2   Next type = 2
Time =    147.00   Threshold=****   PES = 6   DE_inf =  0.30   DE_sup = -----   Type = 2   Next type = 2
Time =    147.50   Threshold=****   PES = 6   DE_inf =  0.24   DE_sup = -----   Type = 2   Next type = 2
Time =    148.00   Threshold=****   PES = 6   DE_inf =  0.18   DE_sup = -----   Type = 2   Next type = 2
Time =    148.50   Threshold=****   PES = 6   DE_inf =  0.12   DE_sup = -----   Type = 2   Next type = 2
Time =    149.00   Threshold=****   PES = 6   DE_inf =  0.05   DE_sup = -----   Type = 2   Next type = 2
Time =    149.50   Threshold=****   PES = 5   DE_inf =  0.19   DE_sup =  0.02   Type = 2   Next type = 4
Time =    150.00   Threshold=****   PES = 6   DE_inf =  0.08   DE_sup = -----   Type = 4   Next type = 2
Time =    150.50   Threshold=****   PES = 6   DE_inf =  0.13   DE_sup = -----   Type = 2   Next type = 2
Time =    151.00   Threshold=****   PES = 6   DE_inf =  0.17   DE_sup = -----   Type = 2   Next type = 2
Time =    151.50   Threshold=****   PES = 6   DE_inf =  0.20   DE_sup = -----   Type = 2   Next type = 2
Time =    152.00   Threshold=****   PES = 6   DE_inf =  0.21   DE_sup = -----   Type = 2   Next type = 2
Time =    152.50   Threshold=****   PES = 6   DE_inf =  0.22   DE_sup = -----   Type = 2   Next type = 2
Time =    153.00   Threshold=****   PES = 6   DE_inf =  0.21   DE_sup = -----   Type = 2   Next type = 2
Time =    153.50   Threshold=****   PES = 6   DE_inf =  0.19   DE_sup = -----   Type = 2   Next type = 2
Time =    154.00   Threshold=****   PES = 6   DE_inf =  0.17   DE_sup = -----   Type = 2   Next type = 2
Time =    154.50   Threshold=****   PES = 6   DE_inf =  0.14   DE_sup = -----   Type = 2   Next type = 2
Time =    155.00   Threshold=****   PES = 6   DE_inf =  0.11   DE_sup = -----   Type = 2   Next type = 2
Time =    155.50   Threshold=****   PES = 6   DE_inf =  0.07   DE_sup = -----   Type = 2   Next type = 2
Time =    156.00   Threshold=****   PES = 6   DE_inf =  0.02   DE_sup = -----   Type = 2   Next type = 2
Time =    156.50   Threshold=****   PES = 5   DE_inf =  0.15   DE_sup =  0.04   Type = 2   Next type = 4
Time =    157.00   Threshold=****   PES = 5   DE_inf =  0.13   DE_sup =  0.09   Type = 4   Next type = 4
Time =    157.50   Threshold=****   PES = 5   DE_inf =  0.11   DE_sup =  0.16   Type = 4   Next type = 4
Time =    158.00   Threshold=****   PES = 5   DE_inf =  0.08   DE_sup =  0.23   Type = 4   Next type = 4
Time =    158.50   Threshold=****   PES = 5   DE_inf =  0.04   DE_sup =  0.30   Type = 4   Next type = 4
Time =    159.00   Threshold=****   PES = 5   DE_inf =  0.00   DE_sup =  0.38   Type = 4   Next type = 4
Time =    159.50   Threshold=****   PES = 5   DE_inf =  0.00   DE_sup =  0.42   Type = 4   Next type = 4
Time =    160.00   Threshold=****   PES = 5   DE_inf =  0.03   DE_sup =  0.42   Type = 4   Next type = 4
Time =    160.50   Threshold=****   PES = 5   DE_inf =  0.04   DE_sup =  0.41   Type = 4   Next type = 4
Time =    161.00   Threshold=****   PES = 5   DE_inf =  0.05   DE_sup =  0.41   Type = 4   Next type = 4
Time =    161.50   Threshold=****   PES = 5   DE_inf =  0.04   DE_sup =  0.41   Type = 4   Next type = 4
Time =    162.00   Threshold=****   PES = 5   DE_inf =  0.03   DE_sup =  0.41   Type = 4   Next type = 4
Time =    162.50   Threshold=****   PES = 5   DE_inf =  0.01   DE_sup =  0.41   Type = 4   Next type = 4
Time =    163.00   Threshold=****   PES = 4   DE_inf =  0.26   DE_sup =  0.02   Type = 4   Next type = 4
Time =    163.50   Threshold=****   PES = 4   DE_inf =  0.24   DE_sup =  0.05   Type = 4   Next type = 4
Time =    164.00   Threshold=****   PES = 4   DE_inf =  0.20   DE_sup =  0.09   Type = 4   Next type = 4
Time =    164.50   Threshold=****   PES = 4   DE_inf =  0.14   DE_sup =  0.14   Type = 4   Next type = 4
Time =    165.00   Threshold=****   PES = 4   DE_inf =  0.07   DE_sup =  0.19   Type = 4   Next type = 4
Time =    165.50   Threshold=****   PES = 4   DE_inf =  0.02   DE_sup =  0.23   Type = 4   Next type = 4
Time =    166.00   Threshold=****   PES = 3   DE_inf =  1.29   DE_sup =  0.10   Type = 4   Next type = 4
Time =    166.50   Threshold=****   PES = 3   DE_inf =  1.24   DE_sup =  0.19   Type = 4   Next type = 4
Time =    167.00   Threshold=****   PES = 3   DE_inf =  1.20   DE_sup =  0.28   Type = 4   Next type = 4
Time =    167.50   Threshold=****   PES = 3   DE_inf =  1.15   DE_sup =  0.38   Type = 4   Next type = 4
Time =    168.00   Threshold=****   PES = 3   DE_inf =  1.10   DE_sup =  0.38   Type = 4   Next type = 4
Time =    168.50   Threshold=****   PES = 3   DE_inf =  1.05   DE_sup =  0.38   Type = 4   Next type = 4
Time =    169.00   Threshold=****   PES = 3   DE_inf =  0.99   DE_sup =  0.38   Type = 4   Next type = 4
Time =    169.50   Threshold=****   PES = 3   DE_inf =  0.95   DE_sup =  0.39   Type = 4   Next type = 4
Time =    170.00   Threshold=****   PES = 3   DE_inf =  0.90   DE_sup =  0.39   Type = 4   Next type = 4
Time =    170.50   Threshold=****   PES = 3   DE_inf =  0.86   DE_sup =  0.40   Type = 4   Next type = 4
Time =    171.00   Threshold=****   PES = 3   DE_inf =  0.83   DE_sup =  0.41   Type = 4   Next type = 4
Time =    171.50   Threshold=****   PES = 3   DE_inf =  0.80   DE_sup =  0.42   Type = 4   Next type = 4
Time =    172.00   Threshold=****   PES = 3   DE_inf =  0.78   DE_sup =  0.42   Type = 4   Next type = 4
Time =    172.50   Threshold=****   PES = 3   DE_inf =  0.77   DE_sup =  0.43   Type = 4   Next type = 4
Time =    173.00   Threshold=****   PES = 3   DE_inf =  0.76   DE_sup =  0.44   Type = 4   Next type = 4
Time =    173.50   Threshold=****   PES = 3   DE_inf =  0.76   DE_sup =  0.45   Type = 4   Next type = 4
Time =    174.00   Threshold=****   PES = 3   DE_inf =  0.76   DE_sup =  0.45   Type = 4   Next type = 4
Time =    174.50   Threshold=****   PES = 3   DE_inf =  0.78   DE_sup =  0.46   Type = 4   Next type = 4
Time =    175.00   Threshold=****   PES = 3   DE_inf =  0.80   DE_sup =  0.47   Type = 4   Next type = 4
Time =    175.50   Threshold=****   PES = 3   DE_inf =  0.82   DE_sup =  0.44   Type = 4   Next type = 4
Time =    176.00   Threshold=****   PES = 3   DE_inf =  0.84   DE_sup =  0.38   Type = 4   Next type = 4
Time =    176.50   Threshold=****   PES = 3   DE_inf =  0.88   DE_sup =  0.32   Type = 4   Next type = 4
Time =    177.00   Threshold=****   PES = 3   DE_inf =  0.91   DE_sup =  0.26   Type = 4   Next type = 4
Time =    177.50   Threshold=****   PES = 3   DE_inf =  0.95   DE_sup =  0.21   Type = 4   Next type = 4
Time =    178.00   Threshold=****   PES = 3   DE_inf =  0.99   DE_sup =  0.16   Type = 4   Next type = 4
Time =    178.50   Threshold=****   PES = 3   DE_inf =  1.02   DE_sup =  0.11   Type = 4   Next type = 4
Time =    179.00   Threshold=****   PES = 3   DE_inf =  1.06   DE_sup =  0.08   Type = 4   Next type = 4
Time =    179.50   Threshold=****   PES = 3   DE_inf =  1.10   DE_sup =  0.05   Type = 4   Next type = 4
Time =    180.00   Threshold=****   PES = 3   DE_inf =  1.14   DE_sup =  0.03   Type = 4   Next type = 4
Time =    180.50   Threshold=****   PES = 3   DE_inf =  1.17   DE_sup =  0.02   Type = 4   Next type = 4
Time =    181.00   Threshold=****   PES = 3   DE_inf =  1.21   DE_sup =  0.01   Type = 4   Next type = 4
Time =    181.50   Threshold=****   PES = 3   DE_inf =  1.23   DE_sup =  0.02   Type = 4   Next type = 4
Time =    182.00   Threshold=****   PES = 3   DE_inf =  1.26   DE_sup =  0.03   Type = 4   Next type = 4
Time =    182.50   Threshold=****   PES = 3   DE_inf =  1.28   DE_sup =  0.02   Type = 4   Next type = 4
Time =    183.00   Threshold=****   PES = 3   DE_inf =  1.30   DE_sup =  0.02   Type = 4   Next type = 4
Time =    183.50   Threshold=****   PES = 3   DE_inf =  1.31   DE_sup =  0.03   Type = 4   Next type = 4
Time =    184.00   Threshold=****   PES = 3   DE_inf =  1.32   DE_sup =  0.05   Type = 4   Next type = 4
Time =    184.50   Threshold=****   PES = 3   DE_inf =  1.32   DE_sup =  0.07   Type = 4   Next type = 4
Time =    185.00   Threshold=****   PES = 3   DE_inf =  1.32   DE_sup =  0.09   Type = 4   Next type = 4
Time =    185.50   Threshold=****   PES = 3   DE_inf =  1.32   DE_sup =  0.11   Type = 4   Next type = 4
Time =    186.00   Threshold=****   PES = 3   DE_inf =  1.31   DE_sup =  0.15   Type = 4   Next type = 4
Time =    186.50   Threshold=****   PES = 3   DE_inf =  1.30   DE_sup =  0.18   Type = 4   Next type = 4
Time =    187.00   Threshold=****   PES = 3   DE_inf =  1.29   DE_sup =  0.23   Type = 4   Next type = 4
Time =    187.50   Threshold=****   PES = 3   DE_inf =  1.27   DE_sup =  0.28   Type = 4   Next type = 4
Time =    188.00   Threshold=****   PES = 3   DE_inf =  1.24   DE_sup =  0.33   Type = 4   Next type = 4
Time =    188.50   Threshold=****   PES = 3   DE_inf =  1.21   DE_sup =  0.36   Type = 4   Next type = 4
Time =    189.00   Threshold=****   PES = 3   DE_inf =  1.18   DE_sup =  0.38   Type = 4   Next type = 4
Time =    189.50   Threshold=****   PES = 3   DE_inf =  1.14   DE_sup =  0.38   Type = 4   Next type = 4
Time =    190.00   Threshold=****   PES = 3   DE_inf =  1.10   DE_sup =  0.38   Type = 4   Next type = 4
Time =    190.50   Threshold=****   PES = 3   DE_inf =  1.06   DE_sup =  0.38   Type = 4   Next type = 4
Time =    191.00   Threshold=****   PES = 4   DE_inf =  0.39   DE_sup =  0.07   Type = 4   Next type = 4
Time =    191.50   Threshold=****   PES = 4   DE_inf =  0.39   DE_sup =  0.08   Type = 4   Next type = 4
Time =    192.00   Threshold=****   PES = 4   DE_inf =  0.40   DE_sup =  0.08   Type = 4   Next type = 4
Time =    192.50   Threshold=****   PES = 4   DE_inf =  0.41   DE_sup =  0.09   Type = 4   Next type = 4
Time =    193.00   Threshold=****   PES = 4   DE_inf =  0.41   DE_sup =  0.08   Type = 4   Next type = 4
Time =    193.50   Threshold=****   PES = 4   DE_inf =  0.42   DE_sup =  0.08   Type = 4   Next type = 4
Time =    194.00   Threshold=****   PES = 4   DE_inf =  0.43   DE_sup =  0.07   Type = 4   Next type = 4
Time =    194.50   Threshold=****   PES = 4   DE_inf =  0.43   DE_sup =  0.06   Type = 4   Next type = 4
Time =    195.00   Threshold=****   PES = 4   DE_inf =  0.44   DE_sup =  0.04   Type = 4   Next type = 4
Time =    195.50   Threshold=****   PES = 4   DE_inf =  0.44   DE_sup =  0.02   Type = 4   Next type = 4
Time =    196.00   Threshold=****   PES = 4   DE_inf =  0.44   DE_sup =  0.00   Type = 4   Next type = 4
Time =    196.50   Threshold=****   PES = 4   DE_inf =  0.43   DE_sup =  0.02   Type = 4   Next type = 4
Time =    197.00   Threshold=****   PES = 4   DE_inf =  0.40   DE_sup =  0.05   Type = 4   Next type = 4
Time =    197.50   Threshold=****   PES = 4   DE_inf =  0.37   DE_sup =  0.07   Type = 4   Next type = 4
Time =    198.00   Threshold=****   PES = 4   DE_inf =  0.32   DE_sup =  0.06   Type = 4   Next type = 4
Time =    198.50   Threshold=****   PES = 4   DE_inf =  0.28   DE_sup =  0.05   Type = 4   Next type = 4
Time =    199.00   Threshold=****   PES = 4   DE_inf =  0.23   DE_sup =  0.03   Type = 4   Next type = 4
Time =    199.50   Threshold=****   PES = 4   DE_inf =  0.19   DE_sup =  0.01   Type = 4   Next type = 4
Time =    200.00   Threshold=****   PES = 5   DE_inf =  0.02   DE_sup =  0.30   Type = 4   Next type = 4
Time =    200.50   Threshold=****   PES = 5   DE_inf =  0.05   DE_sup =  0.34   Type = 4   Next type = 4
Time =    201.00   Threshold=****   PES = 5   DE_inf =  0.06   DE_sup =  0.37   Type = 4   Next type = 4
Time =    201.50   Threshold=****   PES = 5   DE_inf =  0.02   DE_sup =  0.40   Type = 4   Next type = 4
Time =    202.00   Threshold=****   PES = 5   DE_inf =  0.01   DE_sup =  0.42   Type = 4   Next type = 4
Time =    202.50   Threshold=****   PES = 5   DE_inf =  0.03   DE_sup =  0.42   Type = 4   Next type = 4
