 -----------------------
   integrator =       5
   phase      =       1
   nohop      =       0
   forcesurf  =       1
   getphase   =       1
   nrelax     =       0
   vdoth      =       1
   tully      =       1
   ms         =      20
   mom        =       1
   seed       =       1
   adjmom     =   -1.00
   probmin    =  0.0000
   popdev     =   0.050
   decay      =  0.1000
 -----------------------
|v.h|=     0.000000    0.000000    0.000000    0.000000    0.000000    0.000000    0.000000    0.000000    0.000000    0.000000
Integration of the TDSH for the electrons
Integrator = 5          Hopping is allowed    
  substep     step  surf    populations      Total pop
        0        0     4    0.000000000    0.999999992
                            0.000013698
                            0.023645343
                            0.974334383
                            0.002006568
|v.h|=     0.000000    0.000000    0.000000    0.000000    0.000002   -0.000085    0.000000    0.000000    0.000000    0.000015
        1        1     4    0.000000000    1.000000000
                            0.000013325
                            0.023503266
                            0.974493630
                            0.001989779
|v.h|=     0.000000    0.000000    0.000000    0.000000    0.000051   -0.001698    0.000000    0.000000    0.000000    0.000315
       21        2     4    0.000000000    1.000000000
                            0.000007342
                            0.017631057
                            0.980673542
                            0.001688060
|v.h|=     0.000000    0.000000    0.000000    0.000000    0.000092   -0.001824    0.000000    0.000000    0.000000    0.000608
       41        3     4    0.000000000    1.000000000
                            0.000002879
                            0.012346895
                            0.986215823
                            0.001434403
|v.h|=     0.000000    0.000000    0.000000    0.000000    0.000094   -0.001831    0.000000    0.000000    0.000000    0.000591
       61        4     4    0.000000000    1.000000000
                            0.000002186
                            0.010964731
                            0.987760925
                            0.001272159
|v.h|=     0.000000    0.000000    0.000000    0.000000    0.000098   -0.001360    0.000000    0.000000    0.000000    0.000584
       81        5     4    0.000000000    1.000000000
                            0.000004993
                            0.012754812
                            0.986050036
                            0.001190160
|v.h|=     0.000000    0.000000    0.000000    0.000000    0.000103    0.005493    0.000000    0.000000    0.000000    0.000517
      101        6     4    0.000000000    1.000000000
                            0.000009861
                            0.011453688
                            0.987374139
                            0.001162312

Velocity before hopping:
     -0.000210     -0.000155      0.000139
     -0.000051      0.000429      0.000067
     -0.000392      0.000231     -0.000096
      0.000045     -0.000227      0.000016
      0.000048     -0.000009      0.000011
      0.000054     -0.000476     -0.000193
     -0.000692      0.000154      0.000062
      0.000089      0.000312     -0.000206
      0.000070      0.000109     -0.000088
     -0.000338     -0.000387      0.000420
      0.000129     -0.000501     -0.000228
     -0.000342     -0.000353     -0.000300
     -0.000092      0.000231      0.000079
     -0.000207      0.000383     -0.000004
     -0.000166     -0.000249     -0.000028
      0.000198     -0.000269      0.000113
     -0.000057     -0.000109     -0.000266
     -0.000240      0.000068     -0.000197
      0.000326     -0.000364     -0.000181
     -0.000240     -0.000406      0.000173
      0.000132      0.000629      0.000130
     -0.000120      0.000173     -0.000237
      0.001583      0.000420      0.001475
     -0.001003      0.001604     -0.001089
      0.002866      0.001087     -0.000195
      0.002889      0.000422      0.001644
      0.002466      0.000603     -0.000072
      0.001598     -0.000224      0.000071
      0.001881      0.000161      0.000713
      0.002061     -0.001696     -0.000700
      0.001860     -0.000412     -0.001249
     -0.001433     -0.000219      0.001623
      0.000938     -0.000360      0.001564
     -0.001061      0.000506     -0.000753
     -0.001132     -0.000031      0.000395
     -0.001720     -0.001292      0.000417

      Ekin old          Ekin new          Etot old          Etot new
      0.1137368638      0.1144351010    -49.1889760523    -49.1889760523

------------------------------------------------------------------------
     SURFACE HOPPING! THE SURFACE CHANGES FROM   4 TO   3
     CYCLE COUNT:        6
     POTENTIAL ENERGY VARIATION (eV)       -0.0190000000
------------------------------------------------------------------------

Velocity after hopping:
     -0.000210     -0.000155      0.000139
     -0.000051      0.000431      0.000067
     -0.000393      0.000231     -0.000096
      0.000045     -0.000228      0.000016
      0.000048     -0.000010      0.000011
      0.000054     -0.000477     -0.000193
     -0.000695      0.000154      0.000062
      0.000089      0.000313     -0.000207
      0.000070      0.000109     -0.000089
     -0.000339     -0.000388      0.000421
      0.000129     -0.000503     -0.000228
     -0.000344     -0.000355     -0.000301
     -0.000092      0.000231      0.000079
     -0.000208      0.000384     -0.000004
     -0.000166     -0.000250     -0.000028
      0.000198     -0.000269      0.000113
     -0.000057     -0.000110     -0.000266
     -0.000241      0.000068     -0.000198
      0.000327     -0.000366     -0.000181
     -0.000240     -0.000407      0.000174
      0.000132      0.000631      0.000130
     -0.000120      0.000174     -0.000237
      0.001588      0.000421      0.001479
     -0.001006      0.001609     -0.001092
      0.002875      0.001090     -0.000196
      0.002898      0.000424      0.001649
      0.002474      0.000605     -0.000073
      0.001603     -0.000224      0.000072
      0.001887      0.000161      0.000715
      0.002067     -0.001701     -0.000702
      0.001866     -0.000413     -0.001252
     -0.001437     -0.000219      0.001628
      0.000941     -0.000361      0.001569
     -0.001064      0.000508     -0.000755
     -0.001135     -0.000031      0.000396
     -0.001725     -0.001296      0.000418
|v.h|=     0.000000    0.000000    0.000002    0.000000    0.000078    0.065900    0.000000    0.000000    0.000014   -0.000393
      121        7     3    0.000000000    1.000000000
                            0.000013209
                            0.476821977
                            0.522181558
                            0.000983256
|v.h|=     0.000000    0.000000    0.000047    0.000000    0.000000   -0.001135    0.000000    0.000000    0.000301    0.000000
      141        8     3    0.000000000    1.000000000
                            0.000011399
                            0.960841790
                            0.038389796
                            0.000757014
|v.h|=     0.000000    0.000000    0.000023    0.000000    0.000000   -0.003855    0.000000    0.000000    0.000538    0.000000
      161        9     3    0.000000000    1.000000000
                            0.000009137
                            0.943861226
                            0.055602049
                            0.000527588
|v.h|=     0.000000    0.000000   -0.000087    0.000000    0.000000   -0.003396    0.000000    0.000000    0.000467    0.000000
      181       10     3    0.000000000    1.000000000
                            0.000007358
                            0.914785401
                            0.084818985
                            0.000388257
|v.h|=     0.000000    0.000000   -0.000224    0.000000    0.000000   -0.003222    0.000000    0.000000    0.000353    0.000000
      201       11     3    0.000000000    1.000000000
                            0.000021644
                            0.887094288
                            0.112559716
                            0.000324352
|v.h|=     0.000000    0.000000   -0.000375    0.000000    0.000000   -0.002951    0.000000    0.000000    0.000213    0.000000
      221       12     3    0.000000000    1.000000000
                            0.000085109
                            0.864297819
                            0.135341901
                            0.000275171
|v.h|=     0.000000    0.000000   -0.000533    0.000000    0.000000   -0.002612    0.000000    0.000000    0.000095    0.000000
      241       13     3    0.000000000    1.000000000
                            0.000239374
                            0.850589810
                            0.148951953
                            0.000218863
|v.h|=     0.000000    0.000000   -0.000559    0.000000    0.000000   -0.002269    0.000000    0.000000   -0.000006    0.000000
      261       14     3    0.000000000    1.000000000
                            0.000468870
                            0.848272806
                            0.151091245
                            0.000167079
|v.h|=     0.000000    0.000000   -0.000519    0.000000    0.000000   -0.001950    0.000000    0.000000   -0.000041    0.000000
      281       15     3    0.000000000    1.000000000
                            0.000676711
                            0.857593727
                            0.141596253
                            0.000133309
|v.h|=     0.000000    0.000000   -0.000387    0.000000    0.000000   -0.001690    0.000000    0.000000    0.000027    0.000000
      301       16     3    0.000000000    1.000000000
                            0.000752299
                            0.877498335
                            0.121643476
                            0.000105889
|v.h|=     0.000000    0.000000   -0.000218    0.000000    0.000000   -0.001372    0.000000    0.000000    0.000689    0.000000
      321       17     3    0.000000000    1.000000000
                            0.000655206
                            0.904579552
                            0.094756950
                            0.000008292
|v.h|=     0.000000    0.000000   -0.000083    0.000000    0.000000   -0.000542    0.000000    0.000000    0.001417    0.000000
      341       18     3    0.000000000    1.000000000
                            0.000471743
                            0.931584891
                            0.067642344
                            0.000301021
|v.h|=     0.000000    0.000000   -0.000005    0.000000    0.000000   -0.000154    0.000000    0.000000    0.001214    0.000000
      361       19     3    0.000000000    1.000000000
                            0.000308619
                            0.951515089
                            0.046829697
                            0.001346595
|v.h|=     0.000000    0.000000    0.000019    0.000000    0.000000   -0.000302    0.000000    0.000000    0.000987    0.000000
      381       20     3    0.000000000    1.000000000
                            0.000201940
                            0.966130400
                            0.031540574
                            0.002127086
|v.h|=     0.000000    0.000000    0.000011    0.000000    0.000000   -0.000289    0.000000    0.000000    0.000893    0.000000
      401       21     3    0.000000000    1.000000000
                            0.000133920
                            0.977250501
                            0.020362523
                            0.002253056
|v.h|=     0.000000    0.000000   -0.000001    0.000000    0.000000   -0.000274    0.000000    0.000000    0.000822    0.000000
      421       22     3    0.000000000    1.000000000
                            0.000085785
                            0.985208380
                            0.012842494
                            0.001863341
|v.h|=     0.000000    0.000000   -0.000007    0.000000    0.000000   -0.000269    0.000000    0.000000    0.000768    0.000000
      441       23     3    0.000000000    1.000000000
                            0.000052476
                            0.990691267
                            0.008027303
                            0.001228954
|v.h|=     0.000000    0.000000   -0.000005    0.000000    0.000000   -0.000275    0.000000    0.000000    0.000730    0.000000
      461       24     3    0.000000000    1.000000000
                            0.000031770
                            0.994222712
                            0.005109652
                            0.000635866
|v.h|=     0.000000    0.000000    0.000011    0.000000    0.000000   -0.000293    0.000000    0.000000    0.000703    0.000000
      481       25     3    0.000000000    1.000000000
                            0.000019158
                            0.996260687
                            0.003463684
                            0.000256471
|v.h|=     0.000000    0.000000    0.000042    0.000000    0.000000   -0.000323    0.000000    0.000000    0.000686    0.000000
      501       26     3    0.000000000    1.000000000
                            0.000009323
                            0.997237718
                            0.002636112
                            0.000116847
|v.h|=     0.000000    0.000000    0.000067    0.000000    0.000000   -0.000349    0.000000    0.000000    0.000689    0.000000
      521       27     3    0.000000000    1.000000000
                            0.000002032
                            0.997571884
                            0.002288400
                            0.000137684
|v.h|=     0.000000    0.000000    0.000092    0.000000    0.000000   -0.000359    0.000000    0.000000    0.000713    0.000000
      541       28     3    0.000000000    1.000000000
                            0.000000175
                            0.997640266
                            0.002140918
                            0.000218641
|v.h|=     0.000000    0.000000    0.000123    0.000000    0.000000   -0.000347    0.000000    0.000000    0.000772    0.000000
      561       29     3    0.000000000    1.000000000
                            0.000004967
                            0.997711751
                            0.001983105
                            0.000300177
|v.h|=     0.000000    0.000000    0.000154    0.000000    0.000000   -0.000300    0.000000    0.000000    0.000829    0.000000
      581       30     3    0.000000000    1.000000000
                            0.000015311
                            0.997914575
                            0.001707659
                            0.000362455
|v.h|=     0.000000    0.000000    0.000166    0.000000    0.000000   -0.000216    0.000000    0.000000    0.000862    0.000000
      601       31     3    0.000000000    1.000000000
                            0.000026401
                            0.998253578
                            0.001320388
                            0.000399634
|v.h|=     0.000000    0.000000    0.000167    0.000000    0.000000   -0.000110    0.000000    0.000000    0.000845    0.000000
      621       32     3    0.000000000    1.000000000
                            0.000032717
                            0.998644561
                            0.000917125
                            0.000405597
|v.h|=     0.000000    0.000000    0.000161    0.000000    0.000000   -0.000004    0.000000    0.000000    0.000799    0.000000
      641       33     3    0.000000000    1.000000000
                            0.000032691
                            0.998987359
                            0.000603198
                            0.000376752
|v.h|=     0.000000    0.000000    0.000159    0.000000    0.000000    0.000072    0.000000    0.000000    0.000713    0.000000
      661       34     3    0.000000000    1.000000000
                            0.000028597
                            0.999231960
                            0.000421433
                            0.000318009
|v.h|=     0.000000    0.000000    0.000164    0.000000    0.000000    0.000098    0.000000    0.000000    0.000662    0.000000
      681       35     3    0.000000000    1.000000000
                            0.000023953
                            0.999393612
                            0.000333626
                            0.000248810
|v.h|=     0.000000    0.000000    0.000211    0.000000    0.000000    0.000052    0.000000    0.000000    0.000569    0.000000
      701       36     3    0.000000000    1.000000000
                            0.000023211
                            0.999525279
                            0.000263888
                            0.000187622
|v.h|=     0.000000    0.000000    0.000296    0.000000    0.000000   -0.000045    0.000000    0.000000    0.000444    0.000000
      721       37     3    0.000000000    1.000000000
                            0.000035483
                            0.999658211
                            0.000175985
                            0.000130322
|v.h|=     0.000000    0.000000    0.000374    0.000000    0.000000   -0.000170    0.000000    0.000000    0.000348    0.000000
      741       38     3    0.000000000    1.000000000
                            0.000071819
                            0.999744416
                            0.000104430
                            0.000079335
|v.h|=     0.000000    0.000000    0.000403    0.000000    0.000000   -0.000303    0.000000    0.000000    0.000250    0.000000
      761       39     3    0.000000000    1.000000000
                            0.000126408
                            0.999721193
                            0.000109638
                            0.000042760
|v.h|=     0.000000    0.000000    0.000357    0.000000    0.000000   -0.000446    0.000000    0.000000    0.000197    0.000000
      781       40     3    0.000000000    1.000000000
                            0.000166261
                            0.999583987
                            0.000228611
                            0.000021142
|v.h|=     0.000000    0.000000    0.000264    0.000000    0.000000   -0.000612    0.000000    0.000000    0.000142    0.000000
      801       41     3    0.000000000    1.000000000
                            0.000162347
                            0.999349963
                            0.000476776
                            0.000010914
|v.h|=     0.000000    0.000000    0.000137    0.000000    0.000000   -0.000794    0.000000    0.000000    0.000238    0.000000
      821       42     3    0.000000000    1.000000000
                            0.000119904
                            0.998999923
                            0.000870490
                            0.000009683
|v.h|=     0.000000    0.000000    0.000023    0.000000    0.000000   -0.000960    0.000000    0.000000    0.000399    0.000000
      841       43     3    0.000000000    1.000000000
                            0.000072518
                            0.998470216
                            0.001420804
                            0.000036463
|v.h|=     0.000000    0.000000   -0.000074    0.000000    0.000000   -0.001039    0.000000    0.000000    0.000385    0.000000
      861       44     3    0.000000000    1.000000000
                            0.000049343
                            0.997782437
                            0.002075809
                            0.000092411
|v.h|=     0.000000    0.000000   -0.000152    0.000000    0.000000   -0.000978    0.000000    0.000000    0.000333    0.000000
      881       45     3    0.000000000    1.000000000
                            0.000056874
                            0.997151029
                            0.002662659
                            0.000129438
|v.h|=     0.000000    0.000000   -0.000228    0.000000    0.000000   -0.000741    0.000000    0.000000    0.000272    0.000000
      901       46     3    0.000000000    1.000000000
                            0.000088072
                            0.996870707
                            0.002910864
                            0.000130357
|v.h|=     0.000000    0.000000   -0.000296    0.000000    0.000000   -0.000351    0.000000    0.000000    0.000227    0.000000
      921       47     3    0.000000000    1.000000000
                            0.000133547
                            0.997113275
                            0.002646274
                            0.000106905
|v.h|=     0.000000    0.000000   -0.000355    0.000000    0.000000    0.000112    0.000000    0.000000    0.000182    0.000000
      941       48     3    0.000000000    1.000000000
                            0.000186063
                            0.997690800
                            0.002047588
                            0.000075549
|v.h|=     0.000000    0.000000   -0.000395    0.000000    0.000000    0.000553    0.000000    0.000000    0.000127    0.000000
      961       49     3    0.000000000    1.000000000
                            0.000240519
                            0.998059000
                            0.001654013
                            0.000046468
|v.h|=     0.000000    0.000000   -0.000401    0.000000    0.000000    0.000890    0.000000    0.000000    0.000052    0.000000
      981       50     3    0.000000000    1.000000000
                            0.000288431
                            0.997671578
                            0.002014709
                            0.000025282
|v.h|=     0.000000    0.000000   -0.000386    0.000000    0.000000    0.001076    0.000000    0.000000   -0.000049    0.000000
     1001       51     3    0.000000000    1.000000000
                            0.000319724
                            0.996402492
                            0.003261590
                            0.000016194
|v.h|=     0.000000    0.000000   -0.000366    0.000000    0.000000    0.001104    0.000000    0.000000   -0.000171    0.000000
     1021       52     3    0.000000000    1.000000000
                            0.000331233
                            0.994667220
                            0.004975184
                            0.000026362
|v.h|=     0.000000    0.000000   -0.000359    0.000000    0.000000    0.001003    0.000000    0.000000   -0.000290    0.000000
     1041       53     3    0.000000000    1.000000000
                            0.000328273
                            0.993161975
                            0.006445479
                            0.000064273
|v.h|=     0.000000    0.000000   -0.000361    0.000000    0.000000    0.000826    0.000000    0.000000   -0.000378    0.000000
     1061       54     3    0.000000000    1.000000000
                            0.000318688
                            0.992435241
                            0.007118300
                            0.000127771
|v.h|=     0.000000    0.000000   -0.000358    0.000000    0.000000    0.000636    0.000000    0.000000   -0.000407    0.000000
     1081       55     3    0.000000000    1.000000000
                            0.000307304
                            0.992631566
                            0.006869942
                            0.000191188
|v.h|=     0.000000    0.000000   -0.000294    0.000000    0.000000    0.000458    0.000000    0.000000   -0.000351    0.000000
     1101       56     3    0.000000000    1.000000000
                            0.000286012
                            0.993564844
                            0.005936796
                            0.000212348
|v.h|=     0.000000    0.000000   -0.000171    0.000000    0.000000    0.000315    0.000000    0.000000   -0.000200    0.000000
     1121       57     3    0.000000000    1.000000000
                            0.000239120
                            0.994892163
                            0.004699118
                            0.000169599
|v.h|=     0.000000    0.000000   -0.000013    0.000000    0.000000    0.000210    0.000000    0.000000    0.000018    0.000000
     1141       58     3    0.000000000    1.000000000
                            0.000174618
                            0.996247110
                            0.003477034
                            0.000101238
|v.h|=     0.000000    0.000000    0.000131    0.000000    0.000000    0.000130    0.000000    0.000000    0.000243    0.000000
     1161       59     3    0.000000000    1.000000000
                            0.000134021
                            0.997324687
                            0.002453726
                            0.000087565
|v.h|=     0.000000    0.000000    0.000224    0.000000    0.000000    0.000066    0.000000    0.000000    0.000411    0.000000
     1181       60     3    0.000000000    1.000000000
                            0.000152693
                            0.997993468
                            0.001689043
                            0.000164796
|v.h|=     0.000000    0.000000    0.000256    0.000000    0.000000    0.000011    0.000000    0.000000    0.000500    0.000000
     1201       61     3    0.000000000    1.000000000
                            0.000215470
                            0.998331258
                            0.001173077
                            0.000280195
|v.h|=     0.000000    0.000000    0.000240    0.000000    0.000000   -0.000042    0.000000    0.000000    0.000522    0.000000
     1221       62     3    0.000000000    1.000000000
                            0.000270579
                            0.998520772
                            0.000855743
                            0.000352906
|v.h|=     0.000000    0.000000    0.000204    0.000000    0.000000   -0.000084    0.000000    0.000000    0.000504    0.000000
     1241       63     3    0.000000000    1.000000000
                            0.000280485
                            0.998700730
                            0.000669721
                            0.000349065
|v.h|=     0.000000    0.000000    0.000168    0.000000    0.000000   -0.000120    0.000000    0.000000    0.000458    0.000000
     1261       64     3    0.000000000    1.000000000
                            0.000245312
                            0.998915264
                            0.000552691
                            0.000286733
|v.h|=     0.000000    0.000000    0.000143    0.000000    0.000000   -0.000154    0.000000    0.000000    0.000400    0.000000
     1281       65     3    0.000000000    1.000000000
                            0.000186025
                            0.999146571
                            0.000464407
                            0.000202997
|v.h|=     0.000000    0.000000    0.000128    0.000000    0.000000   -0.000186    0.000000    0.000000    0.000332    0.000000
     1301       66     3    0.000000000    1.000000000
                            0.000123318
                            0.999366583
                            0.000382760
                            0.000127339
|v.h|=     0.000000    0.000000    0.000129    0.000000    0.000000   -0.000217    0.000000    0.000000    0.000255    0.000000
     1321       67     3    0.000000000    1.000000000
                            0.000069516
                            0.999556834
                            0.000301278
                            0.000072371
|v.h|=     0.000000    0.000000    0.000136    0.000000    0.000000   -0.000240    0.000000    0.000000    0.000174    0.000000
     1341       68     3    0.000000000    1.000000000
                            0.000030422
                            0.999708841
                            0.000223354
                            0.000037383
|v.h|=     0.000000    0.000000    0.000140    0.000000    0.000000   -0.000244    0.000000    0.000000    0.000088    0.000000
     1361       69     3    0.000000000    1.000000000
                            0.000008781
                            0.999816652
                            0.000157355
                            0.000017212
|v.h|=     0.000000    0.000000    0.000139    0.000000    0.000000   -0.000225    0.000000    0.000000   -0.000013    0.000000
     1381       70     3    0.000000000    1.000000000
                            0.000002988
                            0.999879820
                            0.000108989
                            0.000008203
|v.h|=     0.000000    0.000000    0.000130    0.000000    0.000000   -0.000165    0.000000    0.000000   -0.000136    0.000000
     1401       71     3    0.000000000    1.000000000
                            0.000006909
                            0.999904944
                            0.000076277
                            0.000011869
|v.h|=     0.000000    0.000000    0.000111    0.000000    0.000000   -0.000070    0.000000    0.000000   -0.000306    0.000000
     1421       72     3    0.000000000    1.000000000
                            0.000012725
                            0.999894662
                            0.000052085
                            0.000040528
|v.h|=     0.000000    0.000000    0.000078    0.000000    0.000000    0.000051    0.000000    0.000000   -0.000414    0.000000
     1441       73     3    0.000000000    1.000000000
                            0.000014514
                            0.999844709
                            0.000036912
                            0.000103866
|v.h|=     0.000000    0.000000    0.000037    0.000000    0.000000    0.000177    0.000000    0.000000   -0.000377    0.000000
     1461       74     3    0.000000000    1.000000000
                            0.000011391
                            0.999780168
                            0.000046361
                            0.000162080
|v.h|=     0.000000    0.000000   -0.000011    0.000000    0.000000    0.000285    0.000000    0.000000   -0.000328    0.000000
     1481       75     3    0.000000000    1.000000000
                            0.000007075
                            0.999719287
                            0.000100450
                            0.000173187
|v.h|=     0.000000    0.000000   -0.000037    0.000000    0.000000    0.000368    0.000000    0.000000   -0.000284    0.000000
     1501       76     3    0.000000000    1.000000000
                            0.000005627
                            0.999644908
                            0.000203091
                            0.000146374
|v.h|=     0.000000    0.000000   -0.000043    0.000000    0.000000    0.000409    0.000000    0.000000   -0.000213    0.000000
     1521       77     3    0.000000000    1.000000000
                            0.000006574
                            0.999561685
                            0.000328986
                            0.000102755
|v.h|=     0.000000    0.000000   -0.000021    0.000000    0.000000    0.000403    0.000000    0.000000   -0.000134    0.000000
     1541       78     3    0.000000000    1.000000000
                            0.000006369
                            0.999503299
                            0.000429708
                            0.000060624
|v.h|=     0.000000    0.000000    0.000023    0.000000    0.000000    0.000355    0.000000    0.000000   -0.000046    0.000000
     1561       79     3    0.000000000    1.000000000
                            0.000003929
                            0.999501755
                            0.000462736
                            0.000031580
|v.h|=     0.000000    0.000000    0.000093    0.000000    0.000000    0.000285    0.000000    0.000000    0.000047    0.000000
     1581       80     3    0.000000000    1.000000000
                            0.000003831
                            0.999555897
                            0.000420091
                            0.000020182
|v.h|=     0.000000    0.000000    0.000167    0.000000    0.000000    0.000228    0.000000    0.000000    0.000151    0.000000
     1601       81     3    0.000000000    1.000000000
                            0.000014849
                            0.999626304
                            0.000330063
                            0.000028785
|v.h|=     0.000000    0.000000    0.000205    0.000000    0.000000    0.000228    0.000000    0.000000    0.000253    0.000000
     1621       82     3    0.000000000    1.000000000
                            0.000038848
                            0.999668592
                            0.000231795
                            0.000060764
|v.h|=     0.000000    0.000000    0.000205    0.000000    0.000000    0.000296    0.000000    0.000000    0.000315    0.000000
     1641       83     3    0.000000000    1.000000000
                            0.000063291
                            0.999674988
                            0.000148717
                            0.000113005
|v.h|=     0.000000    0.000000    0.000170    0.000000    0.000000    0.000391    0.000000    0.000000    0.000327    0.000000
     1661       84     3    0.000000000    1.000000000
                            0.000073086
                            0.999657944
                            0.000102002
                            0.000166968
|v.h|=     0.000000    0.000000    0.000116    0.000000    0.000000    0.000480    0.000000    0.000000    0.000324    0.000000
     1681       85     3    0.000000000    1.000000000
                            0.000064176
                            0.999607843
                            0.000124136
                            0.000203845
|v.h|=     0.000000    0.000000    0.000062    0.000000    0.000000    0.000542    0.000000    0.000000    0.000319    0.000000
     1701       86     3    0.000000000    1.000000000
                            0.000045476
                            0.999495385
                            0.000240115
                            0.000219024
|v.h|=     0.000000    0.000000    0.000012    0.000000    0.000000    0.000588    0.000000    0.000000    0.000313    0.000000
     1721       87     3    0.000000000    1.000000000
                            0.000028614
                            0.999303917
                            0.000451086
                            0.000216383
|v.h|=     0.000000    0.000000   -0.000018    0.000000    0.000000    0.000585    0.000000    0.000000    0.000288    0.000000
     1741       88     3    0.000000000    1.000000000
                            0.000019240
                            0.999054679
                            0.000726049
                            0.000200032
|v.h|=     0.000000    0.000000   -0.000044    0.000000    0.000000    0.000519    0.000000    0.000000    0.000240    0.000000
     1761       89     3    0.000000000    1.000000000
                            0.000016937
                            0.998821740
                            0.000988915
                            0.000172407
|v.h|=     0.000000    0.000000   -0.000060    0.000000    0.000000    0.000378    0.000000    0.000000    0.000165    0.000000
     1781       90     3    0.000000000    1.000000000
                            0.000018418
                            0.998708228
                            0.001137061
                            0.000136293
|v.h|=     0.000000    0.000000   -0.000083    0.000000    0.000000    0.000149    0.000000    0.000000    0.000076    0.000000
     1801       91     3    0.000000000    1.000000000
                            0.000021312
                            0.998790523
                            0.001090334
                            0.000097831
|v.h|=     0.000000    0.000000   -0.000124    0.000000    0.000000   -0.000151    0.000000    0.000000   -0.000012    0.000000
     1821       92     3    0.000000000    1.000000000
                            0.000026114
                            0.999029315
                            0.000876357
                            0.000068214
|v.h|=     0.000000    0.000000   -0.000187    0.000000    0.000000   -0.000478    0.000000    0.000000   -0.000074    0.000000
     1841       93     3    0.000000000    1.000000000
                            0.000036181
                            0.999197608
                            0.000708920
                            0.000057291
|v.h|=     0.000000    0.000000   -0.000266    0.000000    0.000000   -0.000774    0.000000    0.000000   -0.000093    0.000000
     1861       94     3    0.000000000    1.000000000
                            0.000059427
                            0.998935617
                            0.000941947
                            0.000063008
|v.h|=     0.000000    0.000000   -0.000342    0.000000    0.000000   -0.000976    0.000000    0.000000   -0.000051    0.000000
     1881       95     3    0.000000000    1.000000000
                            0.000106482
                            0.997982939
                            0.001843459
                            0.000067121
|v.h|=     0.000000    0.000000   -0.000392    0.000000    0.000000   -0.001059    0.000000    0.000000    0.000069    0.000000
     1901       96     3    0.000000000    1.000000000
                            0.000180164
                            0.996442787
                            0.003328805
                            0.000048244
|v.h|=     0.000000    0.000000   -0.000404    0.000000    0.000000   -0.000967    0.000000    0.000000    0.000332    0.000000
     1921       97     3    0.000000000    1.000000000
                            0.000264467
                            0.994878808
                            0.004838889
                            0.000017837
|v.h|=     0.000000    0.000000   -0.000387    0.000000    0.000000   -0.000556    0.000000    0.000000    0.000695    0.000000
     1941       98     3    0.000000000    1.000000000
                            0.000331682
                            0.994186711
                            0.005355246
                            0.000126361
|v.h|=     0.000000    0.000000   -0.000349    0.000000    0.000000   -0.000341    0.000000    0.000000    0.001003    0.000000
     1961       99     3    0.000000000    1.000000000
                            0.000361300
                            0.994144928
                            0.004835572
                            0.000658200
|v.h|=     0.000000    0.000000   -0.000293    0.000000    0.000000   -0.000252    0.000000    0.000000    0.000962    0.000000
     1981      100     3    0.000000000    1.000000000
                            0.000347677
                            0.994180155
                            0.003978823
                            0.001493345
|v.h|=     0.000000    0.000000   -0.000214    0.000000    0.000000   -0.000263    0.000000    0.000000    0.000893    0.000000
     2001      101     3    0.000000000    1.000000000
                            0.000296880
                            0.994466171
                            0.003130025
                            0.002106924
|v.h|=     0.000000    0.000000   -0.000116    0.000000    0.000000   -0.000273    0.000000    0.000000    0.000832    0.000000
     2021      102     3    0.000000000    1.000000000
                            0.000224964
                            0.995168074
                            0.002361678
                            0.002245284
|v.h|=     0.000000    0.000000   -0.000026    0.000000    0.000000   -0.000260    0.000000    0.000000    0.000766    0.000000
     2041      103     3    0.000000000    1.000000000
                            0.000157056
                            0.996256256
                            0.001681059
                            0.001905629
|v.h|=     0.000000    0.000000    0.000052    0.000000    0.000000   -0.000202    0.000000    0.000000    0.000625    0.000000
     2061      104     3    0.000000000    1.000000000
                            0.000115091
                            0.997486851
                            0.001124108
                            0.001273950
|v.h|=     0.000000    0.000000    0.000076    0.000000    0.000000   -0.000122    0.000000    0.000000    0.000156    0.000000
     2081      105     3    0.000000000    1.000000000
                            0.000100459
                            0.998491392
                            0.000724283
                            0.000683867
|v.h|=     0.000000    0.000000    0.000077    0.000000    0.000000   -0.000015    0.000000    0.000000    0.000130    0.000000
     2101      106     3    0.000000000    1.000000000
                            0.000097080
                            0.999079997
                            0.000487281
                            0.000335642
|v.h|=     0.000000    0.000000    0.000069    0.000000    0.000000    0.000088    0.000000    0.000000    0.000231    0.000000
     2121      107     3    0.000000000    1.000000000
                            0.000092388
                            0.999404818
                            0.000385970
                            0.000116823
|v.h|=     0.000000    0.000000    0.000065    0.000000    0.000000    0.000171    0.000000    0.000000    0.000270    0.000000
     2141      108     3    0.000000000    1.000000000
                            0.000082818
                            0.999527133
                            0.000371997
                            0.000018052
|v.h|=     0.000000    0.000000    0.000071    0.000000    0.000000    0.000231    0.000000    0.000000    0.000319    0.000000
     2161      109     3    0.000000000    1.000000000
                            0.000070277
                            0.999503507
                            0.000397914
                            0.000028302
|v.h|=     0.000000    0.000000    0.000081    0.000000    0.000000    0.000261    0.000000    0.000000    0.000379    0.000000
     2181      110     3    0.000000000    1.000000000
                            0.000056195
                            0.999412469
                            0.000425703
                            0.000105633
|v.h|=     0.000000    0.000000    0.000089    0.000000    0.000000    0.000263    0.000000    0.000000    0.000442    0.000000
     2201      111     3    0.000000000    1.000000000
                            0.000041446
                            0.999319950
                            0.000430630
                            0.000207975
|v.h|=     0.000000    0.000000    0.000087    0.000000    0.000000    0.000234    0.000000    0.000000    0.000504    0.000000
     2221      112     3    0.000000000    1.000000000
                            0.000027631
                            0.999270607
                            0.000401166
                            0.000300597
|v.h|=     0.000000    0.000000    0.000072    0.000000    0.000000    0.000177    0.000000    0.000000    0.000557    0.000000
     2241      113     3    0.000000000    1.000000000
                            0.000016538
                            0.999280526
                            0.000338848
                            0.000364088
|v.h|=     0.000000    0.000000    0.000052    0.000000    0.000000    0.000110    0.000000    0.000000    0.000597    0.000000
     2261      114     3    0.000000000    1.000000000
                            0.000008891
                            0.999335400
                            0.000259796
                            0.000395913
