 -----------------------
   integrator =       5
   phase      =       1
   nohop      =       0
   forcesurf  =       1
   getphase   =       1
   nrelax     =       0
   vdoth      =       1
   tully      =       1
   ms         =      20
   mom        =       1
   seed       =       1
   adjmom     =   -1.00
   probmin    =  0.0000
   popdev     =   0.050
   decay      =  0.1000
 -----------------------
|v.h|=     0.000000    0.000000    0.000000    0.000000    0.000000    0.000000    0.000000    0.000000    0.000000    0.000000
Integration of the TDSH for the electrons
Integrator = 5          Hopping is allowed    
  substep     step  surf    populations      Total pop
        0        0     4    0.000000000    0.999999968
                            0.000000589
                            0.110571188
                            0.856571394
                            0.032856798
|v.h|=     0.000000    0.000000    0.000000    0.000000    0.000007   -0.000109    0.000000    0.000000    0.000000   -0.000016
        1        1     4    0.000000000    1.000000000
                            0.000000575
                            0.109627923
                            0.857722091
                            0.032649411
|v.h|=     0.000000    0.000000    0.000000    0.000000    0.000132   -0.002121    0.000000    0.000000    0.000000   -0.000287
       21        2     4    0.000000000    1.000000000
                            0.000002824
                            0.085495622
                            0.885247227
                            0.029254327
|v.h|=     0.000000    0.000000    0.000000    0.000000    0.000119   -0.000965    0.000000    0.000000    0.000000    0.000301
       41        3     4    0.000000000    1.000000000
                            0.000008753
                            0.063156667
                            0.911063927
                            0.025770653
|v.h|=     0.000000    0.000000    0.000000    0.000000    0.000103   -0.000363    0.000000    0.000000    0.000000    0.000317
       61        4     4    0.000000000    1.000000000
                            0.000011582
                            0.049047346
                            0.928560327
                            0.022380744
|v.h|=     0.000000    0.000000    0.000000    0.000000    0.000073    0.000163    0.000000    0.000000    0.000000    0.000281
       81        5     4    0.000000000    1.000000000
                            0.000009909
                            0.040743532
                            0.939417170
                            0.019829388
|v.h|=     0.000000    0.000000    0.000000    0.000000    0.000031    0.000668    0.000000    0.000000    0.000000    0.000252
      101        6     4    0.000000000    1.000000000
                            0.000005978
                            0.037374650
                            0.944719496
                            0.017899875
|v.h|=     0.000000    0.000000    0.000000    0.000000   -0.000009    0.001186    0.000000    0.000000    0.000000    0.000277
      121        7     4    0.000000000    1.000000000
                            0.000003259
                            0.038365177
                            0.945201741
                            0.016429823
|v.h|=     0.000000    0.000000    0.000000    0.000000   -0.000042    0.001724    0.000000    0.000000    0.000000    0.000365
      141        8     4    0.000000000    1.000000000
                            0.000003266
                            0.043375952
                            0.941159941
                            0.015460841
|v.h|=     0.000000    0.000000    0.000000    0.000000   -0.000072    0.002241    0.000000    0.000000    0.000000    0.000504
      161        9     4    0.000000000    1.000000000
                            0.000005162
                            0.052120368
                            0.932712980
                            0.015161490
|v.h|=     0.000000    0.000000    0.000000    0.000000   -0.000092    0.002640    0.000000    0.000000    0.000000    0.000633
      181       10     4    0.000000000    1.000000000
                            0.000007356
                            0.063757239
                            0.920562415
                            0.015672990
|v.h|=     0.000000    0.000000    0.000000    0.000000   -0.000084    0.002799    0.000000    0.000000    0.000000    0.000706
      201       11     4    0.000000000    1.000000000
                            0.000007956
                            0.076328720
                            0.906753283
                            0.016910041
|v.h|=     0.000000    0.000000    0.000000    0.000000   -0.000059    0.002641    0.000000    0.000000    0.000000    0.000704
      221       12     4    0.000000000    1.000000000
                            0.000006266
                            0.086575451
                            0.894835269
                            0.018583014
|v.h|=     0.000000    0.000000    0.000000    0.000000    0.000008    0.002206    0.000000    0.000000    0.000000    0.000566
      241       13     4    0.000000000    1.000000000
                            0.000003627
                            0.091101397
                            0.888779243
                            0.020115733
|v.h|=     0.000000    0.000000    0.000000    0.000000    0.000029    0.001625    0.000000    0.000000    0.000000    0.000324
      261       14     4    0.000000000    1.000000000
                            0.000002743
                            0.088338131
                            0.890838686
                            0.020820440
|v.h|=     0.000000    0.000000    0.000000    0.000000    0.000040    0.001025    0.000000    0.000000    0.000000   -0.000065
      281       15     4    0.000000000    1.000000000
                            0.000003283
                            0.079265908
                            0.900717169
                            0.020013640
|v.h|=     0.000000    0.000000    0.000000    0.000000    0.000022    0.000489    0.000000    0.000000    0.000000   -0.000633
      301       16     4    0.000000000    1.000000000
                            0.000003025
                            0.066581066
                            0.916405296
                            0.017010613
|v.h|=     0.000000    0.000000    0.000000    0.000000    0.000022    0.000043    0.000000    0.000000    0.000000   -0.001499
      321       17     4    0.000000000    1.000000000
                            0.000001980
                            0.053358829
                            0.935232253
                            0.011406938
|v.h|=     0.000000    0.000000    0.000000    0.000000    0.000001   -0.000298    0.000000    0.000000    0.000000   -0.002825
      341       18     4    0.000000000    1.000000000
                            0.000001018
                            0.042030044
                            0.953741060
                            0.004227878
|v.h|=     0.000000    0.000000    0.000000    0.000000   -0.000033   -0.000535    0.000000    0.000000    0.000000   -0.005015
      361       19     4    0.000000000    1.000000000
                            0.000000952
                            0.033764842
                            0.964653965
                            0.001580240
|v.h|=     0.000000    0.000000    0.000000    0.000000   -0.000097   -0.000671    0.000000    0.000000    0.000000   -0.008597
      381       20     4    0.000000000    1.000000000
                            0.000003070
                            0.028327655
                            0.944996734
                            0.026672541
|v.h|=     0.000000    0.000000    0.000000    0.000000   -0.000231   -0.000702    0.000000    0.000000    0.000000   -0.012713
      401       21     4    0.000000000    1.000000000
                            0.000012165
                            0.024446437
                            0.838673080
                            0.136868318

Velocity before hopping:
      0.000148      0.000320     -0.000303
      0.000354     -0.000145      0.000107
     -0.000281      0.000132      0.000286
     -0.000257      0.000064     -0.000331
      0.000734     -0.000008     -0.000016
     -0.000632     -0.000146      0.000321
      0.000187     -0.000533      0.000265
     -0.000222     -0.000806     -0.000377
     -0.000384      0.000736     -0.000004
     -0.000056      0.000417     -0.000143
     -0.000158     -0.000239      0.000042
     -0.000497     -0.000105      0.000252
      0.000174     -0.000731      0.000135
     -0.000004      0.000969     -0.000165
      0.000312     -0.000217      0.000037
     -0.000897      0.000349      0.000442
      0.000972      0.000213      0.000053
      0.000050     -0.000202      0.000054
      0.000297     -0.000094      0.000283
     -0.000437     -0.000526     -0.000503
      0.000388      0.000048      0.000180
     -0.000587      0.000122     -0.000088
     -0.000979      0.000256      0.000427
      0.002681     -0.000824     -0.001115
     -0.002324     -0.000149     -0.000620
      0.002283     -0.000592     -0.001585
      0.002794      0.000668     -0.001809
     -0.001496      0.000365      0.001527
      0.002207     -0.000702     -0.000215
      0.004431      0.000411     -0.002007
      0.001152      0.000076      0.000132
     -0.000068      0.002013     -0.001169
     -0.000573      0.001568      0.000071
      0.000452      0.001141      0.000780
     -0.000082     -0.000780     -0.000727
     -0.000780      0.000834      0.000369

      Ekin old          Ekin new          Etot old          Etot new
      0.1823555277      0.1813033210    -49.2486910764    -49.2486910764

------------------------------------------------------------------------
     SURFACE HOPPING! THE SURFACE CHANGES FROM   4 TO   5
     CYCLE COUNT:       21
     POTENTIAL ENERGY VARIATION (eV)        0.0286320000
------------------------------------------------------------------------

Velocity after hopping:
      0.000147      0.000319     -0.000302
      0.000353     -0.000145      0.000106
     -0.000280      0.000132      0.000285
     -0.000256      0.000064     -0.000330
      0.000731     -0.000008     -0.000016
     -0.000630     -0.000146      0.000320
      0.000187     -0.000532      0.000264
     -0.000222     -0.000804     -0.000376
     -0.000383      0.000734     -0.000004
     -0.000056      0.000416     -0.000142
     -0.000157     -0.000238      0.000042
     -0.000495     -0.000105      0.000252
      0.000174     -0.000729      0.000134
     -0.000004      0.000967     -0.000164
      0.000311     -0.000217      0.000037
     -0.000894      0.000348      0.000441
      0.000969      0.000212      0.000053
      0.000050     -0.000202      0.000054
      0.000296     -0.000094      0.000283
     -0.000436     -0.000524     -0.000501
      0.000387      0.000048      0.000180
     -0.000586      0.000122     -0.000088
     -0.000976      0.000256      0.000426
      0.002673     -0.000821     -0.001112
     -0.002317     -0.000148     -0.000618
      0.002277     -0.000590     -0.001581
      0.002786      0.000666     -0.001804
     -0.001492      0.000364      0.001522
      0.002201     -0.000700     -0.000215
      0.004418      0.000410     -0.002002
      0.001148      0.000076      0.000132
     -0.000068      0.002007     -0.001166
     -0.000571      0.001563      0.000071
      0.000451      0.001138      0.000777
     -0.000081     -0.000778     -0.000725
     -0.000778      0.000831      0.000368
|v.h|=     0.000000    0.000000    0.000000    0.000000   -0.000437   -0.000602    0.000000   -0.000005   -0.000022   -0.013039
      421       22     5    0.000000000    1.000000000
                            0.000041750
                            0.020386049
                            0.612807626
                            0.366764574
|v.h|=     0.000000    0.000000    0.000000    0.000000    0.000000    0.000000    0.000000   -0.000085   -0.000442   -0.010780
      441       23     5    0.000000000    1.000000000
                            0.000041906
                            0.015686804
                            0.361122658
                            0.623148631
|v.h|=     0.000000    0.000000    0.000000    0.000000    0.000000    0.000000    0.000000    0.000192   -0.000310   -0.004900
      461       24     5    0.000000000    1.000000000
                            0.000024837
                            0.011392606
                            0.211991718
                            0.776590839
|v.h|=     0.000000    0.000000    0.000000    0.000000    0.000000    0.000000    0.000000    0.000117   -0.000241   -0.003592
      481       25     5    0.000000000    1.000000000
                            0.000030589
                            0.007755772
                            0.140544908
                            0.851668731
|v.h|=     0.000000    0.000000    0.000000    0.000000    0.000000    0.000000    0.000000    0.000081   -0.000166   -0.003068
      501       26     5    0.000000000    1.000000000
                            0.000023588
                            0.004958229
                            0.092546210
                            0.902471972
|v.h|=     0.000000    0.000000    0.000000    0.000000    0.000000    0.000000    0.000000    0.000059   -0.000104   -0.002735
      521       27     5    0.000000000    1.000000000
                            0.000011273
                            0.003025552
                            0.058323308
                            0.938639867
|v.h|=     0.000000    0.000000    0.000000    0.000000    0.000000    0.000000    0.000000    0.000030   -0.000061   -0.002415
      541       28     5    0.000000000    1.000000000
                            0.000003315
                            0.001811092
                            0.034781205
                            0.963404389
|v.h|=     0.000000    0.000000    0.000000    0.000000    0.000000    0.000000    0.000000    0.000016   -0.000046   -0.002081
      561       29     5    0.000000000    1.000000000
                            0.000000688
                            0.001084017
                            0.019934496
                            0.978980799
|v.h|=     0.000000    0.000000    0.000000    0.000000    0.000000    0.000000    0.000000    0.000013   -0.000057   -0.001707
      581       30     5    0.000000000    1.000000000
                            0.000000221
                            0.000650957
                            0.011726214
                            0.987622607
|v.h|=     0.000000    0.000000    0.000000    0.000000    0.000000    0.000000    0.000000    0.000015   -0.000093   -0.001269
      601       31     5    0.000000000    1.000000000
                            0.000000249
                            0.000406562
                            0.008061486
                            0.991531704
|v.h|=     0.000000    0.000000    0.000000    0.000000    0.000000    0.000000    0.000000    0.000005   -0.000152   -0.000752
      621       32     5    0.000000000    1.000000000
                            0.000000180
                            0.000299688
                            0.006902717
                            0.992797415
|v.h|=     0.000000    0.000000    0.000000    0.000000    0.000000    0.000000    0.000000   -0.000015   -0.000233   -0.000137
      641       33     5    0.000000000    1.000000000
                            0.000000111
                            0.000289337
                            0.006510520
                            0.993200031
|v.h|=     0.000000    0.000000    0.000000    0.000000    0.000000    0.000000    0.000000   -0.000003   -0.000327    0.000615
      661       34     5    0.000000000    1.000000000
                            0.000000110
                            0.000328316
                            0.005790913
                            0.993880662
|v.h|=     0.000000    0.000000    0.000000    0.000000    0.000000    0.000000    0.000000    0.000003   -0.000418    0.001475
      681       35     5    0.000000000    1.000000000
                            0.000000044
                            0.000372640
                            0.004797180
                            0.994830136
|v.h|=     0.000000    0.000000    0.000000    0.000000    0.000000    0.000000    0.000000    0.000031   -0.000486    0.002361
      701       36     5    0.000000000    1.000000000
                            0.000000144
                            0.000396797
                            0.005268053
                            0.994335007
|v.h|=     0.000000    0.000000    0.000000    0.000000    0.000000    0.000000    0.000000    0.000100   -0.000504    0.003048
      721       37     5    0.000000000    1.000000000
                            0.000001381
                            0.000392474
                            0.010367770
                            0.989238375
|v.h|=     0.000000    0.000000    0.000000    0.000000    0.000000    0.000000    0.000000    0.000131   -0.000442    0.003204
      741       38     5    0.000000000    1.000000000
                            0.000004065
                            0.000353525
                            0.022186264
                            0.977456146
|v.h|=     0.000000    0.000000    0.000000    0.000000    0.000000    0.000000    0.000000    0.000172   -0.000299    0.002702
      761       39     5    0.000000000    1.000000000
                            0.000006398
                            0.000274906
                            0.038126445
                            0.961592251
|v.h|=     0.000000    0.000000    0.000000    0.000000    0.000000    0.000000    0.000000    0.000193   -0.000094    0.001672
      781       40     5    0.000000000    1.000000000
                            0.000008072
                            0.000178576
                            0.051318488
                            0.948494864
|v.h|=     0.000000    0.000000    0.000000    0.000000    0.000000    0.000000    0.000000    0.000222    0.000121    0.000352
      801       41     5    0.000000000    1.000000000
                            0.000009708
                            0.000119976
                            0.055423273
                            0.944447043
|v.h|=     0.000000    0.000000    0.000000    0.000000    0.000000    0.000000    0.000000    0.000240    0.000318   -0.001072
      821       42     5    0.000000000    1.000000000
                            0.000012187
                            0.000152715
                            0.048696531
                            0.951138566
|v.h|=     0.000000    0.000000    0.000000    0.000000    0.000000    0.000000    0.000000    0.000240    0.000466   -0.002437
      841       43     5    0.000000000    1.000000000
                            0.000014031
                            0.000285771
                            0.034911448
                            0.964788750
|v.h|=     0.000000    0.000000    0.000000    0.000000    0.000000    0.000000    0.000000    0.000245    0.000580   -0.003369
      861       44     5    0.000000000    1.000000000
                            0.000014600
                            0.000483359
                            0.022667831
                            0.976834211
|v.h|=     0.000000    0.000000    0.000000    0.000000    0.000000    0.000000    0.000000    0.000249    0.000645   -0.003537
      881       45     5    0.000000000    1.000000000
                            0.000015074
                            0.000685600
                            0.020159990
                            0.979139336
|v.h|=     0.000000    0.000000    0.000000    0.000000    0.000000    0.000000    0.000000    0.000276    0.000644   -0.002965
      901       46     5    0.000000000    1.000000000
                            0.000017151
                            0.000818940
                            0.027911431
                            0.971252478
|v.h|=     0.000000    0.000000    0.000000    0.000000    0.000000    0.000000    0.000000    0.000275    0.000600   -0.001950
      921       47     5    0.000000000    1.000000000
                            0.000019981
                            0.000835242
                            0.038768822
                            0.960375955
|v.h|=     0.000000    0.000000    0.000000    0.000000    0.000000    0.000000    0.000000    0.000327    0.000505   -0.000916
      941       48     5    0.000000000    1.000000000
                            0.000023488
                            0.000733103
                            0.045178443
                            0.954064966
|v.h|=     0.000000    0.000000    0.000000    0.000000    0.000000    0.000000    0.000000    0.000390    0.000325   -0.000054
      961       49     5    0.000000000    1.000000000
                            0.000033339
                            0.000545924
                            0.044204230
                            0.955216506
|v.h|=     0.000000    0.000000    0.000000    0.000000    0.000000    0.000000    0.000000    0.000450    0.000030    0.000600
      981       50     5    0.000000000    1.000000000
                            0.000050275
                            0.000351794
                            0.037035754
                            0.962562177
|v.h|=     0.000000    0.000000    0.000000    0.000000    0.000000    0.000000    0.000000    0.000390   -0.000313    0.000998
     1001       51     5    0.000000000    1.000000000
                            0.000058642
                            0.000290608
                            0.026955954
                            0.972694796
|v.h|=     0.000000    0.000000    0.000000    0.000000    0.000000    0.000000    0.000000    0.000187   -0.000499    0.001128
     1021       52     5    0.000000000    1.000000000
                            0.000038170
                            0.000441930
                            0.017441390
                            0.982078510
|v.h|=     0.000000    0.000000    0.000000    0.000000    0.000000    0.000000    0.000000   -0.000007   -0.000500    0.000931
     1041       53     5    0.000000000    1.000000000
                            0.000014794
                            0.000656096
                            0.010806111
                            0.988522999
|v.h|=     0.000000    0.000000    0.000000    0.000000    0.000000    0.000000    0.000000   -0.000047   -0.000390    0.000732
     1061       54     5    0.000000000    1.000000000
                            0.000008860
                            0.000720113
                            0.007010315
                            0.992260712
|v.h|=     0.000000    0.000000    0.000000    0.000000    0.000000    0.000000    0.000000   -0.000024   -0.000266    0.000486
     1081       55     5    0.000000000    1.000000000
                            0.000005595
                            0.000602432
                            0.005071459
                            0.994320513
|v.h|=     0.000000    0.000000    0.000000    0.000000    0.000000    0.000000    0.000000    0.000010   -0.000138    0.000287
     1101       56     5    0.000000000    1.000000000
                            0.000002493
                            0.000409147
                            0.004098912
                            0.995489449
|v.h|=     0.000000    0.000000    0.000000    0.000000    0.000000    0.000000    0.000000    0.000056   -0.000033    0.000131
     1121       57     5    0.000000000    1.000000000
                            0.000002492
                            0.000247417
                            0.003483009
                            0.996267082
|v.h|=     0.000000    0.000000    0.000000    0.000000    0.000000    0.000000    0.000000    0.000088    0.000035    0.000081
     1141       58     5    0.000000000    1.000000000
                            0.000004134
                            0.000157543
                            0.002973193
                            0.996865130
|v.h|=     0.000000    0.000000    0.000000    0.000000    0.000000    0.000000    0.000000    0.000104    0.000058    0.000133
     1161       59     5    0.000000000    1.000000000
                            0.000004863
                            0.000116556
                            0.002588127
                            0.997290454
|v.h|=     0.000000    0.000000    0.000000    0.000000    0.000000    0.000000    0.000000    0.000101    0.000036    0.000236
     1181       60     5    0.000000000    1.000000000
                            0.000004241
                            0.000086512
                            0.002418008
                            0.997491239
|v.h|=     0.000000    0.000000    0.000000    0.000000    0.000000    0.000000    0.000000    0.000078   -0.000015    0.000333
     1201       61     5    0.000000000    1.000000000
                            0.000002854
                            0.000055302
                            0.002481022
                            0.997460822
|v.h|=     0.000000    0.000000    0.000000    0.000000    0.000000    0.000000    0.000000    0.000051   -0.000083    0.000376
     1221       62     5    0.000000000    1.000000000
                            0.000001412
                            0.000036060
                            0.002674515
                            0.997288013
|v.h|=     0.000000    0.000000    0.000000    0.000000    0.000000    0.000000    0.000000    0.000031   -0.000150    0.000378
     1241       63     5    0.000000000    1.000000000
                            0.000000486
                            0.000041387
                            0.002855711
                            0.997102416
|v.h|=     0.000000    0.000000    0.000000    0.000000    0.000000    0.000000    0.000000    0.000013   -0.000218    0.000357
     1261       64     5    0.000000000    1.000000000
                            0.000000113
                            0.000067171
                            0.002928861
                            0.997003855
|v.h|=     0.000000    0.000000    0.000000    0.000000    0.000000    0.000000    0.000000   -0.000004   -0.000287    0.000325
     1281       65     5    0.000000000    1.000000000
                            0.000000034
                            0.000099490
                            0.002864024
                            0.997036452
|v.h|=     0.000000    0.000000    0.000000    0.000000    0.000000    0.000000    0.000000   -0.000019   -0.000347    0.000306
     1301       66     5    0.000000000    1.000000000
                            0.000000095
                            0.000126052
                            0.002690643
                            0.997183211
|v.h|=     0.000000    0.000000    0.000000    0.000000    0.000000    0.000000    0.000000   -0.000025   -0.000401    0.000308
     1321       67     5    0.000000000    1.000000000
                            0.000000208
                            0.000143403
                            0.002458673
                            0.997397716
|v.h|=     0.000000    0.000000    0.000000    0.000000    0.000000    0.000000    0.000000   -0.000043   -0.000445    0.000337
     1341       68     5    0.000000000    1.000000000
                            0.000000382
                            0.000156246
                            0.002210079
                            0.997633293
|v.h|=     0.000000    0.000000    0.000000    0.000000    0.000000    0.000000    0.000000   -0.000061   -0.000478    0.000394
     1361       69     5    0.000000000    1.000000000
                            0.000000805
                            0.000170562
                            0.001972511
                            0.997856121
|v.h|=     0.000000    0.000000    0.000000    0.000000    0.000000    0.000000    0.000000   -0.000065   -0.000497    0.000492
     1381       70     5    0.000000000    1.000000000
                            0.000001276
                            0.000188149
                            0.001773519
                            0.998037057
|v.h|=     0.000000    0.000000    0.000000    0.000000    0.000000    0.000000    0.000000   -0.000070   -0.000502    0.000623
     1401       71     5    0.000000000    1.000000000
                            0.000001439
                            0.000205507
                            0.001657157
                            0.998135897
|v.h|=     0.000000    0.000000    0.000000    0.000000    0.000000    0.000000    0.000000   -0.000067   -0.000497    0.000791
     1421       72     5    0.000000000    1.000000000
                            0.000001338
                            0.000217305
                            0.001712012
                            0.998069345
|v.h|=     0.000000    0.000000    0.000000    0.000000    0.000000    0.000000    0.000000   -0.000075   -0.000488    0.000976
     1441       73     5    0.000000000    1.000000000
                            0.000001249
                            0.000220546
                            0.002087968
                            0.997690236
|v.h|=     0.000000    0.000000    0.000000    0.000000    0.000000    0.000000    0.000000   -0.000080   -0.000478    0.001194
     1461       74     5    0.000000000    1.000000000
                            0.000001465
                            0.000217034
                            0.003017964
                            0.996763538
|v.h|=     0.000000    0.000000    0.000000    0.000000    0.000000    0.000000    0.000000   -0.000079   -0.000473    0.001419
     1481       75     5    0.000000000    1.000000000
                            0.000001689
                            0.000211345
                            0.004828336
                            0.994958630
|v.h|=     0.000000    0.000000    0.000000    0.000000    0.000000    0.000000    0.000000   -0.000091   -0.000476    0.001640
     1501       76     5    0.000000000    1.000000000
                            0.000001870
                            0.000209305
                            0.007890280
                            0.991898545
|v.h|=     0.000000    0.000000    0.000000    0.000000    0.000000    0.000000    0.000000   -0.000099   -0.000479    0.001911
     1521       77     5    0.000000000    1.000000000
                            0.000002301
                            0.000215030
                            0.012753802
                            0.987028866
|v.h|=     0.000000    0.000000    0.000000    0.000000    0.000000    0.000000    0.000000   -0.000098   -0.000484    0.002272
     1541       78     5    0.000000000    1.000000000
                            0.000002634
                            0.000229733
                            0.020398082
                            0.979369551
|v.h|=     0.000000    0.000000    0.000000    0.000000    0.000000    0.000000    0.000000   -0.000102   -0.000471    0.003009
     1561       79     5    0.000000000    1.000000000
                            0.000002716
                            0.000250270
                            0.033434907
                            0.966312107
