 Fermi distribution function
 
Geometry optimization step: 21
 

********************************************************************************
  iSCC Total electronic   Diff electronic      SCC error    
    5   -0.49199199E+02    0.49274544E-06    0.62251423E-05
********************************************************************************
 
 Coordinates of moved atoms (au):
    1     11.20266258     -2.12186660     -0.22244096
    2     13.57938990      0.05863052     -0.11197897
    3     12.64053254      2.46728024     -0.07773251
    4      9.95492209      2.53660374     -0.14153803
    5      8.86657309      0.15704037     -0.22420293
    6      6.12061135     -0.46396681     -0.29355733
    7      3.78460739      1.81489574     -0.28143522
    8      1.35799641     -0.36658302     -0.35800694
    9      2.35200024     -2.78822886     -0.39672323
   10      5.02985330     -2.84230615     -0.36178328
   11      1.19736943     -4.48921283     -0.44863869
   12      6.11553071     -4.58903151     -0.38225623
   13     15.56669460     -0.47367923     -0.07589760
   14     13.82369296      4.14703130     -0.00817156
   15      8.87093836      4.28459981     -0.12576309
   16     -1.35798374      0.36658166     -0.35797988
   17     -2.35197565      2.78822536     -0.39660846
   18     -5.02984722      2.84230283     -0.36163810
   19     -6.12060024      0.46396405     -0.29348071
   20     -3.78459172     -1.81490076     -0.28145625
   21     -8.86656094     -0.15704426     -0.22411387
   22     -9.95490755     -2.53661910     -0.14149730
   23    -12.64051371     -2.46729070     -0.07766245
   24    -13.57937198     -0.05864896     -0.11182533
   25    -11.20265531      2.12186380     -0.22225594
   26     -1.19735328      4.48921332     -0.44847997
   27     -6.11552029      4.58903889     -0.38204318
   28     -8.87091323     -4.28460931     -0.12578932
   29    -13.82367665     -4.14705502     -0.00812973
   30    -15.56668613      0.47366001     -0.07570488
 

 Net atomic charges (e)
  Atom       Net charge
     1       0.03277381
     2      -0.11306148
     3      -0.12582798
     4      -0.16573124
     5       0.05351075
     6       0.04867490
     7       0.00991044
     8       0.04900793
     9      -0.16127076
    10      -0.16146273
    11       0.10584356
    12       0.10557135
    13       0.11695259
    14       0.10125856
    15       0.10384973
    16       0.04901336
    17      -0.16127361
    18      -0.16146404
    19       0.04867762
    20       0.00990860
    21       0.05350896
    22      -0.16573281
    23      -0.12582411
    24      -0.11305894
    25       0.03277257
    26       0.10584389
    27       0.10557080
    28       0.10385032
    29       0.10125668
    30       0.11695129
 
 COMPONENT = q
  
 Eigenvalues /H
   -0.83329358
   -0.82467067
   -0.81348027
   -0.80445104
   -0.72340035
   -0.70734896
   -0.70176755
   -0.69953022
   -0.69467316
   -0.69252275
   -0.66324367
   -0.63455152
   -0.57734830
   -0.56139336
   -0.54396384
   -0.52910199
   -0.51447459
   -0.51022142
   -0.49927545
   -0.49797220
   -0.47777098
   -0.46491222
   -0.46471826
   -0.45486961
   -0.44058649
   -0.43999979
   -0.42554095
   -0.42464261
   -0.41165236
   -0.40763916
   -0.39872584
   -0.39548081
   -0.39237741
   -0.38498266
   -0.38012732
   -0.37955799
   -0.37598982
   -0.37057474
   -0.36219086
   -0.36103122
   -0.35468698
   -0.35056317
   -0.33095038
   -0.32589085
   -0.32464227
   -0.32115843
   -0.32092935
   -0.29078978
   -0.25443311
   -0.01607815
    0.02061265
    0.05962421
    0.09454297
    0.10985124
    0.11248526
    0.11568536
    0.11736171
    0.11804111
    0.13905124
    0.15122857
    0.15686709
    0.18202102
    0.18983484
    0.19551387
    0.19740926
    0.21972881
    0.22589728
    0.23346141
    0.23897709
    0.24759220
    0.25048662
    0.25302537
    0.26710162
    0.26724458
    0.28839725
    0.29408416
    0.29769053
    0.59046717
    0.59548881
    0.60074061
    0.65213715
    0.65214905
    0.69758050
    0.70571754
    0.71415799
    0.76029390
    0.78731860
    0.81991767
    0.84318110
    0.84757921
    0.96517855
    0.96751199
    0.97452844
    0.98354199
    1.01716198
    1.02299268
    1.03706005
    1.05180747
    1.16043976
    1.16416493
    1.18391617
    1.20498837
    1.35405879
    1.39413120
    1.44369734
    1.46601676
    1.67677469
    1.73067699
    1.77457133
    1.79322106
 
 Eigenvalues /eV
  -22.67507210
  -22.44043058
  -22.13592435
  -21.89022648
  -19.68472506
  -19.24794455
  -19.09606672
  -19.03518586
  -18.90301846
  -18.84450273
  -18.04777861
  -17.26702553
  -15.71044659
  -15.27629062
  -14.80200930
  -14.39759762
  -13.99956584
  -13.88383113
  -13.58597625
  -13.55051312
  -13.00080974
  -12.65090515
  -12.64562732
  -12.37763191
  -11.98896846
  -11.97300338
  -11.57955829
  -11.55511322
  -11.20163057
  -11.09242581
  -10.84988222
  -10.76158027
  -10.67713262
  -10.47591106
  -10.34379059
  -10.32829852
  -10.23120343
  -10.08385169
   -9.85571463
   -9.82415927
   -9.65152372
   -9.53930934
   -9.00561794
   -8.86794115
   -8.83396558
   -8.73916554
   -8.73293194
   -7.91279254
   -6.92347715
   -0.43750882
    0.56089879
    1.62245729
    2.57264515
    2.98920446
    3.06087976
    3.14795868
    3.19357467
    3.21206200
    3.78377682
    4.11513883
    4.26857059
    4.95304384
    5.16566890
    5.32020318
    5.37177936
    5.97912523
    6.14697777
    6.35280815
    6.50289760
    6.73732662
    6.81608761
    6.88517055
    7.26820500
    7.27209503
    7.84768846
    8.00243727
    8.10057135
   16.06742908
   16.20407499
   16.34698363
   17.74555464
   17.74587855
   18.98213129
   19.20355121
   19.43322752
   20.68864974
   21.42402927
   22.31109505
   22.94412503
   23.06380390
   26.26384455
   26.32734068
   26.51826813
   26.76353935
   27.67838574
   27.83704709
   28.21983964
   28.62113745
   31.57717262
   31.67853957
   32.21599817
   32.78940173
   36.84581444
   37.93624001
   39.28500354
   39.89234573
   45.62736092
   47.09411710
   48.28854291
   48.79602775
 
 Fillings
     2.00000
     2.00000
     2.00000
     2.00000
     2.00000
     2.00000
     2.00000
     2.00000
     2.00000
     2.00000
     2.00000
     2.00000
     2.00000
     2.00000
     2.00000
     2.00000
     2.00000
     2.00000
     2.00000
     2.00000
     2.00000
     2.00000
     2.00000
     2.00000
     2.00000
     2.00000
     2.00000
     2.00000
     2.00000
     2.00000
     2.00000
     2.00000
     2.00000
     2.00000
     2.00000
     2.00000
     2.00000
     2.00000
     2.00000
     2.00000
     2.00000
     2.00000
     2.00000
     2.00000
     2.00000
     2.00000
     2.00000
     2.00000
     2.00000
     0.00000
     0.00000
     0.00000
     0.00000
     0.00000
     0.00000
     0.00000
     0.00000
     0.00000
     0.00000
     0.00000
     0.00000
     0.00000
     0.00000
     0.00000
     0.00000
     0.00000
     0.00000
     0.00000
     0.00000
     0.00000
     0.00000
     0.00000
     0.00000
     0.00000
     0.00000
     0.00000
     0.00000
     0.00000
     0.00000
     0.00000
     0.00000
     0.00000
     0.00000
     0.00000
     0.00000
     0.00000
     0.00000
     0.00000
     0.00000
     0.00000
     0.00000
     0.00000
     0.00000
     0.00000
     0.00000
     0.00000
     0.00000
     0.00000
     0.00000
     0.00000
     0.00000
     0.00000
     0.00000
     0.00000
     0.00000
     0.00000
     0.00000
     0.00000
     0.00000
     0.00000
 
 Nr. of electrons (up):     98.00000000
 Atom populations (up)
  Atom       Population
     1       5.96722619
     2       4.11306148
     3       4.12582798
     4       4.16573124
     5       3.94648925
     6       3.95132510
     7       5.99008956
     8       3.95099207
     9       4.16127076
    10       4.16146273
    11       0.89415644
    12       0.89442865
    13       0.88304741
    14       0.89874144
    15       0.89615027
    16       3.95098664
    17       4.16127361
    18       4.16146404
    19       3.95132238
    20       5.99009140
    21       3.94649104
    22       4.16573281
    23       4.12582411
    24       4.11305894
    25       5.96722743
    26       0.89415611
    27       0.89442920
    28       0.89614968
    29       0.89874332
    30       0.88304871
 
 l-shell populations (up)
  Atom Sh.   l       Population
     1   1   0       1.70383301
     1   2   1       4.10992519
     1   3   2       0.15346798
     2   1   0       1.20673525
     2   2   1       2.90632623
     3   1   0       1.20551061
     3   2   1       2.92031736
     4   1   0       1.21230760
     4   2   1       2.95342364
     5   1   0       1.15717032
     5   2   1       2.78931893
     6   1   0       1.15767440
     6   2   1       2.79365070
     7   1   0       1.70947033
     7   2   1       4.13350556
     7   3   2       0.14711367
     8   1   0       1.15680225
     8   2   1       2.79418982
     9   1   0       1.21146647
     9   2   1       2.94980429
    10   1   0       1.21145730
    10   2   1       2.95000543
    11   1   0       0.89415644
    12   1   0       0.89442865
    13   1   0       0.88304741
    14   1   0       0.89874144
    15   1   0       0.89615027
    16   1   0       1.15680052
    16   2   1       2.79418611
    17   1   0       1.21146748
    17   2   1       2.94980613
    18   1   0       1.21145932
    18   2   1       2.95000472
    19   1   0       1.15767385
    19   2   1       2.79364853
    20   1   0       1.70947074
    20   2   1       4.13350804
    20   3   2       0.14711261
    21   1   0       1.15717217
    21   2   1       2.78931887
    22   1   0       1.21230845
    22   2   1       2.95342437
    23   1   0       1.20550946
    23   2   1       2.92031466
    24   1   0       1.20673455
    24   2   1       2.90632440
    25   1   0       1.70383426
    25   2   1       4.10992610
    25   3   2       0.15346707
    26   1   0       0.89415611
    27   1   0       0.89442920
    28   1   0       0.89614968
    29   1   0       0.89874332
    30   1   0       0.88304871
 
 Orbital populations (up)
  Atom Sh.   l   m       Population
     1   1   0   0       1.70383301
     1   2   1  -1       1.44700340
     1   2   1   0       1.66409917
     1   2   1   1       0.99882262
     1   3   2  -2       0.05587049
     1   3   2  -1       0.01063034
     1   3   2   0       0.01082506
     1   3   2   1       0.04704727
     1   3   2   2       0.02909482
     2   1   0   0       1.20673525
     2   2   1  -1       0.90629197
     2   2   1   0       1.08694711
     2   2   1   1       0.91308715
     3   1   0   0       1.20551061
     3   2   1  -1       0.92986201
     3   2   1   0       1.05553978
     3   2   1   1       0.93491557
     4   1   0   0       1.21230760
     4   2   1  -1       0.92821989
     4   2   1   0       1.08905969
     4   2   1   1       0.93614406
     5   1   0   0       1.15717032
     5   2   1  -1       0.88948246
     5   2   1   0       1.04519999
     5   2   1   1       0.85463648
     6   1   0   0       1.15767440
     6   2   1  -1       0.88920988
     6   2   1   0       1.04702667
     6   2   1   1       0.85741416
     7   1   0   0       1.70947033
     7   2   1  -1       1.44758384
     7   2   1   0       1.68400973
     7   2   1   1       1.00191198
     7   3   2  -2       0.05486755
     7   3   2  -1       0.00980876
     7   3   2   0       0.01051950
     7   3   2   1       0.04441811
     7   3   2   2       0.02749975
     8   1   0   0       1.15680225
     8   2   1  -1       0.89193878
     8   2   1   0       1.04886831
     8   2   1   1       0.85338273
     9   1   0   0       1.21146647
     9   2   1  -1       0.92914150
     9   2   1   0       1.08266077
     9   2   1   1       0.93800202
    10   1   0   0       1.21145730
    10   2   1  -1       0.92985899
    10   2   1   0       1.08279801
    10   2   1   1       0.93734842
    11   1   0   0       0.89415644
    12   1   0   0       0.89442865
    13   1   0   0       0.88304741
    14   1   0   0       0.89874144
    15   1   0   0       0.89615027
    16   1   0   0       1.15680052
    16   2   1  -1       0.89193895
    16   2   1   0       1.04886495
    16   2   1   1       0.85338221
    17   1   0   0       1.21146748
    17   2   1  -1       0.92914152
    17   2   1   0       1.08266324
    17   2   1   1       0.93800137
    18   1   0   0       1.21145932
    18   2   1  -1       0.92985831
    18   2   1   0       1.08279911
    18   2   1   1       0.93734730
    19   1   0   0       1.15767385
    19   2   1  -1       0.88920966
    19   2   1   0       1.04702514
    19   2   1   1       0.85741373
    20   1   0   0       1.70947074
    20   2   1  -1       1.44758306
    20   2   1   0       1.68401350
    20   2   1   1       1.00191148
    20   3   2  -2       0.05486741
    20   3   2  -1       0.00980880
    20   3   2   0       0.01051950
    20   3   2   1       0.04441734
    20   3   2   2       0.02749957
    21   1   0   0       1.15717217
    21   2   1  -1       0.88948158
    21   2   1   0       1.04520047
    21   2   1   1       0.85463681
    22   1   0   0       1.21230845
    22   2   1  -1       0.92821962
    22   2   1   0       1.08906039
    22   2   1   1       0.93614436
    23   1   0   0       1.20550946
    23   2   1  -1       0.92986154
    23   2   1   0       1.05553828
    23   2   1   1       0.93491484
    24   1   0   0       1.20673455
    24   2   1  -1       0.90629061
    24   2   1   0       1.08694715
    24   2   1   1       0.91308663
    25   1   0   0       1.70383426
    25   2   1  -1       1.44700174
    25   2   1   0       1.66410033
    25   2   1   1       0.99882404
    25   3   2  -2       0.05587037
    25   3   2  -1       0.01063035
    25   3   2   0       0.01082508
    25   3   2   1       0.04704677
    25   3   2   2       0.02909451
    26   1   0   0       0.89415611
    27   1   0   0       0.89442920
    28   1   0   0       0.89614968
    29   1   0   0       0.89874332
    30   1   0   0       0.88304871
 
 Fermi energy:                      -0.1816649226 H           -4.9434 eV
 Band energy:                      -48.2282005580 H        -1312.3561 eV
 TS:                                 0.0000000000 H            0.0000 eV
 Band free energy (E-TS):          -48.2282005580 H        -1312.3561 eV
 Extrapolated E(0K):               -48.2282005580 H        -1312.3561 eV
 Input/Output electrons (q):     97.99999581     98.00000000
 
 Energy H0:                        -47.0414616003 H        -1280.0633 eV
 Energy SCC:                         0.0111225632 H            0.3027 eV
 Total Electronic energy:          -49.1991994129 H        -1338.7783 eV
 Repulsive energy:                   0.3275484311 H            8.9130 eV
 Dispersion energy:                  0.1757331486 H            4.7819 eV
 Total energy:                     -48.6959178332 H        -1325.0833 eV
 Total Mermin free energy:         -48.6959178332 H        -1325.0833 eV
 
 SCC converged
 
 Full geometry written in geo_end.{xyz|gen}
 
 Total Forces
   2.0969162749793536E-005  -2.9620895148324447E-005   1.2813938340802903E-005
   1.1715923651843194E-005   2.7488221907068233E-005  -5.3367729317648394E-005
   2.7448302453237164E-006   2.7301432167625012E-005  -2.4092561007495422E-005
   2.1938693751146800E-005  -3.0141965181820773E-005  -1.5286464837500186E-005
  -4.6057466349179281E-005  -2.0760326251687000E-005   2.0343741205385187E-006
  -7.4734194532482916E-005   3.6209553220784008E-005  -2.2790343001928472E-005
   3.9486275880735392E-005  -4.1787031535968334E-005   4.2005696640582096E-005
   5.3942690255936142E-005   2.2712742252118528E-005   3.4395863749487731E-005
   3.3520519587900040E-005   5.9899702555772649E-005  -1.3245757851918102E-005
   7.1998740871666300E-005   5.9662765781662297E-006   4.2633602853183426E-005
  -3.7972567401251900E-005  -3.5364546489988647E-005   1.4940080080166459E-005
  -3.6733988191908241E-005   1.8872768467393091E-005  -5.7238593929470299E-006
   3.3143561001634705E-005   7.2846473984311896E-006  -1.1880433146365083E-005
   2.4565436211326439E-005   1.9504791623037136E-006  -1.3653252834662033E-005
  -4.5206621659490053E-005  -3.9420053892631757E-005   1.1273096729648311E-005
  -5.1920148149755055E-005  -2.4340990855312161E-005   3.4137300223185507E-005
  -4.3317656815138050E-005  -5.8620349471042929E-005  -1.2994880847246601E-005
  -6.5844483910563328E-005  -2.8830874699396769E-006   4.2272482985070223E-005
   7.5295752556544387E-005  -3.6836757302347728E-005  -2.2586005787316756E-005
  -4.0850674242055908E-005   4.2236751327283774E-005   4.2019025304334954E-005
   4.4775840083063380E-005   1.8144225861591035E-005   2.5795156288246348E-006
  -1.8794587663607809E-005   3.5366464537125997E-005  -1.6274117283522806E-005
  -5.9674403685575431E-006  -3.6079340967193341E-005  -2.3128051976270916E-005
  -1.7915405344811827E-005  -2.2312907246364866E-005  -5.3594162503620764E-005
  -1.9998391580058384E-005   2.7033544883549180E-005   1.2767040911159627E-005
   3.8995502645793479E-005   3.5950142391304347E-005   1.4917980078411189E-005
   3.7948534168360257E-005  -2.1595945350139870E-005  -5.6697011654136155E-006
   4.4521122698343079E-005   3.9358303136968406E-005   1.1402230384803469E-005
  -2.1674483337768852E-005   2.6386481329285227E-006  -1.3951184436615180E-005
  -2.8574476384476315E-005  -8.6497065491834973E-006  -1.1953722717901176E-005
 
 Maximal derivative component:       0.752958E-04 au
 Max force for moved atoms::         0.752958E-04 au
 
 Dipole moment  :    0.00000081   -0.00000785    0.00755839 au
 Dipole moment  :    0.00000205   -0.00001994    0.01921150 Debye
 
 Geometry converged
 
