 -----------------------
   integrator =       5
   phase      =       1
   nohop      =       0
   forcesurf  =       1
   getphase   =       1
   nrelax     =       0
   vdoth      =       1
   tully      =       1
   ms         =      20
   mom        =       1
   seed       =       1
   adjmom     =   -1.00
   probmin    =  0.0000
   popdev     =   0.050
   decay      =  0.1000
 -----------------------
|v.h|=     0.000000    0.000000    0.000000    0.000000    0.000000    0.000000    0.000000    0.000000    0.000000    0.000000
Integration of the TDSH for the electrons
Integrator = 5          Hopping is allowed    
  substep     step  surf    populations      Total pop
        0        0     5    0.000000000    1.000000061
                            0.000004862
                            0.002066990
                            0.535760071
                            0.462168138
|v.h|=     0.000000    0.000000    0.000000    0.000000    0.000000    0.000000    0.000000    0.000006   -0.000018   -0.000001
        1        1     5    0.000000000    1.000000000
                            0.000004672
                            0.002035273
                            0.533765328
                            0.464194727
|v.h|=     0.000000    0.000000    0.000000    0.000000    0.000000    0.000000    0.000000    0.000130   -0.000325    0.000026
       21        2     5    0.000000000    1.000000000
                            0.000003202
                            0.001601381
                            0.494389800
                            0.504005617
|v.h|=     0.000000    0.000000    0.000000    0.000000    0.000000    0.000000    0.000000    0.000259    0.000192    0.000775
       41        3     5    0.000000000    1.000000000
                            0.000005524
                            0.001206071
                            0.468049968
                            0.530738436
|v.h|=     0.000000    0.000000    0.000000    0.000000    0.000000    0.000000    0.000000    0.000295    0.000329    0.001172
       61        4     5    0.000000000    1.000000000
                            0.000014066
                            0.000685507
                            0.456721585
                            0.542578841

Velocity before hopping:
     -0.000603      0.000128      0.000041
     -0.000069      0.000072      0.000122
      0.000181      0.000364      0.000322
     -0.000039     -0.000706     -0.000003
     -0.000023     -0.000277     -0.000158
     -0.000039     -0.000250     -0.000395
     -0.000171      0.000169      0.000025
      0.000014     -0.000093     -0.000033
     -0.000012      0.000512      0.000135
      0.000764      0.000522      0.000158
     -0.000371     -0.000741     -0.000043
      0.000826      0.000166      0.000109
     -0.000703     -0.000302     -0.000194
     -0.000169     -0.000197     -0.000227
     -0.000082     -0.000136     -0.000072
     -0.000058     -0.000112     -0.000102
     -0.000522      0.000560     -0.000080
      0.000105      0.000896      0.000232
      0.000006     -0.000285      0.000074
     -0.000120      0.000263      0.000043
      0.000001      0.000103     -0.000163
     -0.000327     -0.000116     -0.000173
     -0.000500     -0.000643      0.000950
      0.000814      0.001896      0.001108
     -0.001834      0.001744      0.000342
     -0.002995     -0.003593     -0.000180
      0.001327     -0.001487      0.001385
     -0.000268     -0.000300      0.001943
      0.003552      0.000566     -0.000905
     -0.000289     -0.000754      0.001633
      0.001091      0.000489      0.000947
      0.003806     -0.000959     -0.000705
      0.001392      0.002026     -0.000924
      0.001521     -0.000049     -0.000248
      0.000737     -0.000072      0.001572
      0.002234      0.001487      0.000224

      Ekin old          Ekin new          Etot old          Etot new
      0.1659310047      0.1700093117    -49.1813905367    -49.1813905367

------------------------------------------------------------------------
     SURFACE HOPPING! THE SURFACE CHANGES FROM   5 TO   4
     CYCLE COUNT:        4
     POTENTIAL ENERGY VARIATION (eV)       -0.1109763750
------------------------------------------------------------------------

Velocity after hopping:
     -0.000611      0.000130      0.000042
     -0.000069      0.000073      0.000123
      0.000184      0.000369      0.000326
     -0.000040     -0.000715     -0.000003
     -0.000023     -0.000280     -0.000160
     -0.000040     -0.000253     -0.000400
     -0.000174      0.000171      0.000025
      0.000014     -0.000094     -0.000034
     -0.000012      0.000518      0.000137
      0.000774      0.000528      0.000160
     -0.000376     -0.000750     -0.000044
      0.000837      0.000168      0.000110
     -0.000711     -0.000305     -0.000197
     -0.000171     -0.000199     -0.000230
     -0.000083     -0.000138     -0.000072
     -0.000059     -0.000114     -0.000103
     -0.000529      0.000567     -0.000081
      0.000106      0.000907      0.000235
      0.000006     -0.000288      0.000075
     -0.000122      0.000266      0.000044
      0.000001      0.000105     -0.000165
     -0.000331     -0.000117     -0.000175
     -0.000506     -0.000650      0.000962
      0.000824      0.001919      0.001122
     -0.001857      0.001766      0.000346
     -0.003032     -0.003637     -0.000182
      0.001343     -0.001505      0.001402
     -0.000272     -0.000304      0.001967
      0.003595      0.000572     -0.000916
     -0.000292     -0.000763      0.001653
      0.001105      0.000495      0.000959
      0.003853     -0.000970     -0.000714
      0.001409      0.002050     -0.000936
      0.001539     -0.000049     -0.000251
      0.000746     -0.000072      0.001591
      0.002261      0.001506      0.000227
|v.h|=     0.000000    0.000000    0.000000    0.000000   -0.000009    0.000021    0.000000    0.000324    0.000432    0.001651
       81        5     4    0.000000000    1.000000000
                            0.000022833
                            0.000315080
                            0.516584552
                            0.483077535
|v.h|=     0.000000    0.000000    0.000000    0.000000   -0.000164    0.000437    0.000000    0.000000    0.000000    0.001394
      101        6     4    0.000000000    1.000000000
                            0.000013522
                            0.000128359
                            0.574719325
                            0.425138795
|v.h|=     0.000000    0.000000    0.000000    0.000000   -0.000038    0.000917    0.000000    0.000000    0.000000    0.003819
      121        7     4    0.000000000    1.000000000
                            0.000011423
                            0.000145509
                            0.649917718
                            0.349925350
|v.h|=     0.000000    0.000000    0.000000    0.000000   -0.000007    0.001342    0.000000    0.000000    0.000000    0.004812
      141        8     4    0.000000000    1.000000000
                            0.000006477
                            0.000763880
                            0.746038824
                            0.253190820
|v.h|=     0.000000    0.000000    0.000000    0.000000    0.000019    0.001761    0.000000    0.000000    0.000000    0.005073
      161        9     4    0.000000000    1.000000000
                            0.000003014
                            0.002578843
                            0.834649788
                            0.162768355
|v.h|=     0.000000    0.000000    0.000000    0.000000    0.000049    0.002153    0.000000    0.000000    0.000000    0.004279
      181       10     4    0.000000000    1.000000000
                            0.000002732
                            0.006152927
                            0.897081266
                            0.096763074
|v.h|=     0.000000    0.000000    0.000000    0.000000    0.000049    0.002497    0.000000    0.000000    0.000000    0.003072
      201       11     4    0.000000000    1.000000000
                            0.000003498
                            0.011776874
                            0.929350083
                            0.058869545
|v.h|=     0.000000    0.000000    0.000000    0.000000    0.000026    0.002779    0.000000    0.000000    0.000000    0.002144
      221       12     4    0.000000000    1.000000000
                            0.000002650
                            0.019325453
                            0.940780051
                            0.039891846
|v.h|=     0.000000    0.000000    0.000000    0.000000    0.000001    0.002954    0.000000    0.000000    0.000000    0.001635
      241       13     4    0.000000000    1.000000000
                            0.000001290
                            0.028171370
                            0.941310816
                            0.030516524
|v.h|=     0.000000    0.000000    0.000000    0.000000   -0.000031    0.002972    0.000000    0.000000    0.000000    0.001412
      261       14     4    0.000000000    1.000000000
                            0.000001063
                            0.037039174
                            0.937100538
                            0.025859224
|v.h|=     0.000000    0.000000    0.000000    0.000000   -0.000049    0.002792    0.000000    0.000000    0.000000    0.001341
      281       15     4    0.000000000    1.000000000
                            0.000001829
                            0.044033847
                            0.931933729
                            0.024030594
|v.h|=     0.000000    0.000000    0.000000    0.000000   -0.000047    0.002426    0.000000    0.000000    0.000000    0.001350
      301       16     4    0.000000000    1.000000000
                            0.000002170
                            0.047224669
                            0.928406461
                            0.024366700
|v.h|=     0.000000    0.000000    0.000000    0.000000   -0.000049    0.001927    0.000000    0.000000    0.000000    0.001323
      321       17     4    0.000000000    1.000000000
                            0.000001749
                            0.045560595
                            0.927924216
                            0.026513440
|v.h|=     0.000000    0.000000    0.000000    0.000000   -0.000057    0.001376    0.000000    0.000000    0.000000    0.001283
      341       18     4    0.000000000    1.000000000
                            0.000001238
                            0.039638033
                            0.930351433
                            0.030009296
|v.h|=     0.000000    0.000000    0.000000    0.000000   -0.000056    0.000837    0.000000    0.000000    0.000000    0.001235
      361       19     4    0.000000000    1.000000000
                            0.000001078
                            0.031399825
                            0.934180826
                            0.034418271
|v.h|=     0.000000    0.000000    0.000000    0.000000   -0.000046    0.000345    0.000000    0.000000    0.000000    0.001212
      381       20     4    0.000000000    1.000000000
                            0.000001027
                            0.023224821
                            0.937283493
                            0.039490659
|v.h|=     0.000000    0.000000    0.000000    0.000000   -0.000056   -0.000084    0.000000    0.000000    0.000000    0.001262
      401       21     4    0.000000000    1.000000000
                            0.000001011
                            0.016866950
                            0.937687929
                            0.045444110
|v.h|=     0.000000    0.000000    0.000000    0.000000   -0.000059   -0.000458    0.000000    0.000000    0.000000    0.001393
      421       22     4    0.000000000    1.000000000
                            0.000001235
                            0.013073799
                            0.934074627
                            0.052850338
|v.h|=     0.000000    0.000000    0.000000    0.000000   -0.000065   -0.000781    0.000000    0.000000    0.000000    0.001664
      441       23     4    0.000000000    1.000000000
                            0.000001557
                            0.011631961
                            0.925446947
                            0.062919535
|v.h|=     0.000000    0.000000    0.000000    0.000000   -0.000105   -0.001069    0.000000    0.000000    0.000000    0.002081
      461       24     4    0.000000000    1.000000000
                            0.000002582
                            0.011785880
                            0.910642564
                            0.077568974
|v.h|=     0.000000    0.000000    0.000000    0.000000   -0.000162   -0.001327    0.000000    0.000000    0.000000    0.002606
      481       25     4    0.000000000    1.000000000
                            0.000006296
                            0.012584024
                            0.888491141
                            0.098918539
|v.h|=     0.000000    0.000000    0.000000    0.000000   -0.000222   -0.001553    0.000000    0.000000    0.000000    0.003160
      501       26     4    0.000000000    1.000000000
                            0.000014242
                            0.013121249
                            0.857962366
                            0.128902144
|v.h|=     0.000000    0.000000    0.000000    0.000000   -0.000286   -0.001745    0.000000    0.000000    0.000000    0.003719
      521       27     4    0.000000000    1.000000000
                            0.000025346
                            0.012891440
                            0.818001550
                            0.169081664
|v.h|=     0.000000    0.000000    0.000000    0.000000   -0.000369   -0.001884    0.000000    0.000000    0.000000    0.004448
      541       28     4    0.000000000    1.000000000
                            0.000038995
                            0.011836050
                            0.765860815
                            0.222264140
|v.h|=     0.000000    0.000000    0.000000    0.000000   -0.000398   -0.001937    0.000000    0.000000    0.000000    0.005649
      561       29     4    0.000000000    1.000000000
                            0.000050347
                            0.010179793
                            0.694268602
                            0.295501257
|v.h|=     0.000000    0.000000    0.000000    0.000000   -0.000423   -0.001857    0.000000    0.000000    0.000000    0.007488
      581       30     4    0.000000000    1.000000000
                            0.000052380
                            0.008217606
                            0.591351327
                            0.400378686
|v.h|=     0.000000    0.000000    0.000000    0.000000   -0.000399   -0.001587    0.000000    0.000000    0.000000    0.009157
      601       31     4    0.000000000    1.000000000
                            0.000044202
                            0.006214999
                            0.455440212
                            0.538300586
|v.h|=     0.000000    0.000000    0.000000    0.000000   -0.000345   -0.001134    0.000000    0.000000    0.000000    0.008659
      621       32     4    0.000000000    1.000000000
                            0.000029361
                            0.004408568
                            0.325488522
                            0.670073549

Velocity before hopping:
      0.000492     -0.000101     -0.000020
     -0.000126     -0.000405     -0.000352
     -0.000157     -0.000410      0.000143
     -0.000950      0.000880     -0.000046
      0.000004     -0.000147      0.000009
      0.000254      0.000218      0.000167
      0.000195      0.000549     -0.000214
     -0.000563     -0.000581      0.000128
      0.000049     -0.000353     -0.000151
     -0.000412     -0.000170     -0.000209
      0.000424      0.000038     -0.000022
     -0.000618      0.000368      0.000093
      0.001051      0.000382      0.000309
      0.000193     -0.000229      0.000122
      0.000639     -0.000587      0.000016
     -0.000400      0.000061      0.000302
      0.000293      0.000031      0.000202
     -0.000478      0.000398      0.000044
      0.000067      0.000297      0.000024
     -0.000096     -0.000784     -0.000107
      0.000175      0.000622     -0.000038
     -0.000186     -0.000013     -0.000049
      0.000364      0.000826     -0.000198
     -0.003355     -0.002401     -0.002178
     -0.000775      0.000772      0.001301
      0.002910      0.002153      0.001992
     -0.001845      0.000722     -0.001148
      0.000657      0.000445      0.000188
     -0.002553     -0.001218     -0.000762
     -0.000794      0.002018     -0.001616
     -0.001303      0.000678      0.001027
      0.001725     -0.000357      0.001249
     -0.001014     -0.002039     -0.000740
      0.001209      0.000906      0.000052
     -0.000715      0.000477     -0.000723
      0.001027      0.003124     -0.000000

      Ekin old          Ekin new          Etot old          Etot new
      0.1824708599      0.1786312720    -49.1940026858    -49.1940026858

------------------------------------------------------------------------
     SURFACE HOPPING! THE SURFACE CHANGES FROM   4 TO   5
     CYCLE COUNT:       32
     POTENTIAL ENERGY VARIATION (eV)        0.1044805000
------------------------------------------------------------------------

Velocity after hopping:
      0.000487     -0.000100     -0.000020
     -0.000125     -0.000400     -0.000349
     -0.000156     -0.000406      0.000141
     -0.000940      0.000870     -0.000045
      0.000004     -0.000146      0.000009
      0.000252      0.000216      0.000165
      0.000193      0.000543     -0.000211
     -0.000557     -0.000575      0.000127
      0.000048     -0.000350     -0.000149
     -0.000408     -0.000168     -0.000207
      0.000419      0.000037     -0.000022
     -0.000612      0.000364      0.000092
      0.001040      0.000378      0.000306
      0.000191     -0.000226      0.000120
      0.000632     -0.000581      0.000016
     -0.000396      0.000061      0.000299
      0.000290      0.000031      0.000199
     -0.000473      0.000393      0.000044
      0.000067      0.000294      0.000023
     -0.000095     -0.000775     -0.000106
      0.000173      0.000615     -0.000037
     -0.000184     -0.000013     -0.000048
      0.000360      0.000817     -0.000196
     -0.003319     -0.002376     -0.002155
     -0.000767      0.000763      0.001287
      0.002879      0.002130      0.001971
     -0.001826      0.000715     -0.001136
      0.000650      0.000440      0.000186
     -0.002526     -0.001205     -0.000754
     -0.000786      0.001996     -0.001599
     -0.001289      0.000671      0.001016
      0.001706     -0.000353      0.001236
     -0.001004     -0.002018     -0.000732
      0.001196      0.000896      0.000051
     -0.000708      0.000472     -0.000715
      0.001016      0.003091     -0.000000
|v.h|=     0.000000    0.000000    0.000000    0.000000   -0.000235   -0.000609    0.000000    0.000003    0.000078    0.005936
      641       33     5    0.000000000    1.000000000
                            0.000014874
                            0.002907074
                            0.230200869
                            0.766877183
|v.h|=     0.000000    0.000000    0.000000    0.000000    0.000000    0.000000    0.000000    0.000056    0.001543    0.004640
      661       34     5    0.000000000    1.000000000
                            0.000004058
                            0.000930814
                            0.151383934
                            0.847681193
|v.h|=     0.000000    0.000000    0.000000    0.000000    0.000000    0.000000    0.000000    0.000056    0.001352    0.001993
      681       35     5    0.000000000    1.000000000
                            0.000000311
                            0.000035911
                            0.112286841
                            0.887676937
|v.h|=     0.000000    0.000000    0.000000    0.000000    0.000000    0.000000    0.000000    0.000121    0.001042    0.001445
      701       36     5    0.000000000    1.000000000
                            0.000002226
                            0.000365191
                            0.092625486
                            0.907007097
|v.h|=     0.000000    0.000000    0.000000    0.000000    0.000000    0.000000    0.000000    0.000148    0.000693    0.001180
      721       37     5    0.000000000    1.000000000
                            0.000007697
                            0.000761075
                            0.079397301
                            0.919833927
|v.h|=     0.000000    0.000000    0.000000    0.000000    0.000000    0.000000    0.000000    0.000180    0.000347    0.001113
      741       38     5    0.000000000    1.000000000
                            0.000011003
                            0.000762977
                            0.070272539
                            0.928953480
|v.h|=     0.000000    0.000000    0.000000    0.000000    0.000000    0.000000    0.000000    0.000196    0.000034    0.001149
      761       39     5    0.000000000    1.000000000
                            0.000011372
                            0.000520853
                            0.064658745
                            0.934809030
|v.h|=     0.000000    0.000000    0.000000    0.000000    0.000000    0.000000    0.000000    0.000218   -0.000229    0.001204
      781       40     5    0.000000000    1.000000000
                            0.000011531
                            0.000342982
                            0.062244076
                            0.937401411
|v.h|=     0.000000    0.000000    0.000000    0.000000    0.000000    0.000000    0.000000    0.000231   -0.000446    0.001214
      801       41     5    0.000000000    1.000000000
                            0.000013431
                            0.000382816
                            0.062402530
                            0.937201223
|v.h|=     0.000000    0.000000    0.000000    0.000000    0.000000    0.000000    0.000000    0.000215   -0.000616    0.001105
      821       42     5    0.000000000    1.000000000
                            0.000014674
                            0.000607169
                            0.063776513
                            0.935601645
|v.h|=     0.000000    0.000000    0.000000    0.000000    0.000000    0.000000    0.000000    0.000208   -0.000754    0.000949
      841       43     5    0.000000000    1.000000000
                            0.000013649
                            0.000904010
                            0.064944728
                            0.934137613
|v.h|=     0.000000    0.000000    0.000000    0.000000    0.000000    0.000000    0.000000    0.000184   -0.000853    0.000753
      861       44     5    0.000000000    1.000000000
                            0.000011461
                            0.001172943
                            0.064980331
                            0.933835265
|v.h|=     0.000000    0.000000    0.000000    0.000000    0.000000    0.000000    0.000000    0.000146   -0.000920    0.000604
      881       45     5    0.000000000    1.000000000
                            0.000008308
                            0.001358742
                            0.063682388
                            0.934950561
|v.h|=     0.000000    0.000000    0.000000    0.000000    0.000000    0.000000    0.000000    0.000101   -0.000956    0.000530
      901       46     5    0.000000000    1.000000000
                            0.000004814
                            0.001446549
                            0.061529563
                            0.937019074
|v.h|=     0.000000    0.000000    0.000000    0.000000    0.000000    0.000000    0.000000    0.000046   -0.000952    0.000459
      921       47     5    0.000000000    1.000000000
                            0.000001963
                            0.001437167
                            0.058704048
                            0.939856822
|v.h|=     0.000000    0.000000    0.000000    0.000000    0.000000    0.000000    0.000000   -0.000006   -0.000908    0.000360
      941       48     5    0.000000000    1.000000000
                            0.000000643
                            0.001338134
                            0.055066248
                            0.943594975
|v.h|=     0.000000    0.000000    0.000000    0.000000    0.000000    0.000000    0.000000   -0.000042   -0.000823    0.000213
      961       49     5    0.000000000    1.000000000
                            0.000000812
                            0.001164590
                            0.050444105
                            0.948390493
|v.h|=     0.000000    0.000000    0.000000    0.000000    0.000000    0.000000    0.000000   -0.000071   -0.000704    0.000082
      981       50     5    0.000000000    1.000000000
                            0.000001525
                            0.000938515
                            0.045049958
                            0.954010002
|v.h|=     0.000000    0.000000    0.000000    0.000000    0.000000    0.000000    0.000000   -0.000115   -0.000555    0.000023
     1001       51     5    0.000000000    1.000000000
                            0.000002722
                            0.000688287
                            0.039511642
                            0.959797350
|v.h|=     0.000000    0.000000    0.000000    0.000000    0.000000    0.000000    0.000000   -0.000152   -0.000389    0.000128
     1021       52     5    0.000000000    1.000000000
                            0.000005049
                            0.000449249
                            0.034547057
                            0.964998644
|v.h|=     0.000000    0.000000    0.000000    0.000000    0.000000    0.000000    0.000000   -0.000193   -0.000202    0.000361
     1041       53     5    0.000000000    1.000000000
                            0.000008544
                            0.000258192
                            0.030438344
                            0.969294919
|v.h|=     0.000000    0.000000    0.000000    0.000000    0.000000    0.000000    0.000000   -0.000207    0.000013    0.000643
     1061       54     5    0.000000000    1.000000000
                            0.000011486
                            0.000146955
                            0.026913550
                            0.972928009
|v.h|=     0.000000    0.000000    0.000000    0.000000    0.000000    0.000000    0.000000   -0.000308    0.000160    0.001038
     1081       55     5    0.000000000    1.000000000
                            0.000017061
                            0.000123378
                            0.023708591
                            0.976150970
|v.h|=     0.000000    0.000000    0.000000    0.000000    0.000000    0.000000    0.000000   -0.000339    0.000291    0.001321
     1101       56     5    0.000000000    1.000000000
                            0.000028276
                            0.000166637
                            0.020695428
                            0.979109658
|v.h|=     0.000000    0.000000    0.000000    0.000000    0.000000    0.000000    0.000000   -0.000386    0.000333    0.001474
     1121       57     5    0.000000000    1.000000000
                            0.000037153
                            0.000224763
                            0.017974366
                            0.981763717
|v.h|=     0.000000    0.000000    0.000000    0.000000    0.000000    0.000000    0.000000   -0.000410    0.000277    0.001478
     1141       58     5    0.000000000    1.000000000
                            0.000042306
                            0.000232179
                            0.015649063
                            0.984076453
|v.h|=     0.000000    0.000000    0.000000    0.000000    0.000000    0.000000    0.000000   -0.000410    0.000153    0.001331
     1161       59     5    0.000000000    1.000000000
                            0.000043001
                            0.000175174
                            0.013678651
                            0.986103173
|v.h|=     0.000000    0.000000    0.000000    0.000000    0.000000    0.000000    0.000000   -0.000391   -0.000010    0.001136
     1181       60     5    0.000000000    1.000000000
                            0.000039911
                            0.000104863
                            0.011918568
                            0.987936658
|v.h|=     0.000000    0.000000    0.000000    0.000000    0.000000    0.000000    0.000000   -0.000329   -0.000198    0.001014
     1201       61     5    0.000000000    1.000000000
                            0.000032454
                            0.000086836
                            0.010304522
                            0.989576188
|v.h|=     0.000000    0.000000    0.000000    0.000000    0.000000    0.000000    0.000000   -0.000279   -0.000384    0.000926
     1221       62     5    0.000000000    1.000000000
                            0.000022626
                            0.000151155
                            0.008872298
                            0.990953921
|v.h|=     0.000000    0.000000    0.000000    0.000000    0.000000    0.000000    0.000000   -0.000168   -0.000564    0.000917
     1241       63     5    0.000000000    1.000000000
                            0.000013062
                            0.000286198
                            0.007678674
                            0.992022066
|v.h|=     0.000000    0.000000    0.000000    0.000000    0.000000    0.000000    0.000000   -0.000062   -0.000728    0.000939
     1261       64     5    0.000000000    1.000000000
                            0.000004770
                            0.000465348
                            0.006796333
                            0.992733549
|v.h|=     0.000000    0.000000    0.000000    0.000000    0.000000    0.000000    0.000000    0.000029   -0.000876    0.000964
     1281       65     5    0.000000000    1.000000000
                            0.000001711
                            0.000671174
                            0.006283321
                            0.993043794
|v.h|=     0.000000    0.000000    0.000000    0.000000    0.000000    0.000000    0.000000    0.000133   -0.000990    0.000889
     1301       66     5    0.000000000    1.000000000
                            0.000004627
                            0.000895422
                            0.006134073
                            0.992965878
|v.h|=     0.000000    0.000000    0.000000    0.000000    0.000000    0.000000    0.000000    0.000154   -0.001065    0.000559
     1321       67     5    0.000000000    1.000000000
                            0.000009613
                            0.001123602
                            0.006109606
                            0.992757179
|v.h|=     0.000000    0.000000    0.000000    0.000000    0.000000    0.000000    0.000000    0.000138   -0.001102   -0.000154
     1341       68     5    0.000000000    1.000000000
                            0.000009990
                            0.001324965
                            0.005722424
                            0.992942621
|v.h|=     0.000000    0.000000    0.000000    0.000000    0.000000    0.000000    0.000000    0.000119   -0.001120   -0.001244
     1361       69     5    0.000000000    1.000000000
                            0.000006630
                            0.001466729
                            0.005103254
                            0.993423387
|v.h|=     0.000000    0.000000    0.000000    0.000000    0.000000    0.000000    0.000000    0.000113   -0.001157   -0.002474
     1381       70     5    0.000000000    1.000000000
                            0.000003711
                            0.001552988
                            0.006785110
                            0.991658191
|v.h|=     0.000000    0.000000    0.000000    0.000000    0.000000    0.000000    0.000000    0.000090   -0.001217   -0.003633
     1401       71     5    0.000000000    1.000000000
                            0.000002531
                            0.001626230
                            0.016316071
                            0.982055168
|v.h|=     0.000000    0.000000    0.000000    0.000000    0.000000    0.000000    0.000000    0.000070   -0.001291   -0.004434
     1421       72     5    0.000000000    1.000000000
                            0.000001822
                            0.001726938
                            0.039781181
                            0.958490059
|v.h|=     0.000000    0.000000    0.000000    0.000000    0.000000    0.000000    0.000000    0.000066   -0.001350   -0.004553
     1441       73     5    0.000000000    1.000000000
                            0.000001244
                            0.001858934
                            0.077739663
                            0.920400159
|v.h|=     0.000000    0.000000    0.000000    0.000000    0.000000    0.000000    0.000000    0.000082   -0.001367   -0.003947
     1461       74     5    0.000000000    1.000000000
                            0.000001198
                            0.001967668
                            0.120833105
                            0.877198028
|v.h|=     0.000000    0.000000    0.000000    0.000000    0.000000    0.000000    0.000000    0.000110   -0.001319   -0.002981
     1481       75     5    0.000000000    1.000000000
                            0.000002146
                            0.001966776
                            0.155535615
                            0.842495464
|v.h|=     0.000000    0.000000    0.000000    0.000000    0.000000    0.000000    0.000000    0.000152   -0.001208   -0.002034
     1501       76     5    0.000000000    1.000000000
                            0.000004473
                            0.001795178
                            0.173998297
                            0.824202052
|v.h|=     0.000000    0.000000    0.000000    0.000000    0.000000    0.000000    0.000000    0.000189   -0.001053   -0.001258
     1521       77     5    0.000000000    1.000000000
                            0.000008065
                            0.001465967
                            0.175864149
                            0.822661819

Velocity before hopping:
     -0.000197      0.000019     -0.000127
      0.000292     -0.000199      0.000140
      0.000168      0.000145      0.000238
     -0.000518      0.000590      0.000473
     -0.000081      0.000579     -0.000198
      0.000576      0.000231     -0.000552
     -0.000004      0.000295      0.000175
     -0.000150     -0.000830      0.000051
     -0.000770     -0.000063      0.000285
     -0.000144     -0.000575      0.000045
     -0.000406     -0.000786     -0.000330
      0.000091      0.000368      0.000264
     -0.000167      0.000254     -0.000204
      0.000249     -0.000057     -0.000470
      0.000259     -0.000744      0.000054
      0.000198     -0.000153     -0.000191
     -0.000219      0.000005     -0.000004
      0.000747      0.001331      0.000121
     -0.000094      0.000513      0.000043
     -0.000533      0.000419     -0.000238
      0.000290     -0.000176     -0.000210
     -0.000265     -0.000475      0.000153
     -0.000934      0.002768      0.001449
      0.001222     -0.002046      0.002198
      0.001636      0.001092      0.000602
      0.001031      0.000546     -0.000846
      0.000843     -0.000088      0.001345
      0.001436     -0.000645      0.001475
     -0.001753     -0.001705     -0.000052
      0.002221      0.000755      0.002261
     -0.000643      0.001858      0.000236
     -0.001656     -0.001794     -0.000894
      0.000202     -0.001202     -0.000440
     -0.000841     -0.000269      0.000512
     -0.000855     -0.000399      0.000489
     -0.000025     -0.000334     -0.000029

      Ekin old          Ekin new          Etot old          Etot new
      0.1697695979      0.1785464577    -49.1924683483    -49.1924683483

------------------------------------------------------------------------
     SURFACE HOPPING! THE SURFACE CHANGES FROM   5 TO   4
     CYCLE COUNT:       77
     POTENTIAL ENERGY VARIATION (eV)       -0.2388305000
------------------------------------------------------------------------

Velocity after hopping:
     -0.000202      0.000019     -0.000130
      0.000300     -0.000204      0.000144
      0.000172      0.000149      0.000244
     -0.000531      0.000605      0.000485
     -0.000084      0.000594     -0.000203
      0.000590      0.000237     -0.000566
     -0.000004      0.000303      0.000179
     -0.000154     -0.000851      0.000053
     -0.000790     -0.000065      0.000292
     -0.000148     -0.000590      0.000046
     -0.000416     -0.000807     -0.000339
      0.000093      0.000378      0.000271
     -0.000171      0.000261     -0.000210
      0.000255     -0.000058     -0.000482
      0.000265     -0.000763      0.000056
      0.000203     -0.000157     -0.000196
     -0.000224      0.000005     -0.000004
      0.000766      0.001364      0.000124
     -0.000097      0.000526      0.000044
     -0.000547      0.000430     -0.000244
      0.000298     -0.000180     -0.000216
     -0.000272     -0.000487      0.000157
     -0.000958      0.002838      0.001486
      0.001254     -0.002098      0.002254
      0.001678      0.001120      0.000618
      0.001057      0.000560     -0.000867
      0.000864     -0.000090      0.001379
      0.001473     -0.000661      0.001512
     -0.001798     -0.001748     -0.000053
      0.002278      0.000774      0.002318
     -0.000660      0.001905      0.000242
     -0.001698     -0.001840     -0.000917
      0.000208     -0.001232     -0.000451
     -0.000862     -0.000276      0.000525
     -0.000876     -0.000409      0.000501
     -0.000025     -0.000342     -0.000030
|v.h|=     0.000000    0.000000    0.000000    0.000000   -0.000001    0.000000    0.000000    0.000201   -0.000833   -0.000684
     1541       78     4    0.000000000    1.000000000
                            0.000011736
                            0.001084509
                            0.193817551
                            0.805086204
|v.h|=     0.000000    0.000000    0.000000    0.000000   -0.000007    0.000033    0.000000    0.000000    0.000000   -0.000444
     1561       79     4    0.000000000    1.000000000
                            0.000008564
                            0.000766057
                            0.317310113
                            0.681915267
|v.h|=     0.000000    0.000000    0.000000    0.000000    0.000272    0.000509    0.000000    0.000000    0.000000    0.000186
     1581       80     4    0.000000000    1.000000000
                            0.000006368
                            0.000574312
                            0.423502770
                            0.575916549
|v.h|=     0.000000    0.000000    0.000000    0.000000    0.000336    0.000522    0.000000    0.000000    0.000000    0.000333
     1601       81     4    0.000000000    1.000000000
                            0.000027070
                            0.000428155
                            0.512968760
                            0.486576015
|v.h|=     0.000000    0.000000    0.000000    0.000000    0.000445    0.000518    0.000000    0.000000    0.000000    0.000378
     1621       82     4    0.000000000    1.000000000
                            0.000059874
                            0.000308890
                            0.587547473
                            0.412083763
|v.h|=     0.000000    0.000000    0.000000    0.000000    0.000610    0.000504    0.000000    0.000000    0.000000    0.000416
     1641       83     4    0.000000000    1.000000000
                            0.000102917
                            0.000231945
                            0.646967252
                            0.352697886
|v.h|=     0.000000    0.000000    0.000000    0.000000    0.000647    0.000491    0.000000    0.000000    0.000000    0.000443
     1661       84     4    0.000000000    1.000000000
                            0.000146909
                            0.000200099
                            0.693195589
                            0.306457404
|v.h|=     0.000000    0.000000    0.000000    0.000000    0.000707    0.000473    0.000000    0.000000    0.000000    0.000446
     1681       85     4    0.000000000    1.000000000
                            0.000178879
                            0.000205492
                            0.729035802
                            0.270579827
|v.h|=     0.000000    0.000000    0.000000    0.000000    0.000753    0.000451    0.000000    0.000000    0.000000    0.000451
     1701       86     4    0.000000000    1.000000000
                            0.000207512
                            0.000234474
                            0.757160740
                            0.242397273
|v.h|=     0.000000    0.000000    0.000000    0.000000    0.000786    0.000400    0.000000    0.000000    0.000000    0.000386
     1721       87     4    0.000000000    1.000000000
                            0.000237985
                            0.000268456
                            0.779322366
                            0.220171193
|v.h|=     0.000000    0.000000    0.000000    0.000000    0.000793    0.000302    0.000000    0.000000    0.000000    0.000225
     1741       88     4    0.000000000    1.000000000
                            0.000266825
                            0.000282058
                            0.796314589
                            0.203136528
|v.h|=     0.000000    0.000000    0.000000    0.000000    0.000775    0.000148    0.000000    0.000000    0.000000   -0.000023
     1761       89     4    0.000000000    1.000000000
                            0.000280742
                            0.000254004
                            0.808681517
                            0.190783738
|v.h|=     0.000000    0.000000    0.000000    0.000000    0.000704   -0.000045    0.000000    0.000000    0.000000   -0.000233
     1781       90     4    0.000000000    1.000000000
                            0.000262451
                            0.000195244
                            0.817264938
                            0.182277368
|v.h|=     0.000000    0.000000    0.000000    0.000000    0.000620   -0.000240    0.000000    0.000000    0.000000   -0.000293
     1801       91     4    0.000000000    1.000000000
                            0.000211249
                            0.000166128
                            0.823688965
                            0.175933658
|v.h|=     0.000000    0.000000    0.000000    0.000000    0.000521   -0.000404    0.000000    0.000000    0.000000   -0.000171
     1821       92     4    0.000000000    1.000000000
                            0.000149014
                            0.000242805
                            0.830130496
                            0.169477686
|v.h|=     0.000000    0.000000    0.000000    0.000000    0.000377   -0.000507    0.000000    0.000000    0.000000    0.000047
     1841       93     4    0.000000000    1.000000000
                            0.000091933
                            0.000454660
                            0.838545860
                            0.160907546
|v.h|=     0.000000    0.000000    0.000000    0.000000    0.000271   -0.000527    0.000000    0.000000    0.000000    0.000158
     1861       94     4    0.000000000    1.000000000
                            0.000047572
                            0.000744532
                            0.849310694
                            0.149897201
|v.h|=     0.000000    0.000000    0.000000    0.000000    0.000190   -0.000468    0.000000    0.000000    0.000000    0.000129
     1881       95     4    0.000000000    1.000000000
                            0.000020722
                            0.000990942
                            0.861249544
                            0.137738793
|v.h|=     0.000000    0.000000    0.000000    0.000000    0.000173   -0.000344    0.000000    0.000000    0.000000    0.000002
     1901       96     4    0.000000000    1.000000000
                            0.000008219
                            0.001080982
                            0.872931622
                            0.125979177
|v.h|=     0.000000    0.000000    0.000000    0.000000    0.000081   -0.000197    0.000000    0.000000    0.000000   -0.000030
     1921       97     4    0.000000000    1.000000000
                            0.000004443
                            0.000990394
                            0.884619855
                            0.114385308
|v.h|=     0.000000    0.000000    0.000000    0.000000    0.000076   -0.000034    0.000000    0.000000    0.000000   -0.000102
     1941       98     4    0.000000000    1.000000000
                            0.000002279
                            0.000787068
                            0.896417269
                            0.102793384
|v.h|=     0.000000    0.000000    0.000000    0.000000    0.000040    0.000092    0.000000    0.000000    0.000000   -0.000049
     1961       99     4    0.000000000    1.000000000
                            0.000001203
                            0.000589873
                            0.908562430
                            0.090846494
|v.h|=     0.000000    0.000000    0.000000    0.000000    0.000014    0.000169    0.000000    0.000000    0.000000    0.000215
     1981      100     4    0.000000000    1.000000000
                            0.000000516
                            0.000482867
                            0.922331803
                            0.077184814
|v.h|=     0.000000    0.000000    0.000000    0.000000   -0.000024    0.000194    0.000000    0.000000    0.000000    0.000609
     2001      101     4    0.000000000    1.000000000
                            0.000000381
                            0.000464413
                            0.937771153
                            0.061764053
|v.h|=     0.000000    0.000000    0.000000    0.000000   -0.000061    0.000185    0.000000    0.000000    0.000000    0.000488
     2021      102     4    0.000000000    1.000000000
                            0.000001264
                            0.000477576
                            0.951231535
                            0.048289625
|v.h|=     0.000000    0.000000    0.000000    0.000000   -0.000126    0.000164    0.000000    0.000000    0.000000    0.000285
     2041      103     4    0.000000000    1.000000000
                            0.000004319
                            0.000470794
                            0.960924047
                            0.038600840
|v.h|=     0.000000    0.000000    0.000000    0.000000   -0.000201    0.000157    0.000000    0.000000    0.000000    0.000169
     2061      104     4    0.000000000    1.000000000
                            0.000012010
                            0.000432180
                            0.967995700
                            0.031560111
|v.h|=     0.000000    0.000000    0.000000    0.000000   -0.000283    0.000177    0.000000    0.000000    0.000000   -0.000010
     2081      105     4    0.000000000    1.000000000
                            0.000026471
                            0.000375816
                            0.973326049
                            0.026271664
|v.h|=     0.000000    0.000000    0.000000    0.000000   -0.000367    0.000230    0.000000    0.000000    0.000000   -0.000155
     2101      106     4    0.000000000    1.000000000
                            0.000048242
                            0.000315756
                            0.977571181
                            0.022064821
|v.h|=     0.000000    0.000000    0.000000    0.000000   -0.000433    0.000294    0.000000    0.000000    0.000000   -0.000261
     2121      107     4    0.000000000    1.000000000
                            0.000073788
                            0.000258405
                            0.981183197
                            0.018484610
|v.h|=     0.000000    0.000000    0.000000    0.000000   -0.000517    0.000345    0.000000    0.000000    0.000000   -0.000275
     2141      108     4    0.000000000    1.000000000
                            0.000101600
                            0.000212775
                            0.984297791
                            0.015387835
|v.h|=     0.000000    0.000000    0.000000    0.000000   -0.000565    0.000357    0.000000    0.000000    0.000000   -0.000222
     2161      109     4    0.000000000    1.000000000
                            0.000129700
                            0.000187427
                            0.986875446
                            0.012807426
|v.h|=     0.000000    0.000000    0.000000    0.000000   -0.000579    0.000316    0.000000    0.000000    0.000000   -0.000090
     2181      110     4    0.000000000    1.000000000
                            0.000145919
                            0.000175790
                            0.988832230
                            0.010846061
