 -----------------------
   integrator =       5
   phase      =       1
   nohop      =       0
   forcesurf  =       1
   getphase   =       1
   nrelax     =       0
   vdoth      =       1
   tully      =       1
   ms         =      20
   mom        =       1
   seed       =       1
   adjmom     =   -1.00
   probmin    =  0.0000
   popdev     =   0.050
   decay      =  0.1000
 -----------------------
|v.h|=     0.000000    0.000000    0.000000    0.000000    0.000000    0.000000    0.000000    0.000000    0.000000    0.000000
Integration of the TDSH for the electrons
Integrator = 5          Hopping is allowed    
  substep     step  surf    populations      Total pop
        0        0     4    0.000000000    0.999999956
                            0.000085904
                            0.026833372
                            0.943151643
                            0.029929037
|v.h|=     0.000000    0.000000    0.000000    0.000000   -0.000008    0.000052    0.000000    0.000000    0.000000    0.000076
        1        1     4    0.000000000    1.000000000
                            0.000083081
                            0.026751733
                            0.943347728
                            0.029817458
|v.h|=     0.000000    0.000000    0.000000    0.000000   -0.000164    0.000960    0.000000    0.000000    0.000000    0.001542
       21        2     4    0.000000000    1.000000000
                            0.000045659
                            0.021702923
                            0.945095559
                            0.033155859
|v.h|=     0.000000    0.000000    0.000000    0.000000   -0.000074   -0.000407    0.000000    0.000000    0.000000    0.002042
       41        3     4    0.000000000    1.000000000
                            0.000041158
                            0.018820876
                            0.936733451
                            0.044404515
|v.h|=     0.000000    0.000000    0.000000    0.000000    0.000015   -0.000575    0.000000    0.000000    0.000000    0.002724
       61        4     4    0.000000000    1.000000000
                            0.000023880
                            0.019887664
                            0.917305706
                            0.062782750
|v.h|=     0.000000    0.000000    0.000000    0.000000    0.000118   -0.000588    0.000000    0.000000    0.000000    0.003444
       81        5     4    0.000000000    1.000000000
                            0.000012770
                            0.021135673
                            0.887402171
                            0.091449385
|v.h|=     0.000000    0.000000    0.000000    0.000000    0.000240   -0.000255    0.000000    0.000000    0.000000    0.004390
      101        6     4    0.000000000    1.000000000
                            0.000026717
                            0.021084888
                            0.843731104
                            0.135157291
|v.h|=     0.000000    0.000000    0.000000    0.000000    0.000349    0.000020    0.000000    0.000000    0.000000    0.004775
      121        7     4    0.000000000    1.000000000
                            0.000052559
                            0.019314315
                            0.787014245
                            0.193618881
|v.h|=     0.000000    0.000000    0.000000    0.000000    0.000441    0.000445    0.000000    0.000000    0.000000    0.005045
      141        8     4    0.000000000    1.000000000
                            0.000066150
                            0.016193767
                            0.722518970
                            0.261221114
|v.h|=     0.000000    0.000000    0.000000    0.000000    0.000495    0.000663    0.000000    0.000000    0.000000    0.005150
      161        9     4    0.000000000    1.000000000
                            0.000063251
                            0.012731173
                            0.654871318
                            0.332334258
|v.h|=     0.000000    0.000000    0.000000    0.000000    0.000500    0.000930    0.000000    0.000000    0.000000    0.005329
      181       10     4    0.000000000    1.000000000
                            0.000053261
                            0.009818149
                            0.587890235
                            0.402238355

Velocity before hopping:
      0.000307      0.000468      0.000204
      0.000665     -0.000443     -0.000199
     -0.000242      0.000492     -0.000449
     -0.000439      0.000169      0.000356
     -0.000039     -0.000508      0.000057
      0.000249      0.000105      0.000331
      0.000025     -0.000580      0.000092
      0.000195     -0.000860      0.000318
     -0.000248     -0.000016      0.000124
     -0.000270     -0.000381     -0.000175
     -0.000310      0.000089      0.000028
     -0.000331      0.000580     -0.000174
      0.000612     -0.000328     -0.000014
      0.000303      0.000103     -0.000097
      0.000189     -0.000634     -0.000094
     -0.000140      0.000652     -0.000067
     -0.000100     -0.000072     -0.000260
      0.000723     -0.000551      0.000376
     -0.000599      0.000353      0.000187
     -0.000318     -0.000023     -0.000055
     -0.000226      0.000888     -0.000272
     -0.000146      0.000249      0.000175
      0.000327     -0.000458      0.000568
     -0.000441      0.000316     -0.001319
      0.000604     -0.001348     -0.000578
     -0.000051      0.001558      0.000579
      0.000193     -0.000341      0.001764
      0.002970      0.001178      0.000384
      0.003926      0.001149      0.000384
     -0.001227      0.000667     -0.001770
     -0.003186     -0.000123      0.001546
     -0.001562      0.001059     -0.001056
      0.002984      0.000847     -0.000538
     -0.001173     -0.001033     -0.000404
      0.002016      0.001541     -0.000566
     -0.002358      0.004321     -0.000395

      Ekin old          Ekin new          Etot old          Etot new
      0.1905570317      0.1855672037    -51.5896635298    -51.5896635298

------------------------------------------------------------------------
     SURFACE HOPPING! THE SURFACE CHANGES FROM   4 TO   5
     CYCLE COUNT:       10
     POTENTIAL ENERGY VARIATION (eV)        0.1357801250
------------------------------------------------------------------------

Velocity after hopping:
      0.000303      0.000461      0.000201
      0.000656     -0.000437     -0.000196
     -0.000239      0.000486     -0.000443
     -0.000434      0.000167      0.000352
     -0.000039     -0.000501      0.000056
      0.000246      0.000104      0.000326
      0.000024     -0.000572      0.000091
      0.000193     -0.000849      0.000314
     -0.000245     -0.000016      0.000122
     -0.000267     -0.000376     -0.000173
     -0.000306      0.000088      0.000028
     -0.000326      0.000573     -0.000172
      0.000604     -0.000324     -0.000014
      0.000299      0.000102     -0.000095
      0.000186     -0.000625     -0.000092
     -0.000138      0.000644     -0.000066
     -0.000099     -0.000071     -0.000257
      0.000714     -0.000544      0.000371
     -0.000591      0.000348      0.000184
     -0.000313     -0.000022     -0.000055
     -0.000223      0.000876     -0.000269
     -0.000144      0.000246      0.000173
      0.000323     -0.000452      0.000560
     -0.000435      0.000312     -0.001302
      0.000596     -0.001330     -0.000570
     -0.000050      0.001537      0.000571
      0.000190     -0.000337      0.001741
      0.002931      0.001162      0.000378
      0.003874      0.001134      0.000379
     -0.001211      0.000659     -0.001746
     -0.003144     -0.000122      0.001525
     -0.001541      0.001045     -0.001042
      0.002945      0.000835     -0.000531
     -0.001157     -0.001019     -0.000399
      0.001989      0.001521     -0.000559
     -0.002327      0.004264     -0.000390
|v.h|=     0.000000    0.000000    0.000000    0.000000    0.000459    0.001076    0.000000   -0.000021    0.000014    0.004646
      201       11     5    0.000000000    1.000000000
                            0.000042232
                            0.007705738
                            0.512676099
                            0.479575931
|v.h|=     0.000000    0.000000    0.000000    0.000000    0.000000    0.000000    0.000000   -0.000424    0.000271    0.003898
      221       12     5    0.000000000    1.000000000
                            0.000016938
                            0.005942091
                            0.396947154
                            0.597093817
|v.h|=     0.000000    0.000000    0.000000    0.000000    0.000000    0.000000    0.000000   -0.000471    0.000268    0.002484
      241       13     5    0.000000000    1.000000000
                            0.000017142
                            0.004341909
                            0.313311862
                            0.682329087
|v.h|=     0.000000    0.000000    0.000000    0.000000    0.000000    0.000000    0.000000   -0.000472    0.000155    0.001271
      261       14     5    0.000000000    1.000000000
                            0.000041830
                            0.003136925
                            0.259866602
                            0.736954643
|v.h|=     0.000000    0.000000    0.000000    0.000000    0.000000    0.000000    0.000000   -0.000471   -0.000074    0.000983
      281       15     5    0.000000000    1.000000000
                            0.000053787
                            0.002461356
                            0.222595380
                            0.774889477
|v.h|=     0.000000    0.000000    0.000000    0.000000    0.000000    0.000000    0.000000   -0.000452   -0.000326    0.000705
      301       16     5    0.000000000    1.000000000
                            0.000048992
                            0.002315888
                            0.194223521
                            0.803411600
|v.h|=     0.000000    0.000000    0.000000    0.000000    0.000000    0.000000    0.000000   -0.000446   -0.000613    0.001336
      321       17     5    0.000000000    1.000000000
                            0.000041320
                            0.002671706
                            0.170861819
                            0.826425155
|v.h|=     0.000000    0.000000    0.000000    0.000000    0.000000    0.000000    0.000000   -0.000418   -0.000843    0.001802
      341       18     5    0.000000000    1.000000000
                            0.000038709
                            0.003495328
                            0.153041311
                            0.843424651
|v.h|=     0.000000    0.000000    0.000000    0.000000    0.000000    0.000000    0.000000   -0.000407   -0.001019    0.002648
      361       19     5    0.000000000    1.000000000
                            0.000038308
                            0.004715490
                            0.143573297
                            0.851672904
|v.h|=     0.000000    0.000000    0.000000    0.000000    0.000000    0.000000    0.000000   -0.000400   -0.001185    0.004103
      381       20     5    0.000000000    1.000000000
                            0.000038539
                            0.006293105
                            0.148398104
                            0.845270253
|v.h|=     0.000000    0.000000    0.000000    0.000000    0.000000    0.000000    0.000000   -0.000385   -0.001245    0.004810
      401       21     5    0.000000000    1.000000000
                            0.000037456
                            0.008048627
                            0.173551629
                            0.818362289
|v.h|=     0.000000    0.000000    0.000000    0.000000    0.000000    0.000000    0.000000   -0.000371   -0.001178    0.005954
      421       22     5    0.000000000    1.000000000
                            0.000034010
                            0.009536270
                            0.224047925
                            0.766381795

Velocity before hopping:
      0.000589      0.000311      0.000203
     -0.000010      0.000625      0.000012
      0.000155     -0.000083     -0.000484
     -0.000185     -0.000017      0.000240
      0.000164      0.000162      0.000133
     -0.000112     -0.000258      0.000211
      0.000054      0.000307     -0.000122
      0.000112      0.000042      0.000298
     -0.000105      0.000177      0.000216
      0.000052     -0.000414     -0.000117
     -0.000167      0.000322      0.000083
     -0.000079      0.000047     -0.000238
     -0.000059     -0.000200      0.000181
      0.000523      0.000406     -0.000141
      0.000267     -0.000136      0.000091
      0.000250     -0.000415     -0.000145
     -0.000704      0.000509      0.000046
      0.000245      0.000240      0.000363
     -0.000139     -0.000548      0.000113
     -0.000248      0.000269      0.000021
     -0.000363      0.000097     -0.000387
     -0.000130      0.000408     -0.000204
     -0.001141     -0.003824      0.000436
      0.000329     -0.001254     -0.001334
     -0.002168     -0.003491     -0.000690
      0.000247     -0.001855      0.001594
      0.000558     -0.000647     -0.000004
     -0.002137      0.000012      0.000945
     -0.002884     -0.000593     -0.000036
      0.001585      0.001116     -0.001619
      0.002131     -0.001618     -0.001324
      0.003317     -0.001038     -0.001172
     -0.000531     -0.002255     -0.000406
     -0.001316     -0.000060     -0.000714
      0.001010      0.001825      0.001016
      0.000979     -0.002055      0.002096

      Ekin old          Ekin new          Etot old          Etot new
      0.1551002279      0.1588136738    -51.5861413562    -51.5861413562

------------------------------------------------------------------------
     SURFACE HOPPING! THE SURFACE CHANGES FROM   5 TO   4
     CYCLE COUNT:       22
     POTENTIAL ENERGY VARIATION (eV)       -0.1010480000
------------------------------------------------------------------------

Velocity after hopping:
      0.000596      0.000315      0.000206
     -0.000010      0.000632      0.000012
      0.000157     -0.000084     -0.000490
     -0.000187     -0.000018      0.000243
      0.000166      0.000164      0.000135
     -0.000113     -0.000261      0.000213
      0.000055      0.000310     -0.000124
      0.000114      0.000043      0.000301
     -0.000106      0.000179      0.000218
      0.000053     -0.000418     -0.000118
     -0.000169      0.000326      0.000084
     -0.000080      0.000048     -0.000241
     -0.000060     -0.000203      0.000183
      0.000529      0.000411     -0.000143
      0.000270     -0.000137      0.000092
      0.000253     -0.000420     -0.000146
     -0.000713      0.000515      0.000047
      0.000248      0.000243      0.000367
     -0.000141     -0.000554      0.000114
     -0.000251      0.000272      0.000021
     -0.000367      0.000098     -0.000391
     -0.000131      0.000412     -0.000207
     -0.001154     -0.003869      0.000441
      0.000333     -0.001269     -0.001350
     -0.002194     -0.003532     -0.000698
      0.000250     -0.001877      0.001613
      0.000565     -0.000654     -0.000004
     -0.002162      0.000013      0.000957
     -0.002919     -0.000600     -0.000036
      0.001603      0.001129     -0.001639
      0.002156     -0.001637     -0.001339
      0.003357     -0.001050     -0.001186
     -0.000538     -0.002282     -0.000411
     -0.001332     -0.000061     -0.000722
      0.001022      0.001847      0.001028
      0.000991     -0.002080      0.002121
|v.h|=     0.000000    0.000000    0.000000    0.000000    0.000012   -0.000090    0.000000   -0.000322   -0.000932    0.006296
      441       23     4    0.000000000    1.000000000
                            0.000028839
                            0.010689986
                            0.353994822
                            0.635286353
|v.h|=     0.000000    0.000000    0.000000    0.000000    0.000234   -0.001795    0.000000    0.000000    0.000000    0.005547
      461       24     4    0.000000000    1.000000000
                            0.000021952
                            0.010625157
                            0.491270026
                            0.498082865
|v.h|=     0.000000    0.000000    0.000000    0.000000    0.000176   -0.001782    0.000000    0.000000    0.000000    0.005439
      481       25     4    0.000000000    1.000000000
                            0.000030234
                            0.010509011
                            0.615684304
                            0.373776451
|v.h|=     0.000000    0.000000    0.000000    0.000000    0.000172   -0.001665    0.000000    0.000000    0.000000    0.005265
      501       26     4    0.000000000    1.000000000
                            0.000027160
                            0.010773440
                            0.725662692
                            0.263536708
|v.h|=     0.000000    0.000000    0.000000    0.000000    0.000142   -0.001669    0.000000    0.000000    0.000000    0.004652
      521       27     4    0.000000000    1.000000000
                            0.000015912
                            0.011274887
                            0.811608734
                            0.177100467
|v.h|=     0.000000    0.000000    0.000000    0.000000    0.000126   -0.001280    0.000000    0.000000    0.000000    0.007388
      541       28     4    0.000000000    1.000000000
                            0.000006102
                            0.011517091
                            0.892660647
                            0.095816160
|v.h|=     0.000000    0.000000    0.000000    0.000000    0.000097   -0.000953    0.000000    0.000000    0.000000    0.013133
      561       29     4    0.000000000    1.000000000
                            0.000002180
                            0.010997644
                            0.968547340
                            0.020452836
|v.h|=     0.000000    0.000000    0.000000    0.000000    0.000104   -0.000408    0.000000    0.000000    0.000000    0.020124
      581       30     4    0.000000000    1.000000000
                            0.000002075
                            0.009603978
                            0.910914618
                            0.079479329
|v.h|=     0.000000    0.000000    0.000000    0.000000    0.000078    0.000048    0.000000    0.000000    0.000000    0.012721
      601       31     4    0.000000000    1.000000000
                            0.000002749
                            0.007755085
                            0.674194562
                            0.318047603

Velocity before hopping:
      0.000151      0.000016      0.000174
     -0.000436      0.000708      0.000102
      0.000257     -0.000474     -0.000347
      0.000548     -0.000094      0.000065
      0.000199      0.000217      0.000154
      0.000036      0.000008      0.000099
      0.000056      0.000702     -0.000194
     -0.000058      0.000827      0.000191
      0.000013      0.000280      0.000215
      0.000277      0.000358     -0.000028
     -0.000030      0.000061      0.000080
      0.000165     -0.000516     -0.000124
     -0.000378      0.000238      0.000236
     -0.000235     -0.000024     -0.000088
     -0.000554      0.000452      0.000234
      0.000624     -0.000764     -0.000289
     -0.000193      0.000470      0.000089
     -0.000012      0.000653      0.000083
      0.000126     -0.001279      0.000029
     -0.000113      0.000165      0.000014
     -0.000199     -0.000083     -0.000359
     -0.000038     -0.000369     -0.000299
      0.000251     -0.001585     -0.000010
     -0.002536     -0.001514     -0.000900
      0.000862      0.000088     -0.000279
     -0.000104     -0.002259      0.001547
     -0.001930     -0.000480     -0.000567
      0.002254     -0.000472      0.001180
      0.001855     -0.002028     -0.000724
     -0.000125     -0.000673     -0.000209
     -0.002929     -0.000735     -0.001720
     -0.000816     -0.001514      0.000639
     -0.001511      0.001106      0.000416
      0.000749      0.000118     -0.000748
     -0.000951     -0.001175      0.001648
      0.003815     -0.001006      0.002556

      Ekin old          Ekin new          Etot old          Etot new
      0.1704281185      0.1683325984    -51.5887522112    -51.5887522112

------------------------------------------------------------------------
     SURFACE HOPPING! THE SURFACE CHANGES FROM   4 TO   5
     CYCLE COUNT:       31
     POTENTIAL ENERGY VARIATION (eV)        0.0570220000
------------------------------------------------------------------------

Velocity after hopping:
      0.000150      0.000016      0.000173
     -0.000433      0.000704      0.000101
      0.000255     -0.000471     -0.000345
      0.000545     -0.000094      0.000064
      0.000198      0.000216      0.000153
      0.000036      0.000008      0.000099
      0.000055      0.000698     -0.000192
     -0.000057      0.000822      0.000190
      0.000013      0.000278      0.000214
      0.000275      0.000356     -0.000028
     -0.000030      0.000061      0.000080
      0.000164     -0.000512     -0.000123
     -0.000375      0.000237      0.000234
     -0.000234     -0.000024     -0.000088
     -0.000551      0.000449      0.000232
      0.000620     -0.000759     -0.000288
     -0.000192      0.000467      0.000088
     -0.000012      0.000649      0.000083
      0.000126     -0.001271      0.000029
     -0.000113      0.000164      0.000014
     -0.000197     -0.000082     -0.000357
     -0.000038     -0.000367     -0.000297
      0.000249     -0.001575     -0.000010
     -0.002520     -0.001505     -0.000894
      0.000857      0.000088     -0.000277
     -0.000104     -0.002245      0.001537
     -0.001918     -0.000477     -0.000563
      0.002240     -0.000469      0.001172
      0.001844     -0.002015     -0.000719
     -0.000124     -0.000668     -0.000207
     -0.002911     -0.000730     -0.001709
     -0.000811     -0.001504      0.000635
     -0.001502      0.001100      0.000413
      0.000744      0.000117     -0.000743
     -0.000945     -0.001168      0.001638
      0.003791     -0.000999      0.002540
|v.h|=     0.000000    0.000000    0.000000    0.000000    0.000085    0.000348    0.000000    0.000008    0.000048    0.003854
      621       32     5    0.000000000    1.000000000
                            0.000002366
                            0.006047542
                            0.506417712
                            0.487532380
|v.h|=     0.000000    0.000000    0.000000    0.000000    0.000000    0.000000    0.000000    0.000165    0.000955    0.004324
      641       33     5    0.000000000    1.000000000
                            0.000003315
                            0.003994912
                            0.401961645
                            0.594040128
|v.h|=     0.000000    0.000000    0.000000    0.000000    0.000000    0.000000    0.000000    0.000193    0.000677    0.001973
      661       34     5    0.000000000    1.000000000
                            0.000012873
                            0.002048831
                            0.321682051
                            0.676256245
|v.h|=     0.000000    0.000000    0.000000    0.000000    0.000000    0.000000    0.000000    0.000228    0.000609    0.001721
      681       35     5    0.000000000    1.000000000
                            0.000022349
                            0.000897932
                            0.267679799
                            0.731399920
|v.h|=     0.000000    0.000000    0.000000    0.000000    0.000000    0.000000    0.000000    0.000233    0.000555    0.001652
      701       36     5    0.000000000    1.000000000
                            0.000025754
                            0.000271052
                            0.221419226
                            0.778283968
|v.h|=     0.000000    0.000000    0.000000    0.000000    0.000000    0.000000    0.000000    0.000170    0.000466    0.001529
      721       37     5    0.000000000    1.000000000
                            0.000020558
                            0.000030955
                            0.182876698
                            0.817071789
|v.h|=     0.000000    0.000000    0.000000    0.000000    0.000000    0.000000    0.000000    0.000191    0.000336    0.001488
      741       38     5    0.000000000    1.000000000
                            0.000012869
                            0.000014221
                            0.152069214
                            0.847903697
|v.h|=     0.000000    0.000000    0.000000    0.000000    0.000000    0.000000    0.000000    0.000138    0.000258    0.001585
      761       39     5    0.000000000    1.000000000
                            0.000008697
                            0.000070004
                            0.128327790
                            0.871593508
|v.h|=     0.000000    0.000000    0.000000    0.000000    0.000000    0.000000    0.000000    0.000037    0.000173    0.001699
      781       40     5    0.000000000    1.000000000
                            0.000004898
                            0.000120758
                            0.111488478
                            0.888385866
|v.h|=     0.000000    0.000000    0.000000    0.000000    0.000000    0.000000    0.000000   -0.000049    0.000141    0.002541
      801       41     5    0.000000000    1.000000000
                            0.000003022
                            0.000146428
                            0.102388206
                            0.897462344
|v.h|=     0.000000    0.000000    0.000000    0.000000    0.000000    0.000000    0.000000   -0.000127    0.000076    0.003291
      821       42     5    0.000000000    1.000000000
                            0.000007150
                            0.000146005
                            0.104996186
                            0.894850659
|v.h|=     0.000000    0.000000    0.000000    0.000000    0.000000    0.000000    0.000000   -0.000201   -0.000026    0.003559
      841       43     5    0.000000000    1.000000000
                            0.000016805
                            0.000118946
                            0.120788824
                            0.879075425
|v.h|=     0.000000    0.000000    0.000000    0.000000    0.000000    0.000000    0.000000   -0.000275   -0.000270    0.002933
      861       44     5    0.000000000    1.000000000
                            0.000029095
                            0.000086542
                            0.141945247
                            0.857939117
|v.h|=     0.000000    0.000000    0.000000    0.000000    0.000000    0.000000    0.000000   -0.000322   -0.000622    0.002099
      881       45     5    0.000000000    1.000000000
                            0.000040286
                            0.000172353
                            0.157307983
                            0.842479378
|v.h|=     0.000000    0.000000    0.000000    0.000000    0.000000    0.000000    0.000000   -0.000343   -0.001109    0.001185
      901       46     5    0.000000000    1.000000000
                            0.000046803
                            0.000716923
                            0.161092572
                            0.838143703
|v.h|=     0.000000    0.000000    0.000000    0.000000    0.000000    0.000000    0.000000   -0.000317   -0.001694    0.000348
      921       47     5    0.000000000    1.000000000
                            0.000045694
                            0.002429558
                            0.152700554
                            0.844824194
|v.h|=     0.000000    0.000000    0.000000    0.000000    0.000000    0.000000    0.000000   -0.000312   -0.002566   -0.000273
      941       48     5    0.000000000    1.000000000
                            0.000039424
                            0.006903248
                            0.136081809
                            0.856975518
|v.h|=     0.000000    0.000000    0.000000    0.000000    0.000000    0.000000    0.000000   -0.000284   -0.003907   -0.002017
      961       49     5    0.000000000    1.000000000
                            0.000033321
                            0.018670216
                            0.108189944
                            0.873106518
|v.h|=     0.000000    0.000000    0.000000    0.000000    0.000000    0.000000    0.000000   -0.000247   -0.002963   -0.006192
      981       50     5    0.000000000    1.000000000
                            0.000027443
                            0.036924132
                            0.059857641
                            0.903190784
|v.h|=     0.000000    0.000000    0.000000    0.000000    0.000000    0.000000    0.000000   -0.000242   -0.000319   -0.011112
     1001       51     5    0.000000000    1.000000000
                            0.000022968
                            0.044570673
                            0.021449841
                            0.933956518
|v.h|=     0.000000    0.000000    0.000000    0.000000    0.000000    0.000000    0.000000   -0.000220    0.000445   -0.011679
     1021       52     5    0.000000000    1.000000000
                            0.000020954
                            0.039476821
                            0.068436347
                            0.892065879
|v.h|=     0.000000    0.000000    0.000000    0.000000    0.000000    0.000000    0.000000   -0.000043    0.000588   -0.007021
     1041       53     5    0.000000000    1.000000000
                            0.000013087
                            0.032284548
                            0.169600339
                            0.798102025
|v.h|=     0.000000    0.000000    0.000000    0.000000    0.000000    0.000000    0.000000    0.000051    0.000948   -0.004170
     1061       54     5    0.000000000    1.000000000
                            0.000006740
                            0.025262424
                            0.241177375
                            0.733553461
|v.h|=     0.000000    0.000000    0.000000    0.000000    0.000000    0.000000    0.000000    0.000165    0.001224   -0.002652
     1081       55     5    0.000000000    1.000000000
                            0.000010791
                            0.019167008
                            0.277738705
                            0.703083497
|v.h|=     0.000000    0.000000    0.000000    0.000000    0.000000    0.000000    0.000000    0.000236    0.001699   -0.002001
     1101       56     5    0.000000000    1.000000000
                            0.000018732
                            0.014875964
                            0.294065130
                            0.691040174
|v.h|=     0.000000    0.000000    0.000000    0.000000    0.000000    0.000000    0.000000    0.000261    0.002440   -0.001731
     1121       57     5    0.000000000    1.000000000
                            0.000021522
                            0.013614490
                            0.302835082
                            0.683528907
|v.h|=     0.000000    0.000000    0.000000    0.000000    0.000000    0.000000    0.000000    0.000272    0.003542   -0.001336
     1141       58     5    0.000000000    1.000000000
                            0.000019161
                            0.018215409
                            0.308683929
                            0.673081500
|v.h|=     0.000000    0.000000    0.000000    0.000000    0.000000    0.000000    0.000000    0.000292    0.005762   -0.000457
     1161       59     5    0.000000000    1.000000000
                            0.000017211
                            0.036433738
                            0.309241545
                            0.654307506
|v.h|=     0.000000    0.000000    0.000000    0.000000    0.000000    0.000000    0.000000    0.000252    0.009829    0.005662
     1181       60     5    0.000000000    1.000000000
                            0.000016075
                            0.093645574
                            0.275247008
                            0.631091344

Velocity before hopping:
      0.000294      0.000356     -0.000088
      0.000243     -0.000405      0.000220
      0.000148      0.000723      0.000626
     -0.000549     -0.000222     -0.000364
     -0.000287      0.000718     -0.000007
     -0.000069     -0.000371     -0.000366
      0.000056     -0.000658     -0.000007
      0.000039     -0.000652     -0.000364
     -0.000236     -0.000047      0.000013
     -0.000738     -0.000929      0.000264
     -0.000552     -0.000008     -0.000065
      0.000068      0.000236      0.000637
      0.000337     -0.000111     -0.000278
     -0.000003      0.001009      0.000232
      0.000144      0.000235      0.000017
     -0.000654     -0.000218     -0.000062
      0.000398     -0.000233     -0.000304
      0.000642     -0.000054     -0.000093
      0.000510      0.000422      0.000099
      0.000156     -0.000171     -0.000310
      0.000419     -0.000388      0.000324
     -0.000692      0.000579      0.000046
      0.003685      0.000212      0.000076
      0.002622      0.000461      0.001013
      0.001532     -0.001765      0.001273
     -0.000082      0.002157     -0.001292
      0.002158      0.000523     -0.000643
     -0.000324      0.001249     -0.000574
      0.000514      0.001591      0.001148
     -0.001538      0.002271      0.001058
     -0.000389     -0.000885      0.000642
     -0.003065      0.000310     -0.000075
      0.000749     -0.000370      0.000493
     -0.001432     -0.000904      0.000601
      0.001666      0.001270     -0.001428
     -0.000923      0.002458     -0.001071

      Ekin old          Ekin new          Etot old          Etot new
      0.1926728615      0.1960569576    -51.5908771869    -51.5908771869

------------------------------------------------------------------------
     SURFACE HOPPING! THE SURFACE CHANGES FROM   5 TO   3
     CYCLE COUNT:       60
     POTENTIAL ENERGY VARIATION (eV)       -0.0920859375
------------------------------------------------------------------------

Velocity after hopping:
      0.000297      0.000359     -0.000089
      0.000245     -0.000409      0.000222
      0.000149      0.000729      0.000631
     -0.000554     -0.000224     -0.000368
     -0.000290      0.000724     -0.000007
     -0.000069     -0.000374     -0.000370
      0.000056     -0.000664     -0.000007
      0.000039     -0.000658     -0.000368
     -0.000238     -0.000048      0.000013
     -0.000744     -0.000937      0.000266
     -0.000556     -0.000008     -0.000066
      0.000069      0.000238      0.000643
      0.000340     -0.000112     -0.000281
     -0.000003      0.001018      0.000234
      0.000145      0.000237      0.000018
     -0.000660     -0.000220     -0.000062
      0.000402     -0.000235     -0.000307
      0.000648     -0.000055     -0.000094
      0.000515      0.000426      0.000100
      0.000158     -0.000172     -0.000312
      0.000423     -0.000391      0.000327
     -0.000698      0.000585      0.000046
      0.003717      0.000214      0.000077
      0.002645      0.000465      0.001021
      0.001546     -0.001780      0.001284
     -0.000082      0.002176     -0.001304
      0.002177      0.000527     -0.000649
     -0.000326      0.001260     -0.000579
      0.000519      0.001605      0.001158
     -0.001552      0.002291      0.001067
     -0.000393     -0.000893      0.000648
     -0.003092      0.000313     -0.000075
      0.000756     -0.000373      0.000498
     -0.001445     -0.000912      0.000606
      0.001681      0.001281     -0.001440
     -0.000931      0.002480     -0.001081
|v.h|=     0.000000    0.000000    0.000019    0.000000    0.000000    0.000640    0.000000    0.000343    0.010814    0.051308
     1201       61     3    0.000000000    1.000000000
                            0.000021879
                            0.245765701
                            0.022772930
                            0.731439490
|v.h|=     0.000000    0.000000    0.000391    0.000000    0.000000    0.012440    0.000000    0.000000    0.003569    0.000000
     1221       62     3    0.000000000    1.000000000
                            0.000027794
                            0.472372055
                            0.118933849
                            0.408666302
|v.h|=     0.000000    0.000000    0.000500    0.000000    0.000000    0.005438    0.000000    0.000000    0.000595    0.000000
     1241       63     3    0.000000000    1.000000000
                            0.000037768
                            0.621569308
                            0.043044441
                            0.335348482
|v.h|=     0.000000    0.000000    0.000511    0.000000    0.000000    0.002454    0.000000    0.000000    0.000534    0.000000
     1261       64     3    0.000000000    1.000000000
                            0.000066631
                            0.695152995
                            0.021258538
                            0.283521836
|v.h|=     0.000000    0.000000    0.000533    0.000000    0.000000    0.001634    0.000000    0.000000    0.000040    0.000000
     1281       65     3    0.000000000    1.000000000
                            0.000097204
                            0.751127436
                            0.013791528
                            0.234983832

Velocity before hopping:
      0.000443      0.000560     -0.000138
      0.000120     -0.000037      0.000279
      0.000344      0.000565      0.000678
     -0.000564     -0.000256     -0.000362
     -0.000049      0.000745     -0.000011
     -0.000060     -0.000114     -0.000384
      0.000234     -0.000390      0.000004
     -0.000177     -0.000394     -0.000381
     -0.000210     -0.000180     -0.000025
     -0.000590     -0.000848      0.000312
     -0.000228     -0.000340     -0.000085
      0.000112     -0.000131      0.000631
      0.000305     -0.000046     -0.000345
      0.000184      0.000742      0.000229
      0.000144      0.000704     -0.000018
     -0.000682     -0.000476     -0.000027
      0.000114     -0.000113     -0.000388
      0.000163      0.000240     -0.000097
      0.001006     -0.000043      0.000102
     -0.000177      0.000059     -0.000310
      0.000358     -0.000255      0.000315
     -0.000477      0.000644      0.000085
      0.000387     -0.000811      0.000085
      0.000787     -0.000316      0.000970
     -0.002810     -0.002443      0.001640
     -0.000708      0.001112     -0.001260
      0.001553      0.000005     -0.000408
     -0.002359      0.001716     -0.000665
     -0.002514      0.000807      0.001307
      0.001439      0.002728      0.000892
      0.001618     -0.002637      0.001458
      0.001433     -0.000315      0.000659
      0.000079     -0.000824      0.000374
     -0.001710     -0.000842      0.000670
      0.001660      0.001441     -0.001505
     -0.001244     -0.000776     -0.001707

      Ekin old          Ekin new          Etot old          Etot new
      0.1820206067      0.1704857790    -51.5885153771    -51.5885153771

------------------------------------------------------------------------
     SURFACE HOPPING! THE SURFACE CHANGES FROM   3 TO   5
     CYCLE COUNT:       65
     POTENTIAL ENERGY VARIATION (eV)        0.3138786250
------------------------------------------------------------------------

Velocity after hopping:
      0.000429      0.000542     -0.000134
      0.000116     -0.000036      0.000270
      0.000333      0.000547      0.000656
     -0.000546     -0.000248     -0.000350
     -0.000047      0.000721     -0.000011
     -0.000058     -0.000110     -0.000372
      0.000226     -0.000378      0.000004
     -0.000171     -0.000381     -0.000369
     -0.000204     -0.000175     -0.000024
     -0.000571     -0.000821      0.000302
     -0.000221     -0.000329     -0.000083
      0.000108     -0.000127      0.000610
      0.000295     -0.000045     -0.000334
      0.000178      0.000718      0.000221
      0.000140      0.000681     -0.000017
     -0.000660     -0.000460     -0.000026
      0.000110     -0.000109     -0.000376
      0.000158      0.000232     -0.000094
      0.000974     -0.000041      0.000098
     -0.000171      0.000057     -0.000300
      0.000346     -0.000247      0.000305
     -0.000461      0.000623      0.000083
      0.000375     -0.000785      0.000083
      0.000762     -0.000305      0.000939
     -0.002720     -0.002364      0.001587
     -0.000685      0.001076     -0.001219
      0.001503      0.000005     -0.000395
     -0.002283      0.001661     -0.000643
     -0.002433      0.000781      0.001265
      0.001393      0.002640      0.000863
      0.001566     -0.002552      0.001411
      0.001387     -0.000305      0.000638
      0.000076     -0.000798      0.000362
     -0.001655     -0.000815      0.000648
      0.001606      0.001395     -0.001456
     -0.001204     -0.000751     -0.001652
|v.h|=     0.000000    0.000000    0.000547    0.000000    0.000000    0.001067    0.000000   -0.000003   -0.000567   -0.000344
     1301       66     5    0.000000000    1.000000000
                            0.000107601
                            0.654347537
                            0.011853064
                            0.333691799
|v.h|=     0.000000    0.000000    0.000000    0.000000    0.000000    0.000000    0.000000   -0.000087   -0.000720   -0.009471
     1321       67     5    0.000000000    1.000000000
                            0.000065414
                            0.521627095
                            0.009899816
                            0.468407675
|v.h|=     0.000000    0.000000    0.000000    0.000000    0.000000    0.000000    0.000000   -0.000409    0.000622   -0.055492
     1341       68     5    0.000000000    1.000000000
                            0.000065858
                            0.421214923
                            0.246001778
                            0.332717441

Velocity before hopping:
      0.000360      0.000549     -0.000139
      0.000017      0.000196      0.000291
      0.000380      0.000386      0.000628
     -0.000406     -0.000232     -0.000303
      0.000285      0.000651     -0.000011
     -0.000004      0.000087     -0.000367
      0.000322     -0.000107     -0.000001
     -0.000302     -0.000157     -0.000366
     -0.000182     -0.000207     -0.000050
     -0.000392     -0.000581      0.000322
     -0.000088     -0.000393     -0.000070
      0.000126     -0.000388      0.000573
      0.000324     -0.000007     -0.000343
      0.000156      0.000407      0.000216
      0.000001      0.000786     -0.000033
     -0.000428     -0.000535     -0.000005
     -0.000012     -0.000084     -0.000383
     -0.000167      0.000423     -0.000082
      0.001067     -0.000277      0.000094
     -0.000361      0.000117     -0.000281
      0.000160     -0.000069      0.000261
     -0.000155      0.000524      0.000099
     -0.003460     -0.001007      0.000167
     -0.001056     -0.000766      0.000669
     -0.003262     -0.002690      0.001473
     -0.000766      0.000160     -0.000938
     -0.000416     -0.000362     -0.000383
     -0.001861      0.001779     -0.000692
     -0.002023     -0.000075      0.001486
      0.001550      0.002418      0.000595
      0.001862     -0.003052      0.001551
      0.003405     -0.000746      0.000919
      0.000126     -0.000210      0.000226
     -0.001536     -0.000625      0.000635
      0.001494      0.000618     -0.001316
     -0.001115     -0.002253     -0.001833

      Ekin old          Ekin new          Etot old          Etot new
      0.1802027063      0.1812962193    -51.5911463573    -51.5911463573

------------------------------------------------------------------------
     SURFACE HOPPING! THE SURFACE CHANGES FROM   5 TO   4
     CYCLE COUNT:       68
     POTENTIAL ENERGY VARIATION (eV)       -0.0297560000
------------------------------------------------------------------------

Velocity after hopping:
      0.000361      0.000551     -0.000140
      0.000017      0.000197      0.000292
      0.000381      0.000387      0.000630
     -0.000407     -0.000233     -0.000304
      0.000286      0.000653     -0.000011
     -0.000004      0.000087     -0.000368
      0.000323     -0.000108     -0.000002
     -0.000303     -0.000157     -0.000367
     -0.000182     -0.000208     -0.000051
     -0.000393     -0.000582      0.000323
     -0.000088     -0.000394     -0.000070
      0.000126     -0.000389      0.000575
      0.000325     -0.000007     -0.000344
      0.000157      0.000408      0.000217
      0.000001      0.000789     -0.000033
     -0.000429     -0.000536     -0.000005
     -0.000012     -0.000084     -0.000384
     -0.000168      0.000424     -0.000082
      0.001071     -0.000278      0.000095
     -0.000363      0.000117     -0.000282
      0.000161     -0.000069      0.000262
     -0.000155      0.000526      0.000100
     -0.003471     -0.001011      0.000167
     -0.001059     -0.000769      0.000671
     -0.003272     -0.002698      0.001477
     -0.000768      0.000161     -0.000940
     -0.000418     -0.000363     -0.000384
     -0.001867      0.001784     -0.000694
     -0.002030     -0.000075      0.001490
      0.001555      0.002425      0.000596
      0.001867     -0.003061      0.001556
      0.003415     -0.000748      0.000922
      0.000126     -0.000210      0.000227
     -0.001541     -0.000627      0.000637
      0.001499      0.000620     -0.001320
     -0.001118     -0.002260     -0.001839
|v.h|=     0.000000    0.000000    0.000000    0.000000    0.000012    0.000074    0.000000   -0.000219    0.000741    0.008124
     1361       69     4    0.000000000    1.000000000
                            0.000043993
                            0.342666411
                            0.537485132
                            0.119804464
|v.h|=     0.000000    0.000000    0.000000    0.000000    0.000251    0.001463    0.000000    0.000000    0.000000   -0.001972
     1381       70     4    0.000000000    1.000000000
                            0.000022384
                            0.277951363
                            0.579964563
                            0.142061691
|v.h|=     0.000000    0.000000    0.000000    0.000000    0.000376    0.001180    0.000000    0.000000    0.000000   -0.000698
     1401       71     4    0.000000000    1.000000000
                            0.000015246
                            0.228854503
                            0.650575621
                            0.120554629
|v.h|=     0.000000    0.000000    0.000000    0.000000    0.000414    0.000784    0.000000    0.000000    0.000000   -0.000763
     1421       72     4    0.000000000    1.000000000
                            0.000030884
                            0.192758554
                            0.702326979
                            0.104883583

Velocity before hopping:
      0.000173      0.000463     -0.000139
     -0.000105      0.000436      0.000300
      0.000410      0.000093      0.000575
     -0.000117     -0.000139     -0.000220
      0.000297      0.000525     -0.000003
      0.000014      0.000315     -0.000335
      0.000390      0.000306     -0.000022
     -0.000406      0.000080     -0.000342
     -0.000101     -0.000197     -0.000092
     -0.000137     -0.000081      0.000350
     -0.000068     -0.000367     -0.000009
      0.000070     -0.000652      0.000506
      0.000169      0.000063     -0.000359
     -0.000041     -0.000114      0.000181
     -0.000194      0.000662     -0.000030
      0.000082     -0.000383      0.000023
      0.000014     -0.000114     -0.000354
     -0.000317      0.000611      0.000067
      0.000888     -0.000407      0.000089
     -0.000527      0.000026     -0.000244
     -0.000136      0.000193      0.000167
      0.000228      0.000140      0.000099
     -0.003347     -0.001563      0.000199
     -0.002764     -0.001094      0.000246
     -0.001167     -0.002764      0.000876
     -0.000358     -0.001148     -0.000574
     -0.001790     -0.000974     -0.000187
      0.001137      0.001883     -0.000728
      0.000002     -0.001102      0.001614
      0.000091      0.001314      0.000112
     -0.000254     -0.002947      0.001423
      0.002331     -0.001459     -0.000179
      0.000474      0.000775      0.000066
     -0.001118     -0.000131      0.000520
      0.000916     -0.000611     -0.000918
      0.000154     -0.001363     -0.001778

      Ekin old          Ekin new          Etot old          Etot new
      0.1386771519      0.1506517496    -51.5910248723    -51.5910248723

------------------------------------------------------------------------
     SURFACE HOPPING! THE SURFACE CHANGES FROM   4 TO   3
     CYCLE COUNT:       72
     POTENTIAL ENERGY VARIATION (eV)       -0.3258453750
------------------------------------------------------------------------

Velocity after hopping:
      0.000181      0.000483     -0.000145
     -0.000109      0.000455      0.000313
      0.000428      0.000097      0.000599
     -0.000122     -0.000145     -0.000229
      0.000309      0.000548     -0.000003
      0.000015      0.000328     -0.000349
      0.000406      0.000319     -0.000023
     -0.000423      0.000083     -0.000357
     -0.000106     -0.000206     -0.000096
     -0.000142     -0.000085      0.000365
     -0.000071     -0.000382     -0.000009
      0.000073     -0.000679      0.000528
      0.000177      0.000066     -0.000374
     -0.000043     -0.000119      0.000188
     -0.000203      0.000690     -0.000032
      0.000086     -0.000399      0.000024
      0.000015     -0.000118     -0.000369
     -0.000330      0.000636      0.000070
      0.000925     -0.000424      0.000093
     -0.000550      0.000028     -0.000254
     -0.000142      0.000201      0.000174
      0.000238      0.000146      0.000104
     -0.003488     -0.001630      0.000207
     -0.002881     -0.001140      0.000256
     -0.001217     -0.002881      0.000913
     -0.000373     -0.001196     -0.000598
     -0.001865     -0.001015     -0.000195
      0.001185      0.001962     -0.000759
      0.000002     -0.001148      0.001682
      0.000095      0.001370      0.000116
     -0.000264     -0.003071      0.001483
      0.002430     -0.001521     -0.000186
      0.000494      0.000808      0.000069
     -0.001165     -0.000137      0.000542
      0.000955     -0.000637     -0.000957
      0.000161     -0.001421     -0.001853
|v.h|=     0.000000    0.000000    0.000072    0.000000    0.000375    0.000671    0.000000    0.000000    0.000041   -0.000688
     1441       73     3    0.000000000    1.000000000
                            0.000055274
                            0.213543065
                            0.700756034
                            0.085645626
|v.h|=     0.000000    0.000000    0.001447    0.000000    0.000000    0.000869    0.000000    0.000000    0.000809    0.000000
     1461       74     3    0.000000000    1.000000000
                            0.000068701
                            0.365460921
                            0.570428419
                            0.064041958

Velocity before hopping:
      0.000078      0.000431     -0.000144
     -0.000136      0.000507      0.000315
      0.000407     -0.000035      0.000569
      0.000041     -0.000094     -0.000187
      0.000224      0.000464      0.000004
     -0.000041      0.000408     -0.000337
      0.000383      0.000496     -0.000033
     -0.000408      0.000151     -0.000341
     -0.000063     -0.000197     -0.000112
     -0.000023      0.000149      0.000371
     -0.000068     -0.000360      0.000022
      0.000006     -0.000742      0.000495
      0.000045      0.000101     -0.000385
     -0.000096     -0.000332      0.000166
     -0.000251      0.000561     -0.000020
      0.000303     -0.000263      0.000033
      0.000046     -0.000124     -0.000346
     -0.000349      0.000666      0.000155
      0.000730     -0.000400      0.000093
     -0.000543     -0.000049     -0.000239
     -0.000265      0.000283      0.000128
      0.000357     -0.000103      0.000098
     -0.002315     -0.001718      0.000207
     -0.002778     -0.001129      0.000122
      0.000028     -0.002711      0.000607
     -0.000099     -0.001707     -0.000477
     -0.001653     -0.001226     -0.000028
      0.002030      0.001880     -0.000739
      0.000951     -0.001435      0.001633
     -0.000669      0.000700     -0.000070
     -0.001335     -0.002823      0.001376
      0.001357     -0.001679     -0.000862
      0.000600      0.001027      0.000033
     -0.000895      0.000075      0.000453
      0.000526     -0.000940     -0.000768
      0.001106      0.000077     -0.001806

      Ekin old          Ekin new          Etot old          Etot new
      0.1376932948      0.1174817538    -51.5912352698    -51.5912352698

------------------------------------------------------------------------
     SURFACE HOPPING! THE SURFACE CHANGES FROM   3 TO   5
     CYCLE COUNT:       74
     POTENTIAL ENERGY VARIATION (eV)        0.5499840000
------------------------------------------------------------------------

Velocity after hopping:
      0.000072      0.000398     -0.000133
     -0.000125      0.000469      0.000291
      0.000376     -0.000033      0.000525
      0.000038     -0.000087     -0.000173
      0.000207      0.000429      0.000004
     -0.000038      0.000377     -0.000311
      0.000354      0.000458     -0.000030
     -0.000377      0.000140     -0.000315
     -0.000058     -0.000182     -0.000104
     -0.000021      0.000137      0.000343
     -0.000062     -0.000333      0.000020
      0.000006     -0.000685      0.000458
      0.000041      0.000093     -0.000355
     -0.000089     -0.000307      0.000153
     -0.000232      0.000518     -0.000019
      0.000280     -0.000243      0.000030
      0.000042     -0.000115     -0.000319
     -0.000322      0.000615      0.000143
      0.000675     -0.000369      0.000086
     -0.000502     -0.000045     -0.000221
     -0.000245      0.000262      0.000118
      0.000330     -0.000095      0.000091
     -0.002138     -0.001587      0.000191
     -0.002566     -0.001042      0.000113
      0.000026     -0.002504      0.000560
     -0.000092     -0.001577     -0.000441
     -0.001527     -0.001133     -0.000026
      0.001875      0.001737     -0.000683
      0.000879     -0.001325      0.001508
     -0.000618      0.000647     -0.000065
     -0.001233     -0.002608      0.001271
      0.001253     -0.001551     -0.000796
      0.000554      0.000948      0.000031
     -0.000827      0.000069      0.000418
      0.000486     -0.000868     -0.000710
      0.001022      0.000071     -0.001669
|v.h|=     0.000000    0.000000    0.001393    0.000000    0.000000    0.000174    0.000000    0.000001    0.000622   -0.000033
     1481       75     5    0.000000000    1.000000000
                            0.000280529
                            0.328081135
                            0.486666139
                            0.184972197
|v.h|=     0.000000    0.000000    0.000000    0.000000    0.000000    0.000000    0.000000    0.000015    0.000711   -0.000652
     1501       76     5    0.000000000    1.000000000
                            0.000238211
                            0.236437798
                            0.427666984
                            0.335657007
|v.h|=     0.000000    0.000000    0.000000    0.000000    0.000000    0.000000    0.000000    0.000064    0.000443   -0.000471
     1521       77     5    0.000000000    1.000000000
                            0.000115506
                            0.169608848
                            0.374432202
                            0.455843444
|v.h|=     0.000000    0.000000    0.000000    0.000000    0.000000    0.000000    0.000000    0.000058    0.000338   -0.000502
     1541       78     5    0.000000000    1.000000000
                            0.000057529
                            0.122298562
                            0.325970523
                            0.551673387
|v.h|=     0.000000    0.000000    0.000000    0.000000    0.000000    0.000000    0.000000    0.000070    0.000309   -0.000518
     1561       79     5    0.000000000    1.000000000
                            0.000022603
                            0.088904248
                            0.283023344
                            0.628049805
|v.h|=     0.000000    0.000000    0.000000    0.000000    0.000000    0.000000    0.000000    0.000052    0.000192   -0.000569
     1581       80     5    0.000000000    1.000000000
                            0.000005673
                            0.064770733
                            0.245670503
                            0.689553092
|v.h|=     0.000000    0.000000    0.000000    0.000000    0.000000    0.000000    0.000000    0.000051    0.000092   -0.000649
     1601       81     5    0.000000000    1.000000000
                            0.000001364
                            0.046974478
                            0.213828673
                            0.739195485
|v.h|=     0.000000    0.000000    0.000000    0.000000    0.000000    0.000000    0.000000    0.000011    0.000003   -0.000826
     1621       82     5    0.000000000    1.000000000
                            0.000001120
                            0.033973444
                            0.186735723
                            0.779289714
|v.h|=     0.000000    0.000000    0.000000    0.000000    0.000000    0.000000    0.000000   -0.000041   -0.000180   -0.001325
     1641       83     5    0.000000000    1.000000000
                            0.000000301
                            0.024578237
                            0.162331564
                            0.813089898
|v.h|=     0.000000    0.000000    0.000000    0.000000    0.000000    0.000000    0.000000   -0.000065   -0.000342   -0.004186
     1661       84     5    0.000000000    1.000000000
                            0.000000949
                            0.018247510
                            0.131077728
                            0.850673813
|v.h|=     0.000000    0.000000    0.000000    0.000000    0.000000    0.000000    0.000000   -0.000152   -0.000505   -0.024213
     1681       85     5    0.000000000    1.000000000
                            0.000004958
                            0.014633192
                            0.058316198
                            0.927045652
|v.h|=     0.000000    0.000000    0.000000    0.000000    0.000000    0.000000    0.000000   -0.000257   -0.000438   -0.042165
     1701       86     5    0.000000000    1.000000000
                            0.000013880
                            0.012712720
                            0.437639174
                            0.549634227
|v.h|=     0.000000    0.000000    0.000000    0.000000    0.000000    0.000000    0.000000   -0.000218   -0.000636    0.014437
     1721       87     5    0.000000000    1.000000000
                            0.000011733
                            0.011213079
                            0.627864901
                            0.360910287
|v.h|=     0.000000    0.000000    0.000000    0.000000    0.000000    0.000000    0.000000   -0.000159   -0.001233    0.004344
     1741       88     5    0.000000000    1.000000000
                            0.000008180
                            0.011511302
                            0.449433873
                            0.539046644
|v.h|=     0.000000    0.000000    0.000000    0.000000    0.000000    0.000000    0.000000   -0.000128   -0.002171    0.004220
     1761       89     5    0.000000000    1.000000000
                            0.000005493
                            0.014944849
                            0.363747120
                            0.621302538
|v.h|=     0.000000    0.000000    0.000000    0.000000    0.000000    0.000000    0.000000   -0.000199   -0.004128    0.005608
     1781       90     5    0.000000000    1.000000000
                            0.000005543
                            0.025943890
                            0.282203101
                            0.691847466
|v.h|=     0.000000    0.000000    0.000000    0.000000    0.000000    0.000000    0.000000   -0.000381   -0.007477    0.009713
     1801       91     5    0.000000000    1.000000000
                            0.000021026
                            0.060930186
                            0.191772155
                            0.747276633
|v.h|=     0.000000    0.000000    0.000000    0.000000    0.000000    0.000000    0.000000   -0.000637   -0.010310    0.013671
     1821       92     5    0.000000000    1.000000000
                            0.000091119
                            0.150833054
                            0.129290117
                            0.719785710
|v.h|=     0.000000    0.000000    0.000000    0.000000    0.000000    0.000000    0.000000   -0.000752   -0.007852    0.008035
     1841       93     5    0.000000000    1.000000000
                            0.000209574
                            0.266546110
                            0.142266420
                            0.590977897
|v.h|=     0.000000    0.000000    0.000000    0.000000    0.000000    0.000000    0.000000   -0.000676   -0.004327    0.002527
     1861       94     5    0.000000000    1.000000000
                            0.000258898
                            0.331047406
                            0.160521526
                            0.508172170
|v.h|=     0.000000    0.000000    0.000000    0.000000    0.000000    0.000000    0.000000   -0.000501   -0.002801    0.001163
     1881       95     5    0.000000000    1.000000000
                            0.000199262
                            0.345142729
                            0.159378076
                            0.495279934

Velocity before hopping:
     -0.000176     -0.000473      0.000121
     -0.000059     -0.000004     -0.000056
     -0.000254     -0.000249     -0.000246
      0.000081      0.000587      0.000366
      0.000233     -0.000520      0.000195
      0.000306     -0.000430     -0.000055
     -0.000249     -0.000135     -0.000183
      0.000305      0.000027      0.000032
      0.000352      0.000133     -0.000213
      0.000365      0.000191      0.000314
      0.000337      0.000675      0.000132
     -0.000331      0.000245     -0.000018
      0.000062     -0.000345     -0.000079
      0.000107      0.000231     -0.000059
      0.000189     -0.000262      0.000304
      0.000376      0.000009     -0.000161
     -0.000096      0.000167      0.000195
      0.000033     -0.000806      0.000458
     -0.000764      0.000079     -0.000087
      0.000388      0.000334      0.000041
     -0.000319      0.000205     -0.000271
     -0.000403      0.000418     -0.000249
     -0.003359      0.000870      0.000213
     -0.001910      0.001307     -0.001803
     -0.001189      0.002143     -0.000782
     -0.000503     -0.000459      0.003022
     -0.001695      0.000237      0.000470
      0.002256     -0.002521     -0.000078
      0.000811      0.000817      0.000234
     -0.000193     -0.001022     -0.000912
     -0.001462      0.002401     -0.001629
      0.001787      0.001153     -0.002455
     -0.000467      0.001240      0.000054
      0.000844      0.000776     -0.000754
     -0.000633     -0.001130      0.001377
      0.001203     -0.000779      0.000365

      Ekin old          Ekin new          Etot old          Etot new
      0.1438461123      0.1524464260    -51.5907521342    -51.5907521342

------------------------------------------------------------------------
     SURFACE HOPPING! THE SURFACE CHANGES FROM   5 TO   3
     CYCLE COUNT:       95
     POTENTIAL ENERGY VARIATION (eV)       -0.2340264375
------------------------------------------------------------------------

Velocity after hopping:
     -0.000181     -0.000487      0.000124
     -0.000061     -0.000004     -0.000057
     -0.000262     -0.000256     -0.000253
      0.000083      0.000604      0.000377
      0.000240     -0.000535      0.000200
      0.000315     -0.000443     -0.000057
     -0.000257     -0.000139     -0.000188
      0.000314      0.000028      0.000033
      0.000362      0.000136     -0.000220
      0.000376      0.000196      0.000323
      0.000347      0.000695      0.000136
     -0.000341      0.000252     -0.000018
      0.000063     -0.000355     -0.000082
      0.000111      0.000238     -0.000061
      0.000194     -0.000270      0.000313
      0.000387      0.000009     -0.000166
     -0.000099      0.000172      0.000200
      0.000034     -0.000830      0.000472
     -0.000786      0.000081     -0.000089
      0.000399      0.000344      0.000042
     -0.000328      0.000211     -0.000279
     -0.000415      0.000431     -0.000256
     -0.003458      0.000896      0.000219
     -0.001966      0.001345     -0.001856
     -0.001224      0.002206     -0.000805
     -0.000517     -0.000472      0.003111
     -0.001745      0.000244      0.000483
      0.002322     -0.002595     -0.000080
      0.000835      0.000841      0.000241
     -0.000199     -0.001052     -0.000939
     -0.001505      0.002472     -0.001677
      0.001840      0.001187     -0.002527
     -0.000481      0.001277      0.000055
      0.000869      0.000799     -0.000776
     -0.000652     -0.001164      0.001418
      0.001238     -0.000802      0.000376
|v.h|=     0.000000    0.000000   -0.000049    0.000000    0.000000   -0.000139    0.000000   -0.000308   -0.002298    0.000633
     1901       96     3    0.000000000    1.000000000
                            0.000105701
                            0.367311150
                            0.153964644
                            0.478618504
|v.h|=     0.000000    0.000000   -0.000989    0.000000    0.000000   -0.002882    0.000000    0.000000   -0.002415    0.000000
     1921       97     3    0.000000000    1.000000000
                            0.000092015
                            0.470928277
                            0.146363319
                            0.382616389
|v.h|=     0.000000    0.000000   -0.001054    0.000000    0.000000   -0.004998    0.000000    0.000000   -0.002257    0.000000
     1941       98     3    0.000000000    1.000000000
                            0.000405114
                            0.565240837
                            0.128417188
                            0.305936862
|v.h|=     0.000000    0.000000   -0.001018    0.000000    0.000000   -0.005832    0.000000    0.000000   -0.002278    0.000000
     1961       99     3    0.000000000    1.000000000
                            0.000739788
                            0.639228171
                            0.114419654
                            0.245612387
|v.h|=     0.000000    0.000000   -0.000962    0.000000    0.000000   -0.005479    0.000000    0.000000   -0.002357    0.000000
     1981      100     3    0.000000000    1.000000000
                            0.000804492
                            0.685842945
                            0.114056721
                            0.199295842
|v.h|=     0.000000    0.000000   -0.000886    0.000000    0.000000   -0.003823    0.000000    0.000000   -0.002526    0.000000
     2001      101     3    0.000000000    1.000000000
                            0.000607365
                            0.708705300
                            0.125000645
                            0.165686691
|v.h|=     0.000000    0.000000   -0.000819    0.000000    0.000000   -0.001555    0.000000    0.000000   -0.002850    0.000000
     2021      102     3    0.000000000    1.000000000
                            0.000340873
                            0.720557798
                            0.134960938
                            0.144140391
|v.h|=     0.000000    0.000000   -0.000783    0.000000    0.000000    0.001457    0.000000    0.000000   -0.003485    0.000000
     2041      103     3    0.000000000    1.000000000
                            0.000165635
                            0.731768488
                            0.132430509
                            0.135635367
|v.h|=     0.000000    0.000000   -0.000675    0.000000    0.000000    0.007001    0.000000    0.000000   -0.004782    0.000000
     2061      104     3    0.000000000    1.000000000
                            0.000112078
                            0.742605470
                            0.111239148
                            0.146043304
