 -----------------------
   integrator =       5
   phase      =       1
   nohop      =       0
   forcesurf  =       1
   getphase   =       1
   nrelax     =       0
   vdoth      =       1
   tully      =       1
   ms         =      20
   mom        =       1
   seed       =       1
   adjmom     =   -1.00
   probmin    =  0.0000
   popdev     =   0.050
   decay      =  0.1000
 -----------------------
|v.h|=     0.000000    0.000000    0.000000    0.000000    0.000000    0.000000    0.000000    0.000000    0.000000    0.000000
Integration of the TDSH for the electrons
Integrator = 5          Hopping is allowed    
  substep     step  surf    populations      Total pop
        0        0     4    0.000000000    1.000000030
                            0.000003804
                            0.000410108
                            0.974875471
                            0.024710646
|v.h|=     0.000000    0.000000    0.000000    0.000000    0.000001    0.000012    0.000000    0.000000    0.000000    0.000044
        1        1     4    0.000000000    1.000000000
                            0.000003676
                            0.000405938
                            0.974952094
                            0.024638293
|v.h|=     0.000000    0.000000    0.000000    0.000000    0.000012    0.000224    0.000000    0.000000    0.000000    0.000854
       21        2     4    0.000000000    1.000000000
                            0.000002147
                            0.000395118
                            0.973880194
                            0.025722541
|v.h|=     0.000000    0.000000    0.000000    0.000000   -0.000060   -0.000207    0.000000    0.000000    0.000000    0.000442
       41        3     4    0.000000000    1.000000000
                            0.000000384
                            0.000323726
                            0.972340058
                            0.027335832
|v.h|=     0.000000    0.000000    0.000000    0.000000   -0.000067   -0.000632    0.000000    0.000000    0.000000    0.000153
       61        4     4    0.000000000    1.000000000
                            0.000001117
                            0.000080354
                            0.973521559
                            0.026396970
|v.h|=     0.000000    0.000000    0.000000    0.000000   -0.000052   -0.001150    0.000000    0.000000    0.000000   -0.000110
       81        5     4    0.000000000    1.000000000
                            0.000002928
                            0.000102977
                            0.976128350
                            0.023765744
|v.h|=     0.000000    0.000000    0.000000    0.000000   -0.000031   -0.001735    0.000000    0.000000    0.000000   -0.000340
      101        6     4    0.000000000    1.000000000
                            0.000002938
                            0.001355176
                            0.978403985
                            0.020237900
|v.h|=     0.000000    0.000000    0.000000    0.000000   -0.000005   -0.002313    0.000000    0.000000    0.000000   -0.000522
      121        7     4    0.000000000    1.000000000
                            0.000001774
                            0.005344234
                            0.977990644
                            0.016663348
|v.h|=     0.000000    0.000000    0.000000    0.000000    0.000021   -0.002752    0.000000    0.000000    0.000000   -0.000638
      141        8     4    0.000000000    1.000000000
                            0.000001196
                            0.013534599
                            0.972711709
                            0.013752496
|v.h|=     0.000000    0.000000    0.000000    0.000000    0.000045   -0.002908    0.000000    0.000000    0.000000   -0.000682
      161        9     4    0.000000000    1.000000000
                            0.000001919
                            0.026021292
                            0.962106366
                            0.011870424
|v.h|=     0.000000    0.000000    0.000000    0.000000    0.000062   -0.002714    0.000000    0.000000    0.000000   -0.000655
      181       10     4    0.000000000    1.000000000
                            0.000003264
                            0.040386284
                            0.948615027
                            0.010995426
|v.h|=     0.000000    0.000000    0.000000    0.000000    0.000072   -0.002229    0.000000    0.000000    0.000000   -0.000564
      201       11     4    0.000000000    1.000000000
                            0.000004201
                            0.052446945
                            0.936760709
                            0.010788144
|v.h|=     0.000000    0.000000    0.000000    0.000000    0.000075   -0.001596    0.000000    0.000000    0.000000   -0.000414
      221       12     4    0.000000000    1.000000000
                            0.000004254
                            0.058589303
                            0.930641458
                            0.010764985
|v.h|=     0.000000    0.000000    0.000000    0.000000    0.000082   -0.000937    0.000000    0.000000    0.000000   -0.000200
      241       13     4    0.000000000    1.000000000
                            0.000003785
                            0.057753698
                            0.931811838
                            0.010430680
|v.h|=     0.000000    0.000000    0.000000    0.000000    0.000094   -0.000306    0.000000    0.000000    0.000000    0.000075
      261       14     4    0.000000000    1.000000000
                            0.000003597
                            0.051396033
                            0.939220809
                            0.009379561
|v.h|=     0.000000    0.000000    0.000000    0.000000    0.000115    0.000282    0.000000    0.000000    0.000000    0.000399
      281       15     4    0.000000000    1.000000000
                            0.000004500
                            0.042365555
                            0.950176615
                            0.007453330
|v.h|=     0.000000    0.000000    0.000000    0.000000    0.000144    0.000821    0.000000    0.000000    0.000000    0.000754
      301       16     4    0.000000000    1.000000000
                            0.000007349
                            0.033921930
                            0.961211053
                            0.004859668
|v.h|=     0.000000    0.000000    0.000000    0.000000    0.000182    0.001302    0.000000    0.000000    0.000000    0.001110
      321       17     4    0.000000000    1.000000000
                            0.000012904
                            0.028765253
                            0.968998535
                            0.002223307
|v.h|=     0.000000    0.000000    0.000000    0.000000    0.000210    0.001702    0.000000    0.000000    0.000000    0.001461
      341       18     4    0.000000000    1.000000000
                            0.000020623
                            0.028383501
                            0.971163441
                            0.000432435
|v.h|=     0.000000    0.000000    0.000000    0.000000    0.000222    0.001993    0.000000    0.000000    0.000000    0.001778
      361       19     4    0.000000000    1.000000000
                            0.000027350
                            0.032695104
                            0.966807135
                            0.000470411
|v.h|=     0.000000    0.000000    0.000000    0.000000    0.000232    0.002156    0.000000    0.000000    0.000000    0.002104
      381       20     4    0.000000000    1.000000000
                            0.000030639
                            0.040121842
                            0.956590696
                            0.003256824
|v.h|=     0.000000    0.000000    0.000000    0.000000    0.000217    0.002183    0.000000    0.000000    0.000000    0.002436
      401       21     4    0.000000000    1.000000000
                            0.000029339
                            0.048083082
                            0.942184174
                            0.009703405
|v.h|=     0.000000    0.000000    0.000000    0.000000    0.000199    0.002073    0.000000    0.000000    0.000000    0.002760
      421       22     4    0.000000000    1.000000000
                            0.000023644
                            0.053660090
                            0.925634878
                            0.020681388
|v.h|=     0.000000    0.000000    0.000000    0.000000    0.000180    0.001850    0.000000    0.000000    0.000000    0.003130
      441       23     4    0.000000000    1.000000000
                            0.000016710
                            0.054663881
                            0.908164666
                            0.037154743
|v.h|=     0.000000    0.000000    0.000000    0.000000    0.000144    0.001543    0.000000    0.000000    0.000000    0.003569
      461       24     4    0.000000000    1.000000000
                            0.000010855
                            0.050640868
                            0.888768347
                            0.060579930
|v.h|=     0.000000    0.000000    0.000000    0.000000    0.000102    0.001168    0.000000    0.000000    0.000000    0.004012
      481       25     4    0.000000000    1.000000000
                            0.000006285
                            0.042860342
                            0.864567899
                            0.092565474
|v.h|=     0.000000    0.000000    0.000000    0.000000    0.000044    0.000762    0.000000    0.000000    0.000000    0.004428
      501       26     4    0.000000000    1.000000000
                            0.000002925
                            0.033488738
                            0.832317573
                            0.134190764
|v.h|=     0.000000    0.000000    0.000000    0.000000   -0.000029    0.000370    0.000000    0.000000    0.000000    0.004821
      521       27     4    0.000000000    1.000000000
                            0.000001464
                            0.024735760
                            0.789532156
                            0.185730620
|v.h|=     0.000000    0.000000    0.000000    0.000000   -0.000113    0.000023    0.000000    0.000000    0.000000    0.005185
      541       28     4    0.000000000    1.000000000
                            0.000003631
                            0.017966823
                            0.735525656
                            0.246503890
|v.h|=     0.000000    0.000000    0.000000    0.000000   -0.000216   -0.000226    0.000000    0.000000    0.000000    0.005676
      561       29     4    0.000000000    1.000000000
                            0.000011239
                            0.013454754
                            0.670692391
                            0.315841616
|v.h|=     0.000000    0.000000    0.000000    0.000000   -0.000344   -0.000350    0.000000    0.000000    0.000000    0.006252
      581       30     4    0.000000000    1.000000000
                            0.000026164
                            0.010617196
                            0.596720130
                            0.392636510
|v.h|=     0.000000    0.000000    0.000000    0.000000   -0.000481   -0.000333    0.000000    0.000000    0.000000    0.006648
      601       31     4    0.000000000    1.000000000
                            0.000049153
                            0.008580626
                            0.519770459
                            0.471599762
|v.h|=     0.000000    0.000000    0.000000    0.000000   -0.000593   -0.000203    0.000000    0.000000    0.000000    0.006353
      621       32     4    0.000000000    1.000000000
                            0.000075683
                            0.006765358
                            0.455358612
                            0.537800347
|v.h|=     0.000000    0.000000    0.000000    0.000000   -0.000686   -0.000029    0.000000    0.000000    0.000000    0.005256
      641       33     4    0.000000000    1.000000000
                            0.000099298
                            0.005064261
                            0.421913594
                            0.572922847

Velocity before hopping:
      0.000053     -0.000083     -0.000015
     -0.000239     -0.000536     -0.000020
      0.000115     -0.000130     -0.000092
     -0.000496      0.000627      0.000087
      0.000144      0.000607      0.000063
     -0.000382     -0.000263      0.000268
      0.000617     -0.000834     -0.000051
     -0.000367      0.000291     -0.000052
     -0.000076     -0.000405      0.000021
     -0.000127      0.000706      0.000185
      0.000845     -0.000362      0.000203
     -0.000364      0.000387      0.000388
      0.000904      0.000164     -0.000070
     -0.000118      0.000379     -0.000183
      0.000143      0.000137      0.000143
     -0.000021     -0.000541     -0.000152
     -0.000113      0.000072      0.000464
      0.000422      0.000108      0.000047
      0.000009     -0.000320      0.000046
     -0.000195     -0.000402      0.000126
      0.000549      0.000713     -0.000349
     -0.000780     -0.000196      0.000271
      0.002101     -0.001273     -0.000888
     -0.001631     -0.000540      0.000013
      0.001285      0.000722     -0.001053
     -0.003066     -0.001789     -0.000648
      0.000341     -0.001322      0.001837
      0.000275     -0.000799      0.000152
      0.000176      0.001886      0.000190
     -0.002883      0.003864     -0.000109
     -0.000487     -0.001314     -0.000326
     -0.001370     -0.000067     -0.001073
     -0.000552      0.002573     -0.001711
      0.000206      0.000710      0.000246
      0.000636      0.001461      0.000520
      0.000044     -0.001931     -0.001009

      Ekin old          Ekin new          Etot old          Etot new
      0.1724207792      0.1663293580    -49.2649787372    -49.2649787372

------------------------------------------------------------------------
     SURFACE HOPPING! THE SURFACE CHANGES FROM   4 TO   5
     CYCLE COUNT:       33
     POTENTIAL ENERGY VARIATION (eV)        0.1657560000
------------------------------------------------------------------------

Velocity after hopping:
      0.000052     -0.000081     -0.000015
     -0.000235     -0.000526     -0.000019
      0.000113     -0.000127     -0.000090
     -0.000487      0.000616      0.000086
      0.000141      0.000596      0.000062
     -0.000375     -0.000258      0.000263
      0.000606     -0.000820     -0.000050
     -0.000360      0.000286     -0.000051
     -0.000075     -0.000398      0.000020
     -0.000125      0.000694      0.000182
      0.000830     -0.000355      0.000199
     -0.000358      0.000380      0.000381
      0.000888      0.000161     -0.000069
     -0.000116      0.000373     -0.000179
      0.000141      0.000135      0.000141
     -0.000020     -0.000531     -0.000149
     -0.000111      0.000071      0.000455
      0.000414      0.000107      0.000046
      0.000008     -0.000315      0.000046
     -0.000191     -0.000395      0.000124
      0.000539      0.000701     -0.000343
     -0.000766     -0.000192      0.000266
      0.002063     -0.001250     -0.000872
     -0.001602     -0.000531      0.000013
      0.001262      0.000709     -0.001034
     -0.003011     -0.001757     -0.000636
      0.000335     -0.001299      0.001804
      0.000270     -0.000785      0.000149
      0.000173      0.001852      0.000186
     -0.002832      0.003795     -0.000107
     -0.000478     -0.001291     -0.000320
     -0.001346     -0.000066     -0.001054
     -0.000543      0.002527     -0.001681
      0.000202      0.000697      0.000241
      0.000624      0.001434      0.000511
      0.000043     -0.001897     -0.000991
|v.h|=     0.000000    0.000000    0.000000    0.000000   -0.000730    0.000107    0.000000   -0.000004    0.000052    0.003943
      661       34     5    0.000000000    1.000000000
                            0.000108262
                            0.003322432
                            0.345093277
                            0.651476030
|v.h|=     0.000000    0.000000    0.000000    0.000000    0.000000    0.000000    0.000000   -0.000067    0.001045    0.003616
      681       35     5    0.000000000    1.000000000
                            0.000069988
                            0.001584544
                            0.273932827
                            0.724412641
|v.h|=     0.000000    0.000000    0.000000    0.000000    0.000000    0.000000    0.000000    0.000005    0.001016    0.002052
      701       36     5    0.000000000    1.000000000
                            0.000032637
                            0.000346147
                            0.225357951
                            0.774263265
|v.h|=     0.000000    0.000000    0.000000    0.000000    0.000000    0.000000    0.000000    0.000006    0.000880    0.001691
      721       37     5    0.000000000    1.000000000
                            0.000012835
                            0.000023327
                            0.191167875
                            0.808795963
|v.h|=     0.000000    0.000000    0.000000    0.000000    0.000000    0.000000    0.000000   -0.000004    0.000720    0.001469
      741       38     5    0.000000000    1.000000000
                            0.000005002
                            0.000149015
                            0.165415704
                            0.834430278
|v.h|=     0.000000    0.000000    0.000000    0.000000    0.000000    0.000000    0.000000   -0.000029    0.000543    0.001313
      761       39     5    0.000000000    1.000000000
                            0.000001425
                            0.000309359
                            0.146031574
                            0.853657643
|v.h|=     0.000000    0.000000    0.000000    0.000000    0.000000    0.000000    0.000000   -0.000066    0.000348    0.001196
      781       40     5    0.000000000    1.000000000
                            0.000001293
                            0.000327944
                            0.131275975
                            0.868394788
|v.h|=     0.000000    0.000000    0.000000    0.000000    0.000000    0.000000    0.000000   -0.000104    0.000139    0.001083
      801       41     5    0.000000000    1.000000000
                            0.000003676
                            0.000233279
                            0.119435875
                            0.880327170
|v.h|=     0.000000    0.000000    0.000000    0.000000    0.000000    0.000000    0.000000   -0.000097   -0.000082    0.000997
      821       42     5    0.000000000    1.000000000
                            0.000004302
                            0.000141003
                            0.108997209
                            0.890857485
|v.h|=     0.000000    0.000000    0.000000    0.000000    0.000000    0.000000    0.000000   -0.000105   -0.000287    0.000886
      841       43     5    0.000000000    1.000000000
                            0.000002822
                            0.000141489
                            0.098748419
                            0.901107270
|v.h|=     0.000000    0.000000    0.000000    0.000000    0.000000    0.000000    0.000000   -0.000075   -0.000446    0.000750
      861       44     5    0.000000000    1.000000000
                            0.000001557
                            0.000236356
                            0.087947877
                            0.911814210
|v.h|=     0.000000    0.000000    0.000000    0.000000    0.000000    0.000000    0.000000   -0.000036   -0.000557    0.000641
      881       45     5    0.000000000    1.000000000
                            0.000000656
                            0.000362037
                            0.076917165
                            0.922720142
|v.h|=     0.000000    0.000000    0.000000    0.000000    0.000000    0.000000    0.000000    0.000011   -0.000596    0.000458
      901       46     5    0.000000000    1.000000000
                            0.000000229
                            0.000450223
                            0.066053981
                            0.933495568
|v.h|=     0.000000    0.000000    0.000000    0.000000    0.000000    0.000000    0.000000    0.000039   -0.000602    0.000272
      921       47     5    0.000000000    1.000000000
                            0.000000465
                            0.000472843
                            0.055773598
                            0.943753094
|v.h|=     0.000000    0.000000    0.000000    0.000000    0.000000    0.000000    0.000000    0.000053   -0.000596    0.000104
      941       48     5    0.000000000    1.000000000
                            0.000000854
                            0.000445785
                            0.046695302
                            0.952858058
|v.h|=     0.000000    0.000000    0.000000    0.000000    0.000000    0.000000    0.000000    0.000062   -0.000578   -0.000098
      961       49     5    0.000000000    1.000000000
                            0.000001019
                            0.000396554
                            0.039178429
                            0.960423997
|v.h|=     0.000000    0.000000    0.000000    0.000000    0.000000    0.000000    0.000000    0.000065   -0.000569   -0.000265
      981       50     5    0.000000000    1.000000000
                            0.000001050
                            0.000348692
                            0.033461014
                            0.966189244
|v.h|=     0.000000    0.000000    0.000000    0.000000    0.000000    0.000000    0.000000    0.000075   -0.000563   -0.000443
     1001       51     5    0.000000000    1.000000000
                            0.000001167
                            0.000317295
                            0.029647510
                            0.970034028
|v.h|=     0.000000    0.000000    0.000000    0.000000    0.000000    0.000000    0.000000    0.000094   -0.000569   -0.000603
     1021       52     5    0.000000000    1.000000000
                            0.000001739
                            0.000308646
                            0.027751107
                            0.971938507
|v.h|=     0.000000    0.000000    0.000000    0.000000    0.000000    0.000000    0.000000    0.000122   -0.000570   -0.000772
     1041       53     5    0.000000000    1.000000000
                            0.000003097
                            0.000321760
                            0.027714214
                            0.971960929
|v.h|=     0.000000    0.000000    0.000000    0.000000    0.000000    0.000000    0.000000    0.000176   -0.000555   -0.000920
     1061       54     5    0.000000000    1.000000000
                            0.000006284
                            0.000344967
                            0.029403372
                            0.970245377
|v.h|=     0.000000    0.000000    0.000000    0.000000    0.000000    0.000000    0.000000    0.000171   -0.000498   -0.001164
     1081       55     5    0.000000000    1.000000000
                            0.000009660
                            0.000355300
                            0.033103811
                            0.966531229
|v.h|=     0.000000    0.000000    0.000000    0.000000    0.000000    0.000000    0.000000    0.000186   -0.000403   -0.001396
     1101       56     5    0.000000000    1.000000000
                            0.000010286
                            0.000330192
                            0.039246856
                            0.960412666
|v.h|=     0.000000    0.000000    0.000000    0.000000    0.000000    0.000000    0.000000    0.000204   -0.000272   -0.001605
     1121       57     5    0.000000000    1.000000000
                            0.000010672
                            0.000266239
                            0.048057647
                            0.951665441
|v.h|=     0.000000    0.000000    0.000000    0.000000    0.000000    0.000000    0.000000    0.000227   -0.000096   -0.001839
     1141       58     5    0.000000000    1.000000000
                            0.000012772
                            0.000184080
                            0.060163308
                            0.939639840
|v.h|=     0.000000    0.000000    0.000000    0.000000    0.000000    0.000000    0.000000    0.000241    0.000093   -0.001951
     1161       59     5    0.000000000    1.000000000
                            0.000016385
                            0.000127592
                            0.075915965
                            0.923940058
|v.h|=     0.000000    0.000000    0.000000    0.000000    0.000000    0.000000    0.000000    0.000223    0.000291   -0.001849
     1181       60     5    0.000000000    1.000000000
                            0.000017896
                            0.000149688
                            0.094297136
                            0.905535280
|v.h|=     0.000000    0.000000    0.000000    0.000000    0.000000    0.000000    0.000000    0.000257    0.000482    0.000671
     1201       61     5    0.000000000    1.000000000
                            0.000018202
                            0.000290721
                            0.109444272
                            0.890246806
|v.h|=     0.000000    0.000000    0.000000    0.000000    0.000000    0.000000    0.000000    0.000159    0.000779    0.035392
     1221       62     5    0.000000000    1.000000000
                            0.000017281
                            0.000666620
                            0.009560387
                            0.989755712

Velocity before hopping:
     -0.000111      0.000759     -0.000030
      0.000143      0.000097      0.000305
      0.000217      0.000637      0.000052
      0.000415     -0.000511     -0.000107
     -0.000038     -0.000650     -0.000004
     -0.000032      0.000275      0.000124
     -0.000652     -0.000185      0.000227
      0.000706      0.000143      0.000318
      0.000091      0.000199      0.000109
      0.000669     -0.000614      0.000143
     -0.000590      0.000102     -0.000360
     -0.000083     -0.000136     -0.000016
     -0.000654      0.000231      0.000201
      0.000138     -0.000201     -0.000087
      0.000278     -0.000284      0.000037
      0.000231     -0.000633      0.000013
     -0.000154      0.000359      0.000097
     -0.000180     -0.000010     -0.000165
     -0.000245      0.000039     -0.000124
     -0.000239     -0.000088     -0.000385
     -0.000428     -0.000278      0.000136
      0.000018      0.000686     -0.000053
     -0.000930      0.001455      0.000512
      0.000858      0.000555      0.001511
     -0.001033      0.000355      0.000654
      0.002088      0.002426     -0.000129
     -0.000654      0.002442     -0.000524
     -0.000248      0.000972     -0.000282
     -0.000041     -0.001182     -0.000162
      0.002193     -0.002583      0.000982
      0.000164      0.000727      0.001327
      0.001519      0.000647      0.000612
      0.001141     -0.001702      0.001818
      0.000914     -0.000137      0.000932
     -0.000217     -0.001462     -0.001066
      0.001470      0.001795      0.000379

      Ekin old          Ekin new          Etot old          Etot new
      0.1365336545      0.1366003361    -49.2667579410    -49.2667579410

------------------------------------------------------------------------
     SURFACE HOPPING! THE SURFACE CHANGES FROM   5 TO   4
     CYCLE COUNT:       62
     POTENTIAL ENERGY VARIATION (eV)       -0.0018145000
------------------------------------------------------------------------

Velocity after hopping:
     -0.000111      0.000759     -0.000030
      0.000143      0.000097      0.000306
      0.000217      0.000637      0.000052
      0.000415     -0.000512     -0.000107
     -0.000038     -0.000650     -0.000004
     -0.000032      0.000275      0.000124
     -0.000652     -0.000185      0.000227
      0.000706      0.000143      0.000318
      0.000091      0.000199      0.000109
      0.000669     -0.000614      0.000143
     -0.000590      0.000102     -0.000360
     -0.000083     -0.000136     -0.000016
     -0.000654      0.000231      0.000201
      0.000138     -0.000201     -0.000087
      0.000278     -0.000284      0.000037
      0.000231     -0.000633      0.000013
     -0.000154      0.000359      0.000097
     -0.000180     -0.000010     -0.000165
     -0.000245      0.000039     -0.000124
     -0.000239     -0.000088     -0.000385
     -0.000428     -0.000278      0.000136
      0.000018      0.000686     -0.000053
     -0.000931      0.001455      0.000512
      0.000858      0.000555      0.001511
     -0.001033      0.000355      0.000654
      0.002088      0.002426     -0.000129
     -0.000654      0.002443     -0.000524
     -0.000248      0.000973     -0.000282
     -0.000041     -0.001182     -0.000162
      0.002193     -0.002583      0.000982
      0.000164      0.000727      0.001327
      0.001520      0.000647      0.000612
      0.001141     -0.001703      0.001818
      0.000914     -0.000137      0.000932
     -0.000217     -0.001462     -0.001067
      0.001470      0.001796      0.000380
|v.h|=     0.000000    0.000000    0.000000    0.000000    0.000011    0.000014    0.000000   -0.000119    0.000355    0.040896
     1241       63     4    0.000000000    1.000000000
                            0.000009865
                            0.000920678
                            0.588836325
                            0.410233132
|v.h|=     0.000000    0.000000    0.000000    0.000000    0.000207    0.000279    0.000000    0.000000    0.000000   -0.001510
     1261       64     4    0.000000000    1.000000000
                            0.000000383
                            0.000829200
                            0.904774835
                            0.094395582
|v.h|=     0.000000    0.000000    0.000000    0.000000    0.000112    0.000228    0.000000    0.000000    0.000000   -0.000440
     1281       65     4    0.000000000    1.000000000
                            0.000004073
                            0.000716896
                            0.896836634
                            0.102442397
|v.h|=     0.000000    0.000000    0.000000    0.000000    0.000074   -0.000116    0.000000    0.000000    0.000000    0.000019
     1301       66     4    0.000000000    1.000000000
                            0.000006550
                            0.000552636
                            0.899632058
                            0.099808756
|v.h|=     0.000000    0.000000    0.000000    0.000000    0.000012   -0.000561    0.000000    0.000000    0.000000    0.000281
     1321       67     4    0.000000000    1.000000000
                            0.000004278
                            0.000512475
                            0.907797002
                            0.091686245
|v.h|=     0.000000    0.000000    0.000000    0.000000   -0.000041   -0.001058    0.000000    0.000000    0.000000    0.000413
     1341       68     4    0.000000000    1.000000000
                            0.000002689
                            0.001049733
                            0.918007558
                            0.080940020
|v.h|=     0.000000    0.000000    0.000000    0.000000   -0.000082   -0.001520    0.000000    0.000000    0.000000    0.000421
     1361       69     4    0.000000000    1.000000000
                            0.000004760
                            0.002781953
                            0.927342883
                            0.069870404
|v.h|=     0.000000    0.000000    0.000000    0.000000   -0.000134   -0.001838    0.000000    0.000000    0.000000    0.000328
     1381       70     4    0.000000000    1.000000000
                            0.000009671
                            0.006132213
                            0.933637193
                            0.060220922
|v.h|=     0.000000    0.000000    0.000000    0.000000   -0.000181   -0.001911    0.000000    0.000000    0.000000    0.000124
     1401       71     4    0.000000000    1.000000000
                            0.000016395
                            0.010744996
                            0.936235768
                            0.053002841
|v.h|=     0.000000    0.000000    0.000000    0.000000   -0.000219   -0.001703    0.000000    0.000000    0.000000   -0.000212
     1421       72     4    0.000000000    1.000000000
                            0.000024083
                            0.015232338
                            0.935924025
                            0.048819554
|v.h|=     0.000000    0.000000    0.000000    0.000000   -0.000240   -0.001296    0.000000    0.000000    0.000000   -0.000682
     1441       73     4    0.000000000    1.000000000
                            0.000031082
                            0.017867604
                            0.933997943
                            0.048103371
|v.h|=     0.000000    0.000000    0.000000    0.000000   -0.000282   -0.000811    0.000000    0.000000    0.000000   -0.001303
     1461       74     4    0.000000000    1.000000000
                            0.000037730
                            0.017778595
                            0.930682654
                            0.051501021
|v.h|=     0.000000    0.000000    0.000000    0.000000   -0.000298   -0.000359    0.000000    0.000000    0.000000   -0.002037
     1481       75     4    0.000000000    1.000000000
                            0.000044544
                            0.015452793
                            0.924195236
                            0.060307427
|v.h|=     0.000000    0.000000    0.000000    0.000000   -0.000334    0.000011    0.000000    0.000000    0.000000   -0.002950
     1501       76     4    0.000000000    1.000000000
                            0.000051206
                            0.012204557
                            0.910512321
                            0.077231916
|v.h|=     0.000000    0.000000    0.000000    0.000000   -0.000323    0.000282    0.000000    0.000000    0.000000   -0.004100
     1521       77     4    0.000000000    1.000000000
                            0.000055446
                            0.009298003
                            0.883118599
                            0.107527951
|v.h|=     0.000000    0.000000    0.000000    0.000000   -0.000339    0.000464    0.000000    0.000000    0.000000   -0.005673
     1541       78     4    0.000000000    1.000000000
                            0.000054328
                            0.007370957
                            0.831671944
                            0.160902770
