 KPT            1  SPIN            1  KWEIGHT    1.0000000000000000     
   -22.67503     2.00000
   -22.44041     2.00000
   -22.13591     2.00000
   -21.89020     2.00000
   -19.68469     2.00000
   -19.24791     2.00000
   -19.09605     2.00000
   -19.03518     2.00000
   -18.90300     2.00000
   -18.84449     2.00000
   -18.04776     2.00000
   -17.26700     2.00000
   -15.71042     2.00000
   -15.27627     2.00000
   -14.80199     2.00000
   -14.39759     2.00000
   -13.99955     2.00000
   -13.88381     2.00000
   -13.58594     2.00000
   -13.55049     2.00000
   -13.00079     2.00000
   -12.65087     2.00000
   -12.64562     2.00000
   -12.37762     2.00000
   -11.98895     2.00000
   -11.97299     2.00000
   -11.57953     2.00000
   -11.55509     2.00000
   -11.20161     2.00000
   -11.09240     2.00000
   -10.84987     2.00000
   -10.76158     2.00000
   -10.67713     2.00000
   -10.47589     2.00000
   -10.34376     2.00000
   -10.32828     2.00000
   -10.23119     2.00000
   -10.08383     2.00000
    -9.85569     2.00000
    -9.82414     2.00000
    -9.65151     2.00000
    -9.53928     2.00000
    -9.00560     2.00000
    -8.86790     2.00000
    -8.83392     2.00000
    -8.73917     2.00000
    -8.73293     2.00000
    -7.91278     2.00000
    -6.92346     2.00000
    -0.43747     0.00000
     0.56091     0.00000
     1.62247     0.00000
     2.57267     0.00000
     2.98926     0.00000
     3.06090     0.00000
     3.14797     0.00000
     3.19359     0.00000
     3.21210     0.00000
     3.78380     0.00000
     4.11516     0.00000
     4.26860     0.00000
     4.95310     0.00000
     5.16569     0.00000
     5.32021     0.00000
     5.37181     0.00000
     5.97917     0.00000
     6.14699     0.00000
     6.35282     0.00000
     6.50294     0.00000
     6.73738     0.00000
     6.81612     0.00000
     6.88521     0.00000
     7.26820     0.00000
     7.27209     0.00000
     7.84773     0.00000
     8.00246     0.00000
     8.10061     0.00000
    16.06746     0.00000
    16.20410     0.00000
    16.34702     0.00000
    17.74554     0.00000
    17.74589     0.00000
    18.98215     0.00000
    19.20357     0.00000
    19.43326     0.00000
    20.68868     0.00000
    21.42404     0.00000
    22.31111     0.00000
    22.94410     0.00000
    23.06379     0.00000
    26.26386     0.00000
    26.32734     0.00000
    26.51829     0.00000
    26.76356     0.00000
    27.67841     0.00000
    27.83706     0.00000
    28.21986     0.00000
    28.62117     0.00000
    31.57719     0.00000
    31.67855     0.00000
    32.21601     0.00000
    32.78943     0.00000
    36.84585     0.00000
    37.93626     0.00000
    39.28501     0.00000
    39.89236     0.00000
    45.62739     0.00000
    47.09413     0.00000
    48.28855     0.00000
    48.79605     0.00000

