 Fermi distribution function
 
Geometry optimization step: 179
 

********************************************************************************
  iSCC Total electronic   Diff electronic      SCC error    
    3   -0.49199199E+02    0.31137688E-07    0.30434366E-05
********************************************************************************
 

 Net atomic charges (e)
  Atom       Net charge
     1       0.03277220
     2      -0.11306070
     3      -0.12582797
     4      -0.16573158
     5       0.05350900
     6       0.04867685
     7       0.00991331
     8       0.04900852
     9      -0.16127118
    10      -0.16146331
    11       0.10584274
    12       0.10557049
    13       0.11695272
    14       0.10125881
    15       0.10385028
    16       0.04901346
    17      -0.16127433
    18      -0.16146486
    19       0.04867916
    20       0.00990951
    21       0.05350754
    22      -0.16573317
    23      -0.12582483
    24      -0.11305848
    25       0.03277250
    26       0.10584365
    27       0.10557042
    28       0.10385086
    29       0.10125706
    30       0.11695133
 
 COMPONENT = q
  
 Eigenvalues /H
   -0.83329213
   -0.82467005
   -0.81347990
   -0.80444998
   -0.72339923
   -0.70734770
   -0.70176687
   -0.69953017
   -0.69467255
   -0.69252225
   -0.66324308
   -0.63455068
   -0.57734726
   -0.56139261
   -0.54396328
   -0.52910161
   -0.51447417
   -0.51022064
   -0.49927427
   -0.49797126
   -0.47777031
   -0.46491094
   -0.46471783
   -0.45486912
   -0.44058594
   -0.43999931
   -0.42554005
   -0.42464166
   -0.41165156
   -0.40763827
   -0.39872529
   -0.39548064
   -0.39237722
   -0.38498171
   -0.38012629
   -0.37955725
   -0.37598915
   -0.37057395
   -0.36218991
   -0.36103038
   -0.35468647
   -0.35056202
   -0.33094982
   -0.32588922
   -0.32464076
   -0.32115846
   -0.32092920
   -0.29078930
   -0.25443244
   -0.01607673
    0.02061313
    0.05962472
    0.09454382
    0.10985315
    0.11248616
    0.11568562
    0.11736239
    0.11804233
    0.13905191
    0.15122921
    0.15686833
    0.18202290
    0.18983580
    0.19551419
    0.19741053
    0.21973056
    0.22589789
    0.23346187
    0.23897869
    0.24759419
    0.25048772
    0.25302681
    0.26710161
    0.26724457
    0.28839877
    0.29408505
    0.29769200
    0.59046829
    0.59548956
    0.60074190
    0.65213677
    0.65214938
    0.69758121
    0.70571821
    0.71415922
    0.76029491
    0.78731903
    0.81991808
    0.84318017
    0.84757881
    0.96517897
    0.96751211
    0.97452917
    0.98354291
    1.01716282
    1.02299308
    1.03706085
    1.05180865
    1.16044029
    1.16416513
    1.18391677
    1.20498943
    1.35406008
    1.39413199
    1.44369749
    1.46601734
    1.67677575
    1.73067756
    1.77457150
    1.79322175
 
 Eigenvalues /eV
  -22.67503256
  -22.44041369
  -22.13591447
  -21.89019773
  -19.68469463
  -19.24791013
  -19.09604801
  -19.03518456
  -18.90300173
  -18.84448910
  -18.04776257
  -17.26700251
  -15.71041815
  -15.27627017
  -14.80199401
  -14.39758731
  -13.99955445
  -13.88381006
  -13.58594401
  -13.55048752
  -13.00079171
  -12.65087036
  -12.64561549
  -12.37761856
  -11.98895350
  -11.97299051
  -11.57953383
  -11.55508753
  -11.20160882
  -11.09240180
  -10.84986730
  -10.76157582
  -10.67712739
  -10.47588525
  -10.34376252
  -10.32827829
  -10.23118522
  -10.08383025
   -9.85568902
   -9.82413655
   -9.65150981
   -9.53927781
   -9.00560292
   -8.86789685
   -8.83392463
   -8.73916631
   -8.73292773
   -7.91277932
   -6.92345898
   -0.43746999
    0.56091194
    1.62247114
    2.57266815
    2.98925638
    3.06090422
    3.14796591
    3.19359302
    3.21209536
    3.78379509
    4.11515608
    4.26860434
    4.95309515
    5.16569485
    5.32021193
    5.37181394
    5.97917269
    6.14699448
    6.35282070
    6.50294099
    6.73738061
    6.81611760
    6.88520985
    7.26820461
    7.27209470
    7.84772978
    8.00246134
    8.10061137
   16.06745978
   16.20409526
   16.34701890
   17.74554440
   17.74588745
   18.98215052
   19.20356966
   19.43326102
   20.68867724
   21.42404094
   22.31110625
   22.94409977
   23.06379295
   26.26385598
   26.32734403
   26.51828789
   26.76356434
   27.67840853
   27.83705799
   28.21986154
   28.62116966
   31.57718683
   31.67854506
   32.21601436
   32.78943062
   36.84584958
   37.93626170
   39.28500755
   39.89236152
   45.62738962
   47.09413253
   48.28854740
   48.79604663
 
 Fillings
     2.00000
     2.00000
     2.00000
     2.00000
     2.00000
     2.00000
     2.00000
     2.00000
     2.00000
     2.00000
     2.00000
     2.00000
     2.00000
     2.00000
     2.00000
     2.00000
     2.00000
     2.00000
     2.00000
     2.00000
     2.00000
     2.00000
     2.00000
     2.00000
     2.00000
     2.00000
     2.00000
     2.00000
     2.00000
     2.00000
     2.00000
     2.00000
     2.00000
     2.00000
     2.00000
     2.00000
     2.00000
     2.00000
     2.00000
     2.00000
     2.00000
     2.00000
     2.00000
     2.00000
     2.00000
     2.00000
     2.00000
     2.00000
     2.00000
     0.00000
     0.00000
     0.00000
     0.00000
     0.00000
     0.00000
     0.00000
     0.00000
     0.00000
     0.00000
     0.00000
     0.00000
     0.00000
     0.00000
     0.00000
     0.00000
     0.00000
     0.00000
     0.00000
     0.00000
     0.00000
     0.00000
     0.00000
     0.00000
     0.00000
     0.00000
     0.00000
     0.00000
     0.00000
     0.00000
     0.00000
     0.00000
     0.00000
     0.00000
     0.00000
     0.00000
     0.00000
     0.00000
     0.00000
     0.00000
     0.00000
     0.00000
     0.00000
     0.00000
     0.00000
     0.00000
     0.00000
     0.00000
     0.00000
     0.00000
     0.00000
     0.00000
     0.00000
     0.00000
     0.00000
     0.00000
     0.00000
     0.00000
     0.00000
     0.00000
     0.00000
 
 Nr. of electrons (up):     98.00000000
 Atom populations (up)
  Atom       Population
     1       5.96722780
     2       4.11306070
     3       4.12582797
     4       4.16573158
     5       3.94649100
     6       3.95132315
     7       5.99008669
     8       3.95099148
     9       4.16127118
    10       4.16146331
    11       0.89415726
    12       0.89442951
    13       0.88304728
    14       0.89874119
    15       0.89614972
    16       3.95098654
    17       4.16127433
    18       4.16146486
    19       3.95132084
    20       5.99009049
    21       3.94649246
    22       4.16573317
    23       4.12582483
    24       4.11305848
    25       5.96722750
    26       0.89415635
    27       0.89442958
    28       0.89614914
    29       0.89874294
    30       0.88304867
 
 l-shell populations (up)
  Atom Sh.   l       Population
     1   1   0       1.70383316
     1   2   1       4.10992679
     1   3   2       0.15346784
     2   1   0       1.20673525
     2   2   1       2.90632545
     3   1   0       1.20551052
     3   2   1       2.92031745
     4   1   0       1.21230791
     4   2   1       2.95342367
     5   1   0       1.15717082
     5   2   1       2.78932018
     6   1   0       1.15767384
     6   2   1       2.79364931
     7   1   0       1.70947000
     7   2   1       4.13350274
     7   3   2       0.14711395
     8   1   0       1.15680190
     8   2   1       2.79418958
     9   1   0       1.21146674
     9   2   1       2.94980444
    10   1   0       1.21145704
    10   2   1       2.95000627
    11   1   0       0.89415726
    12   1   0       0.89442951
    13   1   0       0.88304728
    14   1   0       0.89874119
    15   1   0       0.89614972
    16   1   0       1.15680044
    16   2   1       2.79418610
    17   1   0       1.21146794
    17   2   1       2.94980639
    18   1   0       1.21145916
    18   2   1       2.95000570
    19   1   0       1.15767347
    19   2   1       2.79364736
    20   1   0       1.70947053
    20   2   1       4.13350712
    20   3   2       0.14711285
    21   1   0       1.15717245
    21   2   1       2.78932000
    22   1   0       1.21230873
    22   2   1       2.95342444
    23   1   0       1.20550954
    23   2   1       2.92031529
    24   1   0       1.20673485
    24   2   1       2.90632363
    25   1   0       1.70383424
    25   2   1       4.10992646
    25   3   2       0.15346680
    26   1   0       0.89415635
    27   1   0       0.89442958
    28   1   0       0.89614914
    29   1   0       0.89874294
    30   1   0       0.88304867
 
 Orbital populations (up)
  Atom Sh.   l   m       Population
     1   1   0   0       1.70383316
     1   2   1  -1       1.44700356
     1   2   1   0       1.66410009
     1   2   1   1       0.99882314
     1   3   2  -2       0.05587049
     1   3   2  -1       0.01063034
     1   3   2   0       0.01082508
     1   3   2   1       0.04704713
     1   3   2   2       0.02909480
     2   1   0   0       1.20673525
     2   2   1  -1       0.90629193
     2   2   1   0       1.08694647
     2   2   1   1       0.91308705
     3   1   0   0       1.20551052
     3   2   1  -1       0.92986201
     3   2   1   0       1.05554002
     3   2   1   1       0.93491541
     4   1   0   0       1.21230791
     4   2   1  -1       0.92822022
     4   2   1   0       1.08905916
     4   2   1   1       0.93614429
     5   1   0   0       1.15717082
     5   2   1  -1       0.88948223
     5   2   1   0       1.04520062
     5   2   1   1       0.85463733
     6   1   0   0       1.15767384
     6   2   1  -1       0.88921013
     6   2   1   0       1.04702573
     6   2   1   1       0.85741345
     7   1   0   0       1.70947000
     7   2   1  -1       1.44758343
     7   2   1   0       1.68400836
     7   2   1   1       1.00191095
     7   3   2  -2       0.05486760
     7   3   2  -1       0.00980880
     7   3   2   0       0.01051948
     7   3   2   1       0.04441835
     7   3   2   2       0.02749972
     8   1   0   0       1.15680190
     8   2   1  -1       0.89193844
     8   2   1   0       1.04886855
     8   2   1   1       0.85338258
     9   1   0   0       1.21146674
     9   2   1  -1       0.92914170
     9   2   1   0       1.08266049
     9   2   1   1       0.93800226
    10   1   0   0       1.21145704
    10   2   1  -1       0.92985883
    10   2   1   0       1.08279946
    10   2   1   1       0.93734798
    11   1   0   0       0.89415726
    12   1   0   0       0.89442951
    13   1   0   0       0.88304728
    14   1   0   0       0.89874119
    15   1   0   0       0.89614972
    16   1   0   0       1.15680044
    16   2   1  -1       0.89193851
    16   2   1   0       1.04886503
    16   2   1   1       0.85338255
    17   1   0   0       1.21146794
    17   2   1  -1       0.92914200
    17   2   1   0       1.08266264
    17   2   1   1       0.93800175
    18   1   0   0       1.21145916
    18   2   1  -1       0.92985831
    18   2   1   0       1.08280043
    18   2   1   1       0.93734696
    19   1   0   0       1.15767347
    19   2   1  -1       0.88921000
    19   2   1   0       1.04702407
    19   2   1   1       0.85741330
    20   1   0   0       1.70947053
    20   2   1  -1       1.44758275
    20   2   1   0       1.68401370
    20   2   1   1       1.00191067
    20   3   2  -2       0.05486748
    20   3   2  -1       0.00980886
    20   3   2   0       0.01051949
    20   3   2   1       0.04441744
    20   3   2   2       0.02749957
    21   1   0   0       1.15717245
    21   2   1  -1       0.88948141
    21   2   1   0       1.04520121
    21   2   1   1       0.85463738
    22   1   0   0       1.21230873
    22   2   1  -1       0.92822003
    22   2   1   0       1.08905999
    22   2   1   1       0.93614441
    23   1   0   0       1.20550954
    23   2   1  -1       0.92986174
    23   2   1   0       1.05553871
    23   2   1   1       0.93491485
    24   1   0   0       1.20673485
    24   2   1  -1       0.90629070
    24   2   1   0       1.08694609
    24   2   1   1       0.91308684
    25   1   0   0       1.70383424
    25   2   1  -1       1.44700157
    25   2   1   0       1.66410090
    25   2   1   1       0.99882399
    25   3   2  -2       0.05587033
    25   3   2  -1       0.01063033
    25   3   2   0       0.01082511
    25   3   2   1       0.04704656
    25   3   2   2       0.02909446
    26   1   0   0       0.89415635
    27   1   0   0       0.89442958
    28   1   0   0       0.89614914
    29   1   0   0       0.89874294
    30   1   0   0       0.88304867
 
 Fermi energy:                      -0.1816636595 H           -4.9433 eV
 Band energy:                      -48.2281283010 H        -1312.3541 eV
 TS:                                 0.0000000000 H            0.0000 eV
 Band free energy (E-TS):          -48.2281283010 H        -1312.3541 eV
 Extrapolated E(0K):               -48.2281283010 H        -1312.3541 eV
 Input/Output electrons (q):     98.00000010     98.00000000
 
 Energy H0:                        -47.0414612461 H        -1280.0633 eV
 Energy SCC:                         0.0111226149 H            0.3027 eV
 Total Electronic energy:          -49.1991987332 H        -1338.7783 eV
 Repulsive energy:                   0.3275482197 H            8.9130 eV
 Dispersion energy:                  0.1757331450 H            4.7819 eV
 Total energy:                     -48.6959173684 H        -1325.0833 eV
 Total Mermin free energy:         -48.6959173684 H        -1325.0833 eV
 
 SCC converged
 
 Total Forces
   2.1022874622280080E-005  -2.9842285144364260E-005   1.2723766610322081E-005
   1.1926113604718291E-005   2.7896325210583633E-005  -5.3189172810050322E-005
   3.0819535220168170E-006   2.7136321817302494E-005  -2.4002070197802071E-005
   2.1707739295182514E-005  -3.0121468876310314E-005  -1.5187325683950107E-005
  -4.6405278681768865E-005  -2.0483051077165026E-005   1.6834343445523399E-006
  -7.5905445049843576E-005   3.6454715674438115E-005  -2.3037010087249507E-005
   3.9485836763275103E-005  -4.3778614941879278E-005   4.1914775570923238E-005
   5.4912896581472102E-005   2.3055062291603423E-005   3.4107854111205770E-005
   3.3120285430666280E-005   6.0601699435515119E-005  -1.3120468299477467E-005
   7.2349932617689003E-005   6.4018299388915456E-006   4.2938556074074443E-005
  -3.7818655818813544E-005  -3.5225717368226293E-005   1.4975415876046177E-005
  -3.6877058079733127E-005   1.9116295080515589E-005  -5.6326376350764628E-006
   3.3037808468409924E-005   7.2829971469685203E-006  -1.1870800044857728E-005
   2.4443858945164638E-005   1.7687074983520866E-006  -1.3560844411047255E-005
  -4.5118029004754786E-005  -3.9558414642999057E-005   1.1320624315035108E-005
  -5.2309368314514687E-005  -2.4290312935291991E-005   3.3832983105010672E-005
  -4.2551129357400706E-005  -5.9335155106539361E-005  -1.2876469387791104E-005
  -6.6408485427381890E-005  -3.1360199233901320E-006   4.2585462794838625E-005
   7.6091565032038871E-005  -3.6635071451275592E-005  -2.2958795611934413E-005
  -4.0827973606544575E-005   4.3178394604975268E-005   4.1936255729513195E-005
   4.4874170551459543E-005   1.8029454117971661E-005   2.0509471701108664E-006
  -1.8603168105102603E-005   3.5173959813897954E-005  -1.6936274195398430E-005
  -6.2668298575745823E-006  -3.5995702249078804E-005  -2.2918189114540569E-005
  -1.8836132241657234E-005  -2.2248074131512446E-005  -5.0898884108350399E-005
  -1.9990572680872400E-005   2.7373993640431677E-005   1.2955860499134804E-005
   3.8833520681980007E-005   3.5843004036652769E-005   1.4952216980241786E-005
   3.8009811822272690E-005  -2.1755669752707759E-005  -5.5863368304472522E-006
   4.4586846178014264E-005   3.9270970713860525E-005   1.1419809004398442E-005
  -2.1674230399570471E-005   2.5984883689463348E-006  -1.3545610813429587E-005
  -2.7892857691973715E-005  -8.7766613663926193E-006  -1.4077073810087485E-005
 
 Maximal derivative component:       0.760916E-04 au
 Max force for moved atoms::         0.760916E-04 au
 
 Dipole moment  :    0.00000306    0.00000320    0.00757060 au
 Dipole moment  :    0.00000779    0.00000813    0.01924255 Debye
 
 Second derivatives completed
 
